[35m[1mScanning dependencies of target imu_madgwick[0m
[ 33%] [32mBuilding CXX object CMakeFiles/imu_madgwick.dir/src/imu_madgwick/stateless_orientation.cpp.o[0m
In file included from [01m[K/home/maroqi/Projects/RobotProjects/ROS2Projects/imu_ws/src/imu_madgwick/src/imu_madgwick/stateless_orientation.cpp:25[m[K:
[01m[K/home/maroqi/Projects/RobotProjects/ROS2Projects/imu_ws/src/imu_madgwick/include/imu_madgwick/stateless_orientation.h:37:20:[m[K [01;31m[Kerror: [m[K‘[01m[Kgeometry_msgs::Vector3[m[K’ has not been declared
   37 |     geometry_msgs::[01;31m[KVector3[m[K acceleration,
      |                    [01;31m[K^~~~~~~[m[K
[01m[K/home/maroqi/Projects/RobotProjects/ROS2Projects/imu_ws/src/imu_madgwick/include/imu_madgwick/stateless_orientation.h:38:20:[m[K [01;31m[Kerror: [m[K‘[01m[Kgeometry_msgs::Vector3[m[K’ has not been declared
   38 |     geometry_msgs::[01;31m[KVector3[m[K magneticField,
      |                    [01;31m[K^~~~~~~[m[K
[01m[K/home/maroqi/Projects/RobotProjects/ROS2Projects/imu_ws/src/imu_madgwick/include/imu_madgwick/stateless_orientation.h:39:20:[m[K [01;31m[Kerror: [m[K‘[01m[Kgeometry_msgs::Quaternion[m[K’ has not been declared
   39 |     geometry_msgs::[01;31m[KQuaternion[m[K& orientation);
      |                    [01;31m[K^~~~~~~~~~[m[K
[01m[K/home/maroqi/Projects/RobotProjects/ROS2Projects/imu_ws/src/imu_madgwick/include/imu_madgwick/stateless_orientation.h:43:20:[m[K [01;31m[Kerror: [m[K‘[01m[Kgeometry_msgs::Vector3[m[K’ has not been declared
   43 |     geometry_msgs::[01;31m[KVector3[m[K acceleration,
      |                    [01;31m[K^~~~~~~[m[K
[01m[K/home/maroqi/Projects/RobotProjects/ROS2Projects/imu_ws/src/imu_madgwick/include/imu_madgwick/stateless_orientation.h:44:20:[m[K [01;31m[Kerror: [m[K‘[01m[Kgeometry_msgs::Quaternion[m[K’ has not been declared
   44 |     geometry_msgs::[01;31m[KQuaternion[m[K& orientation);
      |                    [01;31m[K^~~~~~~~~~[m[K
[01m[K/home/maroqi/Projects/RobotProjects/ROS2Projects/imu_ws/src/imu_madgwick/src/imu_madgwick/stateless_orientation.cpp:55:18:[m[K [01;31m[Kerror: [m[K‘[01m[Kgeometry_msgs::Vector3[m[K’ has not been declared
   55 |   geometry_msgs::[01;31m[KVector3[m[K A,
      |                  [01;31m[K^~~~~~~[m[K
[01m[K/home/maroqi/Projects/RobotProjects/ROS2Projects/imu_ws/src/imu_madgwick/src/imu_madgwick/stateless_orientation.cpp:56:18:[m[K [01;31m[Kerror: [m[K‘[01m[Kgeometry_msgs::Vector3[m[K’ has not been declared
   56 |   geometry_msgs::[01;31m[KVector3[m[K E,
      |                  [01;31m[K^~~~~~~[m[K
[01m[K/home/maroqi/Projects/RobotProjects/ROS2Projects/imu_ws/src/imu_madgwick/src/imu_madgwick/stateless_orientation.cpp:57:18:[m[K [01;31m[Kerror: [m[K‘[01m[Kgeometry_msgs::Quaternion[m[K’ has not been declared
   57 |   geometry_msgs::[01;31m[KQuaternion[m[K& orientation) {
      |                  [01;31m[K^~~~~~~~~~[m[K
[01m[K/home/maroqi/Projects/RobotProjects/ROS2Projects/imu_ws/src/imu_madgwick/src/imu_madgwick/stateless_orientation.cpp:[m[K In static member function ‘[01m[Kstatic bool StatelessOrientation::computeOrientation(WorldFrame::WorldFrame, int, int, int&)[m[K’:
[01m[K/home/maroqi/Projects/RobotProjects/ROS2Projects/imu_ws/src/imu_madgwick/src/imu_madgwick/stateless_orientation.cpp:64:16:[m[K [01;31m[Kerror: [m[Krequest for member ‘[01m[Kx[m[K’ in ‘[01m[KA[m[K’, which is of non-class type ‘[01m[Kint[m[K’
   64 |   float Ax = A.[01;31m[Kx[m[K, Ay = A.y, Az = A.z;
      |                [01;31m[K^[m[K
[01m[K/home/maroqi/Projects/RobotProjects/ROS2Projects/imu_ws/src/imu_madgwick/src/imu_madgwick/stateless_orientation.cpp:67:16:[m[K [01;31m[Kerror: [m[Krequest for member ‘[01m[Kx[m[K’ in ‘[01m[KE[m[K’, which is of non-class type ‘[01m[Kint[m[K’
   67 |   float Ex = E.[01;31m[Kx[m[K, Ey = E.y, Ez = E.z;
      |                [01;31m[K^[m[K
[01m[K/home/maroqi/Projects/RobotProjects/ROS2Projects/imu_ws/src/imu_madgwick/src/imu_madgwick/stateless_orientation.cpp:71:20:[m[K [01;31m[Kerror: [m[K‘[01m[KEy[m[K’ was not declared in this scope; did you mean ‘[01m[KEx[m[K’?
   71 |   crossProduct(Ex, [01;31m[KEy[m[K, Ez, Ax, Ay, Az, Hx, Hy, Hz);
      |                    [01;31m[K^~[m[K
      |                    [32m[KEx[m[K
[01m[K/home/maroqi/Projects/RobotProjects/ROS2Projects/imu_ws/src/imu_madgwick/src/imu_madgwick/stateless_orientation.cpp:71:24:[m[K [01;31m[Kerror: [m[K‘[01m[KEz[m[K’ was not declared in this scope; did you mean ‘[01m[KEx[m[K’?
   71 |   crossProduct(Ex, Ey, [01;31m[KEz[m[K, Ax, Ay, Az, Hx, Hy, Hz);
      |                        [01;31m[K^~[m[K
      |                        [32m[KEx[m[K
[01m[K/home/maroqi/Projects/RobotProjects/ROS2Projects/imu_ws/src/imu_madgwick/src/imu_madgwick/stateless_orientation.cpp:71:32:[m[K [01;31m[Kerror: [m[K‘[01m[KAy[m[K’ was not declared in this scope; did you mean ‘[01m[KAx[m[K’?
   71 |   crossProduct(Ex, Ey, Ez, Ax, [01;31m[KAy[m[K, Az, Hx, Hy, Hz);
      |                                [01;31m[K^~[m[K
      |                                [32m[KAx[m[K
[01m[K/home/maroqi/Projects/RobotProjects/ROS2Projects/imu_ws/src/imu_madgwick/src/imu_madgwick/stateless_orientation.cpp:71:36:[m[K [01;31m[Kerror: [m[K‘[01m[KAz[m[K’ was not declared in this scope; did you mean ‘[01m[KAx[m[K’?
   71 |   crossProduct(Ex, Ey, Ez, Ax, Ay, [01;31m[KAz[m[K, Hx, Hy, Hz);
      |                                    [01;31m[K^~[m[K
      |                                    [32m[KAx[m[K
[01m[K/home/maroqi/Projects/RobotProjects/ROS2Projects/imu_ws/src/imu_madgwick/src/imu_madgwick/stateless_orientation.cpp:[m[K At global scope:
[01m[K/home/maroqi/Projects/RobotProjects/ROS2Projects/imu_ws/src/imu_madgwick/src/imu_madgwick/stateless_orientation.cpp:150:18:[m[K [01;31m[Kerror: [m[K‘[01m[Kgeometry_msgs::Vector3[m[K’ has not been declared
  150 |   geometry_msgs::[01;31m[KVector3[m[K A,
      |                  [01;31m[K^~~~~~~[m[K
[01m[K/home/maroqi/Projects/RobotProjects/ROS2Projects/imu_ws/src/imu_madgwick/src/imu_madgwick/stateless_orientation.cpp:151:18:[m[K [01;31m[Kerror: [m[K‘[01m[Kgeometry_msgs::Quaternion[m[K’ has not been declared
  151 |   geometry_msgs::[01;31m[KQuaternion[m[K& orientation) {
      |                  [01;31m[K^~~~~~~~~~[m[K
[01m[K/home/maroqi/Projects/RobotProjects/ROS2Projects/imu_ws/src/imu_madgwick/src/imu_madgwick/stateless_orientation.cpp:[m[K In static member function ‘[01m[Kstatic bool StatelessOrientation::computeOrientation(WorldFrame::WorldFrame, int, int&)[m[K’:
[01m[K/home/maroqi/Projects/RobotProjects/ROS2Projects/imu_ws/src/imu_madgwick/src/imu_madgwick/stateless_orientation.cpp:157:18:[m[K [01;31m[Kerror: [m[K‘[01m[KVector3[m[K’ is not a member of ‘[01m[Kgeometry_msgs[m[K’
  157 |   geometry_msgs::[01;31m[KVector3[m[K E;
      |                  [01;31m[K^~~~~~~[m[K
[01m[K/home/maroqi/Projects/RobotProjects/ROS2Projects/imu_ws/src/imu_madgwick/src/imu_madgwick/stateless_orientation.cpp:157:18:[m[K [01;36m[Knote: [m[Ksuggested alternatives:
In file included from [01m[K/opt/ros/foxy/include/tf2/LinearMath/Matrix3x3.h:19[m[K,
                 from [01m[K/home/maroqi/Projects/RobotProjects/ROS2Projects/imu_ws/src/imu_madgwick/src/imu_madgwick/stateless_orientation.cpp:26[m[K:
[01m[K/opt/ros/foxy/include/tf2/LinearMath/Vector3.h:38:28:[m[K [01;36m[Knote: [m[K  ‘[01m[Ktf2::Vector3[m[K’
   38 | ATTRIBUTE_ALIGNED16(class) [01;36m[KVector3[m[K
      |                            [01;36m[K^~~~~~~[m[K
In file included from [01m[K/opt/ros/foxy/include/geometry_msgs/msg/vector3.hpp:7[m[K,
                 from [01m[K/home/maroqi/Projects/RobotProjects/ROS2Projects/imu_ws/src/imu_madgwick/include/imu_madgwick/stateless_orientation.h:28[m[K,
                 from [01m[K/home/maroqi/Projects/RobotProjects/ROS2Projects/imu_ws/src/imu_madgwick/src/imu_madgwick/stateless_orientation.cpp:25[m[K:
[01m[K/opt/ros/foxy/include/geometry_msgs/msg/detail/vector3__struct.hpp:149:7:[m[K [01;36m[Knote: [m[K  ‘[01m[Kgeometry_msgs::msg::Vector3[m[K’
  149 | using [01;36m[KVector3[m[K =
      |       [01;36m[K^~~~~~~[m[K
[01m[K/home/maroqi/Projects/RobotProjects/ROS2Projects/imu_ws/src/imu_madgwick/src/imu_madgwick/stateless_orientation.cpp:158:14:[m[K [01;31m[Kerror: [m[Krequest for member ‘[01m[Kx[m[K’ in ‘[01m[KA[m[K’, which is of non-class type ‘[01m[Kint[m[K’
  158 |   if (fabs(A.[01;31m[Kx[m[K) > 0.1 || fabs(A.y) > 0.1) {
      |              [01;31m[K^[m[K
[01m[K/home/maroqi/Projects/RobotProjects/ROS2Projects/imu_ws/src/imu_madgwick/src/imu_madgwick/stateless_orientation.cpp:158:33:[m[K [01;31m[Kerror: [m[Krequest for member ‘[01m[Ky[m[K’ in ‘[01m[KA[m[K’, which is of non-class type ‘[01m[Kint[m[K’
  158 |   if (fabs(A.x) > 0.1 || fabs(A.[01;31m[Ky[m[K) > 0.1) {
      |                                 [01;31m[K^[m[K
[01m[K/home/maroqi/Projects/RobotProjects/ROS2Projects/imu_ws/src/imu_madgwick/src/imu_madgwick/stateless_orientation.cpp:159:7:[m[K [01;31m[Kerror: [m[K‘[01m[KE[m[K’ was not declared in this scope
  159 |       [01;31m[KE[m[K.x = A.y;
      |       [01;31m[K^[m[K
[01m[K/home/maroqi/Projects/RobotProjects/ROS2Projects/imu_ws/src/imu_madgwick/src/imu_madgwick/stateless_orientation.cpp:159:15:[m[K [01;31m[Kerror: [m[Krequest for member ‘[01m[Ky[m[K’ in ‘[01m[KA[m[K’, which is of non-class type ‘[01m[Kint[m[K’
  159 |       E.x = A.[01;31m[Ky[m[K;
      |               [01;31m[K^[m[K
[01m[K/home/maroqi/Projects/RobotProjects/ROS2Projects/imu_ws/src/imu_madgwick/src/imu_madgwick/stateless_orientation.cpp:160:15:[m[K [01;31m[Kerror: [m[Krequest for member ‘[01m[Kx[m[K’ in ‘[01m[KA[m[K’, which is of non-class type ‘[01m[Kint[m[K’
  160 |       E.y = A.[01;31m[Kx[m[K;
      |               [01;31m[K^[m[K
[01m[K/home/maroqi/Projects/RobotProjects/ROS2Projects/imu_ws/src/imu_madgwick/src/imu_madgwick/stateless_orientation.cpp:162:21:[m[K [01;31m[Kerror: [m[Krequest for member ‘[01m[Kz[m[K’ in ‘[01m[KA[m[K’, which is of non-class type ‘[01m[Kint[m[K’
  162 |   } else if (fabs(A.[01;31m[Kz[m[K) > 0.1) {
      |                     [01;31m[K^[m[K
[01m[K/home/maroqi/Projects/RobotProjects/ROS2Projects/imu_ws/src/imu_madgwick/src/imu_madgwick/stateless_orientation.cpp:163:7:[m[K [01;31m[Kerror: [m[K‘[01m[KE[m[K’ was not declared in this scope
  163 |       [01;31m[KE[m[K.x = 0.0;
      |       [01;31m[K^[m[K
[01m[K/home/maroqi/Projects/RobotProjects/ROS2Projects/imu_ws/src/imu_madgwick/src/imu_madgwick/stateless_orientation.cpp:164:15:[m[K [01;31m[Kerror: [m[Krequest for member ‘[01m[Kz[m[K’ in ‘[01m[KA[m[K’, which is of non-class type ‘[01m[Kint[m[K’
  164 |       E.y = A.[01;31m[Kz[m[K;
      |               [01;31m[K^[m[K
[01m[K/home/maroqi/Projects/RobotProjects/ROS2Projects/imu_ws/src/imu_madgwick/src/imu_madgwick/stateless_orientation.cpp:165:15:[m[K [01;31m[Kerror: [m[Krequest for member ‘[01m[Ky[m[K’ in ‘[01m[KA[m[K’, which is of non-class type ‘[01m[Kint[m[K’
  165 |       E.z = A.[01;31m[Ky[m[K;
      |               [01;31m[K^[m[K
[01m[K/home/maroqi/Projects/RobotProjects/ROS2Projects/imu_ws/src/imu_madgwick/src/imu_madgwick/stateless_orientation.cpp:171:39:[m[K [01;31m[Kerror: [m[K‘[01m[KE[m[K’ was not declared in this scope
  171 |   return computeOrientation(frame, A, [01;31m[KE[m[K, orientation);
      |                                       [01;31m[K^[m[K
In file included from [01m[K/opt/ros/foxy/include/tf2/convert.h:43[m[K,
                 from [01m[K/home/maroqi/Projects/RobotProjects/ROS2Projects/imu_ws/src/imu_madgwick/src/imu_madgwick/stateless_orientation.cpp:27[m[K:
/opt/ros/foxy/include/tf2/impl/convert.h: In instantiation of ‘[01m[Kstatic void tf2::impl::Converter<IS_MESSAGE_A, IS_MESSAGE_B>::convert(const A&, B&) [with A = tf2::Quaternion; B = int; bool IS_MESSAGE_A = false; bool IS_MESSAGE_B = false][m[K’:
[01m[K/opt/ros/foxy/include/tf2/convert.h:139:74:[m[K   required from ‘[01m[Kvoid tf2::convert(const A&, B&) [with A = tf2::Quaternion; B = int][m[K’
[01m[K/home/maroqi/Projects/RobotProjects/ROS2Projects/imu_ws/src/imu_madgwick/src/imu_madgwick/stateless_orientation.cpp:143:40:[m[K   required from here
[01m[K/opt/ros/foxy/include/tf2/impl/convert.h:72:10:[m[K [01;31m[Kerror: [m[K‘[01m[KfromMsg[m[K’ was not declared in this scope, and no declarations were found by argument-dependent lookup at the point of instantiation [[01;31m[K-fpermissive[m[K]
   72 |   [01;31m[KfromMsg(toMsg(a), b)[m[K;
      |   [01;31m[K~~~~~~~^~~~~~~~~~~~~[m[K
In file included from [01m[K/home/maroqi/Projects/RobotProjects/ROS2Projects/imu_ws/src/imu_madgwick/src/imu_madgwick/stateless_orientation.cpp:28[m[K:
[01m[K/opt/ros/foxy/include/tf2_geometry_msgs/tf2_geometry_msgs.h:662:6:[m[K [01;36m[Knote: [m[K‘[01m[Kvoid tf2::fromMsg(const Pose&, tf2::Transform&)[m[K’ declared here, later in the translation unit
  662 | void [01;36m[KfromMsg[m[K(const geometry_msgs::msg::Pose& in, tf2::Transform& out)
      |      [01;36m[K^~~~~~~[m[K
make[2]: *** [CMakeFiles/imu_madgwick.dir/build.make:76: CMakeFiles/imu_madgwick.dir/src/imu_madgwick/stateless_orientation.cpp.o] Error 1
make[1]: *** [CMakeFiles/Makefile2:78: CMakeFiles/imu_madgwick.dir/all] Error 2
make: *** [Makefile:141: all] Error 2
