[0.041s] Invoking command in '/home/maroqi/Projects/RobotProjects/ROS2Projects/imu_ws/build/imu_madgwick': CMAKE_PREFIX_PATH=/opt/ros/foxy /usr/bin/cmake --build /home/maroqi/Projects/RobotProjects/ROS2Projects/imu_ws/build/imu_madgwick -- -j2 -l2
[0.198s] [35m[1mScanning dependencies of target imu_madgwick[0m
[0.322s] [ 33%] [32mBuilding CXX object CMakeFiles/imu_madgwick.dir/src/imu_madgwick/stateless_orientation.cpp.o[0m
[1.339s] In file included from [01m[K/home/maroqi/Projects/RobotProjects/ROS2Projects/imu_ws/src/imu_madgwick/src/imu_madgwick/stateless_orientation.cpp:25[m[K:
[1.340s] [01m[K/home/maroqi/Projects/RobotProjects/ROS2Projects/imu_ws/src/imu_madgwick/include/imu_madgwick/stateless_orientation.h:37:20:[m[K [01;31m[Kerror: [m[K‘[01m[Kgeometry_msgs::Vector3[m[K’ has not been declared
[1.340s]    37 |     geometry_msgs::[01;31m[KVector3[m[K acceleration,
[1.340s]       |                    [01;31m[K^~~~~~~[m[K
[1.341s] [01m[K/home/maroqi/Projects/RobotProjects/ROS2Projects/imu_ws/src/imu_madgwick/include/imu_madgwick/stateless_orientation.h:38:20:[m[K [01;31m[Kerror: [m[K‘[01m[Kgeometry_msgs::Vector3[m[K’ has not been declared
[1.341s]    38 |     geometry_msgs::[01;31m[KVector3[m[K magneticField,
[1.342s]       |                    [01;31m[K^~~~~~~[m[K
[1.342s] [01m[K/home/maroqi/Projects/RobotProjects/ROS2Projects/imu_ws/src/imu_madgwick/include/imu_madgwick/stateless_orientation.h:39:20:[m[K [01;31m[Kerror: [m[K‘[01m[Kgeometry_msgs::Quaternion[m[K’ has not been declared
[1.343s]    39 |     geometry_msgs::[01;31m[KQuaternion[m[K& orientation);
[1.343s]       |                    [01;31m[K^~~~~~~~~~[m[K
[1.344s] [01m[K/home/maroqi/Projects/RobotProjects/ROS2Projects/imu_ws/src/imu_madgwick/include/imu_madgwick/stateless_orientation.h:43:20:[m[K [01;31m[Kerror: [m[K‘[01m[Kgeometry_msgs::Vector3[m[K’ has not been declared
[1.345s]    43 |     geometry_msgs::[01;31m[KVector3[m[K acceleration,
[1.345s]       |                    [01;31m[K^~~~~~~[m[K
[1.346s] [01m[K/home/maroqi/Projects/RobotProjects/ROS2Projects/imu_ws/src/imu_madgwick/include/imu_madgwick/stateless_orientation.h:44:20:[m[K [01;31m[Kerror: [m[K‘[01m[Kgeometry_msgs::Quaternion[m[K’ has not been declared
[1.346s]    44 |     geometry_msgs::[01;31m[KQuaternion[m[K& orientation);
[1.347s]       |                    [01;31m[K^~~~~~~~~~[m[K
[4.932s] [01m[K/home/maroqi/Projects/RobotProjects/ROS2Projects/imu_ws/src/imu_madgwick/src/imu_madgwick/stateless_orientation.cpp:55:18:[m[K [01;31m[Kerror: [m[K‘[01m[Kgeometry_msgs::Vector3[m[K’ has not been declared
[4.933s]    55 |   geometry_msgs::[01;31m[KVector3[m[K A,
[4.934s]       |                  [01;31m[K^~~~~~~[m[K
[4.935s] [01m[K/home/maroqi/Projects/RobotProjects/ROS2Projects/imu_ws/src/imu_madgwick/src/imu_madgwick/stateless_orientation.cpp:56:18:[m[K [01;31m[Kerror: [m[K‘[01m[Kgeometry_msgs::Vector3[m[K’ has not been declared
[4.935s]    56 |   geometry_msgs::[01;31m[KVector3[m[K E,
[4.936s]       |                  [01;31m[K^~~~~~~[m[K
[4.937s] [01m[K/home/maroqi/Projects/RobotProjects/ROS2Projects/imu_ws/src/imu_madgwick/src/imu_madgwick/stateless_orientation.cpp:57:18:[m[K [01;31m[Kerror: [m[K‘[01m[Kgeometry_msgs::Quaternion[m[K’ has not been declared
[4.937s]    57 |   geometry_msgs::[01;31m[KQuaternion[m[K& orientation) {
[4.938s]       |                  [01;31m[K^~~~~~~~~~[m[K
[4.939s] [01m[K/home/maroqi/Projects/RobotProjects/ROS2Projects/imu_ws/src/imu_madgwick/src/imu_madgwick/stateless_orientation.cpp:[m[K In static member function ‘[01m[Kstatic bool StatelessOrientation::computeOrientation(WorldFrame::WorldFrame, int, int, int&)[m[K’:
[4.940s] [01m[K/home/maroqi/Projects/RobotProjects/ROS2Projects/imu_ws/src/imu_madgwick/src/imu_madgwick/stateless_orientation.cpp:64:16:[m[K [01;31m[Kerror: [m[Krequest for member ‘[01m[Kx[m[K’ in ‘[01m[KA[m[K’, which is of non-class type ‘[01m[Kint[m[K’
[4.940s]    64 |   float Ax = A.[01;31m[Kx[m[K, Ay = A.y, Az = A.z;
[4.941s]       |                [01;31m[K^[m[K
[4.942s] [01m[K/home/maroqi/Projects/RobotProjects/ROS2Projects/imu_ws/src/imu_madgwick/src/imu_madgwick/stateless_orientation.cpp:67:16:[m[K [01;31m[Kerror: [m[Krequest for member ‘[01m[Kx[m[K’ in ‘[01m[KE[m[K’, which is of non-class type ‘[01m[Kint[m[K’
[4.942s]    67 |   float Ex = E.[01;31m[Kx[m[K, Ey = E.y, Ez = E.z;
[4.943s]       |                [01;31m[K^[m[K
[4.947s] [01m[K/home/maroqi/Projects/RobotProjects/ROS2Projects/imu_ws/src/imu_madgwick/src/imu_madgwick/stateless_orientation.cpp:71:20:[m[K [01;31m[Kerror: [m[K‘[01m[KEy[m[K’ was not declared in this scope; did you mean ‘[01m[KEx[m[K’?
[4.948s]    71 |   crossProduct(Ex, [01;31m[KEy[m[K, Ez, Ax, Ay, Az, Hx, Hy, Hz);
[4.948s]       |                    [01;31m[K^~[m[K
[4.948s]       |                    [32m[KEx[m[K
[4.952s] [01m[K/home/maroqi/Projects/RobotProjects/ROS2Projects/imu_ws/src/imu_madgwick/src/imu_madgwick/stateless_orientation.cpp:71:24:[m[K [01;31m[Kerror: [m[K‘[01m[KEz[m[K’ was not declared in this scope; did you mean ‘[01m[KEx[m[K’?
[4.953s]    71 |   crossProduct(Ex, Ey, [01;31m[KEz[m[K, Ax, Ay, Az, Hx, Hy, Hz);
[4.954s]       |                        [01;31m[K^~[m[K
[4.954s]       |                        [32m[KEx[m[K
[4.958s] [01m[K/home/maroqi/Projects/RobotProjects/ROS2Projects/imu_ws/src/imu_madgwick/src/imu_madgwick/stateless_orientation.cpp:71:32:[m[K [01;31m[Kerror: [m[K‘[01m[KAy[m[K’ was not declared in this scope; did you mean ‘[01m[KAx[m[K’?
[4.959s]    71 |   crossProduct(Ex, Ey, Ez, Ax, [01;31m[KAy[m[K, Az, Hx, Hy, Hz);
[4.959s]       |                                [01;31m[K^~[m[K
[4.960s]       |                                [32m[KAx[m[K
[4.964s] [01m[K/home/maroqi/Projects/RobotProjects/ROS2Projects/imu_ws/src/imu_madgwick/src/imu_madgwick/stateless_orientation.cpp:71:36:[m[K [01;31m[Kerror: [m[K‘[01m[KAz[m[K’ was not declared in this scope; did you mean ‘[01m[KAx[m[K’?
[4.965s]    71 |   crossProduct(Ex, Ey, Ez, Ax, Ay, [01;31m[KAz[m[K, Hx, Hy, Hz);
[4.966s]       |                                    [01;31m[K^~[m[K
[4.966s]       |                                    [32m[KAx[m[K
[4.969s] [01m[K/home/maroqi/Projects/RobotProjects/ROS2Projects/imu_ws/src/imu_madgwick/src/imu_madgwick/stateless_orientation.cpp:[m[K At global scope:
[4.970s] [01m[K/home/maroqi/Projects/RobotProjects/ROS2Projects/imu_ws/src/imu_madgwick/src/imu_madgwick/stateless_orientation.cpp:150:18:[m[K [01;31m[Kerror: [m[K‘[01m[Kgeometry_msgs::Vector3[m[K’ has not been declared
[4.970s]   150 |   geometry_msgs::[01;31m[KVector3[m[K A,
[4.970s]       |                  [01;31m[K^~~~~~~[m[K
[4.971s] [01m[K/home/maroqi/Projects/RobotProjects/ROS2Projects/imu_ws/src/imu_madgwick/src/imu_madgwick/stateless_orientation.cpp:151:18:[m[K [01;31m[Kerror: [m[K‘[01m[Kgeometry_msgs::Quaternion[m[K’ has not been declared
[4.971s]   151 |   geometry_msgs::[01;31m[KQuaternion[m[K& orientation) {
[4.972s]       |                  [01;31m[K^~~~~~~~~~[m[K
[4.974s] [01m[K/home/maroqi/Projects/RobotProjects/ROS2Projects/imu_ws/src/imu_madgwick/src/imu_madgwick/stateless_orientation.cpp:[m[K In static member function ‘[01m[Kstatic bool StatelessOrientation::computeOrientation(WorldFrame::WorldFrame, int, int&)[m[K’:
[4.974s] [01m[K/home/maroqi/Projects/RobotProjects/ROS2Projects/imu_ws/src/imu_madgwick/src/imu_madgwick/stateless_orientation.cpp:157:18:[m[K [01;31m[Kerror: [m[K‘[01m[KVector3[m[K’ is not a member of ‘[01m[Kgeometry_msgs[m[K’
[4.975s]   157 |   geometry_msgs::[01;31m[KVector3[m[K E;
[4.975s]       |                  [01;31m[K^~~~~~~[m[K
[4.976s] [01m[K/home/maroqi/Projects/RobotProjects/ROS2Projects/imu_ws/src/imu_madgwick/src/imu_madgwick/stateless_orientation.cpp:157:18:[m[K [01;36m[Knote: [m[Ksuggested alternatives:
[4.976s] In file included from [01m[K/opt/ros/foxy/include/tf2/LinearMath/Matrix3x3.h:19[m[K,
[4.977s]                  from [01m[K/home/maroqi/Projects/RobotProjects/ROS2Projects/imu_ws/src/imu_madgwick/src/imu_madgwick/stateless_orientation.cpp:26[m[K:
[4.977s] [01m[K/opt/ros/foxy/include/tf2/LinearMath/Vector3.h:38:28:[m[K [01;36m[Knote: [m[K  ‘[01m[Ktf2::Vector3[m[K’
[4.978s]    38 | ATTRIBUTE_ALIGNED16(class) [01;36m[KVector3[m[K
[4.978s]       |                            [01;36m[K^~~~~~~[m[K
[4.979s] In file included from [01m[K/opt/ros/foxy/include/geometry_msgs/msg/vector3.hpp:7[m[K,
[4.979s]                  from [01m[K/home/maroqi/Projects/RobotProjects/ROS2Projects/imu_ws/src/imu_madgwick/include/imu_madgwick/stateless_orientation.h:28[m[K,
[4.979s]                  from [01m[K/home/maroqi/Projects/RobotProjects/ROS2Projects/imu_ws/src/imu_madgwick/src/imu_madgwick/stateless_orientation.cpp:25[m[K:
[4.980s] [01m[K/opt/ros/foxy/include/geometry_msgs/msg/detail/vector3__struct.hpp:149:7:[m[K [01;36m[Knote: [m[K  ‘[01m[Kgeometry_msgs::msg::Vector3[m[K’
[4.980s]   149 | using [01;36m[KVector3[m[K =
[4.981s]       |       [01;36m[K^~~~~~~[m[K
[4.981s] [01m[K/home/maroqi/Projects/RobotProjects/ROS2Projects/imu_ws/src/imu_madgwick/src/imu_madgwick/stateless_orientation.cpp:158:14:[m[K [01;31m[Kerror: [m[Krequest for member ‘[01m[Kx[m[K’ in ‘[01m[KA[m[K’, which is of non-class type ‘[01m[Kint[m[K’
[4.982s]   158 |   if (fabs(A.[01;31m[Kx[m[K) > 0.1 || fabs(A.y) > 0.1) {
[4.982s]       |              [01;31m[K^[m[K
[4.983s] [01m[K/home/maroqi/Projects/RobotProjects/ROS2Projects/imu_ws/src/imu_madgwick/src/imu_madgwick/stateless_orientation.cpp:158:33:[m[K [01;31m[Kerror: [m[Krequest for member ‘[01m[Ky[m[K’ in ‘[01m[KA[m[K’, which is of non-class type ‘[01m[Kint[m[K’
[4.987s]   158 |   if (fabs(A.x) > 0.1 || fabs(A.[01;31m[Ky[m[K) > 0.1) {
[4.988s]       |                                 [01;31m[K^[m[K
[4.988s] [01m[K/home/maroqi/Projects/RobotProjects/ROS2Projects/imu_ws/src/imu_madgwick/src/imu_madgwick/stateless_orientation.cpp:159:7:[m[K [01;31m[Kerror: [m[K‘[01m[KE[m[K’ was not declared in this scope
[4.988s]   159 |       [01;31m[KE[m[K.x = A.y;
[4.988s]       |       [01;31m[K^[m[K
[4.989s] [01m[K/home/maroqi/Projects/RobotProjects/ROS2Projects/imu_ws/src/imu_madgwick/src/imu_madgwick/stateless_orientation.cpp:159:15:[m[K [01;31m[Kerror: [m[Krequest for member ‘[01m[Ky[m[K’ in ‘[01m[KA[m[K’, which is of non-class type ‘[01m[Kint[m[K’
[4.989s]   159 |       E.x = A.[01;31m[Ky[m[K;
[4.989s]       |               [01;31m[K^[m[K
[4.990s] [01m[K/home/maroqi/Projects/RobotProjects/ROS2Projects/imu_ws/src/imu_madgwick/src/imu_madgwick/stateless_orientation.cpp:160:15:[m[K [01;31m[Kerror: [m[Krequest for member ‘[01m[Kx[m[K’ in ‘[01m[KA[m[K’, which is of non-class type ‘[01m[Kint[m[K’
[4.991s]   160 |       E.y = A.[01;31m[Kx[m[K;
[4.991s]       |               [01;31m[K^[m[K
[4.992s] [01m[K/home/maroqi/Projects/RobotProjects/ROS2Projects/imu_ws/src/imu_madgwick/src/imu_madgwick/stateless_orientation.cpp:162:21:[m[K [01;31m[Kerror: [m[Krequest for member ‘[01m[Kz[m[K’ in ‘[01m[KA[m[K’, which is of non-class type ‘[01m[Kint[m[K’
[4.992s]   162 |   } else if (fabs(A.[01;31m[Kz[m[K) > 0.1) {
[4.994s]       |                     [01;31m[K^[m[K
[4.997s] [01m[K/home/maroqi/Projects/RobotProjects/ROS2Projects/imu_ws/src/imu_madgwick/src/imu_madgwick/stateless_orientation.cpp:163:7:[m[K [01;31m[Kerror: [m[K‘[01m[KE[m[K’ was not declared in this scope
[4.997s]   163 |       [01;31m[KE[m[K.x = 0.0;
[4.997s]       |       [01;31m[K^[m[K
[4.998s] [01m[K/home/maroqi/Projects/RobotProjects/ROS2Projects/imu_ws/src/imu_madgwick/src/imu_madgwick/stateless_orientation.cpp:164:15:[m[K [01;31m[Kerror: [m[Krequest for member ‘[01m[Kz[m[K’ in ‘[01m[KA[m[K’, which is of non-class type ‘[01m[Kint[m[K’
[4.998s]   164 |       E.y = A.[01;31m[Kz[m[K;
[4.998s]       |               [01;31m[K^[m[K
[4.999s] [01m[K/home/maroqi/Projects/RobotProjects/ROS2Projects/imu_ws/src/imu_madgwick/src/imu_madgwick/stateless_orientation.cpp:165:15:[m[K [01;31m[Kerror: [m[Krequest for member ‘[01m[Ky[m[K’ in ‘[01m[KA[m[K’, which is of non-class type ‘[01m[Kint[m[K’
[4.999s]   165 |       E.z = A.[01;31m[Ky[m[K;
[5.000s]       |               [01;31m[K^[m[K
[5.004s] [01m[K/home/maroqi/Projects/RobotProjects/ROS2Projects/imu_ws/src/imu_madgwick/src/imu_madgwick/stateless_orientation.cpp:171:39:[m[K [01;31m[Kerror: [m[K‘[01m[KE[m[K’ was not declared in this scope
[5.005s]   171 |   return computeOrientation(frame, A, [01;31m[KE[m[K, orientation);
[5.005s]       |                                       [01;31m[K^[m[K
[5.543s] In file included from [01m[K/opt/ros/foxy/include/tf2/convert.h:43[m[K,
[5.545s]                  from [01m[K/home/maroqi/Projects/RobotProjects/ROS2Projects/imu_ws/src/imu_madgwick/src/imu_madgwick/stateless_orientation.cpp:27[m[K:
[5.546s] /opt/ros/foxy/include/tf2/impl/convert.h: In instantiation of ‘[01m[Kstatic void tf2::impl::Converter<IS_MESSAGE_A, IS_MESSAGE_B>::convert(const A&, B&) [with A = tf2::Quaternion; B = int; bool IS_MESSAGE_A = false; bool IS_MESSAGE_B = false][m[K’:
[5.547s] [01m[K/opt/ros/foxy/include/tf2/convert.h:139:74:[m[K   required from ‘[01m[Kvoid tf2::convert(const A&, B&) [with A = tf2::Quaternion; B = int][m[K’
[5.548s] [01m[K/home/maroqi/Projects/RobotProjects/ROS2Projects/imu_ws/src/imu_madgwick/src/imu_madgwick/stateless_orientation.cpp:143:40:[m[K   required from here
[5.548s] [01m[K/opt/ros/foxy/include/tf2/impl/convert.h:72:10:[m[K [01;31m[Kerror: [m[K‘[01m[KfromMsg[m[K’ was not declared in this scope, and no declarations were found by argument-dependent lookup at the point of instantiation [[01;31m[K-fpermissive[m[K]
[5.549s]    72 |   [01;31m[KfromMsg(toMsg(a), b)[m[K;
[5.549s]       |   [01;31m[K~~~~~~~^~~~~~~~~~~~~[m[K
[5.551s] In file included from [01m[K/home/maroqi/Projects/RobotProjects/ROS2Projects/imu_ws/src/imu_madgwick/src/imu_madgwick/stateless_orientation.cpp:28[m[K:
[5.552s] [01m[K/opt/ros/foxy/include/tf2_geometry_msgs/tf2_geometry_msgs.h:662:6:[m[K [01;36m[Knote: [m[K‘[01m[Kvoid tf2::fromMsg(const Pose&, tf2::Transform&)[m[K’ declared here, later in the translation unit
[5.553s]   662 | void [01;36m[KfromMsg[m[K(const geometry_msgs::msg::Pose& in, tf2::Transform& out)
[5.553s]       |      [01;36m[K^~~~~~~[m[K
[6.200s] make[2]: *** [CMakeFiles/imu_madgwick.dir/build.make:76: CMakeFiles/imu_madgwick.dir/src/imu_madgwick/stateless_orientation.cpp.o] Error 1
[6.210s] make[1]: *** [CMakeFiles/Makefile2:78: CMakeFiles/imu_madgwick.dir/all] Error 2
[6.210s] make: *** [Makefile:141: all] Error 2
[6.212s] Invoked command in '/home/maroqi/Projects/RobotProjects/ROS2Projects/imu_ws/build/imu_madgwick' returned '2': CMAKE_PREFIX_PATH=/opt/ros/foxy /usr/bin/cmake --build /home/maroqi/Projects/RobotProjects/ROS2Projects/imu_ws/build/imu_madgwick -- -j2 -l2
