[0.057s] Invoking command in '/home/maroqi/Projects/RobotProjects/imu-test/imu_ws/build/imu_madgwick': CMAKE_PREFIX_PATH=/opt/ros/foxy /usr/bin/cmake --build /home/maroqi/Projects/RobotProjects/imu-test/imu_ws/build/imu_madgwick -- -j2 -l2
[0.241s] [35m[1mScanning dependencies of target imu_madgwick[0m
[0.354s] [ 25%] [32mBuilding CXX object CMakeFiles/imu_madgwick.dir/src/imu_madgwick/imu.cpp.o[0m
[15.591s] [ 50%] [32m[1mLinking CXX static library libimu_madgwick.a[0m
[15.849s] [100%] Built target imu_madgwick
[15.877s] Invoked command in '/home/maroqi/Projects/RobotProjects/imu-test/imu_ws/build/imu_madgwick' returned '0': CMAKE_PREFIX_PATH=/opt/ros/foxy /usr/bin/cmake --build /home/maroqi/Projects/RobotProjects/imu-test/imu_ws/build/imu_madgwick -- -j2 -l2
[16.020s] Invoking command in '/home/maroqi/Projects/RobotProjects/imu-test/imu_ws/build/imu_madgwick': CMAKE_PREFIX_PATH=/opt/ros/foxy /usr/bin/cmake --install /home/maroqi/Projects/RobotProjects/imu-test/imu_ws/build/imu_madgwick
[16.059s] -- Install configuration: ""
[16.060s] -- Installing: /home/maroqi/Projects/RobotProjects/imu-test/imu_ws/install/imu_madgwick/./include
[16.061s] -- Installing: /home/maroqi/Projects/RobotProjects/imu-test/imu_ws/install/imu_madgwick/./include/imu_madgwick
[16.062s] -- Installing: /home/maroqi/Projects/RobotProjects/imu-test/imu_ws/install/imu_madgwick/./include/imu_madgwick/imu_filter.hpp
[16.062s] -- Installing: /home/maroqi/Projects/RobotProjects/imu-test/imu_ws/install/imu_madgwick/./include/imu_madgwick/world_frame.hpp
[16.062s] -- Installing: /home/maroqi/Projects/RobotProjects/imu-test/imu_ws/install/imu_madgwick/./include/imu_madgwick/imu.hpp
[16.062s] -- Installing: /home/maroqi/Projects/RobotProjects/imu-test/imu_ws/install/imu_madgwick/./include/imu_madgwick/stateless_orientation.hpp
[16.063s] -- Installing: /home/maroqi/Projects/RobotProjects/imu-test/imu_ws/install/imu_madgwick/lib/libimu_madgwick.a
[16.080s] -- Installing: /home/maroqi/Projects/RobotProjects/imu-test/imu_ws/install/imu_madgwick/share/imu_madgwick/environment/library_path.sh
[16.081s] -- Installing: /home/maroqi/Projects/RobotProjects/imu-test/imu_ws/install/imu_madgwick/share/imu_madgwick/environment/library_path.dsv
[16.082s] -- Installing: /home/maroqi/Projects/RobotProjects/imu-test/imu_ws/install/imu_madgwick/share/ament_index/resource_index/package_run_dependencies/imu_madgwick
[16.086s] -- Installing: /home/maroqi/Projects/RobotProjects/imu-test/imu_ws/install/imu_madgwick/share/ament_index/resource_index/parent_prefix_path/imu_madgwick
[16.087s] -- Installing: /home/maroqi/Projects/RobotProjects/imu-test/imu_ws/install/imu_madgwick/share/imu_madgwick/environment/ament_prefix_path.sh
[16.088s] -- Installing: /home/maroqi/Projects/RobotProjects/imu-test/imu_ws/install/imu_madgwick/share/imu_madgwick/environment/ament_prefix_path.dsv
[16.090s] -- Installing: /home/maroqi/Projects/RobotProjects/imu-test/imu_ws/install/imu_madgwick/share/imu_madgwick/environment/path.sh
[16.091s] -- Installing: /home/maroqi/Projects/RobotProjects/imu-test/imu_ws/install/imu_madgwick/share/imu_madgwick/environment/path.dsv
[16.092s] -- Installing: /home/maroqi/Projects/RobotProjects/imu-test/imu_ws/install/imu_madgwick/share/imu_madgwick/local_setup.bash
[16.093s] -- Installing: /home/maroqi/Projects/RobotProjects/imu-test/imu_ws/install/imu_madgwick/share/imu_madgwick/local_setup.sh
[16.095s] -- Installing: /home/maroqi/Projects/RobotProjects/imu-test/imu_ws/install/imu_madgwick/share/imu_madgwick/local_setup.zsh
[16.096s] -- Installing: /home/maroqi/Projects/RobotProjects/imu-test/imu_ws/install/imu_madgwick/share/imu_madgwick/local_setup.dsv
[16.097s] -- Installing: /home/maroqi/Projects/RobotProjects/imu-test/imu_ws/install/imu_madgwick/share/imu_madgwick/package.dsv
[16.099s] -- Installing: /home/maroqi/Projects/RobotProjects/imu-test/imu_ws/install/imu_madgwick/share/ament_index/resource_index/packages/imu_madgwick
[16.100s] -- Installing: /home/maroqi/Projects/RobotProjects/imu-test/imu_ws/install/imu_madgwick/share/imu_madgwick/cmake/ament_cmake_export_dependencies-extras.cmake
[16.101s] -- Installing: /home/maroqi/Projects/RobotProjects/imu-test/imu_ws/install/imu_madgwick/share/imu_madgwick/cmake/ament_cmake_export_include_directories-extras.cmake
[16.106s] -- Installing: /home/maroqi/Projects/RobotProjects/imu-test/imu_ws/install/imu_madgwick/share/imu_madgwick/cmake/ament_cmake_export_libraries-extras.cmake
[16.107s] -- Installing: /home/maroqi/Projects/RobotProjects/imu-test/imu_ws/install/imu_madgwick/share/imu_madgwick/cmake/imu_madgwickConfig.cmake
[16.109s] -- Installing: /home/maroqi/Projects/RobotProjects/imu-test/imu_ws/install/imu_madgwick/share/imu_madgwick/cmake/imu_madgwickConfig-version.cmake
[16.111s] -- Installing: /home/maroqi/Projects/RobotProjects/imu-test/imu_ws/install/imu_madgwick/share/imu_madgwick/package.xml
[16.120s] Invoked command in '/home/maroqi/Projects/RobotProjects/imu-test/imu_ws/build/imu_madgwick' returned '0': CMAKE_PREFIX_PATH=/opt/ros/foxy /usr/bin/cmake --install /home/maroqi/Projects/RobotProjects/imu-test/imu_ws/build/imu_madgwick
