[0.065s] Invoking command in '/home/maroqi/Projects/RobotProjects/ROS2Projects/imu_ws/build/imu_madgwick': CMAKE_PREFIX_PATH=/opt/ros/foxy /usr/bin/cmake --build /home/maroqi/Projects/RobotProjects/ROS2Projects/imu_ws/build/imu_madgwick -- -j2 -l2
[0.263s] [35m[1mScanning dependencies of target imu_madgwick[0m
[0.351s] [ 33%] [32mBuilding CXX object CMakeFiles/imu_madgwick.dir/src/imu_madgwick/stateless_orientation.cpp.o[0m
[1.204s] In file included from [01m[K/home/maroqi/Projects/RobotProjects/ROS2Projects/imu_ws/src/imu_madgwick/src/imu_madgwick/stateless_orientation.cpp:25[m[K:
[1.204s] [01m[K/home/maroqi/Projects/RobotProjects/ROS2Projects/imu_ws/src/imu_madgwick/include/imu_madgwick/stateless_orientation.h:39:25:[m[K [01;31m[Kerror: [m[K‘[01m[Kgeometry_msgs::msg::Quaternion[m[K’ has not been declared
[1.204s]    39 |     geometry_msgs::msg::[01;31m[KQuaternion[m[K& orientation);
[1.205s]       |                         [01;31m[K^~~~~~~~~~[m[K
[1.205s] [01m[K/home/maroqi/Projects/RobotProjects/ROS2Projects/imu_ws/src/imu_madgwick/include/imu_madgwick/stateless_orientation.h:44:25:[m[K [01;31m[Kerror: [m[K‘[01m[Kgeometry_msgs::msg::Quaternion[m[K’ has not been declared
[1.206s]    44 |     geometry_msgs::msg::[01;31m[KQuaternion[m[K& orientation);
[1.206s]       |                         [01;31m[K^~~~~~~~~~[m[K
[4.424s] [01m[K/home/maroqi/Projects/RobotProjects/ROS2Projects/imu_ws/src/imu_madgwick/src/imu_madgwick/stateless_orientation.cpp:55:18:[m[K [01;31m[Kerror: [m[K‘[01m[Kgeometry_msgs::Vector3[m[K’ has not been declared
[4.424s]    55 |   geometry_msgs::[01;31m[KVector3[m[K A,
[4.425s]       |                  [01;31m[K^~~~~~~[m[K
[4.425s] [01m[K/home/maroqi/Projects/RobotProjects/ROS2Projects/imu_ws/src/imu_madgwick/src/imu_madgwick/stateless_orientation.cpp:56:18:[m[K [01;31m[Kerror: [m[K‘[01m[Kgeometry_msgs::Vector3[m[K’ has not been declared
[4.426s]    56 |   geometry_msgs::[01;31m[KVector3[m[K E,
[4.426s]       |                  [01;31m[K^~~~~~~[m[K
[4.426s] [01m[K/home/maroqi/Projects/RobotProjects/ROS2Projects/imu_ws/src/imu_madgwick/src/imu_madgwick/stateless_orientation.cpp:57:18:[m[K [01;31m[Kerror: [m[K‘[01m[Kgeometry_msgs::Quaternion[m[K’ has not been declared
[4.427s]    57 |   geometry_msgs::[01;31m[KQuaternion[m[K& orientation) {
[4.427s]       |                  [01;31m[K^~~~~~~~~~[m[K
[4.428s] [01m[K/home/maroqi/Projects/RobotProjects/ROS2Projects/imu_ws/src/imu_madgwick/src/imu_madgwick/stateless_orientation.cpp:53:6:[m[K [01;31m[Kerror: [m[Kno declaration matches ‘[01m[Kbool StatelessOrientation::computeOrientation(WorldFrame::WorldFrame, int, int, int&)[m[K’
[4.429s]    53 | bool [01;31m[KStatelessOrientation[m[K::computeOrientation(
[4.429s]       |      [01;31m[K^~~~~~~~~~~~~~~~~~~~[m[K
[4.431s] In file included from [01m[K/home/maroqi/Projects/RobotProjects/ROS2Projects/imu_ws/src/imu_madgwick/src/imu_madgwick/stateless_orientation.cpp:25[m[K:
[4.431s] [01m[K/home/maroqi/Projects/RobotProjects/ROS2Projects/imu_ws/src/imu_madgwick/include/imu_madgwick/stateless_orientation.h:41:15:[m[K [01;36m[Knote: [m[Kcandidates are: ‘[01m[Kstatic bool StatelessOrientation::computeOrientation(WorldFrame::WorldFrame, geometry_msgs::msg::Vector3, int&)[m[K’
[4.432s]    41 |   static bool [01;36m[KcomputeOrientation[m[K(
[4.432s]       |               [01;36m[K^~~~~~~~~~~~~~~~~~[m[K
[4.433s] [01m[K/home/maroqi/Projects/RobotProjects/ROS2Projects/imu_ws/src/imu_madgwick/include/imu_madgwick/stateless_orientation.h:35:15:[m[K [01;36m[Knote: [m[K                ‘[01m[Kstatic bool StatelessOrientation::computeOrientation(WorldFrame::WorldFrame, geometry_msgs::msg::Vector3, geometry_msgs::msg::Vector3, int&)[m[K’
[4.433s]    35 |   static bool [01;36m[KcomputeOrientation[m[K(
[4.434s]       |               [01;36m[K^~~~~~~~~~~~~~~~~~[m[K
[4.436s] [01m[K/home/maroqi/Projects/RobotProjects/ROS2Projects/imu_ws/src/imu_madgwick/include/imu_madgwick/stateless_orientation.h:32:7:[m[K [01;36m[Knote: [m[K‘[01m[Kclass StatelessOrientation[m[K’ defined here
[4.436s]    32 | class [01;36m[KStatelessOrientation[m[K
[4.437s]       |       [01;36m[K^~~~~~~~~~~~~~~~~~~~[m[K
[4.437s] [01m[K/home/maroqi/Projects/RobotProjects/ROS2Projects/imu_ws/src/imu_madgwick/src/imu_madgwick/stateless_orientation.cpp:150:18:[m[K [01;31m[Kerror: [m[K‘[01m[Kgeometry_msgs::Vector3[m[K’ has not been declared
[4.438s]   150 |   geometry_msgs::[01;31m[KVector3[m[K A,
[4.438s]       |                  [01;31m[K^~~~~~~[m[K
[4.438s] [01m[K/home/maroqi/Projects/RobotProjects/ROS2Projects/imu_ws/src/imu_madgwick/src/imu_madgwick/stateless_orientation.cpp:151:18:[m[K [01;31m[Kerror: [m[K‘[01m[Kgeometry_msgs::Quaternion[m[K’ has not been declared
[4.447s]   151 |   geometry_msgs::[01;31m[KQuaternion[m[K& orientation) {
[4.447s]       |                  [01;31m[K^~~~~~~~~~[m[K
[4.448s] [01m[K/home/maroqi/Projects/RobotProjects/ROS2Projects/imu_ws/src/imu_madgwick/src/imu_madgwick/stateless_orientation.cpp:148:6:[m[K [01;31m[Kerror: [m[Kno declaration matches ‘[01m[Kbool StatelessOrientation::computeOrientation(WorldFrame::WorldFrame, int, int&)[m[K’
[4.448s]   148 | bool [01;31m[KStatelessOrientation[m[K::computeOrientation(
[4.448s]       |      [01;31m[K^~~~~~~~~~~~~~~~~~~~[m[K
[4.449s] In file included from [01m[K/home/maroqi/Projects/RobotProjects/ROS2Projects/imu_ws/src/imu_madgwick/src/imu_madgwick/stateless_orientation.cpp:25[m[K:
[4.449s] [01m[K/home/maroqi/Projects/RobotProjects/ROS2Projects/imu_ws/src/imu_madgwick/include/imu_madgwick/stateless_orientation.h:41:15:[m[K [01;36m[Knote: [m[Kcandidates are: ‘[01m[Kstatic bool StatelessOrientation::computeOrientation(WorldFrame::WorldFrame, geometry_msgs::msg::Vector3, int&)[m[K’
[4.449s]    41 |   static bool [01;36m[KcomputeOrientation[m[K(
[4.449s]       |               [01;36m[K^~~~~~~~~~~~~~~~~~[m[K
[4.450s] [01m[K/home/maroqi/Projects/RobotProjects/ROS2Projects/imu_ws/src/imu_madgwick/include/imu_madgwick/stateless_orientation.h:35:15:[m[K [01;36m[Knote: [m[K                ‘[01m[Kstatic bool StatelessOrientation::computeOrientation(WorldFrame::WorldFrame, geometry_msgs::msg::Vector3, geometry_msgs::msg::Vector3, int&)[m[K’
[4.450s]    35 |   static bool [01;36m[KcomputeOrientation[m[K(
[4.450s]       |               [01;36m[K^~~~~~~~~~~~~~~~~~[m[K
[4.451s] [01m[K/home/maroqi/Projects/RobotProjects/ROS2Projects/imu_ws/src/imu_madgwick/include/imu_madgwick/stateless_orientation.h:32:7:[m[K [01;36m[Knote: [m[K‘[01m[Kclass StatelessOrientation[m[K’ defined here
[4.454s]    32 | class [01;36m[KStatelessOrientation[m[K
[4.463s]       |       [01;36m[K^~~~~~~~~~~~~~~~~~~~[m[K
[5.512s] make[2]: *** [CMakeFiles/imu_madgwick.dir/build.make:76: CMakeFiles/imu_madgwick.dir/src/imu_madgwick/stateless_orientation.cpp.o] Error 1
[5.525s] make[1]: *** [CMakeFiles/Makefile2:78: CMakeFiles/imu_madgwick.dir/all] Error 2
[5.526s] make: *** [Makefile:141: all] Error 2
[5.531s] Invoked command in '/home/maroqi/Projects/RobotProjects/ROS2Projects/imu_ws/build/imu_madgwick' returned '2': CMAKE_PREFIX_PATH=/opt/ros/foxy /usr/bin/cmake --build /home/maroqi/Projects/RobotProjects/ROS2Projects/imu_ws/build/imu_madgwick -- -j2 -l2
