[35m[1mScanning dependencies of target imu_madgwick[0m
[  9%] [32mBuilding CXX object CMakeFiles/imu_madgwick.dir/src/imu_madgwick/imu.cpp.o[0m
[ 18%] [32mBuilding C object CMakeFiles/imu_madgwick.dir/src/imu_madgwick/FusionAhrs.c.o[0m
[ 27%] [32mBuilding C object CMakeFiles/imu_madgwick.dir/src/imu_madgwick/FusionBias.c.o[0m
[ 36%] [32mBuilding C object CMakeFiles/imu_madgwick.dir/src/imu_madgwick/FusionCompass.c.o[0m
[ 45%] [32m[1mLinking CXX static library libimu_madgwick.a[0m
[ 63%] Built target imu_madgwick
[ 72%] [32m[1mLinking CXX executable imu_main_test[0m
[ 81%] Built target imu_main_test
[35m[1mScanning dependencies of target imu_main[0m
[ 90%] [32mBuilding CXX object CMakeFiles/imu_main.dir/src/imu_main.cpp.o[0m
[100%] [32m[1mLinking CXX executable imu_main[0m
[100%] Built target imu_main
-- Install configuration: ""
-- Execute custom install script
-- Symlinking: /home/maroqi/Projects/RobotProjects/ROS2Projects/imu-test/imu_ws/install/imu_madgwick/./include/imu_madgwick/Fusion.h
-- Symlinking: /home/maroqi/Projects/RobotProjects/ROS2Projects/imu-test/imu_ws/install/imu_madgwick/./include/imu_madgwick/FusionAhrs.h
-- Symlinking: /home/maroqi/Projects/RobotProjects/ROS2Projects/imu-test/imu_ws/install/imu_madgwick/./include/imu_madgwick/FusionBias.h
-- Symlinking: /home/maroqi/Projects/RobotProjects/ROS2Projects/imu-test/imu_ws/install/imu_madgwick/./include/imu_madgwick/FusionCalibration.h
-- Symlinking: /home/maroqi/Projects/RobotProjects/ROS2Projects/imu-test/imu_ws/install/imu_madgwick/./include/imu_madgwick/FusionCompass.h
-- Symlinking: /home/maroqi/Projects/RobotProjects/ROS2Projects/imu-test/imu_ws/install/imu_madgwick/./include/imu_madgwick/FusionTypes.h
-- Up-to-date symlink: /home/maroqi/Projects/RobotProjects/ROS2Projects/imu-test/imu_ws/install/imu_madgwick/./include/imu_madgwick/imu.hpp
-- Up-to-date symlink: /home/maroqi/Projects/RobotProjects/ROS2Projects/imu-test/imu_ws/install/imu_madgwick/./include/imu_madgwick/imu_filter.hpp
-- Up-to-date symlink: /home/maroqi/Projects/RobotProjects/ROS2Projects/imu-test/imu_ws/install/imu_madgwick/./include/imu_madgwick/stateless_orientation.hpp
-- Up-to-date symlink: /home/maroqi/Projects/RobotProjects/ROS2Projects/imu-test/imu_ws/install/imu_madgwick/./include/imu_madgwick/world_frame.hpp
-- Up-to-date symlink: /home/maroqi/Projects/RobotProjects/ROS2Projects/imu-test/imu_ws/install/imu_madgwick/lib/imu_madgwick/imu_main
-- Up-to-date symlink: /home/maroqi/Projects/RobotProjects/ROS2Projects/imu-test/imu_ws/install/imu_madgwick/lib/imu_madgwick/imu_main_test
-- Up-to-date symlink: /home/maroqi/Projects/RobotProjects/ROS2Projects/imu-test/imu_ws/install/imu_madgwick/share/imu_madgwick//launch/reading_imu_launch.py
-- Up-to-date symlink: /home/maroqi/Projects/RobotProjects/ROS2Projects/imu-test/imu_ws/install/imu_madgwick/share/imu_madgwick/environment/library_path.sh
-- Up-to-date symlink: /home/maroqi/Projects/RobotProjects/ROS2Projects/imu-test/imu_ws/install/imu_madgwick/share/imu_madgwick/environment/library_path.dsv
-- Up-to-date symlink: /home/maroqi/Projects/RobotProjects/ROS2Projects/imu-test/imu_ws/install/imu_madgwick/share/ament_index/resource_index/package_run_dependencies/imu_madgwick
-- Up-to-date symlink: /home/maroqi/Projects/RobotProjects/ROS2Projects/imu-test/imu_ws/install/imu_madgwick/share/ament_index/resource_index/parent_prefix_path/imu_madgwick
-- Up-to-date symlink: /home/maroqi/Projects/RobotProjects/ROS2Projects/imu-test/imu_ws/install/imu_madgwick/share/imu_madgwick/environment/ament_prefix_path.sh
-- Up-to-date symlink: /home/maroqi/Projects/RobotProjects/ROS2Projects/imu-test/imu_ws/install/imu_madgwick/share/imu_madgwick/environment/ament_prefix_path.dsv
-- Up-to-date symlink: /home/maroqi/Projects/RobotProjects/ROS2Projects/imu-test/imu_ws/install/imu_madgwick/share/imu_madgwick/environment/path.sh
-- Up-to-date symlink: /home/maroqi/Projects/RobotProjects/ROS2Projects/imu-test/imu_ws/install/imu_madgwick/share/imu_madgwick/environment/path.dsv
-- Up-to-date symlink: /home/maroqi/Projects/RobotProjects/ROS2Projects/imu-test/imu_ws/install/imu_madgwick/share/imu_madgwick/local_setup.bash
-- Up-to-date symlink: /home/maroqi/Projects/RobotProjects/ROS2Projects/imu-test/imu_ws/install/imu_madgwick/share/imu_madgwick/local_setup.sh
-- Up-to-date symlink: /home/maroqi/Projects/RobotProjects/ROS2Projects/imu-test/imu_ws/install/imu_madgwick/share/imu_madgwick/local_setup.zsh
-- Up-to-date symlink: /home/maroqi/Projects/RobotProjects/ROS2Projects/imu-test/imu_ws/install/imu_madgwick/share/imu_madgwick/local_setup.dsv
-- Symlinking: /home/maroqi/Projects/RobotProjects/ROS2Projects/imu-test/imu_ws/install/imu_madgwick/share/imu_madgwick/package.dsv
-- Up-to-date symlink: /home/maroqi/Projects/RobotProjects/ROS2Projects/imu-test/imu_ws/install/imu_madgwick/share/ament_index/resource_index/packages/imu_madgwick
-- Up-to-date symlink: /home/maroqi/Projects/RobotProjects/ROS2Projects/imu-test/imu_ws/install/imu_madgwick/share/imu_madgwick/cmake/ament_cmake_export_dependencies-extras.cmake
-- Up-to-date symlink: /home/maroqi/Projects/RobotProjects/ROS2Projects/imu-test/imu_ws/install/imu_madgwick/share/imu_madgwick/cmake/ament_cmake_export_include_directories-extras.cmake
-- Up-to-date symlink: /home/maroqi/Projects/RobotProjects/ROS2Projects/imu-test/imu_ws/install/imu_madgwick/share/imu_madgwick/cmake/ament_cmake_export_libraries-extras.cmake
-- Up-to-date symlink: /home/maroqi/Projects/RobotProjects/ROS2Projects/imu-test/imu_ws/install/imu_madgwick/share/imu_madgwick/cmake/imu_madgwickConfig.cmake
-- Up-to-date symlink: /home/maroqi/Projects/RobotProjects/ROS2Projects/imu-test/imu_ws/install/imu_madgwick/share/imu_madgwick/cmake/imu_madgwickConfig-version.cmake
-- Up-to-date symlink: /home/maroqi/Projects/RobotProjects/ROS2Projects/imu-test/imu_ws/install/imu_madgwick/share/imu_madgwick/package.xml
-- Installing: /home/maroqi/Projects/RobotProjects/ROS2Projects/imu-test/imu_ws/install/imu_madgwick/lib/libimu_madgwick.a
