[0.069s] Invoking command in '/home/maroqi/Projects/RobotProjects/ROS2Projects/imu-test/imu_ws/build/imu_complementary': CMAKE_PREFIX_PATH=/opt/ros/foxy /usr/bin/cmake /home/maroqi/Projects/RobotProjects/ROS2Projects/imu-test/imu_ws/src/imu_complementary -DCMAKE_INSTALL_PREFIX=/home/maroqi/Projects/RobotProjects/ROS2Projects/imu-test/imu_ws/install/imu_complementary
[0.635s] -- The C compiler identification is GNU 9.3.0
[1.088s] -- The CXX compiler identification is GNU 9.3.0
[1.124s] -- Check for working C compiler: /usr/bin/cc
[1.585s] -- Check for working C compiler: /usr/bin/cc -- works
[1.591s] -- Detecting C compiler ABI info
[2.008s] -- Detecting C compiler ABI info - done
[2.080s] -- Detecting C compile features
[2.084s] -- Detecting C compile features - done
[2.104s] -- Check for working CXX compiler: /usr/bin/c++
[2.539s] -- Check for working CXX compiler: /usr/bin/c++ -- works
[2.544s] -- Detecting CXX compiler ABI info
[2.952s] -- Detecting CXX compiler ABI info - done
[3.036s] -- Detecting CXX compile features
[3.036s] -- Detecting CXX compile features - done
[3.048s] -- Found ament_cmake: 0.9.8 (/opt/ros/foxy/share/ament_cmake/cmake)
[3.214s] -- Found PythonInterp: /usr/bin/python3 (found suitable version "3.8.5", minimum required is "3") 
[3.214s] -- Using PYTHON_EXECUTABLE: /usr/bin/python3
[4.408s] -- Found ament_lint_auto: 0.9.6 (/opt/ros/foxy/share/ament_lint_auto/cmake)
[4.722s] -- Added test 'copyright' to check source files copyright and LICENSE
[4.727s] -- Added test 'cppcheck' to perform static code analysis on C / C++ code
[4.727s] -- Configured cppcheck include dirs: 
[4.727s] -- Configured cppcheck exclude dirs and/or files: 
[4.731s] -- Added test 'cpplint' to check C / C++ code against the Google style
[4.731s] -- Configured cpplint exclude dirs and/or files: 
[4.738s] -- Added test 'lint_cmake' to check CMake code style
[4.746s] -- Added test 'uncrustify' to check C / C++ code style
[4.747s] -- Configured uncrustify additional arguments: 
[4.751s] -- Added test 'xmllint' to check XML markup files
[4.765s] -- Configuring done
[4.776s] -- Generating done
[4.783s] -- Build files have been written to: /home/maroqi/Projects/RobotProjects/ROS2Projects/imu-test/imu_ws/build/imu_complementary
[4.814s] Invoked command in '/home/maroqi/Projects/RobotProjects/ROS2Projects/imu-test/imu_ws/build/imu_complementary' returned '0': CMAKE_PREFIX_PATH=/opt/ros/foxy /usr/bin/cmake /home/maroqi/Projects/RobotProjects/ROS2Projects/imu-test/imu_ws/src/imu_complementary -DCMAKE_INSTALL_PREFIX=/home/maroqi/Projects/RobotProjects/ROS2Projects/imu-test/imu_ws/install/imu_complementary
[4.820s] Invoking command in '/home/maroqi/Projects/RobotProjects/ROS2Projects/imu-test/imu_ws/build/imu_complementary': CMAKE_PREFIX_PATH=/opt/ros/foxy /usr/bin/cmake --build /home/maroqi/Projects/RobotProjects/ROS2Projects/imu-test/imu_ws/build/imu_complementary -- -j2 -l2
[5.050s] Invoked command in '/home/maroqi/Projects/RobotProjects/ROS2Projects/imu-test/imu_ws/build/imu_complementary' returned '0': CMAKE_PREFIX_PATH=/opt/ros/foxy /usr/bin/cmake --build /home/maroqi/Projects/RobotProjects/ROS2Projects/imu-test/imu_ws/build/imu_complementary -- -j2 -l2
[5.224s] Invoking command in '/home/maroqi/Projects/RobotProjects/ROS2Projects/imu-test/imu_ws/build/imu_complementary': CMAKE_PREFIX_PATH=/opt/ros/foxy /usr/bin/cmake --install /home/maroqi/Projects/RobotProjects/ROS2Projects/imu-test/imu_ws/build/imu_complementary
[5.278s] -- Install configuration: ""
[5.280s] -- Installing: /home/maroqi/Projects/RobotProjects/ROS2Projects/imu-test/imu_ws/install/imu_complementary/share/ament_index/resource_index/package_run_dependencies/imu_complementary
[5.281s] -- Installing: /home/maroqi/Projects/RobotProjects/ROS2Projects/imu-test/imu_ws/install/imu_complementary/share/ament_index/resource_index/parent_prefix_path/imu_complementary
[5.285s] -- Installing: /home/maroqi/Projects/RobotProjects/ROS2Projects/imu-test/imu_ws/install/imu_complementary/share/imu_complementary/environment/ament_prefix_path.sh
[5.286s] -- Installing: /home/maroqi/Projects/RobotProjects/ROS2Projects/imu-test/imu_ws/install/imu_complementary/share/imu_complementary/environment/ament_prefix_path.dsv
[5.291s] -- Installing: /home/maroqi/Projects/RobotProjects/ROS2Projects/imu-test/imu_ws/install/imu_complementary/share/imu_complementary/environment/path.sh
[5.292s] -- Installing: /home/maroqi/Projects/RobotProjects/ROS2Projects/imu-test/imu_ws/install/imu_complementary/share/imu_complementary/environment/path.dsv
[5.293s] -- Installing: /home/maroqi/Projects/RobotProjects/ROS2Projects/imu-test/imu_ws/install/imu_complementary/share/imu_complementary/local_setup.bash
[5.295s] -- Installing: /home/maroqi/Projects/RobotProjects/ROS2Projects/imu-test/imu_ws/install/imu_complementary/share/imu_complementary/local_setup.sh
[5.300s] -- Installing: /home/maroqi/Projects/RobotProjects/ROS2Projects/imu-test/imu_ws/install/imu_complementary/share/imu_complementary/local_setup.zsh
[5.301s] -- Installing: /home/maroqi/Projects/RobotProjects/ROS2Projects/imu-test/imu_ws/install/imu_complementary/share/imu_complementary/local_setup.dsv
[5.302s] -- Installing: /home/maroqi/Projects/RobotProjects/ROS2Projects/imu-test/imu_ws/install/imu_complementary/share/imu_complementary/package.dsv
[5.303s] -- Installing: /home/maroqi/Projects/RobotProjects/ROS2Projects/imu-test/imu_ws/install/imu_complementary/share/ament_index/resource_index/packages/imu_complementary
[5.308s] -- Installing: /home/maroqi/Projects/RobotProjects/ROS2Projects/imu-test/imu_ws/install/imu_complementary/share/imu_complementary/cmake/imu_complementaryConfig.cmake
[5.312s] -- Installing: /home/maroqi/Projects/RobotProjects/ROS2Projects/imu-test/imu_ws/install/imu_complementary/share/imu_complementary/cmake/imu_complementaryConfig-version.cmake
[5.312s] -- Installing: /home/maroqi/Projects/RobotProjects/ROS2Projects/imu-test/imu_ws/install/imu_complementary/share/imu_complementary/package.xml
[5.323s] Invoked command in '/home/maroqi/Projects/RobotProjects/ROS2Projects/imu-test/imu_ws/build/imu_complementary' returned '0': CMAKE_PREFIX_PATH=/opt/ros/foxy /usr/bin/cmake --install /home/maroqi/Projects/RobotProjects/ROS2Projects/imu-test/imu_ws/build/imu_complementary
