[0.032s] Invoking command in '/home/maroqi/Projects/RobotProjects/ROS2Projects/imu_ws/build/imu_madgwick': CMAKE_PREFIX_PATH=/opt/ros/foxy /usr/bin/cmake --build /home/maroqi/Projects/RobotProjects/ROS2Projects/imu_ws/build/imu_madgwick -- -j2 -l2
[0.311s] [100%] Built target imu_madgwick
[0.341s] Invoked command in '/home/maroqi/Projects/RobotProjects/ROS2Projects/imu_ws/build/imu_madgwick' returned '0': CMAKE_PREFIX_PATH=/opt/ros/foxy /usr/bin/cmake --build /home/maroqi/Projects/RobotProjects/ROS2Projects/imu_ws/build/imu_madgwick -- -j2 -l2
[0.464s] Invoking command in '/home/maroqi/Projects/RobotProjects/ROS2Projects/imu_ws/build/imu_madgwick': CMAKE_PREFIX_PATH=/opt/ros/foxy /usr/bin/cmake --install /home/maroqi/Projects/RobotProjects/ROS2Projects/imu_ws/build/imu_madgwick
[0.494s] -- Install configuration: ""
[0.495s] -- Up-to-date: /home/maroqi/Projects/RobotProjects/ROS2Projects/imu_ws/install/imu_madgwick/./include
[0.497s] -- Up-to-date: /home/maroqi/Projects/RobotProjects/ROS2Projects/imu_ws/install/imu_madgwick/./include/imu_madgwick
[0.498s] -- Up-to-date: /home/maroqi/Projects/RobotProjects/ROS2Projects/imu_ws/install/imu_madgwick/./include/imu_madgwick/world_frame.h
[0.499s] -- Up-to-date: /home/maroqi/Projects/RobotProjects/ROS2Projects/imu_ws/install/imu_madgwick/./include/imu_madgwick/stateless_orientation.h
[0.499s] -- Up-to-date: /home/maroqi/Projects/RobotProjects/ROS2Projects/imu_ws/install/imu_madgwick/./include/imu_madgwick/imu_filter.h
[0.500s] -- Up-to-date: /home/maroqi/Projects/RobotProjects/ROS2Projects/imu_ws/install/imu_madgwick/lib/libimu_madgwick.a
[0.501s] -- Up-to-date: /home/maroqi/Projects/RobotProjects/ROS2Projects/imu_ws/install/imu_madgwick/share/imu_madgwick/environment/library_path.sh
[0.502s] -- Up-to-date: /home/maroqi/Projects/RobotProjects/ROS2Projects/imu_ws/install/imu_madgwick/share/imu_madgwick/environment/library_path.dsv
[0.502s] -- Up-to-date: /home/maroqi/Projects/RobotProjects/ROS2Projects/imu_ws/install/imu_madgwick/share/ament_index/resource_index/package_run_dependencies/imu_madgwick
[0.504s] -- Up-to-date: /home/maroqi/Projects/RobotProjects/ROS2Projects/imu_ws/install/imu_madgwick/share/ament_index/resource_index/parent_prefix_path/imu_madgwick
[0.504s] -- Up-to-date: /home/maroqi/Projects/RobotProjects/ROS2Projects/imu_ws/install/imu_madgwick/share/imu_madgwick/environment/ament_prefix_path.sh
[0.505s] -- Up-to-date: /home/maroqi/Projects/RobotProjects/ROS2Projects/imu_ws/install/imu_madgwick/share/imu_madgwick/environment/ament_prefix_path.dsv
[0.506s] -- Up-to-date: /home/maroqi/Projects/RobotProjects/ROS2Projects/imu_ws/install/imu_madgwick/share/imu_madgwick/environment/path.sh
[0.507s] -- Up-to-date: /home/maroqi/Projects/RobotProjects/ROS2Projects/imu_ws/install/imu_madgwick/share/imu_madgwick/environment/path.dsv
[0.508s] -- Up-to-date: /home/maroqi/Projects/RobotProjects/ROS2Projects/imu_ws/install/imu_madgwick/share/imu_madgwick/local_setup.bash
[0.509s] -- Up-to-date: /home/maroqi/Projects/RobotProjects/ROS2Projects/imu_ws/install/imu_madgwick/share/imu_madgwick/local_setup.sh
[0.510s] -- Up-to-date: /home/maroqi/Projects/RobotProjects/ROS2Projects/imu_ws/install/imu_madgwick/share/imu_madgwick/local_setup.zsh
[0.510s] -- Up-to-date: /home/maroqi/Projects/RobotProjects/ROS2Projects/imu_ws/install/imu_madgwick/share/imu_madgwick/local_setup.dsv
[0.514s] -- Installing: /home/maroqi/Projects/RobotProjects/ROS2Projects/imu_ws/install/imu_madgwick/share/imu_madgwick/package.dsv
[0.515s] -- Up-to-date: /home/maroqi/Projects/RobotProjects/ROS2Projects/imu_ws/install/imu_madgwick/share/ament_index/resource_index/packages/imu_madgwick
[0.516s] -- Up-to-date: /home/maroqi/Projects/RobotProjects/ROS2Projects/imu_ws/install/imu_madgwick/share/imu_madgwick/cmake/ament_cmake_export_dependencies-extras.cmake
[0.516s] -- Up-to-date: /home/maroqi/Projects/RobotProjects/ROS2Projects/imu_ws/install/imu_madgwick/share/imu_madgwick/cmake/ament_cmake_export_include_directories-extras.cmake
[0.517s] -- Up-to-date: /home/maroqi/Projects/RobotProjects/ROS2Projects/imu_ws/install/imu_madgwick/share/imu_madgwick/cmake/ament_cmake_export_libraries-extras.cmake
[0.518s] -- Up-to-date: /home/maroqi/Projects/RobotProjects/ROS2Projects/imu_ws/install/imu_madgwick/share/imu_madgwick/cmake/imu_madgwickConfig.cmake
[0.519s] -- Up-to-date: /home/maroqi/Projects/RobotProjects/ROS2Projects/imu_ws/install/imu_madgwick/share/imu_madgwick/cmake/imu_madgwickConfig-version.cmake
[0.519s] -- Up-to-date: /home/maroqi/Projects/RobotProjects/ROS2Projects/imu_ws/install/imu_madgwick/share/imu_madgwick/package.xml
[0.528s] Invoked command in '/home/maroqi/Projects/RobotProjects/ROS2Projects/imu_ws/build/imu_madgwick' returned '0': CMAKE_PREFIX_PATH=/opt/ros/foxy /usr/bin/cmake --install /home/maroqi/Projects/RobotProjects/ROS2Projects/imu_ws/build/imu_madgwick
