[35m[1mScanning dependencies of target imu_madgwick[0m
[ 12%] [32mBuilding CXX object CMakeFiles/imu_madgwick.dir/src/imu_madgwick/imu.cpp.o[0m
[01m[K/home/maroqi/Projects/RobotProjects/ROS2Projects/imu-test/imu_ws/src/imu_madgwick/src/imu_madgwick/imu.cpp:[m[K In member function ‘[01m[Kvoid Imu::imuCallback(sensor_msgs::msg::Imu_<std::allocator<void> >::SharedPtr)[m[K’:
[01m[K/home/maroqi/Projects/RobotProjects/ROS2Projects/imu-test/imu_ws/src/imu_madgwick/src/imu_madgwick/imu.cpp:71:58:[m[K [01;31m[Kerror: [m[Kexpected ‘[01m[K;[m[K’ before string constant
   71 | data << "ax " << lin_acc.x << ", ay " << lin_acc.y[01;31m[K [m[K[32m[K", az "[m[K lin_acc.z << std::endl;
      |                                                   [01;31m[K^[m[K[32m[K~~~~~~~[m[K
      |                                                   [32m[K;[m[K
[01m[K/home/maroqi/Projects/RobotProjects/ROS2Projects/imu-test/imu_ws/src/imu_madgwick/src/imu_madgwick/imu.cpp:72:58:[m[K [01;31m[Kerror: [m[Kexpected ‘[01m[K;[m[K’ before string constant
   72 | data << "gx " << ang_vel.x << ", gy " << ang_vel.y[01;31m[K [m[K[32m[K", gz "[m[K ang_vel.z << std::endl;
      |                                                   [01;31m[K^[m[K[32m[K~~~~~~~[m[K
      |                                                   [32m[K;[m[K
[01m[K/home/maroqi/Projects/RobotProjects/ROS2Projects/imu-test/imu_ws/src/imu_madgwick/src/imu_madgwick/imu.cpp:73:56:[m[K [01;31m[Kerror: [m[Kexpected ‘[01m[K;[m[K’ before string constant
   73 | utdata << "qx " << orient.x << ", qy " << orient.y[01;31m[K [m[K[32m[K", qz "[m[K orient.z << std::endl;
      |                                                   [01;31m[K^[m[K[32m[K~~~~~~~[m[K
      |                                                   [32m[K;[m[K
[01m[K/home/maroqi/Projects/RobotProjects/ROS2Projects/imu-test/imu_ws/src/imu_madgwick/src/imu_madgwick/imu.cpp:[m[K In member function ‘[01m[Kvoid Imu::publishFilteredMsg(sensor_msgs::msg::Imu_<std::allocator<void> >::SharedPtr)[m[K’:
[01m[K/home/maroqi/Projects/RobotProjects/ROS2Projects/imu-test/imu_ws/src/imu_madgwick/src/imu_madgwick/imu.cpp:151:54:[m[K [01;31m[Kerror: [m[Kexpected ‘[01m[K;[m[K’ before string constant
  151 |  outdata << "roll " << roll << ", pitch " << pitch[01;31m[K [m[K[32m[K", yaw "[m[K yaw << std::endl;
      |                                                   [01;31m[K^[m[K[32m[K~~~~~~~~[m[K
      |                                                   [32m[K;[m[K
make[2]: *** [CMakeFiles/imu_madgwick.dir/build.make:89: CMakeFiles/imu_madgwick.dir/src/imu_madgwick/imu.cpp.o] Error 1
make[1]: *** [CMakeFiles/Makefile2:136: CMakeFiles/imu_madgwick.dir/all] Error 2
make: *** [Makefile:141: all] Error 2
