[0.078s] Invoking command in '/home/maroqi/Projects/RobotProjects/ROS2Projects/imu-test/imu_ws/build/imu_madgwick': CMAKE_PREFIX_PATH=${CMAKE_PREFIX_PATH}:/home/maroqi/Projects/RobotProjects/ROS2Projects/imu-test/imu_ws/install/wbt_imu:/opt/ros/foxy /usr/bin/cmake --build /home/maroqi/Projects/RobotProjects/ROS2Projects/imu-test/imu_ws/build/imu_madgwick -- -j2 -l2
[0.382s] [35m[1mScanning dependencies of target imu_madgwick[0m
[0.539s] [ 12%] [32mBuilding CXX object CMakeFiles/imu_madgwick.dir/src/imu_madgwick/imu.cpp.o[0m
[9.311s] [01m[K/home/maroqi/Projects/RobotProjects/ROS2Projects/imu-test/imu_ws/src/imu_madgwick/src/imu_madgwick/imu.cpp:[m[K In member function ‘[01m[Kvoid Imu::imuCallback(sensor_msgs::msg::Imu_<std::allocator<void> >::SharedPtr)[m[K’:
[9.311s] [01m[K/home/maroqi/Projects/RobotProjects/ROS2Projects/imu-test/imu_ws/src/imu_madgwick/src/imu_madgwick/imu.cpp:71:58:[m[K [01;31m[Kerror: [m[Kexpected ‘[01m[K;[m[K’ before string constant
[9.313s]    71 | data << "ax " << lin_acc.x << ", ay " << lin_acc.y[01;31m[K [m[K[32m[K", az "[m[K lin_acc.z << std::endl;
[9.313s]       |                                                   [01;31m[K^[m[K[32m[K~~~~~~~[m[K
[9.313s]       |                                                   [32m[K;[m[K
[9.317s] [01m[K/home/maroqi/Projects/RobotProjects/ROS2Projects/imu-test/imu_ws/src/imu_madgwick/src/imu_madgwick/imu.cpp:72:58:[m[K [01;31m[Kerror: [m[Kexpected ‘[01m[K;[m[K’ before string constant
[9.318s]    72 | data << "gx " << ang_vel.x << ", gy " << ang_vel.y[01;31m[K [m[K[32m[K", gz "[m[K ang_vel.z << std::endl;
[9.318s]       |                                                   [01;31m[K^[m[K[32m[K~~~~~~~[m[K
[9.318s]       |                                                   [32m[K;[m[K
[9.319s] [01m[K/home/maroqi/Projects/RobotProjects/ROS2Projects/imu-test/imu_ws/src/imu_madgwick/src/imu_madgwick/imu.cpp:73:56:[m[K [01;31m[Kerror: [m[Kexpected ‘[01m[K;[m[K’ before string constant
[9.320s]    73 | utdata << "qx " << orient.x << ", qy " << orient.y[01;31m[K [m[K[32m[K", qz "[m[K orient.z << std::endl;
[9.320s]       |                                                   [01;31m[K^[m[K[32m[K~~~~~~~[m[K
[9.320s]       |                                                   [32m[K;[m[K
[9.339s] [01m[K/home/maroqi/Projects/RobotProjects/ROS2Projects/imu-test/imu_ws/src/imu_madgwick/src/imu_madgwick/imu.cpp:[m[K In member function ‘[01m[Kvoid Imu::publishFilteredMsg(sensor_msgs::msg::Imu_<std::allocator<void> >::SharedPtr)[m[K’:
[9.340s] [01m[K/home/maroqi/Projects/RobotProjects/ROS2Projects/imu-test/imu_ws/src/imu_madgwick/src/imu_madgwick/imu.cpp:151:54:[m[K [01;31m[Kerror: [m[Kexpected ‘[01m[K;[m[K’ before string constant
[9.340s]   151 |  outdata << "roll " << roll << ", pitch " << pitch[01;31m[K [m[K[32m[K", yaw "[m[K yaw << std::endl;
[9.340s]       |                                                   [01;31m[K^[m[K[32m[K~~~~~~~~[m[K
[9.340s]       |                                                   [32m[K;[m[K
[18.275s] make[2]: *** [CMakeFiles/imu_madgwick.dir/build.make:89: CMakeFiles/imu_madgwick.dir/src/imu_madgwick/imu.cpp.o] Error 1
[18.275s] make[1]: *** [CMakeFiles/Makefile2:136: CMakeFiles/imu_madgwick.dir/all] Error 2
[18.275s] make: *** [Makefile:141: all] Error 2
