[3.358s] Invoking command in '/home/maroqi/Projects/RobotProjects/ROS2Projects/imu-test/imu_ws/src/wbt_imu': PYTHONPATH=/home/maroqi/Projects/RobotProjects/ROS2Projects/imu-test/imu_ws/install/wbt_imu/lib/python3.8/site-packages:${PYTHONPATH} /usr/bin/python3 setup.py egg_info --egg-base ../../build/wbt_imu build --build-base /home/maroqi/Projects/RobotProjects/ROS2Projects/imu-test/imu_ws/build/wbt_imu/build install --prefix /home/maroqi/Projects/RobotProjects/ROS2Projects/imu-test/imu_ws/install/wbt_imu --record /home/maroqi/Projects/RobotProjects/ROS2Projects/imu-test/imu_ws/build/wbt_imu/install.log --single-version-externally-managed
[6.518s] running egg_info
[6.536s] writing ../../build/wbt_imu/wbt_imu.egg-info/PKG-INFO
[6.547s] writing dependency_links to ../../build/wbt_imu/wbt_imu.egg-info/dependency_links.txt
[6.557s] writing entry points to ../../build/wbt_imu/wbt_imu.egg-info/entry_points.txt
[6.565s] writing requirements to ../../build/wbt_imu/wbt_imu.egg-info/requires.txt
[6.569s] writing top-level names to ../../build/wbt_imu/wbt_imu.egg-info/top_level.txt
[7.246s] reading manifest file '../../build/wbt_imu/wbt_imu.egg-info/SOURCES.txt'
[7.257s] writing manifest file '../../build/wbt_imu/wbt_imu.egg-info/SOURCES.txt'
[7.257s] running build
[7.258s] running build_py
[7.279s] running install
[7.287s] running install_lib
[7.320s] running install_data
[7.323s] running install_egg_info
[7.341s] removing '/home/maroqi/Projects/RobotProjects/ROS2Projects/imu-test/imu_ws/install/wbt_imu/lib/python3.8/site-packages/wbt_imu-0.0.0-py3.8.egg-info' (and everything under it)
[7.350s] Copying ../../build/wbt_imu/wbt_imu.egg-info to /home/maroqi/Projects/RobotProjects/ROS2Projects/imu-test/imu_ws/install/wbt_imu/lib/python3.8/site-packages/wbt_imu-0.0.0-py3.8.egg-info
[7.367s] running install_scripts
[7.568s] writing list of installed files to '/home/maroqi/Projects/RobotProjects/ROS2Projects/imu-test/imu_ws/build/wbt_imu/install.log'
[7.901s] Invoked command in '/home/maroqi/Projects/RobotProjects/ROS2Projects/imu-test/imu_ws/src/wbt_imu' returned '0': PYTHONPATH=/home/maroqi/Projects/RobotProjects/ROS2Projects/imu-test/imu_ws/install/wbt_imu/lib/python3.8/site-packages:${PYTHONPATH} /usr/bin/python3 setup.py egg_info --egg-base ../../build/wbt_imu build --build-base /home/maroqi/Projects/RobotProjects/ROS2Projects/imu-test/imu_ws/build/wbt_imu/build install --prefix /home/maroqi/Projects/RobotProjects/ROS2Projects/imu-test/imu_ws/install/wbt_imu --record /home/maroqi/Projects/RobotProjects/ROS2Projects/imu-test/imu_ws/build/wbt_imu/install.log --single-version-externally-managed
