[4.007s] Invoking command in '/home/maroqi/Projects/RobotProjects/ROS2Projects/imu-test/imu_ws/src/wbt_imu': PYTHONPATH=/home/maroqi/Projects/RobotProjects/ROS2Projects/imu-test/imu_ws/install/wbt_imu/lib/python3.8/site-packages:${PYTHONPATH} /usr/bin/python3 setup.py egg_info --egg-base ../../build/wbt_imu build --build-base /home/maroqi/Projects/RobotProjects/ROS2Projects/imu-test/imu_ws/build/wbt_imu/build install --prefix /home/maroqi/Projects/RobotProjects/ROS2Projects/imu-test/imu_ws/install/wbt_imu --record /home/maroqi/Projects/RobotProjects/ROS2Projects/imu-test/imu_ws/build/wbt_imu/install.log --single-version-externally-managed
[7.619s] running egg_info
[7.628s] writing ../../build/wbt_imu/wbt_imu.egg-info/PKG-INFO
[7.640s] writing dependency_links to ../../build/wbt_imu/wbt_imu.egg-info/dependency_links.txt
[7.641s] writing entry points to ../../build/wbt_imu/wbt_imu.egg-info/entry_points.txt
[7.647s] writing requirements to ../../build/wbt_imu/wbt_imu.egg-info/requires.txt
[7.657s] writing top-level names to ../../build/wbt_imu/wbt_imu.egg-info/top_level.txt
[8.132s] reading manifest file '../../build/wbt_imu/wbt_imu.egg-info/SOURCES.txt'
[8.148s] writing manifest file '../../build/wbt_imu/wbt_imu.egg-info/SOURCES.txt'
[8.155s] running build
[8.157s] running build_py
[8.160s] running install
[8.182s] running install_lib
[8.207s] running install_data
[8.220s] running install_egg_info
[8.256s] removing '/home/maroqi/Projects/RobotProjects/ROS2Projects/imu-test/imu_ws/install/wbt_imu/lib/python3.8/site-packages/wbt_imu-0.0.0-py3.8.egg-info' (and everything under it)
[8.262s] Copying ../../build/wbt_imu/wbt_imu.egg-info to /home/maroqi/Projects/RobotProjects/ROS2Projects/imu-test/imu_ws/install/wbt_imu/lib/python3.8/site-packages/wbt_imu-0.0.0-py3.8.egg-info
[8.275s] running install_scripts
[8.559s] writing list of installed files to '/home/maroqi/Projects/RobotProjects/ROS2Projects/imu-test/imu_ws/build/wbt_imu/install.log'
[8.925s] Invoked command in '/home/maroqi/Projects/RobotProjects/ROS2Projects/imu-test/imu_ws/src/wbt_imu' returned '0': PYTHONPATH=/home/maroqi/Projects/RobotProjects/ROS2Projects/imu-test/imu_ws/install/wbt_imu/lib/python3.8/site-packages:${PYTHONPATH} /usr/bin/python3 setup.py egg_info --egg-base ../../build/wbt_imu build --build-base /home/maroqi/Projects/RobotProjects/ROS2Projects/imu-test/imu_ws/build/wbt_imu/build install --prefix /home/maroqi/Projects/RobotProjects/ROS2Projects/imu-test/imu_ws/install/wbt_imu --record /home/maroqi/Projects/RobotProjects/ROS2Projects/imu-test/imu_ws/build/wbt_imu/install.log --single-version-externally-managed
