[1.719s] DEBUG:colcon:Command line arguments: ['/usr/bin/colcon', 'build']
[1.719s] DEBUG:colcon:Parsed command line arguments: Namespace(ament_cmake_args=None, base_paths=['.'], build_base='build', catkin_cmake_args=None, catkin_skip_building_tests=False, cmake_args=None, cmake_clean_cache=False, cmake_clean_first=False, cmake_force_configure=False, cmake_target=None, cmake_target_skip_unavailable=False, continue_on_error=False, event_handlers=None, executor='parallel', ignore_user_meta=False, install_base='install', log_base=None, log_level=None, main=<bound method BuildVerb.main of <colcon_core.verb.build.BuildVerb object at 0x7f9f1109db20>>, merge_install=False, metas=['./colcon.meta'], packages_above=None, packages_above_and_dependencies=None, packages_above_depth=None, packages_end=None, packages_ignore=None, packages_ignore_regex=None, packages_select=None, packages_select_build_failed=False, packages_select_by_dep=None, packages_select_regex=None, packages_select_test_failures=False, packages_skip=None, packages_skip_build_finished=False, packages_skip_by_dep=None, packages_skip_regex=None, packages_skip_test_passed=False, packages_skip_up_to=None, packages_start=None, packages_up_to=None, packages_up_to_regex=None, parallel_workers=2, paths=None, symlink_install=False, test_result_base=None, verb_extension=<colcon_core.verb.build.BuildVerb object at 0x7f9f1109db20>, verb_name='build', verb_parser=<colcon_defaults.argument_parser.defaults.DefaultArgumentsDecorator object at 0x7f9f110a80d0>)
[1.750s] Level 1:colcon.colcon_core.package_discovery:discover_packages(colcon_meta) check parameters
[1.750s] Level 1:colcon.colcon_core.package_discovery:discover_packages(recursive) check parameters
[1.750s] Level 1:colcon.colcon_core.package_discovery:discover_packages(ignore) check parameters
[1.750s] Level 1:colcon.colcon_core.package_discovery:discover_packages(path) check parameters
[1.750s] Level 1:colcon.colcon_core.package_discovery:discover_packages(colcon_meta) discover
[1.751s] Level 1:colcon.colcon_core.package_discovery:discover_packages(recursive) discover
[1.751s] INFO:colcon.colcon_core.package_discovery:Crawling recursively for packages in '/home/maroqi/Projects/RobotProjects/ROS2Projects/imu-test/imu_ws'
[1.751s] Level 1:colcon.colcon_core.package_identification:_identify(.) by extensions ['ignore', 'ignore_ament_install']
[1.751s] Level 1:colcon.colcon_core.package_identification:_identify(.) by extension 'ignore'
[1.751s] Level 1:colcon.colcon_core.package_identification:_identify(.) by extension 'ignore_ament_install'
[1.751s] Level 1:colcon.colcon_core.package_identification:_identify(.) by extensions ['colcon_pkg']
[1.751s] Level 1:colcon.colcon_core.package_identification:_identify(.) by extension 'colcon_pkg'
[1.752s] Level 1:colcon.colcon_core.package_identification:_identify(.) by extensions ['colcon_meta']
[1.752s] Level 1:colcon.colcon_core.package_identification:_identify(.) by extension 'colcon_meta'
[1.752s] Level 1:colcon.colcon_core.package_identification:_identify(.) by extensions ['ros']
[1.752s] Level 1:colcon.colcon_core.package_identification:_identify(.) by extension 'ros'
[1.798s] Level 1:colcon.colcon_core.package_identification:_identify(.) by extensions ['cmake', 'python']
[1.799s] Level 1:colcon.colcon_core.package_identification:_identify(.) by extension 'cmake'
[1.799s] Level 1:colcon.colcon_core.package_identification:_identify(.) by extension 'python'
[1.799s] Level 1:colcon.colcon_core.package_identification:_identify(.) by extensions ['python_setup_py']
[1.799s] Level 1:colcon.colcon_core.package_identification:_identify(.) by extension 'python_setup_py'
[1.799s] Level 1:colcon.colcon_core.package_identification:_identify(build) by extensions ['ignore', 'ignore_ament_install']
[1.800s] Level 1:colcon.colcon_core.package_identification:_identify(build) by extension 'ignore'
[1.800s] Level 1:colcon.colcon_core.package_identification:_identify(build) ignored
[1.800s] Level 1:colcon.colcon_core.package_identification:_identify(install) by extensions ['ignore', 'ignore_ament_install']
[1.801s] Level 1:colcon.colcon_core.package_identification:_identify(install) by extension 'ignore'
[1.801s] Level 1:colcon.colcon_core.package_identification:_identify(install) ignored
[1.801s] Level 1:colcon.colcon_core.package_identification:_identify(log) by extensions ['ignore', 'ignore_ament_install']
[1.802s] Level 1:colcon.colcon_core.package_identification:_identify(log) by extension 'ignore'
[1.802s] Level 1:colcon.colcon_core.package_identification:_identify(log) ignored
[1.802s] Level 1:colcon.colcon_core.package_identification:_identify(src) by extensions ['ignore', 'ignore_ament_install']
[1.803s] Level 1:colcon.colcon_core.package_identification:_identify(src) by extension 'ignore'
[1.803s] Level 1:colcon.colcon_core.package_identification:_identify(src) by extension 'ignore_ament_install'
[1.803s] Level 1:colcon.colcon_core.package_identification:_identify(src) by extensions ['colcon_pkg']
[1.803s] Level 1:colcon.colcon_core.package_identification:_identify(src) by extension 'colcon_pkg'
[1.803s] Level 1:colcon.colcon_core.package_identification:_identify(src) by extensions ['colcon_meta']
[1.803s] Level 1:colcon.colcon_core.package_identification:_identify(src) by extension 'colcon_meta'
[1.803s] Level 1:colcon.colcon_core.package_identification:_identify(src) by extensions ['ros']
[1.803s] Level 1:colcon.colcon_core.package_identification:_identify(src) by extension 'ros'
[1.804s] Level 1:colcon.colcon_core.package_identification:_identify(src) by extensions ['cmake', 'python']
[1.804s] Level 1:colcon.colcon_core.package_identification:_identify(src) by extension 'cmake'
[1.804s] Level 1:colcon.colcon_core.package_identification:_identify(src) by extension 'python'
[1.804s] Level 1:colcon.colcon_core.package_identification:_identify(src) by extensions ['python_setup_py']
[1.804s] Level 1:colcon.colcon_core.package_identification:_identify(src) by extension 'python_setup_py'
[1.804s] Level 1:colcon.colcon_core.package_identification:_identify(src/imu_complementary) by extensions ['ignore', 'ignore_ament_install']
[1.805s] Level 1:colcon.colcon_core.package_identification:_identify(src/imu_complementary) by extension 'ignore'
[1.805s] Level 1:colcon.colcon_core.package_identification:_identify(src/imu_complementary) by extension 'ignore_ament_install'
[1.805s] Level 1:colcon.colcon_core.package_identification:_identify(src/imu_complementary) by extensions ['colcon_pkg']
[1.806s] Level 1:colcon.colcon_core.package_identification:_identify(src/imu_complementary) by extension 'colcon_pkg'
[1.806s] Level 1:colcon.colcon_core.package_identification:_identify(src/imu_complementary) by extensions ['colcon_meta']
[1.806s] Level 1:colcon.colcon_core.package_identification:_identify(src/imu_complementary) by extension 'colcon_meta'
[1.806s] Level 1:colcon.colcon_core.package_identification:_identify(src/imu_complementary) by extensions ['ros']
[1.806s] Level 1:colcon.colcon_core.package_identification:_identify(src/imu_complementary) by extension 'ros'
[1.815s] DEBUG:colcon.colcon_core.package_identification:Package 'src/imu_complementary' with type 'ros.ament_cmake' and name 'imu_complementary'
[1.815s] Level 1:colcon.colcon_core.package_identification:_identify(src/imu_madgwick) by extensions ['ignore', 'ignore_ament_install']
[1.816s] Level 1:colcon.colcon_core.package_identification:_identify(src/imu_madgwick) by extension 'ignore'
[1.816s] Level 1:colcon.colcon_core.package_identification:_identify(src/imu_madgwick) by extension 'ignore_ament_install'
[1.816s] Level 1:colcon.colcon_core.package_identification:_identify(src/imu_madgwick) by extensions ['colcon_pkg']
[1.816s] Level 1:colcon.colcon_core.package_identification:_identify(src/imu_madgwick) by extension 'colcon_pkg'
[1.817s] Level 1:colcon.colcon_core.package_identification:_identify(src/imu_madgwick) by extensions ['colcon_meta']
[1.817s] Level 1:colcon.colcon_core.package_identification:_identify(src/imu_madgwick) by extension 'colcon_meta'
[1.817s] Level 1:colcon.colcon_core.package_identification:_identify(src/imu_madgwick) by extensions ['ros']
[1.817s] Level 1:colcon.colcon_core.package_identification:_identify(src/imu_madgwick) by extension 'ros'
[1.818s] DEBUG:colcon.colcon_core.package_identification:Package 'src/imu_madgwick' with type 'ros.ament_cmake' and name 'imu_madgwick'
[1.819s] Level 1:colcon.colcon_core.package_identification:_identify(src/wbt_imu) by extensions ['ignore', 'ignore_ament_install']
[1.819s] Level 1:colcon.colcon_core.package_identification:_identify(src/wbt_imu) by extension 'ignore'
[1.819s] Level 1:colcon.colcon_core.package_identification:_identify(src/wbt_imu) by extension 'ignore_ament_install'
[1.819s] Level 1:colcon.colcon_core.package_identification:_identify(src/wbt_imu) by extensions ['colcon_pkg']
[1.819s] Level 1:colcon.colcon_core.package_identification:_identify(src/wbt_imu) by extension 'colcon_pkg'
[1.820s] Level 1:colcon.colcon_core.package_identification:_identify(src/wbt_imu) by extensions ['colcon_meta']
[1.820s] Level 1:colcon.colcon_core.package_identification:_identify(src/wbt_imu) by extension 'colcon_meta'
[1.820s] Level 1:colcon.colcon_core.package_identification:_identify(src/wbt_imu) by extensions ['ros']
[1.820s] Level 1:colcon.colcon_core.package_identification:_identify(src/wbt_imu) by extension 'ros'
[1.822s] DEBUG:colcon.colcon_core.package_identification:Package 'src/wbt_imu' with type 'ros.ament_python' and name 'wbt_imu'
[1.822s] Level 1:colcon.colcon_core.package_discovery:discover_packages(recursive) using defaults
[1.823s] Level 1:colcon.colcon_core.package_discovery:discover_packages(ignore) discover
[1.823s] Level 1:colcon.colcon_core.package_discovery:discover_packages(ignore) using defaults
[1.823s] Level 1:colcon.colcon_core.package_discovery:discover_packages(path) discover
[1.823s] Level 1:colcon.colcon_core.package_discovery:discover_packages(path) using defaults
[1.893s] Level 5:colcon.colcon_core.verb:set package 'imu_complementary' build argument 'cmake_args' from command line to 'None'
[1.893s] Level 5:colcon.colcon_core.verb:set package 'imu_complementary' build argument 'cmake_target' from command line to 'None'
[1.893s] Level 5:colcon.colcon_core.verb:set package 'imu_complementary' build argument 'cmake_target_skip_unavailable' from command line to 'False'
[1.893s] Level 5:colcon.colcon_core.verb:set package 'imu_complementary' build argument 'cmake_clean_cache' from command line to 'False'
[1.893s] Level 5:colcon.colcon_core.verb:set package 'imu_complementary' build argument 'cmake_clean_first' from command line to 'False'
[1.893s] Level 5:colcon.colcon_core.verb:set package 'imu_complementary' build argument 'cmake_force_configure' from command line to 'False'
[1.893s] Level 5:colcon.colcon_core.verb:set package 'imu_complementary' build argument 'ament_cmake_args' from command line to 'None'
[1.894s] Level 5:colcon.colcon_core.verb:set package 'imu_complementary' build argument 'catkin_cmake_args' from command line to 'None'
[1.894s] Level 5:colcon.colcon_core.verb:set package 'imu_complementary' build argument 'catkin_skip_building_tests' from command line to 'False'
[1.894s] DEBUG:colcon.colcon_core.verb:Building package 'imu_complementary' with the following arguments: {'ament_cmake_args': None, 'build_base': '/home/maroqi/Projects/RobotProjects/ROS2Projects/imu-test/imu_ws/build/imu_complementary', 'catkin_cmake_args': None, 'catkin_skip_building_tests': False, 'cmake_args': None, 'cmake_clean_cache': False, 'cmake_clean_first': False, 'cmake_force_configure': False, 'cmake_target': None, 'cmake_target_skip_unavailable': False, 'install_base': '/home/maroqi/Projects/RobotProjects/ROS2Projects/imu-test/imu_ws/install/imu_complementary', 'merge_install': False, 'path': '/home/maroqi/Projects/RobotProjects/ROS2Projects/imu-test/imu_ws/src/imu_complementary', 'symlink_install': False, 'test_result_base': None}
[1.901s] Level 5:colcon.colcon_core.verb:set package 'imu_madgwick' build argument 'cmake_args' from command line to 'None'
[1.901s] Level 5:colcon.colcon_core.verb:set package 'imu_madgwick' build argument 'cmake_target' from command line to 'None'
[1.901s] Level 5:colcon.colcon_core.verb:set package 'imu_madgwick' build argument 'cmake_target_skip_unavailable' from command line to 'False'
[1.901s] Level 5:colcon.colcon_core.verb:set package 'imu_madgwick' build argument 'cmake_clean_cache' from command line to 'False'
[1.901s] Level 5:colcon.colcon_core.verb:set package 'imu_madgwick' build argument 'cmake_clean_first' from command line to 'False'
[1.901s] Level 5:colcon.colcon_core.verb:set package 'imu_madgwick' build argument 'cmake_force_configure' from command line to 'False'
[1.901s] Level 5:colcon.colcon_core.verb:set package 'imu_madgwick' build argument 'ament_cmake_args' from command line to 'None'
[1.902s] Level 5:colcon.colcon_core.verb:set package 'imu_madgwick' build argument 'catkin_cmake_args' from command line to 'None'
[1.902s] Level 5:colcon.colcon_core.verb:set package 'imu_madgwick' build argument 'catkin_skip_building_tests' from command line to 'False'
[1.902s] DEBUG:colcon.colcon_core.verb:Building package 'imu_madgwick' with the following arguments: {'ament_cmake_args': None, 'build_base': '/home/maroqi/Projects/RobotProjects/ROS2Projects/imu-test/imu_ws/build/imu_madgwick', 'catkin_cmake_args': None, 'catkin_skip_building_tests': False, 'cmake_args': None, 'cmake_clean_cache': False, 'cmake_clean_first': False, 'cmake_force_configure': False, 'cmake_target': None, 'cmake_target_skip_unavailable': False, 'install_base': '/home/maroqi/Projects/RobotProjects/ROS2Projects/imu-test/imu_ws/install/imu_madgwick', 'merge_install': False, 'path': '/home/maroqi/Projects/RobotProjects/ROS2Projects/imu-test/imu_ws/src/imu_madgwick', 'symlink_install': False, 'test_result_base': None}
[1.911s] Level 5:colcon.colcon_core.verb:set package 'wbt_imu' build argument 'cmake_args' from command line to 'None'
[1.911s] Level 5:colcon.colcon_core.verb:set package 'wbt_imu' build argument 'cmake_target' from command line to 'None'
[1.912s] Level 5:colcon.colcon_core.verb:set package 'wbt_imu' build argument 'cmake_target_skip_unavailable' from command line to 'False'
[1.912s] Level 5:colcon.colcon_core.verb:set package 'wbt_imu' build argument 'cmake_clean_cache' from command line to 'False'
[1.912s] Level 5:colcon.colcon_core.verb:set package 'wbt_imu' build argument 'cmake_clean_first' from command line to 'False'
[1.912s] Level 5:colcon.colcon_core.verb:set package 'wbt_imu' build argument 'cmake_force_configure' from command line to 'False'
[1.912s] Level 5:colcon.colcon_core.verb:set package 'wbt_imu' build argument 'ament_cmake_args' from command line to 'None'
[1.913s] Level 5:colcon.colcon_core.verb:set package 'wbt_imu' build argument 'catkin_cmake_args' from command line to 'None'
[1.913s] Level 5:colcon.colcon_core.verb:set package 'wbt_imu' build argument 'catkin_skip_building_tests' from command line to 'False'
[1.913s] DEBUG:colcon.colcon_core.verb:Building package 'wbt_imu' with the following arguments: {'ament_cmake_args': None, 'build_base': '/home/maroqi/Projects/RobotProjects/ROS2Projects/imu-test/imu_ws/build/wbt_imu', 'catkin_cmake_args': None, 'catkin_skip_building_tests': False, 'cmake_args': None, 'cmake_clean_cache': False, 'cmake_clean_first': False, 'cmake_force_configure': False, 'cmake_target': None, 'cmake_target_skip_unavailable': False, 'install_base': '/home/maroqi/Projects/RobotProjects/ROS2Projects/imu-test/imu_ws/install/wbt_imu', 'merge_install': False, 'path': '/home/maroqi/Projects/RobotProjects/ROS2Projects/imu-test/imu_ws/src/wbt_imu', 'symlink_install': False, 'test_result_base': None}
[1.914s] INFO:colcon.colcon_core.executor:Executing jobs using 'parallel' executor
[1.918s] DEBUG:colcon.colcon_parallel_executor.executor.parallel:run_until_complete
[1.919s] INFO:colcon.colcon_ros.task.ament_cmake.build:Building ROS package in '/home/maroqi/Projects/RobotProjects/ROS2Projects/imu-test/imu_ws/src/imu_complementary' with build type 'ament_cmake'
[1.919s] INFO:colcon.colcon_cmake.task.cmake.build:Building CMake package in '/home/maroqi/Projects/RobotProjects/ROS2Projects/imu-test/imu_ws/src/imu_complementary'
[1.938s] INFO:colcon.colcon_core.plugin_system:Skipping extension 'colcon_core.shell.bat': Not used on non-Windows systems
[1.939s] INFO:colcon.colcon_core.shell:Skip shell extension 'powershell' for command environment: Not usable outside of PowerShell
[1.939s] DEBUG:colcon.colcon_core.shell:Skip shell extension 'dsv' for command environment
[1.950s] DEBUG:colcon.colcon_core.shell:Ignoring prefix path '/opt/ros/foxy'
[1.960s] INFO:colcon.colcon_ros.task.ament_cmake.build:Building ROS package in '/home/maroqi/Projects/RobotProjects/ROS2Projects/imu-test/imu_ws/src/imu_madgwick' with build type 'ament_cmake'
[1.961s] INFO:colcon.colcon_cmake.task.cmake.build:Building CMake package in '/home/maroqi/Projects/RobotProjects/ROS2Projects/imu-test/imu_ws/src/imu_madgwick'
[1.963s] INFO:colcon.colcon_core.shell:Skip shell extension 'powershell' for command environment: Not usable outside of PowerShell
[1.964s] DEBUG:colcon.colcon_core.shell:Skip shell extension 'dsv' for command environment
[1.972s] DEBUG:colcon.colcon_core.shell:Ignoring prefix path '/opt/ros/foxy'
[1.994s] DEBUG:colcon.colcon_core.event_handler.log_command:Invoking command in '/home/maroqi/Projects/RobotProjects/ROS2Projects/imu-test/imu_ws/build/imu_complementary': CMAKE_PREFIX_PATH=${CMAKE_PREFIX_PATH}:/home/maroqi/Projects/RobotProjects/ROS2Projects/imu-test/imu_ws/install/wbt_imu:/opt/ros/foxy /usr/bin/cmake --build /home/maroqi/Projects/RobotProjects/ROS2Projects/imu-test/imu_ws/build/imu_complementary -- -j2 -l2
[2.052s] DEBUG:colcon.colcon_core.event_handler.log_command:Invoking command in '/home/maroqi/Projects/RobotProjects/ROS2Projects/imu-test/imu_ws/build/imu_madgwick': CMAKE_PREFIX_PATH=${CMAKE_PREFIX_PATH}:/home/maroqi/Projects/RobotProjects/ROS2Projects/imu-test/imu_ws/install/wbt_imu:/opt/ros/foxy /usr/bin/cmake --build /home/maroqi/Projects/RobotProjects/ROS2Projects/imu-test/imu_ws/build/imu_madgwick -- -j2 -l2
[37.420s] DEBUG:colcon.colcon_core.event_handler.log_command:Invoked command in '/home/maroqi/Projects/RobotProjects/ROS2Projects/imu-test/imu_ws/build/imu_complementary' returned '0': CMAKE_PREFIX_PATH=${CMAKE_PREFIX_PATH}:/home/maroqi/Projects/RobotProjects/ROS2Projects/imu-test/imu_ws/install/wbt_imu:/opt/ros/foxy /usr/bin/cmake --build /home/maroqi/Projects/RobotProjects/ROS2Projects/imu-test/imu_ws/build/imu_complementary -- -j2 -l2
[37.704s] DEBUG:colcon.colcon_core.event_handler.log_command:Invoking command in '/home/maroqi/Projects/RobotProjects/ROS2Projects/imu-test/imu_ws/build/imu_complementary': CMAKE_PREFIX_PATH=${CMAKE_PREFIX_PATH}:/home/maroqi/Projects/RobotProjects/ROS2Projects/imu-test/imu_ws/install/wbt_imu:/opt/ros/foxy /usr/bin/cmake --install /home/maroqi/Projects/RobotProjects/ROS2Projects/imu-test/imu_ws/build/imu_complementary
[37.861s] Level 1:colcon.colcon_core.environment:create_environment_scripts_only(imu_complementary)
[37.865s] DEBUG:colcon.colcon_core.event_handler.log_command:Invoked command in '/home/maroqi/Projects/RobotProjects/ROS2Projects/imu-test/imu_ws/build/imu_complementary' returned '0': CMAKE_PREFIX_PATH=${CMAKE_PREFIX_PATH}:/home/maroqi/Projects/RobotProjects/ROS2Projects/imu-test/imu_ws/install/wbt_imu:/opt/ros/foxy /usr/bin/cmake --install /home/maroqi/Projects/RobotProjects/ROS2Projects/imu-test/imu_ws/build/imu_complementary
[37.931s] Level 1:colcon.colcon_core.environment:checking '/home/maroqi/Projects/RobotProjects/ROS2Projects/imu-test/imu_ws/install/imu_complementary' for CMake module files
[37.934s] Level 1:colcon.colcon_core.environment:checking '/home/maroqi/Projects/RobotProjects/ROS2Projects/imu-test/imu_ws/install/imu_complementary' for CMake config files
[37.934s] Level 1:colcon.colcon_core.shell:create_environment_hook('imu_complementary', 'cmake_prefix_path')
[37.936s] INFO:colcon.colcon_core.shell:Creating environment hook '/home/maroqi/Projects/RobotProjects/ROS2Projects/imu-test/imu_ws/install/imu_complementary/share/imu_complementary/hook/cmake_prefix_path.ps1'
[37.943s] INFO:colcon.colcon_core.shell:Creating environment descriptor '/home/maroqi/Projects/RobotProjects/ROS2Projects/imu-test/imu_ws/install/imu_complementary/share/imu_complementary/hook/cmake_prefix_path.dsv'
[37.950s] INFO:colcon.colcon_core.shell:Creating environment hook '/home/maroqi/Projects/RobotProjects/ROS2Projects/imu-test/imu_ws/install/imu_complementary/share/imu_complementary/hook/cmake_prefix_path.sh'
[37.958s] Level 1:colcon.colcon_core.environment:checking '/home/maroqi/Projects/RobotProjects/ROS2Projects/imu-test/imu_ws/install/imu_complementary/lib'
[37.959s] Level 1:colcon.colcon_core.environment:checking '/home/maroqi/Projects/RobotProjects/ROS2Projects/imu-test/imu_ws/install/imu_complementary/bin'
[37.959s] Level 1:colcon.colcon_core.environment:checking '/home/maroqi/Projects/RobotProjects/ROS2Projects/imu-test/imu_ws/install/imu_complementary/lib/pkgconfig/imu_complementary.pc'
[37.959s] Level 1:colcon.colcon_core.environment:checking '/home/maroqi/Projects/RobotProjects/ROS2Projects/imu-test/imu_ws/install/imu_complementary/lib/python3.8/site-packages'
[37.966s] INFO:colcon.colcon_core.shell:Creating package script '/home/maroqi/Projects/RobotProjects/ROS2Projects/imu-test/imu_ws/install/imu_complementary/share/imu_complementary/package.ps1'
[37.970s] INFO:colcon.colcon_core.shell:Creating package descriptor '/home/maroqi/Projects/RobotProjects/ROS2Projects/imu-test/imu_ws/install/imu_complementary/share/imu_complementary/package.dsv'
[37.973s] INFO:colcon.colcon_core.shell:Creating package script '/home/maroqi/Projects/RobotProjects/ROS2Projects/imu-test/imu_ws/install/imu_complementary/share/imu_complementary/package.sh'
[37.982s] INFO:colcon.colcon_core.shell:Creating package script '/home/maroqi/Projects/RobotProjects/ROS2Projects/imu-test/imu_ws/install/imu_complementary/share/imu_complementary/package.bash'
[37.988s] INFO:colcon.colcon_core.shell:Creating package script '/home/maroqi/Projects/RobotProjects/ROS2Projects/imu-test/imu_ws/install/imu_complementary/share/imu_complementary/package.zsh'
[37.991s] Level 1:colcon.colcon_core.environment:create_file_with_runtime_dependencies(/home/maroqi/Projects/RobotProjects/ROS2Projects/imu-test/imu_ws/install/imu_complementary/share/colcon-core/packages/imu_complementary)
[38.229s] Level 1:colcon.colcon_core.environment:create_environment_scripts_only(imu_complementary)
[38.240s] Level 1:colcon.colcon_core.environment:checking '/home/maroqi/Projects/RobotProjects/ROS2Projects/imu-test/imu_ws/install/imu_complementary' for CMake module files
[38.241s] Level 1:colcon.colcon_core.environment:checking '/home/maroqi/Projects/RobotProjects/ROS2Projects/imu-test/imu_ws/install/imu_complementary' for CMake config files
[38.242s] Level 1:colcon.colcon_core.shell:create_environment_hook('imu_complementary', 'cmake_prefix_path')
[38.244s] INFO:colcon.colcon_core.shell:Creating environment hook '/home/maroqi/Projects/RobotProjects/ROS2Projects/imu-test/imu_ws/install/imu_complementary/share/imu_complementary/hook/cmake_prefix_path.ps1'
[38.254s] INFO:colcon.colcon_core.shell:Creating environment descriptor '/home/maroqi/Projects/RobotProjects/ROS2Projects/imu-test/imu_ws/install/imu_complementary/share/imu_complementary/hook/cmake_prefix_path.dsv'
[38.260s] INFO:colcon.colcon_core.shell:Creating environment hook '/home/maroqi/Projects/RobotProjects/ROS2Projects/imu-test/imu_ws/install/imu_complementary/share/imu_complementary/hook/cmake_prefix_path.sh'
[38.267s] Level 1:colcon.colcon_core.environment:checking '/home/maroqi/Projects/RobotProjects/ROS2Projects/imu-test/imu_ws/install/imu_complementary/lib'
[38.268s] Level 1:colcon.colcon_core.environment:checking '/home/maroqi/Projects/RobotProjects/ROS2Projects/imu-test/imu_ws/install/imu_complementary/bin'
[38.268s] Level 1:colcon.colcon_core.environment:checking '/home/maroqi/Projects/RobotProjects/ROS2Projects/imu-test/imu_ws/install/imu_complementary/lib/pkgconfig/imu_complementary.pc'
[38.268s] Level 1:colcon.colcon_core.environment:checking '/home/maroqi/Projects/RobotProjects/ROS2Projects/imu-test/imu_ws/install/imu_complementary/lib/python3.8/site-packages'
[38.276s] INFO:colcon.colcon_core.shell:Creating package script '/home/maroqi/Projects/RobotProjects/ROS2Projects/imu-test/imu_ws/install/imu_complementary/share/imu_complementary/package.ps1'
[38.278s] INFO:colcon.colcon_core.shell:Creating package descriptor '/home/maroqi/Projects/RobotProjects/ROS2Projects/imu-test/imu_ws/install/imu_complementary/share/imu_complementary/package.dsv'
[38.284s] INFO:colcon.colcon_core.shell:Creating package script '/home/maroqi/Projects/RobotProjects/ROS2Projects/imu-test/imu_ws/install/imu_complementary/share/imu_complementary/package.sh'
[38.291s] INFO:colcon.colcon_core.shell:Creating package script '/home/maroqi/Projects/RobotProjects/ROS2Projects/imu-test/imu_ws/install/imu_complementary/share/imu_complementary/package.bash'
[38.298s] INFO:colcon.colcon_core.shell:Creating package script '/home/maroqi/Projects/RobotProjects/ROS2Projects/imu-test/imu_ws/install/imu_complementary/share/imu_complementary/package.zsh'
[38.299s] Level 1:colcon.colcon_core.environment:create_file_with_runtime_dependencies(/home/maroqi/Projects/RobotProjects/ROS2Projects/imu-test/imu_ws/install/imu_complementary/share/colcon-core/packages/imu_complementary)
[38.301s] INFO:colcon.colcon_ros.task.ament_python.build:Building ROS package in '/home/maroqi/Projects/RobotProjects/ROS2Projects/imu-test/imu_ws/src/wbt_imu' with build type 'ament_python'
[38.301s] Level 1:colcon.colcon_core.shell:create_environment_hook('wbt_imu', 'ament_prefix_path')
[38.306s] INFO:colcon.colcon_core.shell:Creating environment hook '/home/maroqi/Projects/RobotProjects/ROS2Projects/imu-test/imu_ws/install/wbt_imu/share/wbt_imu/hook/ament_prefix_path.ps1'
[38.313s] INFO:colcon.colcon_core.shell:Creating environment descriptor '/home/maroqi/Projects/RobotProjects/ROS2Projects/imu-test/imu_ws/install/wbt_imu/share/wbt_imu/hook/ament_prefix_path.dsv'
[38.315s] INFO:colcon.colcon_core.shell:Creating environment hook '/home/maroqi/Projects/RobotProjects/ROS2Projects/imu-test/imu_ws/install/wbt_imu/share/wbt_imu/hook/ament_prefix_path.sh'
[38.320s] INFO:colcon.colcon_core.shell:Skip shell extension 'powershell' for command environment: Not usable outside of PowerShell
[38.325s] DEBUG:colcon.colcon_core.shell:Skip shell extension 'dsv' for command environment
[38.337s] DEBUG:colcon.colcon_core.shell:Ignoring prefix path '/opt/ros/foxy'
[39.735s] INFO:colcon.colcon_core.task.python.build:Building Python package in '/home/maroqi/Projects/RobotProjects/ROS2Projects/imu-test/imu_ws/src/wbt_imu'
[39.737s] INFO:colcon.colcon_core.shell:Skip shell extension 'powershell' for command environment: Not usable outside of PowerShell
[39.737s] DEBUG:colcon.colcon_core.shell:Skip shell extension 'dsv' for command environment
[39.744s] DEBUG:colcon.colcon_core.shell:Ignoring prefix path '/opt/ros/foxy'
[39.755s] DEBUG:colcon.colcon_core.event_handler.log_command:Invoked command in '/home/maroqi/Projects/RobotProjects/ROS2Projects/imu-test/imu_ws/build/imu_madgwick' returned '0': CMAKE_PREFIX_PATH=${CMAKE_PREFIX_PATH}:/home/maroqi/Projects/RobotProjects/ROS2Projects/imu-test/imu_ws/install/wbt_imu:/opt/ros/foxy /usr/bin/cmake --build /home/maroqi/Projects/RobotProjects/ROS2Projects/imu-test/imu_ws/build/imu_madgwick -- -j2 -l2
[39.777s] DEBUG:colcon.colcon_core.event_handler.log_command:Invoking command in '/home/maroqi/Projects/RobotProjects/ROS2Projects/imu-test/imu_ws/build/wbt_imu': PYTHONPATH=/home/maroqi/Projects/RobotProjects/ROS2Projects/imu-test/imu_ws/install/wbt_imu/lib/python3.8/site-packages:${PYTHONPATH} /usr/bin/python3 setup.py develop --prefix /home/maroqi/Projects/RobotProjects/ROS2Projects/imu-test/imu_ws/install/wbt_imu --uninstall --editable --build-directory /home/maroqi/Projects/RobotProjects/ROS2Projects/imu-test/imu_ws/build/wbt_imu/build
[40.000s] DEBUG:colcon.colcon_core.event_handler.log_command:Invoking command in '/home/maroqi/Projects/RobotProjects/ROS2Projects/imu-test/imu_ws/build/imu_madgwick': CMAKE_PREFIX_PATH=${CMAKE_PREFIX_PATH}:/home/maroqi/Projects/RobotProjects/ROS2Projects/imu-test/imu_ws/install/wbt_imu:/opt/ros/foxy /usr/bin/cmake --install /home/maroqi/Projects/RobotProjects/ROS2Projects/imu-test/imu_ws/build/imu_madgwick
[40.287s] Level 1:colcon.colcon_core.environment:create_environment_scripts_only(imu_madgwick)
[40.290s] Level 1:colcon.colcon_core.environment:checking '/home/maroqi/Projects/RobotProjects/ROS2Projects/imu-test/imu_ws/install/imu_madgwick' for CMake module files
[40.293s] DEBUG:colcon.colcon_core.event_handler.log_command:Invoked command in '/home/maroqi/Projects/RobotProjects/ROS2Projects/imu-test/imu_ws/build/imu_madgwick' returned '0': CMAKE_PREFIX_PATH=${CMAKE_PREFIX_PATH}:/home/maroqi/Projects/RobotProjects/ROS2Projects/imu-test/imu_ws/install/wbt_imu:/opt/ros/foxy /usr/bin/cmake --install /home/maroqi/Projects/RobotProjects/ROS2Projects/imu-test/imu_ws/build/imu_madgwick
[40.295s] Level 1:colcon.colcon_core.environment:checking '/home/maroqi/Projects/RobotProjects/ROS2Projects/imu-test/imu_ws/install/imu_madgwick' for CMake config files
[40.296s] Level 1:colcon.colcon_core.shell:create_environment_hook('imu_madgwick', 'cmake_prefix_path')
[40.305s] INFO:colcon.colcon_core.shell:Creating environment hook '/home/maroqi/Projects/RobotProjects/ROS2Projects/imu-test/imu_ws/install/imu_madgwick/share/imu_madgwick/hook/cmake_prefix_path.ps1'
[40.306s] INFO:colcon.colcon_core.shell:Creating environment descriptor '/home/maroqi/Projects/RobotProjects/ROS2Projects/imu-test/imu_ws/install/imu_madgwick/share/imu_madgwick/hook/cmake_prefix_path.dsv'
[40.311s] INFO:colcon.colcon_core.shell:Creating environment hook '/home/maroqi/Projects/RobotProjects/ROS2Projects/imu-test/imu_ws/install/imu_madgwick/share/imu_madgwick/hook/cmake_prefix_path.sh'
[40.315s] Level 1:colcon.colcon_core.environment:checking '/home/maroqi/Projects/RobotProjects/ROS2Projects/imu-test/imu_ws/install/imu_madgwick/lib'
[40.315s] Level 1:colcon.colcon_core.environment:checking '/home/maroqi/Projects/RobotProjects/ROS2Projects/imu-test/imu_ws/install/imu_madgwick/bin'
[40.315s] Level 1:colcon.colcon_core.environment:checking '/home/maroqi/Projects/RobotProjects/ROS2Projects/imu-test/imu_ws/install/imu_madgwick/lib/pkgconfig/imu_madgwick.pc'
[40.315s] Level 1:colcon.colcon_core.environment:checking '/home/maroqi/Projects/RobotProjects/ROS2Projects/imu-test/imu_ws/install/imu_madgwick/lib/python3.8/site-packages'
[40.323s] INFO:colcon.colcon_core.shell:Creating package script '/home/maroqi/Projects/RobotProjects/ROS2Projects/imu-test/imu_ws/install/imu_madgwick/share/imu_madgwick/package.ps1'
[40.326s] INFO:colcon.colcon_core.shell:Creating package descriptor '/home/maroqi/Projects/RobotProjects/ROS2Projects/imu-test/imu_ws/install/imu_madgwick/share/imu_madgwick/package.dsv'
[40.329s] INFO:colcon.colcon_core.shell:Creating package script '/home/maroqi/Projects/RobotProjects/ROS2Projects/imu-test/imu_ws/install/imu_madgwick/share/imu_madgwick/package.sh'
[40.330s] INFO:colcon.colcon_core.shell:Creating package script '/home/maroqi/Projects/RobotProjects/ROS2Projects/imu-test/imu_ws/install/imu_madgwick/share/imu_madgwick/package.bash'
[40.342s] INFO:colcon.colcon_core.shell:Creating package script '/home/maroqi/Projects/RobotProjects/ROS2Projects/imu-test/imu_ws/install/imu_madgwick/share/imu_madgwick/package.zsh'
[40.343s] Level 1:colcon.colcon_core.environment:create_file_with_runtime_dependencies(/home/maroqi/Projects/RobotProjects/ROS2Projects/imu-test/imu_ws/install/imu_madgwick/share/colcon-core/packages/imu_madgwick)
[40.705s] Level 1:colcon.colcon_core.environment:create_environment_scripts_only(imu_madgwick)
[40.710s] Level 1:colcon.colcon_core.environment:checking '/home/maroqi/Projects/RobotProjects/ROS2Projects/imu-test/imu_ws/install/imu_madgwick' for CMake module files
[40.712s] Level 1:colcon.colcon_core.environment:checking '/home/maroqi/Projects/RobotProjects/ROS2Projects/imu-test/imu_ws/install/imu_madgwick' for CMake config files
[40.715s] Level 1:colcon.colcon_core.shell:create_environment_hook('imu_madgwick', 'cmake_prefix_path')
[40.719s] INFO:colcon.colcon_core.shell:Creating environment hook '/home/maroqi/Projects/RobotProjects/ROS2Projects/imu-test/imu_ws/install/imu_madgwick/share/imu_madgwick/hook/cmake_prefix_path.ps1'
[40.720s] INFO:colcon.colcon_core.shell:Creating environment descriptor '/home/maroqi/Projects/RobotProjects/ROS2Projects/imu-test/imu_ws/install/imu_madgwick/share/imu_madgwick/hook/cmake_prefix_path.dsv'
[40.721s] INFO:colcon.colcon_core.shell:Creating environment hook '/home/maroqi/Projects/RobotProjects/ROS2Projects/imu-test/imu_ws/install/imu_madgwick/share/imu_madgwick/hook/cmake_prefix_path.sh'
[40.731s] Level 1:colcon.colcon_core.environment:checking '/home/maroqi/Projects/RobotProjects/ROS2Projects/imu-test/imu_ws/install/imu_madgwick/lib'
[40.731s] Level 1:colcon.colcon_core.environment:checking '/home/maroqi/Projects/RobotProjects/ROS2Projects/imu-test/imu_ws/install/imu_madgwick/bin'
[40.732s] Level 1:colcon.colcon_core.environment:checking '/home/maroqi/Projects/RobotProjects/ROS2Projects/imu-test/imu_ws/install/imu_madgwick/lib/pkgconfig/imu_madgwick.pc'
[40.732s] Level 1:colcon.colcon_core.environment:checking '/home/maroqi/Projects/RobotProjects/ROS2Projects/imu-test/imu_ws/install/imu_madgwick/lib/python3.8/site-packages'
[40.734s] INFO:colcon.colcon_core.shell:Creating package script '/home/maroqi/Projects/RobotProjects/ROS2Projects/imu-test/imu_ws/install/imu_madgwick/share/imu_madgwick/package.ps1'
[40.742s] INFO:colcon.colcon_core.shell:Creating package descriptor '/home/maroqi/Projects/RobotProjects/ROS2Projects/imu-test/imu_ws/install/imu_madgwick/share/imu_madgwick/package.dsv'
[40.744s] INFO:colcon.colcon_core.shell:Creating package script '/home/maroqi/Projects/RobotProjects/ROS2Projects/imu-test/imu_ws/install/imu_madgwick/share/imu_madgwick/package.sh'
[40.751s] INFO:colcon.colcon_core.shell:Creating package script '/home/maroqi/Projects/RobotProjects/ROS2Projects/imu-test/imu_ws/install/imu_madgwick/share/imu_madgwick/package.bash'
[40.752s] INFO:colcon.colcon_core.shell:Creating package script '/home/maroqi/Projects/RobotProjects/ROS2Projects/imu-test/imu_ws/install/imu_madgwick/share/imu_madgwick/package.zsh'
[40.753s] Level 1:colcon.colcon_core.environment:create_file_with_runtime_dependencies(/home/maroqi/Projects/RobotProjects/ROS2Projects/imu-test/imu_ws/install/imu_madgwick/share/colcon-core/packages/imu_madgwick)
[41.487s] DEBUG:colcon.colcon_core.event_handler.log_command:Invoked command in '/home/maroqi/Projects/RobotProjects/ROS2Projects/imu-test/imu_ws/build/wbt_imu' returned '0': PYTHONPATH=/home/maroqi/Projects/RobotProjects/ROS2Projects/imu-test/imu_ws/install/wbt_imu/lib/python3.8/site-packages:${PYTHONPATH} /usr/bin/python3 setup.py develop --prefix /home/maroqi/Projects/RobotProjects/ROS2Projects/imu-test/imu_ws/install/wbt_imu --uninstall --editable --build-directory /home/maroqi/Projects/RobotProjects/ROS2Projects/imu-test/imu_ws/build/wbt_imu/build
[41.488s] DEBUG:colcon.colcon_core.event_handler.log_command:Invoking command in '/home/maroqi/Projects/RobotProjects/ROS2Projects/imu-test/imu_ws/src/wbt_imu': PYTHONPATH=/home/maroqi/Projects/RobotProjects/ROS2Projects/imu-test/imu_ws/install/wbt_imu/lib/python3.8/site-packages:${PYTHONPATH} /usr/bin/python3 setup.py egg_info --egg-base ../../build/wbt_imu build --build-base /home/maroqi/Projects/RobotProjects/ROS2Projects/imu-test/imu_ws/build/wbt_imu/build install --prefix /home/maroqi/Projects/RobotProjects/ROS2Projects/imu-test/imu_ws/install/wbt_imu --record /home/maroqi/Projects/RobotProjects/ROS2Projects/imu-test/imu_ws/build/wbt_imu/install.log --single-version-externally-managed
[42.530s] Level 1:colcon.colcon_core.environment:checking '/home/maroqi/Projects/RobotProjects/ROS2Projects/imu-test/imu_ws/install/wbt_imu' for CMake module files
[42.531s] DEBUG:colcon.colcon_core.event_handler.log_command:Invoked command in '/home/maroqi/Projects/RobotProjects/ROS2Projects/imu-test/imu_ws/src/wbt_imu' returned '0': PYTHONPATH=/home/maroqi/Projects/RobotProjects/ROS2Projects/imu-test/imu_ws/install/wbt_imu/lib/python3.8/site-packages:${PYTHONPATH} /usr/bin/python3 setup.py egg_info --egg-base ../../build/wbt_imu build --build-base /home/maroqi/Projects/RobotProjects/ROS2Projects/imu-test/imu_ws/build/wbt_imu/build install --prefix /home/maroqi/Projects/RobotProjects/ROS2Projects/imu-test/imu_ws/install/wbt_imu --record /home/maroqi/Projects/RobotProjects/ROS2Projects/imu-test/imu_ws/build/wbt_imu/install.log --single-version-externally-managed
[42.533s] Level 1:colcon.colcon_core.environment:checking '/home/maroqi/Projects/RobotProjects/ROS2Projects/imu-test/imu_ws/install/wbt_imu' for CMake config files
[42.535s] Level 1:colcon.colcon_core.environment:checking '/home/maroqi/Projects/RobotProjects/ROS2Projects/imu-test/imu_ws/install/wbt_imu/lib'
[42.535s] Level 1:colcon.colcon_core.environment:checking '/home/maroqi/Projects/RobotProjects/ROS2Projects/imu-test/imu_ws/install/wbt_imu/bin'
[42.535s] Level 1:colcon.colcon_core.environment:checking '/home/maroqi/Projects/RobotProjects/ROS2Projects/imu-test/imu_ws/install/wbt_imu/lib/pkgconfig/wbt_imu.pc'
[42.535s] Level 1:colcon.colcon_core.environment:checking '/home/maroqi/Projects/RobotProjects/ROS2Projects/imu-test/imu_ws/install/wbt_imu/lib/python3.8/site-packages'
[42.536s] Level 1:colcon.colcon_core.shell:create_environment_hook('wbt_imu', 'pythonpath')
[42.537s] INFO:colcon.colcon_core.shell:Creating environment hook '/home/maroqi/Projects/RobotProjects/ROS2Projects/imu-test/imu_ws/install/wbt_imu/share/wbt_imu/hook/pythonpath.ps1'
[42.542s] INFO:colcon.colcon_core.shell:Creating environment descriptor '/home/maroqi/Projects/RobotProjects/ROS2Projects/imu-test/imu_ws/install/wbt_imu/share/wbt_imu/hook/pythonpath.dsv'
[42.544s] INFO:colcon.colcon_core.shell:Creating environment hook '/home/maroqi/Projects/RobotProjects/ROS2Projects/imu-test/imu_ws/install/wbt_imu/share/wbt_imu/hook/pythonpath.sh'
[42.546s] Level 1:colcon.colcon_core.environment:create_environment_scripts_only(wbt_imu)
[42.547s] INFO:colcon.colcon_core.shell:Creating package script '/home/maroqi/Projects/RobotProjects/ROS2Projects/imu-test/imu_ws/install/wbt_imu/share/wbt_imu/package.ps1'
[42.549s] INFO:colcon.colcon_core.shell:Creating package descriptor '/home/maroqi/Projects/RobotProjects/ROS2Projects/imu-test/imu_ws/install/wbt_imu/share/wbt_imu/package.dsv'
[42.555s] INFO:colcon.colcon_core.shell:Creating package script '/home/maroqi/Projects/RobotProjects/ROS2Projects/imu-test/imu_ws/install/wbt_imu/share/wbt_imu/package.sh'
[42.556s] INFO:colcon.colcon_core.shell:Creating package script '/home/maroqi/Projects/RobotProjects/ROS2Projects/imu-test/imu_ws/install/wbt_imu/share/wbt_imu/package.bash'
[42.557s] INFO:colcon.colcon_core.shell:Creating package script '/home/maroqi/Projects/RobotProjects/ROS2Projects/imu-test/imu_ws/install/wbt_imu/share/wbt_imu/package.zsh'
[42.558s] Level 1:colcon.colcon_core.environment:create_file_with_runtime_dependencies(/home/maroqi/Projects/RobotProjects/ROS2Projects/imu-test/imu_ws/install/wbt_imu/share/colcon-core/packages/wbt_imu)
[42.566s] DEBUG:colcon.colcon_parallel_executor.executor.parallel:closing loop
[42.570s] DEBUG:colcon.colcon_parallel_executor.executor.parallel:loop closed
[42.571s] DEBUG:colcon.colcon_parallel_executor.executor.parallel:run_until_complete finished with '0'
[42.571s] DEBUG:colcon.colcon_core.event_reactor:joining thread
[42.597s] INFO:colcon.colcon_core.plugin_system:Skipping extension 'colcon_notification.desktop_notification.terminal_notifier': Not used on non-Darwin systems
[42.602s] INFO:colcon.colcon_core.plugin_system:Skipping extension 'colcon_notification.desktop_notification.win32': Not used on non-Windows systems
[42.602s] INFO:colcon.colcon_notification.desktop_notification:Sending desktop notification using 'notify2'
[42.998s] DEBUG:colcon.colcon_core.event_reactor:joined thread
[43.001s] INFO:colcon.colcon_core.shell:Creating prefix script '/home/maroqi/Projects/RobotProjects/ROS2Projects/imu-test/imu_ws/install/local_setup.ps1'
[43.004s] INFO:colcon.colcon_core.shell:Creating prefix util module '/home/maroqi/Projects/RobotProjects/ROS2Projects/imu-test/imu_ws/install/_local_setup_util_ps1.py'
[43.008s] INFO:colcon.colcon_core.shell:Creating prefix chain script '/home/maroqi/Projects/RobotProjects/ROS2Projects/imu-test/imu_ws/install/setup.ps1'
[43.019s] INFO:colcon.colcon_core.shell:Creating prefix script '/home/maroqi/Projects/RobotProjects/ROS2Projects/imu-test/imu_ws/install/local_setup.sh'
[43.023s] INFO:colcon.colcon_core.shell:Creating prefix util module '/home/maroqi/Projects/RobotProjects/ROS2Projects/imu-test/imu_ws/install/_local_setup_util_sh.py'
[43.024s] INFO:colcon.colcon_core.shell:Creating prefix chain script '/home/maroqi/Projects/RobotProjects/ROS2Projects/imu-test/imu_ws/install/setup.sh'
[43.035s] INFO:colcon.colcon_core.shell:Creating prefix script '/home/maroqi/Projects/RobotProjects/ROS2Projects/imu-test/imu_ws/install/local_setup.bash'
[43.040s] INFO:colcon.colcon_core.shell:Creating prefix chain script '/home/maroqi/Projects/RobotProjects/ROS2Projects/imu-test/imu_ws/install/setup.bash'
[43.048s] INFO:colcon.colcon_core.shell:Creating prefix script '/home/maroqi/Projects/RobotProjects/ROS2Projects/imu-test/imu_ws/install/local_setup.zsh'
[43.054s] INFO:colcon.colcon_core.shell:Creating prefix chain script '/home/maroqi/Projects/RobotProjects/ROS2Projects/imu-test/imu_ws/install/setup.zsh'
