[0.111s] Invoking command in '/home/maroqi/Projects/RobotProjects/ROS2Projects/imu-test/imu_ws/build/imu_madgwick': CMAKE_PREFIX_PATH=${CMAKE_PREFIX_PATH}:/home/maroqi/Projects/RobotProjects/ROS2Projects/imu-test/imu_ws/install/wbt_imu:/opt/ros/foxy /usr/bin/cmake --build /home/maroqi/Projects/RobotProjects/ROS2Projects/imu-test/imu_ws/build/imu_madgwick -- -j2 -l2
[0.590s] [ 50%] Built target imu_madgwick
[0.831s] [ 75%] Built target imu_main_test
[1.028s] [100%] Built target imu_main
[1.095s] Invoked command in '/home/maroqi/Projects/RobotProjects/ROS2Projects/imu-test/imu_ws/build/imu_madgwick' returned '0': CMAKE_PREFIX_PATH=${CMAKE_PREFIX_PATH}:/home/maroqi/Projects/RobotProjects/ROS2Projects/imu-test/imu_ws/install/wbt_imu:/opt/ros/foxy /usr/bin/cmake --build /home/maroqi/Projects/RobotProjects/ROS2Projects/imu-test/imu_ws/build/imu_madgwick -- -j2 -l2
[1.502s] Invoking command in '/home/maroqi/Projects/RobotProjects/ROS2Projects/imu-test/imu_ws/build/imu_madgwick': CMAKE_PREFIX_PATH=${CMAKE_PREFIX_PATH}:/home/maroqi/Projects/RobotProjects/ROS2Projects/imu-test/imu_ws/install/wbt_imu:/opt/ros/foxy /usr/bin/cmake --install /home/maroqi/Projects/RobotProjects/ROS2Projects/imu-test/imu_ws/build/imu_madgwick
[1.581s] -- Install configuration: ""
[1.584s] -- Execute custom install script
[1.588s] -- Up-to-date symlink: /home/maroqi/Projects/RobotProjects/ROS2Projects/imu-test/imu_ws/install/imu_madgwick/./include/imu_madgwick/imu.hpp
[1.591s] -- Up-to-date symlink: /home/maroqi/Projects/RobotProjects/ROS2Projects/imu-test/imu_ws/install/imu_madgwick/./include/imu_madgwick/imu_filter.hpp
[1.596s] -- Up-to-date symlink: /home/maroqi/Projects/RobotProjects/ROS2Projects/imu-test/imu_ws/install/imu_madgwick/./include/imu_madgwick/stateless_orientation.hpp
[1.597s] -- Up-to-date symlink: /home/maroqi/Projects/RobotProjects/ROS2Projects/imu-test/imu_ws/install/imu_madgwick/./include/imu_madgwick/world_frame.hpp
[1.600s] -- Up-to-date symlink: /home/maroqi/Projects/RobotProjects/ROS2Projects/imu-test/imu_ws/install/imu_madgwick/lib/imu_madgwick/imu_main
[1.607s] -- Up-to-date symlink: /home/maroqi/Projects/RobotProjects/ROS2Projects/imu-test/imu_ws/install/imu_madgwick/lib/imu_madgwick/imu_main_test
[1.612s] -- Up-to-date symlink: /home/maroqi/Projects/RobotProjects/ROS2Projects/imu-test/imu_ws/install/imu_madgwick/share/imu_madgwick//launch/reading_imu_launch.py
[1.617s] -- Up-to-date symlink: /home/maroqi/Projects/RobotProjects/ROS2Projects/imu-test/imu_ws/install/imu_madgwick/share/imu_madgwick/environment/library_path.sh
[1.617s] -- Up-to-date symlink: /home/maroqi/Projects/RobotProjects/ROS2Projects/imu-test/imu_ws/install/imu_madgwick/share/imu_madgwick/environment/library_path.dsv
[1.624s] -- Up-to-date symlink: /home/maroqi/Projects/RobotProjects/ROS2Projects/imu-test/imu_ws/install/imu_madgwick/share/ament_index/resource_index/package_run_dependencies/imu_madgwick
[1.627s] -- Up-to-date symlink: /home/maroqi/Projects/RobotProjects/ROS2Projects/imu-test/imu_ws/install/imu_madgwick/share/ament_index/resource_index/parent_prefix_path/imu_madgwick
[1.628s] -- Up-to-date symlink: /home/maroqi/Projects/RobotProjects/ROS2Projects/imu-test/imu_ws/install/imu_madgwick/share/imu_madgwick/environment/ament_prefix_path.sh
[1.628s] -- Up-to-date symlink: /home/maroqi/Projects/RobotProjects/ROS2Projects/imu-test/imu_ws/install/imu_madgwick/share/imu_madgwick/environment/ament_prefix_path.dsv
[1.628s] -- Up-to-date symlink: /home/maroqi/Projects/RobotProjects/ROS2Projects/imu-test/imu_ws/install/imu_madgwick/share/imu_madgwick/environment/path.sh
[1.632s] -- Up-to-date symlink: /home/maroqi/Projects/RobotProjects/ROS2Projects/imu-test/imu_ws/install/imu_madgwick/share/imu_madgwick/environment/path.dsv
[1.637s] -- Up-to-date symlink: /home/maroqi/Projects/RobotProjects/ROS2Projects/imu-test/imu_ws/install/imu_madgwick/share/imu_madgwick/local_setup.bash
[1.644s] -- Up-to-date symlink: /home/maroqi/Projects/RobotProjects/ROS2Projects/imu-test/imu_ws/install/imu_madgwick/share/imu_madgwick/local_setup.sh
[1.645s] -- Up-to-date symlink: /home/maroqi/Projects/RobotProjects/ROS2Projects/imu-test/imu_ws/install/imu_madgwick/share/imu_madgwick/local_setup.zsh
[1.647s] -- Up-to-date symlink: /home/maroqi/Projects/RobotProjects/ROS2Projects/imu-test/imu_ws/install/imu_madgwick/share/imu_madgwick/local_setup.dsv
[1.648s] -- Symlinking: /home/maroqi/Projects/RobotProjects/ROS2Projects/imu-test/imu_ws/install/imu_madgwick/share/imu_madgwick/package.dsv
[1.724s] -- Up-to-date symlink: /home/maroqi/Projects/RobotProjects/ROS2Projects/imu-test/imu_ws/install/imu_madgwick/share/ament_index/resource_index/packages/imu_madgwick
[1.726s] -- Up-to-date symlink: /home/maroqi/Projects/RobotProjects/ROS2Projects/imu-test/imu_ws/install/imu_madgwick/share/imu_madgwick/cmake/ament_cmake_export_dependencies-extras.cmake
[1.730s] -- Up-to-date symlink: /home/maroqi/Projects/RobotProjects/ROS2Projects/imu-test/imu_ws/install/imu_madgwick/share/imu_madgwick/cmake/ament_cmake_export_include_directories-extras.cmake
[1.734s] -- Up-to-date symlink: /home/maroqi/Projects/RobotProjects/ROS2Projects/imu-test/imu_ws/install/imu_madgwick/share/imu_madgwick/cmake/ament_cmake_export_libraries-extras.cmake
[1.737s] -- Up-to-date symlink: /home/maroqi/Projects/RobotProjects/ROS2Projects/imu-test/imu_ws/install/imu_madgwick/share/imu_madgwick/cmake/imu_madgwickConfig.cmake
[1.740s] -- Up-to-date symlink: /home/maroqi/Projects/RobotProjects/ROS2Projects/imu-test/imu_ws/install/imu_madgwick/share/imu_madgwick/cmake/imu_madgwickConfig-version.cmake
[1.746s] -- Up-to-date symlink: /home/maroqi/Projects/RobotProjects/ROS2Projects/imu-test/imu_ws/install/imu_madgwick/share/imu_madgwick/package.xml
[1.747s] -- Up-to-date: /home/maroqi/Projects/RobotProjects/ROS2Projects/imu-test/imu_ws/install/imu_madgwick/lib/libimu_madgwick.a
[1.758s] Invoked command in '/home/maroqi/Projects/RobotProjects/ROS2Projects/imu-test/imu_ws/build/imu_madgwick' returned '0': CMAKE_PREFIX_PATH=${CMAKE_PREFIX_PATH}:/home/maroqi/Projects/RobotProjects/ROS2Projects/imu-test/imu_ws/install/wbt_imu:/opt/ros/foxy /usr/bin/cmake --install /home/maroqi/Projects/RobotProjects/ROS2Projects/imu-test/imu_ws/build/imu_madgwick
