[0.026s] Invoking command in '/home/maroqi/Projects/RobotProjects/imu-test/imu_ws/build/imu_madgwick': CMAKE_PREFIX_PATH=/opt/ros/foxy /usr/bin/cmake --build /home/maroqi/Projects/RobotProjects/imu-test/imu_ws/build/imu_madgwick -- -j2 -l2
[0.142s] [35m[1mScanning dependencies of target imu_madgwick[0m
[0.238s] [ 25%] [32mBuilding CXX object CMakeFiles/imu_madgwick.dir/src/imu_madgwick/imu.cpp.o[0m
[4.407s] [01m[K/home/maroqi/Projects/RobotProjects/imu-test/imu_ws/src/imu_madgwick/src/imu_madgwick/imu.cpp:[m[K In constructor ‘[01m[KImu::Imu(std::string)[m[K’:
[4.407s] [01m[K/home/maroqi/Projects/RobotProjects/imu-test/imu_ws/src/imu_madgwick/src/imu_madgwick/imu.cpp:48:20:[m[K [01;31m[Kerror: [m[Kno matching function for call to ‘[01m[Ktf2_ros::TransformBroadcaster::TransformBroadcaster()[m[K’
[4.408s]    48 |   initialized(false[01;31m[K)[m[K {
[4.408s]       |                    [01;31m[K^[m[K
[4.409s] In file included from [01m[K/home/maroqi/Projects/RobotProjects/imu-test/imu_ws/src/imu_madgwick/src/imu_madgwick/imu.cpp:29[m[K:
[4.409s] [01m[K/opt/ros/foxy/include/tf2_ros/transform_broadcaster.h:53:3:[m[K [01;36m[Knote: [m[Kcandidate: ‘[01m[Ktemplate<class NodeT, class AllocatorT> tf2_ros::TransformBroadcaster::TransformBroadcaster(NodeT&&, const rclcpp::QoS&, const rclcpp::PublisherOptionsWithAllocator<AllocatorT>&)[m[K’
[4.409s]    53 |   [01;36m[KTransformBroadcaster[m[K(
[4.409s]       |   [01;36m[K^~~~~~~~~~~~~~~~~~~~[m[K
[4.410s] [01m[K/opt/ros/foxy/include/tf2_ros/transform_broadcaster.h:53:3:[m[K [01;36m[Knote: [m[K  template argument deduction/substitution failed:
[4.410s] [01m[K/home/maroqi/Projects/RobotProjects/imu-test/imu_ws/src/imu_madgwick/src/imu_madgwick/imu.cpp:48:20:[m[K [01;36m[Knote: [m[K  candidate expects 3 arguments, 0 provided
[4.410s]    48 |   initialized(false[01;36m[K)[m[K {
[4.411s]       |                    [01;36m[K^[m[K
[4.411s] In file included from [01m[K/home/maroqi/Projects/RobotProjects/imu-test/imu_ws/src/imu_madgwick/src/imu_madgwick/imu.cpp:29[m[K:
[4.412s] [01m[K/opt/ros/foxy/include/tf2_ros/transform_broadcaster.h:49:7:[m[K [01;36m[Knote: [m[Kcandidate: ‘[01m[Ktf2_ros::TransformBroadcaster::TransformBroadcaster(const tf2_ros::TransformBroadcaster&)[m[K’
[4.412s]    49 | class [01;36m[KTransformBroadcaster[m[K{
[4.412s]       |       [01;36m[K^~~~~~~~~~~~~~~~~~~~[m[K
[4.412s] [01m[K/opt/ros/foxy/include/tf2_ros/transform_broadcaster.h:49:7:[m[K [01;36m[Knote: [m[K  candidate expects 1 argument, 0 provided
[4.413s] [01m[K/opt/ros/foxy/include/tf2_ros/transform_broadcaster.h:49:7:[m[K [01;36m[Knote: [m[Kcandidate: ‘[01m[Ktf2_ros::TransformBroadcaster::TransformBroadcaster(tf2_ros::TransformBroadcaster&&)[m[K’
[4.413s] [01m[K/opt/ros/foxy/include/tf2_ros/transform_broadcaster.h:49:7:[m[K [01;36m[Knote: [m[K  candidate expects 1 argument, 0 provided
[4.479s] [01m[K/home/maroqi/Projects/RobotProjects/imu-test/imu_ws/src/imu_madgwick/src/imu_madgwick/imu.cpp:[m[K In member function ‘[01m[Kvoid Imu::publishFilteredMsg(sensor_msgs::msg::Imu_<std::allocator<void> >::SharedPtr)[m[K’:
[4.479s] [01m[K/home/maroqi/Projects/RobotProjects/imu-test/imu_ws/src/imu_madgwick/src/imu_madgwick/imu.cpp:169:33:[m[K [01;31m[Kerror: [m[Kno matching function for call to ‘[01m[Krclcpp::Publisher<sensor_msgs::msg::Imu_<std::allocator<void> > >::publish(std::shared_ptr<sensor_msgs::msg::Imu_<std::allocator<void> > >&)[m[K’
[4.480s]   169 |   imu_publisher->publish(imu_msg[01;31m[K)[m[K;
[4.480s]       |                                 [01;31m[K^[m[K
[4.481s] In file included from [01m[K/opt/ros/foxy/include/rclcpp/topic_statistics/subscription_topic_statistics.hpp:31[m[K,
[4.482s]                  from [01m[K/opt/ros/foxy/include/rclcpp/subscription.hpp:50[m[K,
[4.482s]                  from [01m[K/opt/ros/foxy/include/rclcpp/any_executable.hpp:25[m[K,
[4.483s]                  from [01m[K/opt/ros/foxy/include/rclcpp/memory_strategy.hpp:24[m[K,
[4.483s]                  from [01m[K/opt/ros/foxy/include/rclcpp/memory_strategies.hpp:18[m[K,
[4.484s]                  from [01m[K/opt/ros/foxy/include/rclcpp/executor_options.hpp:20[m[K,
[4.484s]                  from [01m[K/opt/ros/foxy/include/rclcpp/executor.hpp:33[m[K,
[4.484s]                  from [01m[K/opt/ros/foxy/include/rclcpp/executors/multi_threaded_executor.hpp:25[m[K,
[4.485s]                  from [01m[K/opt/ros/foxy/include/rclcpp/executors.hpp:21[m[K,
[4.485s]                  from [01m[K/opt/ros/foxy/include/rclcpp/rclcpp.hpp:146[m[K,
[4.485s]                  from [01m[K/home/maroqi/Projects/RobotProjects/imu-test/imu_ws/src/imu_madgwick/src/imu_madgwick/imu.cpp:25[m[K:
[4.486s] [01m[K/opt/ros/foxy/include/rclcpp/publisher.hpp:185:3:[m[K [01;36m[Knote: [m[Kcandidate: ‘[01m[Kvoid rclcpp::Publisher<MessageT, AllocatorT>::publish(std::unique_ptr<MessageT, typename std::conditional<std::is_same<typename std::allocator_traits<typename std::allocator_traits<_Alloc>::rebind_traits<MessageT>::allocator_type>::rebind_alloc<MessageT>, typename std::allocator<void>::rebind<_Tp1>::other>::value, std::default_delete<_Tp>, rclcpp::allocator::AllocatorDeleter<typename std::allocator_traits<_Alloc>::rebind_traits<MessageT>::allocator_type> >::type>) [with MessageT = sensor_msgs::msg::Imu_<std::allocator<void> >; AllocatorT = std::allocator<void>; typename std::conditional<std::is_same<typename std::allocator_traits<typename std::allocator_traits<_Alloc>::rebind_traits<MessageT>::allocator_type>::rebind_alloc<MessageT>, typename std::allocator<void>::rebind<_Tp1>::other>::value, std::default_delete<_Tp>, rclcpp::allocator::AllocatorDeleter<typename std::allocator_traits<_Alloc>::rebind_traits<MessageT>::allocator_type> >::type = std::default_delete<sensor_msgs::msg::Imu_<std::allocator<void> > >][m[K’
[4.486s]   185 |   [01;36m[Kpublish[m[K(std::unique_ptr<MessageT, MessageDeleter> msg)
[4.487s]       |   [01;36m[K^~~~~~~[m[K
[4.487s] [01m[K/opt/ros/foxy/include/rclcpp/publisher.hpp:185:53:[m[K [01;36m[Knote: [m[K  no known conversion for argument 1 from ‘[01m[Kstd::shared_ptr<sensor_msgs::msg::Imu_<std::allocator<void> > >[m[K’ to ‘[01m[Kstd::unique_ptr<sensor_msgs::msg::Imu_<std::allocator<void> >, std::default_delete<sensor_msgs::msg::Imu_<std::allocator<void> > > >[m[K’
[4.487s]   185 |   publish([01;36m[Kstd::unique_ptr<MessageT, MessageDeleter> msg[m[K)
[4.488s]       |           [01;36m[K~~~~~~~~~~~~~~~~~~~~~~~~~~~~~~~~~~~~~~~~~~^~~[m[K
[4.488s] [01m[K/opt/ros/foxy/include/rclcpp/publisher.hpp:209:3:[m[K [01;36m[Knote: [m[Kcandidate: ‘[01m[Kvoid rclcpp::Publisher<MessageT, AllocatorT>::publish(const MessageT&) [with MessageT = sensor_msgs::msg::Imu_<std::allocator<void> >; AllocatorT = std::allocator<void>][m[K’
[4.489s]   209 |   [01;36m[Kpublish[m[K(const MessageT & msg)
[4.489s]       |   [01;36m[K^~~~~~~[m[K
[4.490s] [01m[K/opt/ros/foxy/include/rclcpp/publisher.hpp:209:28:[m[K [01;36m[Knote: [m[K  no known conversion for argument 1 from ‘[01m[Kstd::shared_ptr<sensor_msgs::msg::Imu_<std::allocator<void> > >[m[K’ to ‘[01m[Kconst sensor_msgs::msg::Imu_<std::allocator<void> >&[m[K’
[4.490s]   209 |   publish([01;36m[Kconst MessageT & msg[m[K)
[4.490s]       |           [01;36m[K~~~~~~~~~~~~~~~~~^~~[m[K
[4.495s] [01m[K/opt/ros/foxy/include/rclcpp/publisher.hpp:226:3:[m[K [01;36m[Knote: [m[Kcandidate: ‘[01m[Kvoid rclcpp::Publisher<MessageT, AllocatorT>::publish(const rcl_serialized_message_t&) [with MessageT = sensor_msgs::msg::Imu_<std::allocator<void> >; AllocatorT = std::allocator<void>; rcl_serialized_message_t = rcutils_uint8_array_t][m[K’
[4.495s]   226 |   [01;36m[Kpublish[m[K(const rcl_serialized_message_t & serialized_msg)
[4.495s]       |   [01;36m[K^~~~~~~[m[K
[4.495s] [01m[K/opt/ros/foxy/include/rclcpp/publisher.hpp:226:44:[m[K [01;36m[Knote: [m[K  no known conversion for argument 1 from ‘[01m[Kstd::shared_ptr<sensor_msgs::msg::Imu_<std::allocator<void> > >[m[K’ to ‘[01m[Kconst rcl_serialized_message_t&[m[K’ {aka ‘[01m[Kconst rcutils_uint8_array_t&[m[K’}
[4.496s]   226 |   publish([01;36m[Kconst rcl_serialized_message_t & serialized_msg[m[K)
[4.496s]       |           [01;36m[K~~~~~~~~~~~~~~~~~~~~~~~~~~~~~~~~~^~~~~~~~~~~~~~[m[K
[4.496s] [01m[K/opt/ros/foxy/include/rclcpp/publisher.hpp:232:3:[m[K [01;36m[Knote: [m[Kcandidate: ‘[01m[Kvoid rclcpp::Publisher<MessageT, AllocatorT>::publish(const rclcpp::SerializedMessage&) [with MessageT = sensor_msgs::msg::Imu_<std::allocator<void> >; AllocatorT = std::allocator<void>][m[K’
[4.496s]   232 |   [01;36m[Kpublish[m[K(const SerializedMessage & serialized_msg)
[4.496s]       |   [01;36m[K^~~~~~~[m[K
[4.496s] [01m[K/opt/ros/foxy/include/rclcpp/publisher.hpp:232:37:[m[K [01;36m[Knote: [m[K  no known conversion for argument 1 from ‘[01m[Kstd::shared_ptr<sensor_msgs::msg::Imu_<std::allocator<void> > >[m[K’ to ‘[01m[Kconst rclcpp::SerializedMessage&[m[K’
[4.497s]   232 |   publish([01;36m[Kconst SerializedMessage & serialized_msg[m[K)
[4.497s]       |           [01;36m[K~~~~~~~~~~~~~~~~~~~~~~~~~~^~~~~~~~~~~~~~[m[K
[4.497s] [01m[K/opt/ros/foxy/include/rclcpp/publisher.hpp:246:3:[m[K [01;36m[Knote: [m[Kcandidate: ‘[01m[Kvoid rclcpp::Publisher<MessageT, AllocatorT>::publish(rclcpp::LoanedMessage<MessageT, AllocatorT>&&) [with MessageT = sensor_msgs::msg::Imu_<std::allocator<void> >; AllocatorT = std::allocator<void>][m[K’
[4.497s]   246 |   [01;36m[Kpublish[m[K(rclcpp::LoanedMessage<MessageT, AllocatorT> && loaned_msg)
[4.497s]       |   [01;36m[K^~~~~~~[m[K
[4.497s] [01m[K/opt/ros/foxy/include/rclcpp/publisher.hpp:246:58:[m[K [01;36m[Knote: [m[K  no known conversion for argument 1 from ‘[01m[Kstd::shared_ptr<sensor_msgs::msg::Imu_<std::allocator<void> > >[m[K’ to ‘[01m[Krclcpp::LoanedMessage<sensor_msgs::msg::Imu_<std::allocator<void> >, std::allocator<void> >&&[m[K’
[4.498s]   246 |   publish([01;36m[Krclcpp::LoanedMessage<MessageT, AllocatorT> && loaned_msg[m[K)
[4.498s]       |           [01;36m[K~~~~~~~~~~~~~~~~~~~~~~~~~~~~~~~~~~~~~~~~~~~~~~~^~~~~~~~~~[m[K
[8.539s] make[2]: *** [CMakeFiles/imu_madgwick.dir/build.make:89: CMakeFiles/imu_madgwick.dir/src/imu_madgwick/imu.cpp.o] Error 1
[8.539s] make[1]: *** [CMakeFiles/Makefile2:78: CMakeFiles/imu_madgwick.dir/all] Error 2
[8.543s] make: *** [Makefile:141: all] Error 2
[8.550s] Invoked command in '/home/maroqi/Projects/RobotProjects/imu-test/imu_ws/build/imu_madgwick' returned '2': CMAKE_PREFIX_PATH=/opt/ros/foxy /usr/bin/cmake --build /home/maroqi/Projects/RobotProjects/imu-test/imu_ws/build/imu_madgwick -- -j2 -l2
