running egg_info
creating ../../build/wbt_imu/wbt_imu.egg-info
writing ../../build/wbt_imu/wbt_imu.egg-info/PKG-INFO
writing dependency_links to ../../build/wbt_imu/wbt_imu.egg-info/dependency_links.txt
writing entry points to ../../build/wbt_imu/wbt_imu.egg-info/entry_points.txt
writing requirements to ../../build/wbt_imu/wbt_imu.egg-info/requires.txt
writing top-level names to ../../build/wbt_imu/wbt_imu.egg-info/top_level.txt
writing manifest file '../../build/wbt_imu/wbt_imu.egg-info/SOURCES.txt'
reading manifest file '../../build/wbt_imu/wbt_imu.egg-info/SOURCES.txt'
writing manifest file '../../build/wbt_imu/wbt_imu.egg-info/SOURCES.txt'
running build
running build_py
creating /home/maroqi/Projects/RobotProjects/ROS2Projects/imu-test/imu_ws/build/wbt_imu/build
creating /home/maroqi/Projects/RobotProjects/ROS2Projects/imu-test/imu_ws/build/wbt_imu/build/lib
creating /home/maroqi/Projects/RobotProjects/ROS2Projects/imu-test/imu_ws/build/wbt_imu/build/lib/wbt_imu
copying wbt_imu/__init__.py -> /home/maroqi/Projects/RobotProjects/ROS2Projects/imu-test/imu_ws/build/wbt_imu/build/lib/wbt_imu
running install
running install_lib
creating /home/maroqi/Projects/RobotProjects/ROS2Projects/imu-test/imu_ws/install/wbt_imu/lib/python3.8/site-packages/wbt_imu
copying /home/maroqi/Projects/RobotProjects/ROS2Projects/imu-test/imu_ws/build/wbt_imu/build/lib/wbt_imu/__init__.py -> /home/maroqi/Projects/RobotProjects/ROS2Projects/imu-test/imu_ws/install/wbt_imu/lib/python3.8/site-packages/wbt_imu
byte-compiling /home/maroqi/Projects/RobotProjects/ROS2Projects/imu-test/imu_ws/install/wbt_imu/lib/python3.8/site-packages/wbt_imu/__init__.py to __init__.cpython-38.pyc
running install_data
creating /home/maroqi/Projects/RobotProjects/ROS2Projects/imu-test/imu_ws/install/wbt_imu/share/ament_index
creating /home/maroqi/Projects/RobotProjects/ROS2Projects/imu-test/imu_ws/install/wbt_imu/share/ament_index/resource_index
creating /home/maroqi/Projects/RobotProjects/ROS2Projects/imu-test/imu_ws/install/wbt_imu/share/ament_index/resource_index/packages
copying resource/wbt_imu -> /home/maroqi/Projects/RobotProjects/ROS2Projects/imu-test/imu_ws/install/wbt_imu/share/ament_index/resource_index/packages
copying package.xml -> /home/maroqi/Projects/RobotProjects/ROS2Projects/imu-test/imu_ws/install/wbt_imu/share/wbt_imu
running install_egg_info
Copying ../../build/wbt_imu/wbt_imu.egg-info to /home/maroqi/Projects/RobotProjects/ROS2Projects/imu-test/imu_ws/install/wbt_imu/lib/python3.8/site-packages/wbt_imu-0.0.0-py3.8.egg-info
running install_scripts
writing list of installed files to '/home/maroqi/Projects/RobotProjects/ROS2Projects/imu-test/imu_ws/build/wbt_imu/install.log'
