[1.603s] Invoking command in '/home/maroqi/Projects/RobotProjects/ROS2Projects/imu-test/imu_ws/src/wbt_imu': PYTHONPATH=/home/maroqi/Projects/RobotProjects/ROS2Projects/imu-test/imu_ws/install/wbt_imu/lib/python3.8/site-packages:${PYTHONPATH} /usr/bin/python3 setup.py egg_info --egg-base ../../build/wbt_imu build --build-base /home/maroqi/Projects/RobotProjects/ROS2Projects/imu-test/imu_ws/build/wbt_imu/build install --prefix /home/maroqi/Projects/RobotProjects/ROS2Projects/imu-test/imu_ws/install/wbt_imu --record /home/maroqi/Projects/RobotProjects/ROS2Projects/imu-test/imu_ws/build/wbt_imu/install.log --single-version-externally-managed
[3.201s] running egg_info
[3.209s] creating ../../build/wbt_imu/wbt_imu.egg-info
[3.211s] writing ../../build/wbt_imu/wbt_imu.egg-info/PKG-INFO
[3.212s] writing dependency_links to ../../build/wbt_imu/wbt_imu.egg-info/dependency_links.txt
[3.214s] writing entry points to ../../build/wbt_imu/wbt_imu.egg-info/entry_points.txt
[3.216s] writing requirements to ../../build/wbt_imu/wbt_imu.egg-info/requires.txt
[3.217s] writing top-level names to ../../build/wbt_imu/wbt_imu.egg-info/top_level.txt
[3.230s] writing manifest file '../../build/wbt_imu/wbt_imu.egg-info/SOURCES.txt'
[3.433s] reading manifest file '../../build/wbt_imu/wbt_imu.egg-info/SOURCES.txt'
[3.442s] writing manifest file '../../build/wbt_imu/wbt_imu.egg-info/SOURCES.txt'
[3.444s] running build
[3.445s] running build_py
[3.449s] creating /home/maroqi/Projects/RobotProjects/ROS2Projects/imu-test/imu_ws/build/wbt_imu/build
[3.450s] creating /home/maroqi/Projects/RobotProjects/ROS2Projects/imu-test/imu_ws/build/wbt_imu/build/lib
[3.450s] creating /home/maroqi/Projects/RobotProjects/ROS2Projects/imu-test/imu_ws/build/wbt_imu/build/lib/wbt_imu
[3.456s] copying wbt_imu/__init__.py -> /home/maroqi/Projects/RobotProjects/ROS2Projects/imu-test/imu_ws/build/wbt_imu/build/lib/wbt_imu
[3.457s] running install
[3.462s] running install_lib
[3.471s] creating /home/maroqi/Projects/RobotProjects/ROS2Projects/imu-test/imu_ws/install/wbt_imu/lib/python3.8/site-packages/wbt_imu
[3.472s] copying /home/maroqi/Projects/RobotProjects/ROS2Projects/imu-test/imu_ws/build/wbt_imu/build/lib/wbt_imu/__init__.py -> /home/maroqi/Projects/RobotProjects/ROS2Projects/imu-test/imu_ws/install/wbt_imu/lib/python3.8/site-packages/wbt_imu
[3.478s] byte-compiling /home/maroqi/Projects/RobotProjects/ROS2Projects/imu-test/imu_ws/install/wbt_imu/lib/python3.8/site-packages/wbt_imu/__init__.py to __init__.cpython-38.pyc
[3.486s] running install_data
[3.489s] creating /home/maroqi/Projects/RobotProjects/ROS2Projects/imu-test/imu_ws/install/wbt_imu/share/ament_index
[3.490s] creating /home/maroqi/Projects/RobotProjects/ROS2Projects/imu-test/imu_ws/install/wbt_imu/share/ament_index/resource_index
[3.494s] creating /home/maroqi/Projects/RobotProjects/ROS2Projects/imu-test/imu_ws/install/wbt_imu/share/ament_index/resource_index/packages
[3.495s] copying resource/wbt_imu -> /home/maroqi/Projects/RobotProjects/ROS2Projects/imu-test/imu_ws/install/wbt_imu/share/ament_index/resource_index/packages
[3.497s] copying package.xml -> /home/maroqi/Projects/RobotProjects/ROS2Projects/imu-test/imu_ws/install/wbt_imu/share/wbt_imu
[3.497s] running install_egg_info
[3.509s] Copying ../../build/wbt_imu/wbt_imu.egg-info to /home/maroqi/Projects/RobotProjects/ROS2Projects/imu-test/imu_ws/install/wbt_imu/lib/python3.8/site-packages/wbt_imu-0.0.0-py3.8.egg-info
[3.514s] running install_scripts
[3.611s] writing list of installed files to '/home/maroqi/Projects/RobotProjects/ROS2Projects/imu-test/imu_ws/build/wbt_imu/install.log'
[3.761s] Invoked command in '/home/maroqi/Projects/RobotProjects/ROS2Projects/imu-test/imu_ws/src/wbt_imu' returned '0': PYTHONPATH=/home/maroqi/Projects/RobotProjects/ROS2Projects/imu-test/imu_ws/install/wbt_imu/lib/python3.8/site-packages:${PYTHONPATH} /usr/bin/python3 setup.py egg_info --egg-base ../../build/wbt_imu build --build-base /home/maroqi/Projects/RobotProjects/ROS2Projects/imu-test/imu_ws/build/wbt_imu/build install --prefix /home/maroqi/Projects/RobotProjects/ROS2Projects/imu-test/imu_ws/install/wbt_imu --record /home/maroqi/Projects/RobotProjects/ROS2Projects/imu-test/imu_ws/build/wbt_imu/install.log --single-version-externally-managed
