[35m[1mScanning dependencies of target imu_madgwick[0m
[ 12%] [32mBuilding CXX object CMakeFiles/imu_madgwick.dir/src/imu_madgwick/imu.cpp.o[0m
[01m[K/home/maroqi/Projects/RobotProjects/ROS2Projects/imu-test/imu_ws/src/imu_madgwick/src/imu_madgwick/imu.cpp:[m[K In member function ‘[01m[Kvoid Imu::imuCallback(sensor_msgs::msg::Imu_<std::allocator<void> >::SharedPtr)[m[K’:
[01m[K/home/maroqi/Projects/RobotProjects/ROS2Projects/imu-test/imu_ws/src/imu_madgwick/src/imu_madgwick/imu.cpp:71:69:[m[K [01;31m[Kerror: [m[Kexpected ‘[01m[K;[m[K’ before ‘[01m[Klin_acc[m[K’
   71 |  " << lin_acc.x << ", ay " << lin_acc.y << ", az "[01;31m[K [m[K[32m[Klin_acc[m[K.z << std::endl;
      |                                                   [01;31m[K^[m[K[32m[K~~~~~~~[m[K
      |                                                   [32m[K;[m[K
[01m[K/home/maroqi/Projects/RobotProjects/ROS2Projects/imu-test/imu_ws/src/imu_madgwick/src/imu_madgwick/imu.cpp:72:69:[m[K [01;31m[Kerror: [m[Kexpected ‘[01m[K;[m[K’ before ‘[01m[Kang_vel[m[K’
   72 |  " << ang_vel.x << ", gy " << ang_vel.y << ", gz "[01;31m[K [m[K[32m[Kang_vel[m[K.z << std::endl;
      |                                                   [01;31m[K^[m[K[32m[K~~~~~~~[m[K
      |                                                   [32m[K;[m[K
[01m[K/home/maroqi/Projects/RobotProjects/ROS2Projects/imu-test/imu_ws/src/imu_madgwick/src/imu_madgwick/imu.cpp:73:67:[m[K [01;31m[Kerror: [m[Kexpected ‘[01m[K;[m[K’ before ‘[01m[Korient[m[K’
   73 | qx " << orient.x << ", qy " << orient.y << ", qz "[01;31m[K [m[K[32m[Korient[m[K.z << std::endl;
      |                                                   [01;31m[K^[m[K[32m[K~~~~~~[m[K
      |                                                   [32m[K;[m[K
[01m[K/home/maroqi/Projects/RobotProjects/ROS2Projects/imu-test/imu_ws/src/imu_madgwick/src/imu_madgwick/imu.cpp:[m[K In member function ‘[01m[Kvoid Imu::publishFilteredMsg(sensor_msgs::msg::Imu_<std::allocator<void> >::SharedPtr)[m[K’:
[01m[K/home/maroqi/Projects/RobotProjects/ROS2Projects/imu-test/imu_ws/src/imu_madgwick/src/imu_madgwick/imu.cpp:151:66:[m[K [01;31m[Kerror: [m[Kexpected ‘[01m[K;[m[K’ before ‘[01m[Kyaw[m[K’
  151 | "roll " << roll << ", pitch " << pitch << ", yaw "[01;31m[K [m[K[32m[Kyaw[m[K << std::endl;
      |                                                   [01;31m[K^[m[K[32m[K~~~[m[K
      |                                                   [32m[K;[m[K
make[2]: *** [CMakeFiles/imu_madgwick.dir/build.make:89: CMakeFiles/imu_madgwick.dir/src/imu_madgwick/imu.cpp.o] Error 1
make[1]: *** [CMakeFiles/Makefile2:136: CMakeFiles/imu_madgwick.dir/all] Error 2
make: *** [Makefile:141: all] Error 2
