[0.033s] Invoking command in '/home/maroqi/Projects/RobotProjects/ROS2Projects/imu_ws/build/imu_madgwick': CMAKE_PREFIX_PATH=/opt/ros/foxy /usr/bin/cmake --build /home/maroqi/Projects/RobotProjects/ROS2Projects/imu_ws/build/imu_madgwick -- -j2 -l2
[0.175s] -- Found ament_cmake: 0.9.8 (/opt/ros/foxy/share/ament_cmake/cmake)
[0.286s] -- Using PYTHON_EXECUTABLE: /usr/bin/python3
[0.807s] -- Found rclcpp: 2.3.0 (/opt/ros/foxy/share/rclcpp/cmake)
[0.888s] -- Using all available rosidl_typesupport_c: rosidl_typesupport_fastrtps_c;rosidl_typesupport_introspection_c
[0.897s] -- Found rosidl_adapter: 1.2.0 (/opt/ros/foxy/share/rosidl_adapter/cmake)
[1.129s] -- Using all available rosidl_typesupport_cpp: rosidl_typesupport_fastrtps_cpp;rosidl_typesupport_introspection_cpp
[1.261s] -- Found rmw_implementation_cmake: 1.0.2 (/opt/ros/foxy/share/rmw_implementation_cmake/cmake)
[1.265s] -- Using RMW implementation 'rmw_fastrtps_cpp' as default
[1.654s] -- Found sensor_msgs: 2.0.3 (/opt/ros/foxy/share/sensor_msgs/cmake)
[1.957s] -- Found tf2: 0.13.9 (/opt/ros/foxy/share/tf2/cmake)
[1.982s] -- Found tf2_geometry_msgs: 0.13.9 (/opt/ros/foxy/share/tf2_geometry_msgs/cmake)
[1.998s] -- Found eigen3_cmake_module: 0.1.1 (/opt/ros/foxy/share/eigen3_cmake_module/cmake)
[2.985s] -- Found pluginlib: 2.5.3 (/opt/ros/foxy/share/pluginlib/cmake)
[3.045s] -- Found ament_lint_auto: 0.9.6 (/opt/ros/foxy/share/ament_lint_auto/cmake)
[3.232s] -- Added test 'copyright' to check source files copyright and LICENSE
[3.235s] -- Added test 'cppcheck' to perform static code analysis on C / C++ code
[3.235s] -- Configured cppcheck include dirs: $<BUILD_INTERFACE:/home/maroqi/Projects/RobotProjects/ROS2Projects/imu_ws/src/imu_madgwick/include>;/home/maroqi/Projects/RobotProjects/ROS2Projects/imu_ws/src/imu_madgwick/Boost::system;/home/maroqi/Projects/RobotProjects/ROS2Projects/imu_ws/src/imu_madgwick/Boost::thread
[3.236s] -- Configured cppcheck exclude dirs and/or files: 
[3.240s] -- Added test 'cpplint' to check C / C++ code against the Google style
[3.241s] -- Configured cpplint exclude dirs and/or files: 
[3.242s] -- Added test 'lint_cmake' to check CMake code style
[3.244s] -- Added test 'uncrustify' to check C / C++ code style
[3.244s] -- Configured uncrustify additional arguments: 
[3.245s] -- Added test 'xmllint' to check XML markup files
[3.257s] -- Configuring done
[3.313s] -- Generating done
[3.319s] -- Build files have been written to: /home/maroqi/Projects/RobotProjects/ROS2Projects/imu_ws/build/imu_madgwick
[3.445s] [35m[1mScanning dependencies of target imu_madgwick[0m
[3.596s] [ 25%] [32mBuilding CXX object CMakeFiles/imu_madgwick.dir/src/imu_madgwick/imu_filter.cpp.o[0m
[3.787s] [01m[K/home/maroqi/Projects/RobotProjects/ROS2Projects/imu_ws/src/imu_madgwick/src/imu_madgwick/imu_filter.cpp:26:10:[m[K [01;31m[Kfatal error: [m[Kimu_madgwick/imu_filter.h: No such file or directory
[3.787s]    26 | #include [01;31m[K"imu_madgwick/imu_filter.h"[m[K
[3.787s]       |          [01;31m[K^~~~~~~~~~~~~~~~~~~~~~~~~~~[m[K
[3.788s] compilation terminated.
[3.794s] make[2]: *** [CMakeFiles/imu_madgwick.dir/build.make:63: CMakeFiles/imu_madgwick.dir/src/imu_madgwick/imu_filter.cpp.o] Error 1
[3.795s] make[1]: *** [CMakeFiles/Makefile2:78: CMakeFiles/imu_madgwick.dir/all] Error 2
[3.795s] make: *** [Makefile:141: all] Error 2
[3.803s] Invoked command in '/home/maroqi/Projects/RobotProjects/ROS2Projects/imu_ws/build/imu_madgwick' returned '2': CMAKE_PREFIX_PATH=/opt/ros/foxy /usr/bin/cmake --build /home/maroqi/Projects/RobotProjects/ROS2Projects/imu_ws/build/imu_madgwick -- -j2 -l2
