[0.077s] Invoking command in '/home/maroqi/Projects/RobotProjects/ROS2Projects/imu_ws/build/imu_madgwick': CMAKE_PREFIX_PATH=/opt/ros/foxy /usr/bin/cmake --build /home/maroqi/Projects/RobotProjects/ROS2Projects/imu_ws/build/imu_madgwick -- -j2 -l2
[0.379s] -- Found ament_cmake: 0.9.8 (/opt/ros/foxy/share/ament_cmake/cmake)
[0.472s] -- Using PYTHON_EXECUTABLE: /usr/bin/python3
[1.012s] -- Found rclcpp: 2.3.0 (/opt/ros/foxy/share/rclcpp/cmake)
[1.135s] -- Using all available rosidl_typesupport_c: rosidl_typesupport_fastrtps_c;rosidl_typesupport_introspection_c
[1.151s] -- Found rosidl_adapter: 1.2.0 (/opt/ros/foxy/share/rosidl_adapter/cmake)
[1.471s] -- Using all available rosidl_typesupport_cpp: rosidl_typesupport_fastrtps_cpp;rosidl_typesupport_introspection_cpp
[1.659s] -- Found rmw_implementation_cmake: 1.0.2 (/opt/ros/foxy/share/rmw_implementation_cmake/cmake)
[1.665s] -- Using RMW implementation 'rmw_fastrtps_cpp' as default
[2.163s] -- Found sensor_msgs: 2.0.3 (/opt/ros/foxy/share/sensor_msgs/cmake)
[2.509s] -- Found tf2: 0.13.9 (/opt/ros/foxy/share/tf2/cmake)
[2.543s] -- Found tf2_geometry_msgs: 0.13.9 (/opt/ros/foxy/share/tf2_geometry_msgs/cmake)
[2.566s] -- Found eigen3_cmake_module: 0.1.1 (/opt/ros/foxy/share/eigen3_cmake_module/cmake)
[3.725s] -- Found pluginlib: 2.5.3 (/opt/ros/foxy/share/pluginlib/cmake)
[3.807s] -- Found ament_lint_auto: 0.9.6 (/opt/ros/foxy/share/ament_lint_auto/cmake)
[4.022s] -- Added test 'copyright' to check source files copyright and LICENSE
[4.025s] -- Added test 'cppcheck' to perform static code analysis on C / C++ code
[4.026s] -- Configured cppcheck include dirs: $<BUILD_INTERFACE:/home/maroqi/Projects/RobotProjects/ROS2Projects/imu_ws/src/imu_madgwick/include>;/home/maroqi/Projects/RobotProjects/ROS2Projects/imu_ws/src/imu_madgwick/Boost::system;/home/maroqi/Projects/RobotProjects/ROS2Projects/imu_ws/src/imu_madgwick/Boost::thread
[4.027s] -- Configured cppcheck exclude dirs and/or files: 
[4.031s] -- Added test 'cpplint' to check C / C++ code against the Google style
[4.032s] -- Configured cpplint exclude dirs and/or files: 
[4.036s] -- Added test 'lint_cmake' to check CMake code style
[4.043s] -- Added test 'uncrustify' to check C / C++ code style
[4.044s] -- Configured uncrustify additional arguments: 
[4.044s] -- Added test 'xmllint' to check XML markup files
[4.062s] -- Configuring done
[4.074s] CMake Error at CMakeLists.txt:57 (add_executable):
[4.075s]   Cannot find source file:
[4.075s] 
[4.075s]     src/action_manager_main.cpp
[4.075s] 
[4.076s]   Tried extensions .c .C .c++ .cc .cpp .cxx .cu .m .M .mm .h .hh .h++ .hm
[4.076s]   .hpp .hxx .in .txx
[4.076s] 
[4.076s] 
[4.078s] CMake Error at CMakeLists.txt:57 (add_executable):
[4.078s]   No SOURCES given to target: action_manager
[4.078s] 
[4.078s] 
[4.079s] CMake Generate step failed.  Build files cannot be regenerated correctly.
[4.103s] make: *** [Makefile:296: cmake_check_build_system] Error 1
[4.111s] Invoked command in '/home/maroqi/Projects/RobotProjects/ROS2Projects/imu_ws/build/imu_madgwick' returned '2': CMAKE_PREFIX_PATH=/opt/ros/foxy /usr/bin/cmake --build /home/maroqi/Projects/RobotProjects/ROS2Projects/imu_ws/build/imu_madgwick -- -j2 -l2
