[35m[1mScanning dependencies of target imu_madgwick[0m
[ 25%] [32mBuilding CXX object CMakeFiles/imu_madgwick.dir/src/imu_madgwick/imu.cpp.o[0m
[01m[K/home/maroqi/Projects/RobotProjects/imu-test/imu_ws/src/imu_madgwick/src/imu_madgwick/imu.cpp:[m[K In constructor ‘[01m[KImu::Imu(std::string)[m[K’:
[01m[K/home/maroqi/Projects/RobotProjects/imu-test/imu_ws/src/imu_madgwick/src/imu_madgwick/imu.cpp:47:27:[m[K [01;31m[Kerror: [m[Kno matching function for call to ‘[01m[Ktf2_ros::TransformBroadcaster::TransformBroadcaster()[m[K’
   47 |   : rclcpp::Node(node_name[01;31m[K)[m[K{
      |                           [01;31m[K^[m[K
In file included from [01m[K/home/maroqi/Projects/RobotProjects/imu-test/imu_ws/src/imu_madgwick/src/imu_madgwick/imu.cpp:29[m[K:
[01m[K/opt/ros/foxy/include/tf2_ros/transform_broadcaster.h:53:3:[m[K [01;36m[Knote: [m[Kcandidate: ‘[01m[Ktemplate<class NodeT, class AllocatorT> tf2_ros::TransformBroadcaster::TransformBroadcaster(NodeT&&, const rclcpp::QoS&, const rclcpp::PublisherOptionsWithAllocator<AllocatorT>&)[m[K’
   53 |   [01;36m[KTransformBroadcaster[m[K(
      |   [01;36m[K^~~~~~~~~~~~~~~~~~~~[m[K
[01m[K/opt/ros/foxy/include/tf2_ros/transform_broadcaster.h:53:3:[m[K [01;36m[Knote: [m[K  template argument deduction/substitution failed:
[01m[K/home/maroqi/Projects/RobotProjects/imu-test/imu_ws/src/imu_madgwick/src/imu_madgwick/imu.cpp:47:27:[m[K [01;36m[Knote: [m[K  candidate expects 3 arguments, 0 provided
   47 |   : rclcpp::Node(node_name[01;36m[K)[m[K{
      |                           [01;36m[K^[m[K
In file included from [01m[K/home/maroqi/Projects/RobotProjects/imu-test/imu_ws/src/imu_madgwick/src/imu_madgwick/imu.cpp:29[m[K:
[01m[K/opt/ros/foxy/include/tf2_ros/transform_broadcaster.h:49:7:[m[K [01;36m[Knote: [m[Kcandidate: ‘[01m[Ktf2_ros::TransformBroadcaster::TransformBroadcaster(const tf2_ros::TransformBroadcaster&)[m[K’
   49 | class [01;36m[KTransformBroadcaster[m[K{
      |       [01;36m[K^~~~~~~~~~~~~~~~~~~~[m[K
[01m[K/opt/ros/foxy/include/tf2_ros/transform_broadcaster.h:49:7:[m[K [01;36m[Knote: [m[K  candidate expects 1 argument, 0 provided
[01m[K/opt/ros/foxy/include/tf2_ros/transform_broadcaster.h:49:7:[m[K [01;36m[Knote: [m[Kcandidate: ‘[01m[Ktf2_ros::TransformBroadcaster::TransformBroadcaster(tf2_ros::TransformBroadcaster&&)[m[K’
[01m[K/opt/ros/foxy/include/tf2_ros/transform_broadcaster.h:49:7:[m[K [01;36m[Knote: [m[K  candidate expects 1 argument, 0 provided
make[2]: *** [CMakeFiles/imu_madgwick.dir/build.make:89: CMakeFiles/imu_madgwick.dir/src/imu_madgwick/imu.cpp.o] Error 1
make[1]: *** [CMakeFiles/Makefile2:78: CMakeFiles/imu_madgwick.dir/all] Error 2
make: *** [Makefile:141: all] Error 2
