[ 50%] Built target imu_madgwick
[35m[1mScanning dependencies of target imu_main_test[0m
[ 62%] [32mBuilding CXX object CMakeFiles/imu_main_test.dir/src/imu_main_test.cpp.o[0m
[ 75%] [32m[1mLinking CXX executable imu_main_test[0m
[ 75%] Built target imu_main_test
[35m[1mScanning dependencies of target imu_main[0m
[ 87%] [32mBuilding CXX object CMakeFiles/imu_main.dir/src/imu_main.cpp.o[0m
[100%] [32m[1mLinking CXX executable imu_main[0m
[100%] Built target imu_main
-- Install configuration: ""
-- Installing: /home/maroqi/Projects/RobotProjects/imu-test/install/imu_madgwick/./include
-- Installing: /home/maroqi/Projects/RobotProjects/imu-test/install/imu_madgwick/./include/imu_madgwick
-- Installing: /home/maroqi/Projects/RobotProjects/imu-test/install/imu_madgwick/./include/imu_madgwick/imu_filter.hpp
-- Installing: /home/maroqi/Projects/RobotProjects/imu-test/install/imu_madgwick/./include/imu_madgwick/world_frame.hpp
-- Installing: /home/maroqi/Projects/RobotProjects/imu-test/install/imu_madgwick/./include/imu_madgwick/imu.hpp
-- Installing: /home/maroqi/Projects/RobotProjects/imu-test/install/imu_madgwick/./include/imu_madgwick/stateless_orientation.hpp
-- Installing: /home/maroqi/Projects/RobotProjects/imu-test/install/imu_madgwick/lib/libimu_madgwick.a
-- Installing: /home/maroqi/Projects/RobotProjects/imu-test/install/imu_madgwick/lib/imu_madgwick/imu_main
-- Set runtime path of "/home/maroqi/Projects/RobotProjects/imu-test/install/imu_madgwick/lib/imu_madgwick/imu_main" to ""
-- Installing: /home/maroqi/Projects/RobotProjects/imu-test/install/imu_madgwick/lib/imu_madgwick/imu_main_test
-- Set runtime path of "/home/maroqi/Projects/RobotProjects/imu-test/install/imu_madgwick/lib/imu_madgwick/imu_main_test" to ""
-- Installing: /home/maroqi/Projects/RobotProjects/imu-test/install/imu_madgwick/share/imu_madgwick/environment/library_path.sh
-- Installing: /home/maroqi/Projects/RobotProjects/imu-test/install/imu_madgwick/share/imu_madgwick/environment/library_path.dsv
-- Installing: /home/maroqi/Projects/RobotProjects/imu-test/install/imu_madgwick/share/ament_index/resource_index/package_run_dependencies/imu_madgwick
-- Installing: /home/maroqi/Projects/RobotProjects/imu-test/install/imu_madgwick/share/ament_index/resource_index/parent_prefix_path/imu_madgwick
-- Installing: /home/maroqi/Projects/RobotProjects/imu-test/install/imu_madgwick/share/imu_madgwick/environment/ament_prefix_path.sh
-- Installing: /home/maroqi/Projects/RobotProjects/imu-test/install/imu_madgwick/share/imu_madgwick/environment/ament_prefix_path.dsv
-- Installing: /home/maroqi/Projects/RobotProjects/imu-test/install/imu_madgwick/share/imu_madgwick/environment/path.sh
-- Installing: /home/maroqi/Projects/RobotProjects/imu-test/install/imu_madgwick/share/imu_madgwick/environment/path.dsv
-- Installing: /home/maroqi/Projects/RobotProjects/imu-test/install/imu_madgwick/share/imu_madgwick/local_setup.bash
-- Installing: /home/maroqi/Projects/RobotProjects/imu-test/install/imu_madgwick/share/imu_madgwick/local_setup.sh
-- Installing: /home/maroqi/Projects/RobotProjects/imu-test/install/imu_madgwick/share/imu_madgwick/local_setup.zsh
-- Installing: /home/maroqi/Projects/RobotProjects/imu-test/install/imu_madgwick/share/imu_madgwick/local_setup.dsv
-- Installing: /home/maroqi/Projects/RobotProjects/imu-test/install/imu_madgwick/share/imu_madgwick/package.dsv
-- Installing: /home/maroqi/Projects/RobotProjects/imu-test/install/imu_madgwick/share/ament_index/resource_index/packages/imu_madgwick
-- Installing: /home/maroqi/Projects/RobotProjects/imu-test/install/imu_madgwick/share/imu_madgwick/cmake/ament_cmake_export_dependencies-extras.cmake
-- Installing: /home/maroqi/Projects/RobotProjects/imu-test/install/imu_madgwick/share/imu_madgwick/cmake/ament_cmake_export_include_directories-extras.cmake
-- Installing: /home/maroqi/Projects/RobotProjects/imu-test/install/imu_madgwick/share/imu_madgwick/cmake/ament_cmake_export_libraries-extras.cmake
-- Installing: /home/maroqi/Projects/RobotProjects/imu-test/install/imu_madgwick/share/imu_madgwick/cmake/imu_madgwickConfig.cmake
-- Installing: /home/maroqi/Projects/RobotProjects/imu-test/install/imu_madgwick/share/imu_madgwick/cmake/imu_madgwickConfig-version.cmake
-- Installing: /home/maroqi/Projects/RobotProjects/imu-test/install/imu_madgwick/share/imu_madgwick/package.xml
