[35m[1mScanning dependencies of target imu_madgwick[0m
[ 33%] [32mBuilding CXX object CMakeFiles/imu_madgwick.dir/src/imu_madgwick/stateless_orientation.cpp.o[0m
[ 66%] [32m[1mLinking CXX static library libimu_madgwick.a[0m
[100%] Built target imu_madgwick
-- Install configuration: ""
-- Installing: /home/maroqi/Projects/RobotProjects/ROS2Projects/imu_ws/install/imu_madgwick/./include
-- Installing: /home/maroqi/Projects/RobotProjects/ROS2Projects/imu_ws/install/imu_madgwick/./include/imu_madgwick
-- Installing: /home/maroqi/Projects/RobotProjects/ROS2Projects/imu_ws/install/imu_madgwick/./include/imu_madgwick/world_frame.h
-- Installing: /home/maroqi/Projects/RobotProjects/ROS2Projects/imu_ws/install/imu_madgwick/./include/imu_madgwick/stateless_orientation.h
-- Installing: /home/maroqi/Projects/RobotProjects/ROS2Projects/imu_ws/install/imu_madgwick/./include/imu_madgwick/imu_filter.h
-- Installing: /home/maroqi/Projects/RobotProjects/ROS2Projects/imu_ws/install/imu_madgwick/lib/libimu_madgwick.a
-- Installing: /home/maroqi/Projects/RobotProjects/ROS2Projects/imu_ws/install/imu_madgwick/share/imu_madgwick/environment/library_path.sh
-- Installing: /home/maroqi/Projects/RobotProjects/ROS2Projects/imu_ws/install/imu_madgwick/share/imu_madgwick/environment/library_path.dsv
-- Installing: /home/maroqi/Projects/RobotProjects/ROS2Projects/imu_ws/install/imu_madgwick/share/ament_index/resource_index/package_run_dependencies/imu_madgwick
-- Installing: /home/maroqi/Projects/RobotProjects/ROS2Projects/imu_ws/install/imu_madgwick/share/ament_index/resource_index/parent_prefix_path/imu_madgwick
-- Installing: /home/maroqi/Projects/RobotProjects/ROS2Projects/imu_ws/install/imu_madgwick/share/imu_madgwick/environment/ament_prefix_path.sh
-- Installing: /home/maroqi/Projects/RobotProjects/ROS2Projects/imu_ws/install/imu_madgwick/share/imu_madgwick/environment/ament_prefix_path.dsv
-- Installing: /home/maroqi/Projects/RobotProjects/ROS2Projects/imu_ws/install/imu_madgwick/share/imu_madgwick/environment/path.sh
-- Installing: /home/maroqi/Projects/RobotProjects/ROS2Projects/imu_ws/install/imu_madgwick/share/imu_madgwick/environment/path.dsv
-- Installing: /home/maroqi/Projects/RobotProjects/ROS2Projects/imu_ws/install/imu_madgwick/share/imu_madgwick/local_setup.bash
-- Installing: /home/maroqi/Projects/RobotProjects/ROS2Projects/imu_ws/install/imu_madgwick/share/imu_madgwick/local_setup.sh
-- Installing: /home/maroqi/Projects/RobotProjects/ROS2Projects/imu_ws/install/imu_madgwick/share/imu_madgwick/local_setup.zsh
-- Installing: /home/maroqi/Projects/RobotProjects/ROS2Projects/imu_ws/install/imu_madgwick/share/imu_madgwick/local_setup.dsv
-- Installing: /home/maroqi/Projects/RobotProjects/ROS2Projects/imu_ws/install/imu_madgwick/share/imu_madgwick/package.dsv
-- Installing: /home/maroqi/Projects/RobotProjects/ROS2Projects/imu_ws/install/imu_madgwick/share/ament_index/resource_index/packages/imu_madgwick
-- Installing: /home/maroqi/Projects/RobotProjects/ROS2Projects/imu_ws/install/imu_madgwick/share/imu_madgwick/cmake/ament_cmake_export_dependencies-extras.cmake
-- Installing: /home/maroqi/Projects/RobotProjects/ROS2Projects/imu_ws/install/imu_madgwick/share/imu_madgwick/cmake/ament_cmake_export_include_directories-extras.cmake
-- Installing: /home/maroqi/Projects/RobotProjects/ROS2Projects/imu_ws/install/imu_madgwick/share/imu_madgwick/cmake/ament_cmake_export_libraries-extras.cmake
-- Installing: /home/maroqi/Projects/RobotProjects/ROS2Projects/imu_ws/install/imu_madgwick/share/imu_madgwick/cmake/imu_madgwickConfig.cmake
-- Installing: /home/maroqi/Projects/RobotProjects/ROS2Projects/imu_ws/install/imu_madgwick/share/imu_madgwick/cmake/imu_madgwickConfig-version.cmake
-- Installing: /home/maroqi/Projects/RobotProjects/ROS2Projects/imu_ws/install/imu_madgwick/share/imu_madgwick/package.xml
