[0.036s] Invoking command in '/home/maroqi/Projects/RobotProjects/ROS2Projects/imu_ws/build/imu_madgwick': CMAKE_PREFIX_PATH=/opt/ros/foxy /usr/bin/cmake --build /home/maroqi/Projects/RobotProjects/ROS2Projects/imu_ws/build/imu_madgwick -- -j2 -l2
[0.151s] [35m[1mScanning dependencies of target imu_madgwick[0m
[0.237s] [ 33%] [32mBuilding CXX object CMakeFiles/imu_madgwick.dir/src/imu_madgwick/stateless_orientation.cpp.o[0m
[5.801s] [ 66%] [32m[1mLinking CXX static library libimu_madgwick.a[0m
[5.907s] [100%] Built target imu_madgwick
[5.950s] Invoked command in '/home/maroqi/Projects/RobotProjects/ROS2Projects/imu_ws/build/imu_madgwick' returned '0': CMAKE_PREFIX_PATH=/opt/ros/foxy /usr/bin/cmake --build /home/maroqi/Projects/RobotProjects/ROS2Projects/imu_ws/build/imu_madgwick -- -j2 -l2
[6.093s] Invoking command in '/home/maroqi/Projects/RobotProjects/ROS2Projects/imu_ws/build/imu_madgwick': CMAKE_PREFIX_PATH=/opt/ros/foxy /usr/bin/cmake --install /home/maroqi/Projects/RobotProjects/ROS2Projects/imu_ws/build/imu_madgwick
[6.135s] -- Install configuration: ""
[6.137s] -- Installing: /home/maroqi/Projects/RobotProjects/ROS2Projects/imu_ws/install/imu_madgwick/./include
[6.138s] -- Installing: /home/maroqi/Projects/RobotProjects/ROS2Projects/imu_ws/install/imu_madgwick/./include/imu_madgwick
[6.139s] -- Installing: /home/maroqi/Projects/RobotProjects/ROS2Projects/imu_ws/install/imu_madgwick/./include/imu_madgwick/world_frame.h
[6.140s] -- Installing: /home/maroqi/Projects/RobotProjects/ROS2Projects/imu_ws/install/imu_madgwick/./include/imu_madgwick/stateless_orientation.h
[6.141s] -- Installing: /home/maroqi/Projects/RobotProjects/ROS2Projects/imu_ws/install/imu_madgwick/./include/imu_madgwick/imu_filter.h
[6.142s] -- Installing: /home/maroqi/Projects/RobotProjects/ROS2Projects/imu_ws/install/imu_madgwick/lib/libimu_madgwick.a
[6.142s] -- Installing: /home/maroqi/Projects/RobotProjects/ROS2Projects/imu_ws/install/imu_madgwick/share/imu_madgwick/environment/library_path.sh
[6.143s] -- Installing: /home/maroqi/Projects/RobotProjects/ROS2Projects/imu_ws/install/imu_madgwick/share/imu_madgwick/environment/library_path.dsv
[6.144s] -- Installing: /home/maroqi/Projects/RobotProjects/ROS2Projects/imu_ws/install/imu_madgwick/share/ament_index/resource_index/package_run_dependencies/imu_madgwick
[6.146s] -- Installing: /home/maroqi/Projects/RobotProjects/ROS2Projects/imu_ws/install/imu_madgwick/share/ament_index/resource_index/parent_prefix_path/imu_madgwick
[6.146s] -- Installing: /home/maroqi/Projects/RobotProjects/ROS2Projects/imu_ws/install/imu_madgwick/share/imu_madgwick/environment/ament_prefix_path.sh
[6.146s] -- Installing: /home/maroqi/Projects/RobotProjects/ROS2Projects/imu_ws/install/imu_madgwick/share/imu_madgwick/environment/ament_prefix_path.dsv
[6.149s] -- Installing: /home/maroqi/Projects/RobotProjects/ROS2Projects/imu_ws/install/imu_madgwick/share/imu_madgwick/environment/path.sh
[6.150s] -- Installing: /home/maroqi/Projects/RobotProjects/ROS2Projects/imu_ws/install/imu_madgwick/share/imu_madgwick/environment/path.dsv
[6.151s] -- Installing: /home/maroqi/Projects/RobotProjects/ROS2Projects/imu_ws/install/imu_madgwick/share/imu_madgwick/local_setup.bash
[6.152s] -- Installing: /home/maroqi/Projects/RobotProjects/ROS2Projects/imu_ws/install/imu_madgwick/share/imu_madgwick/local_setup.sh
[6.153s] -- Installing: /home/maroqi/Projects/RobotProjects/ROS2Projects/imu_ws/install/imu_madgwick/share/imu_madgwick/local_setup.zsh
[6.155s] -- Installing: /home/maroqi/Projects/RobotProjects/ROS2Projects/imu_ws/install/imu_madgwick/share/imu_madgwick/local_setup.dsv
[6.159s] -- Installing: /home/maroqi/Projects/RobotProjects/ROS2Projects/imu_ws/install/imu_madgwick/share/imu_madgwick/package.dsv
[6.163s] -- Installing: /home/maroqi/Projects/RobotProjects/ROS2Projects/imu_ws/install/imu_madgwick/share/ament_index/resource_index/packages/imu_madgwick
[6.164s] -- Installing: /home/maroqi/Projects/RobotProjects/ROS2Projects/imu_ws/install/imu_madgwick/share/imu_madgwick/cmake/ament_cmake_export_dependencies-extras.cmake
[6.167s] -- Installing: /home/maroqi/Projects/RobotProjects/ROS2Projects/imu_ws/install/imu_madgwick/share/imu_madgwick/cmake/ament_cmake_export_include_directories-extras.cmake
[6.169s] -- Installing: /home/maroqi/Projects/RobotProjects/ROS2Projects/imu_ws/install/imu_madgwick/share/imu_madgwick/cmake/ament_cmake_export_libraries-extras.cmake
[6.171s] -- Installing: /home/maroqi/Projects/RobotProjects/ROS2Projects/imu_ws/install/imu_madgwick/share/imu_madgwick/cmake/imu_madgwickConfig.cmake
[6.173s] -- Installing: /home/maroqi/Projects/RobotProjects/ROS2Projects/imu_ws/install/imu_madgwick/share/imu_madgwick/cmake/imu_madgwickConfig-version.cmake
[6.178s] -- Installing: /home/maroqi/Projects/RobotProjects/ROS2Projects/imu_ws/install/imu_madgwick/share/imu_madgwick/package.xml
[6.193s] Invoked command in '/home/maroqi/Projects/RobotProjects/ROS2Projects/imu_ws/build/imu_madgwick' returned '0': CMAKE_PREFIX_PATH=/opt/ros/foxy /usr/bin/cmake --install /home/maroqi/Projects/RobotProjects/ROS2Projects/imu_ws/build/imu_madgwick
