running develop
Removing /home/maroqi/Projects/RobotProjects/ROS2Projects/imu-test/imu_ws/install/wbt_imu/lib/python3.8/site-packages/wbt-imu.egg-link (link to .)
running egg_info
writing ../../build/wbt_imu/wbt_imu.egg-info/PKG-INFO
writing dependency_links to ../../build/wbt_imu/wbt_imu.egg-info/dependency_links.txt
writing entry points to ../../build/wbt_imu/wbt_imu.egg-info/entry_points.txt
writing requirements to ../../build/wbt_imu/wbt_imu.egg-info/requires.txt
writing top-level names to ../../build/wbt_imu/wbt_imu.egg-info/top_level.txt
reading manifest file '../../build/wbt_imu/wbt_imu.egg-info/SOURCES.txt'
writing manifest file '../../build/wbt_imu/wbt_imu.egg-info/SOURCES.txt'
running build
running build_py
running install
running install_lib
creating /home/maroqi/Projects/RobotProjects/ROS2Projects/imu-test/imu_ws/install/wbt_imu/lib/python3.8/site-packages/wbt_imu
copying /home/maroqi/Projects/RobotProjects/ROS2Projects/imu-test/imu_ws/build/wbt_imu/build/lib/wbt_imu/driver.py -> /home/maroqi/Projects/RobotProjects/ROS2Projects/imu-test/imu_ws/install/wbt_imu/lib/python3.8/site-packages/wbt_imu
copying /home/maroqi/Projects/RobotProjects/ROS2Projects/imu-test/imu_ws/build/wbt_imu/build/lib/wbt_imu/__init__.py -> /home/maroqi/Projects/RobotProjects/ROS2Projects/imu-test/imu_ws/install/wbt_imu/lib/python3.8/site-packages/wbt_imu
byte-compiling /home/maroqi/Projects/RobotProjects/ROS2Projects/imu-test/imu_ws/install/wbt_imu/lib/python3.8/site-packages/wbt_imu/driver.py to driver.cpython-38.pyc
byte-compiling /home/maroqi/Projects/RobotProjects/ROS2Projects/imu-test/imu_ws/install/wbt_imu/lib/python3.8/site-packages/wbt_imu/__init__.py to __init__.cpython-38.pyc
running install_data
running install_egg_info
Copying ../../build/wbt_imu/wbt_imu.egg-info to /home/maroqi/Projects/RobotProjects/ROS2Projects/imu-test/imu_ws/install/wbt_imu/lib/python3.8/site-packages/wbt_imu-0.0.0-py3.8.egg-info
running install_scripts
writing list of installed files to '/home/maroqi/Projects/RobotProjects/ROS2Projects/imu-test/imu_ws/build/wbt_imu/install.log'
