[0.033s] Invoking command in '/home/maroqi/Projects/RobotProjects/ROS2Projects/imu_ws/build/imu_madgwick': CMAKE_PREFIX_PATH=/opt/ros/foxy /usr/bin/cmake --build /home/maroqi/Projects/RobotProjects/ROS2Projects/imu_ws/build/imu_madgwick -- -j2 -l2
[0.179s] [35m[1mScanning dependencies of target imu_madgwick[0m
[0.276s] [ 25%] [32mBuilding CXX object CMakeFiles/imu_madgwick.dir/src/imu_madgwick/imu.cpp.o[0m
[3.960s] In file included from [01m[K/home/maroqi/Projects/RobotProjects/ROS2Projects/imu_ws/src/imu_madgwick/src/imu_madgwick/imu.cpp:37[m[K:
[3.960s] [01m[K/home/maroqi/Projects/RobotProjects/ROS2Projects/imu_ws/src/imu_madgwick/include/imu_madgwick/imu.hpp:80:5:[m[K [01;31m[Kerror: [m[K‘[01m[Kboost[m[K’ does not name a type
[3.963s]    80 |     [01;31m[Kboost[m[K::mutex mutex;
[3.963s]       |     [01;31m[K^~~~~[m[K
[3.964s] [01m[K/home/maroqi/Projects/RobotProjects/ROS2Projects/imu_ws/src/imu_madgwick/include/imu_madgwick/imu.hpp:87:56:[m[K [01;35m[Kwarning: [m[K‘[01m[Ksensor_msgs::msg::Imu_<std::allocator<void> >::ConstPtr[m[K’ is deprecated [[01;35m[K-Wdeprecated-declarations[m[K]
[3.964s]    87 |                         const MagMsg::ConstPtr& mav_msg[01;35m[K)[m[K;
[3.964s]       |                                                        [01;35m[K^[m[K
[3.964s] In file included from [01m[K/opt/ros/foxy/include/sensor_msgs/msg/imu.hpp:7[m[K,
[3.964s]                  from [01m[K/home/maroqi/Projects/RobotProjects/ROS2Projects/imu_ws/src/imu_madgwick/src/imu_madgwick/imu.cpp:26[m[K:
[3.964s] [01m[K/opt/ros/foxy/include/sensor_msgs/msg/detail/imu__struct.hpp:181:5:[m[K [01;36m[Knote: [m[Kdeclared here
[3.964s]   181 |     [01;36m[KConstPtr[m[K;
[3.965s]       |     [01;36m[K^~~~~~~~[m[K
[3.965s] In file included from [01m[K/home/maroqi/Projects/RobotProjects/ROS2Projects/imu_ws/src/imu_madgwick/src/imu_madgwick/imu.cpp:37[m[K:
[3.965s] [01m[K/home/maroqi/Projects/RobotProjects/ROS2Projects/imu_ws/src/imu_madgwick/include/imu_madgwick/imu.hpp:87:56:[m[K [01;35m[Kwarning: [m[K‘[01m[Ksensor_msgs::msg::MagneticField_<std::allocator<void> >::ConstPtr[m[K’ is deprecated [[01;35m[K-Wdeprecated-declarations[m[K]
[3.965s]    87 |                         const MagMsg::ConstPtr& mav_msg[01;35m[K)[m[K;
[3.965s]       |                                                        [01;35m[K^[m[K
[3.965s] In file included from [01m[K/opt/ros/foxy/include/sensor_msgs/msg/magnetic_field.hpp:7[m[K,
[3.966s]                  from [01m[K/home/maroqi/Projects/RobotProjects/ROS2Projects/imu_ws/src/imu_madgwick/src/imu_madgwick/imu.cpp:27[m[K:
[3.966s] [01m[K/opt/ros/foxy/include/sensor_msgs/msg/detail/magnetic_field__struct.hpp:132:5:[m[K [01;36m[Knote: [m[Kdeclared here
[3.966s]   132 |     [01;36m[KConstPtr[m[K;
[3.972s]       |     [01;36m[K^~~~~~~~[m[K
[3.973s] In file included from [01m[K/home/maroqi/Projects/RobotProjects/ROS2Projects/imu_ws/src/imu_madgwick/src/imu_madgwick/imu.cpp:37[m[K:
[3.973s] [01m[K/home/maroqi/Projects/RobotProjects/ROS2Projects/imu_ws/src/imu_madgwick/include/imu_madgwick/imu.hpp:89:57:[m[K [01;35m[Kwarning: [m[K‘[01m[Ksensor_msgs::msg::Imu_<std::allocator<void> >::ConstPtr[m[K’ is deprecated [[01;35m[K-Wdeprecated-declarations[m[K]
[3.973s]    89 |     void imuCallback(const ImuMsg::ConstPtr& imu_msg_raw[01;35m[K)[m[K;
[3.973s]       |                                                         [01;35m[K^[m[K
[3.973s] In file included from [01m[K/opt/ros/foxy/include/sensor_msgs/msg/imu.hpp:7[m[K,
[3.973s]                  from [01m[K/home/maroqi/Projects/RobotProjects/ROS2Projects/imu_ws/src/imu_madgwick/src/imu_madgwick/imu.cpp:26[m[K:
[3.973s] [01m[K/opt/ros/foxy/include/sensor_msgs/msg/detail/imu__struct.hpp:181:5:[m[K [01;36m[Knote: [m[Kdeclared here
[3.974s]   181 |     [01;36m[KConstPtr[m[K;
[3.974s]       |     [01;36m[K^~~~~~~~[m[K
[3.974s] In file included from [01m[K/home/maroqi/Projects/RobotProjects/ROS2Projects/imu_ws/src/imu_madgwick/src/imu_madgwick/imu.cpp:37[m[K:
[3.979s] [01m[K/home/maroqi/Projects/RobotProjects/ROS2Projects/imu_ws/src/imu_madgwick/include/imu_madgwick/imu.hpp:91:64:[m[K [01;35m[Kwarning: [m[K‘[01m[Ksensor_msgs::msg::Imu_<std::allocator<void> >::ConstPtr[m[K’ is deprecated [[01;35m[K-Wdeprecated-declarations[m[K]
[3.980s]    91 |     void publishFilteredMsg(const ImuMsg::ConstPtr& imu_msg_raw[01;35m[K)[m[K;
[3.980s]       |                                                                [01;35m[K^[m[K
[3.980s] In file included from [01m[K/opt/ros/foxy/include/sensor_msgs/msg/imu.hpp:7[m[K,
[3.980s]                  from [01m[K/home/maroqi/Projects/RobotProjects/ROS2Projects/imu_ws/src/imu_madgwick/src/imu_madgwick/imu.cpp:26[m[K:
[3.980s] [01m[K/opt/ros/foxy/include/sensor_msgs/msg/detail/imu__struct.hpp:181:5:[m[K [01;36m[Knote: [m[Kdeclared here
[3.980s]   181 |     [01;36m[KConstPtr[m[K;
[3.980s]       |     [01;36m[K^~~~~~~~[m[K
[3.981s] In file included from [01m[K/home/maroqi/Projects/RobotProjects/ROS2Projects/imu_ws/src/imu_madgwick/src/imu_madgwick/imu.cpp:37[m[K:
[3.981s] [01m[K/home/maroqi/Projects/RobotProjects/ROS2Projects/imu_ws/src/imu_madgwick/include/imu_madgwick/imu.hpp:92:62:[m[K [01;35m[Kwarning: [m[K‘[01m[Ksensor_msgs::msg::Imu_<std::allocator<void> >::ConstPtr[m[K’ is deprecated [[01;35m[K-Wdeprecated-declarations[m[K]
[3.981s]    92 |     void publishTransform(const ImuMsg::ConstPtr& imu_msg_raw[01;35m[K)[m[K;
[3.981s]       |                                                              [01;35m[K^[m[K
[3.981s] In file included from [01m[K/opt/ros/foxy/include/sensor_msgs/msg/imu.hpp:7[m[K,
[3.981s]                  from [01m[K/home/maroqi/Projects/RobotProjects/ROS2Projects/imu_ws/src/imu_madgwick/src/imu_madgwick/imu.cpp:26[m[K:
[3.981s] [01m[K/opt/ros/foxy/include/sensor_msgs/msg/detail/imu__struct.hpp:181:5:[m[K [01;36m[Knote: [m[Kdeclared here
[3.982s]   181 |     [01;36m[KConstPtr[m[K;
[3.982s]       |     [01;36m[K^~~~~~~~[m[K
[3.982s] In file included from [01m[K/home/maroqi/Projects/RobotProjects/ROS2Projects/imu_ws/src/imu_madgwick/src/imu_madgwick/imu.cpp:37[m[K:
[3.982s] [01m[K/home/maroqi/Projects/RobotProjects/ROS2Projects/imu_ws/src/imu_madgwick/include/imu_madgwick/imu.hpp:94:38:[m[K [01;31m[Kerror: [m[K‘[01m[KTimeBase[m[K’ in namespace ‘[01m[Krclcpp[m[K’ does not name a type; did you mean ‘[01m[KTimerBase[m[K’?
[3.982s]    94 |     void publishRawMsg(const rclcpp::[01;31m[KTimeBase[m[K::SharedPtr t,
[3.982s]       |                                      [01;31m[K^~~~~~~~[m[K
[3.983s]       |                                      [32m[KTimerBase[m[K
[3.983s] [01m[K/home/maroqi/Projects/RobotProjects/ROS2Projects/imu_ws/src/imu_madgwick/include/imu_madgwick/imu.hpp:94:58:[m[K [01;31m[Kerror: [m[Kexpected unqualified-id before ‘[01m[Kt[m[K’
[3.983s]    94 |     void publishRawMsg(const rclcpp::TimeBase::SharedPtr [01;31m[Kt[m[K,
[3.983s]       |                                                          [01;31m[K^[m[K
[3.983s] [01m[K/home/maroqi/Projects/RobotProjects/ROS2Projects/imu_ws/src/imu_madgwick/include/imu_madgwick/imu.hpp:94:57:[m[K [01;31m[Kerror: [m[Kexpected ‘[01m[K)[m[K’ before ‘[01m[Kt[m[K’
[3.983s]    94 |     void publishRawMsg[34m[K([m[Kconst rclcpp::TimeBase::SharedPtr[01;31m[K [m[K[32m[Kt[m[K,
[3.983s]       |                       [34m[K~[m[K                                 [01;31m[K^[m[K[32m[K~[m[K
[3.984s]       |                                                         [32m[K)[m[K
[3.984s] [01m[K/home/maroqi/Projects/RobotProjects/ROS2Projects/imu_ws/src/imu_madgwick/include/imu_madgwick/imu.hpp:94:48:[m[K [01;31m[Kerror: [m[Kexpected ‘[01m[K;[m[K’ at end of member declaration
[3.984s]    94 |     void publishRawMsg(const rclcpp::TimeBase::[01;31m[KSharedPtr[m[K t,
[3.984s]       |                                                [01;31m[K^~~~~~~~~[m[K
[3.984s]       |                                                         [32m[K;[m[K
[3.984s] [01m[K/home/maroqi/Projects/RobotProjects/ROS2Projects/imu_ws/src/imu_madgwick/include/imu_madgwick/imu.hpp:94:58:[m[K [01;31m[Kerror: [m[K‘[01m[Kt[m[K’ does not name a type; did you mean ‘[01m[Ktm[m[K’?
[3.984s]    94 |     void publishRawMsg(const rclcpp::TimeBase::SharedPtr [01;31m[Kt[m[K,
[3.985s]       |                                                          [01;31m[K^[m[K
[3.985s]       |                                                          [32m[Ktm[m[K
[3.994s] [01m[K/home/maroqi/Projects/RobotProjects/ROS2Projects/imu_ws/src/imu_madgwick/src/imu_madgwick/imu.cpp:[m[K In constructor ‘[01m[KImu::Imu(std::string)[m[K’:
[3.995s] [01m[K/home/maroqi/Projects/RobotProjects/ROS2Projects/imu_ws/src/imu_madgwick/src/imu_madgwick/imu.cpp:48:20:[m[K [01;31m[Kerror: [m[Kno matching function for call to ‘[01m[Ktf2_ros::TransformBroadcaster::TransformBroadcaster()[m[K’
[3.995s]    48 |   initialized(false[01;31m[K)[m[K
[3.995s]       |                    [01;31m[K^[m[K
[3.996s] In file included from [01m[K/home/maroqi/Projects/RobotProjects/ROS2Projects/imu_ws/src/imu_madgwick/src/imu_madgwick/imu.cpp:29[m[K:
[3.997s] [01m[K/opt/ros/foxy/include/tf2_ros/transform_broadcaster.h:53:3:[m[K [01;36m[Knote: [m[Kcandidate: ‘[01m[Ktemplate<class NodeT, class AllocatorT> tf2_ros::TransformBroadcaster::TransformBroadcaster(NodeT&&, const rclcpp::QoS&, const rclcpp::PublisherOptionsWithAllocator<AllocatorT>&)[m[K’
[3.997s]    53 |   [01;36m[KTransformBroadcaster[m[K(
[3.998s]       |   [01;36m[K^~~~~~~~~~~~~~~~~~~~[m[K
[3.998s] [01m[K/opt/ros/foxy/include/tf2_ros/transform_broadcaster.h:53:3:[m[K [01;36m[Knote: [m[K  template argument deduction/substitution failed:
[3.998s] [01m[K/home/maroqi/Projects/RobotProjects/ROS2Projects/imu_ws/src/imu_madgwick/src/imu_madgwick/imu.cpp:48:20:[m[K [01;36m[Knote: [m[K  candidate expects 3 arguments, 0 provided
[3.999s]    48 |   initialized(false[01;36m[K)[m[K
[4.004s]       |                    [01;36m[K^[m[K
[4.005s] In file included from [01m[K/home/maroqi/Projects/RobotProjects/ROS2Projects/imu_ws/src/imu_madgwick/src/imu_madgwick/imu.cpp:29[m[K:
[4.005s] [01m[K/opt/ros/foxy/include/tf2_ros/transform_broadcaster.h:49:7:[m[K [01;36m[Knote: [m[Kcandidate: ‘[01m[Ktf2_ros::TransformBroadcaster::TransformBroadcaster(const tf2_ros::TransformBroadcaster&)[m[K’
[4.005s]    49 | class [01;36m[KTransformBroadcaster[m[K{
[4.005s]       |       [01;36m[K^~~~~~~~~~~~~~~~~~~~[m[K
[4.005s] [01m[K/opt/ros/foxy/include/tf2_ros/transform_broadcaster.h:49:7:[m[K [01;36m[Knote: [m[K  candidate expects 1 argument, 0 provided
[4.006s] [01m[K/opt/ros/foxy/include/tf2_ros/transform_broadcaster.h:49:7:[m[K [01;36m[Knote: [m[Kcandidate: ‘[01m[Ktf2_ros::TransformBroadcaster::TransformBroadcaster(tf2_ros::TransformBroadcaster&&)[m[K’
[4.006s] [01m[K/opt/ros/foxy/include/tf2_ros/transform_broadcaster.h:49:7:[m[K [01;36m[Knote: [m[K  candidate expects 1 argument, 0 provided
[4.008s] [01m[K/home/maroqi/Projects/RobotProjects/ROS2Projects/imu_ws/src/imu_madgwick/src/imu_madgwick/imu.cpp:66:3:[m[K [01;31m[Kerror: [m[K‘[01m[Kmag_bias_[m[K’ was not declared in this scope; did you mean ‘[01m[Kmag_bias[m[K’?
[4.008s]    66 |   [01;31m[Kmag_bias_[m[K.x = 0.0;
[4.009s]       |   [01;31m[K^~~~~~~~~[m[K
[4.009s]       |   [32m[Kmag_bias[m[K
[4.321s] [01m[K/home/maroqi/Projects/RobotProjects/ROS2Projects/imu_ws/src/imu_madgwick/src/imu_madgwick/imu.cpp:79:66:[m[K [01;31m[Kerror: [m[K‘[01m[K_1[m[K’ was not declared in this scope; did you mean ‘[01m[Kstd::placeholders::_1[m[K’?
[4.322s]    79 |     sync->registerCallback(std::bind(&Imu::imuMagCallback, this, [01;31m[K_1[m[K, _2));
[4.322s]       |                                                                  [01;31m[K^~[m[K
[4.323s]       |                                                                  [32m[Kstd::placeholders::_1[m[K
[4.323s] In file included from [01m[K/opt/ros/foxy/include/rclcpp/context.hpp:19[m[K,
[4.324s]                  from [01m[K/opt/ros/foxy/include/rclcpp/contexts/default_context.hpp:18[m[K,
[4.324s]                  from [01m[K/opt/ros/foxy/include/rclcpp/executor.hpp:32[m[K,
[4.325s]                  from [01m[K/opt/ros/foxy/include/rclcpp/executors/multi_threaded_executor.hpp:25[m[K,
[4.325s]                  from [01m[K/opt/ros/foxy/include/rclcpp/executors.hpp:21[m[K,
[4.325s]                  from [01m[K/opt/ros/foxy/include/rclcpp/rclcpp.hpp:146[m[K,
[4.326s]                  from [01m[K/home/maroqi/Projects/RobotProjects/ROS2Projects/imu_ws/src/imu_madgwick/src/imu_madgwick/imu.cpp:25[m[K:
[4.326s] [01m[K/usr/include/c++/9/functional:211:34:[m[K [01;36m[Knote: [m[K‘[01m[Kstd::placeholders::_1[m[K’ declared here
[4.327s]   211 |     extern const _Placeholder<1> [01;36m[K_1[m[K;
[4.327s]       |                                  [01;36m[K^~[m[K
[4.328s] [01m[K/home/maroqi/Projects/RobotProjects/ROS2Projects/imu_ws/src/imu_madgwick/src/imu_madgwick/imu.cpp:79:70:[m[K [01;31m[Kerror: [m[K‘[01m[K_2[m[K’ was not declared in this scope; did you mean ‘[01m[Kstd::placeholders::_2[m[K’?
[4.329s]    79 |     sync->registerCallback(std::bind(&Imu::imuMagCallback, this, _1, [01;31m[K_2[m[K));
[4.329s]       |                                                                      [01;31m[K^~[m[K
[4.329s]       |                                                                      [32m[Kstd::placeholders::_2[m[K
[4.330s] In file included from [01m[K/opt/ros/foxy/include/rclcpp/context.hpp:19[m[K,
[4.330s]                  from [01m[K/opt/ros/foxy/include/rclcpp/contexts/default_context.hpp:18[m[K,
[4.330s]                  from [01m[K/opt/ros/foxy/include/rclcpp/executor.hpp:32[m[K,
[4.331s]                  from [01m[K/opt/ros/foxy/include/rclcpp/executors/multi_threaded_executor.hpp:25[m[K,
[4.331s]                  from [01m[K/opt/ros/foxy/include/rclcpp/executors.hpp:21[m[K,
[4.331s]                  from [01m[K/opt/ros/foxy/include/rclcpp/rclcpp.hpp:146[m[K,
[4.332s]                  from [01m[K/home/maroqi/Projects/RobotProjects/ROS2Projects/imu_ws/src/imu_madgwick/src/imu_madgwick/imu.cpp:25[m[K:
[4.332s] [01m[K/usr/include/c++/9/functional:212:34:[m[K [01;36m[Knote: [m[K‘[01m[Kstd::placeholders::_2[m[K’ declared here
[4.332s]   212 |     extern const _Placeholder<2> [01;36m[K_2[m[K;
[4.333s]       |                                  [01;36m[K^~[m[K
[4.337s] [01m[K/home/maroqi/Projects/RobotProjects/ROS2Projects/imu_ws/src/imu_madgwick/src/imu_madgwick/imu.cpp:83:5:[m[K [01;31m[Kerror: [m[K‘[01m[Kimu_subscriber_[m[K’ was not declared in this scope; did you mean ‘[01m[Kimu_subscriber[m[K’?
[4.337s]    83 |     [01;31m[Kimu_subscriber_[m[K->registerCallback(&Imu::imuCallback, this);
[4.337s]       |     [01;31m[K^~~~~~~~~~~~~~~[m[K
[4.337s]       |     [32m[Kimu_subscriber[m[K
[4.342s] [01m[K/home/maroqi/Projects/RobotProjects/ROS2Projects/imu_ws/src/imu_madgwick/src/imu_madgwick/imu.cpp:85:5:[m[K [01;31m[Kerror: [m[K‘[01m[Ktimer_[m[K’ was not declared in this scope; did you mean ‘[01m[Ktimer_t[m[K’?
[4.342s]    85 |     [01;31m[Ktimer_[m[K = (
[4.342s]       |     [01;31m[K^~~~~~[m[K
[4.342s]       |     [32m[Ktimer_t[m[K
[4.342s] [01m[K/home/maroqi/Projects/RobotProjects/ROS2Projects/imu_ws/src/imu_madgwick/src/imu_madgwick/imu.cpp:86:7:[m[K [01;31m[Kerror: [m[Kunable to find numeric literal operator ‘[01m[Koperator""ms[m[K’
[4.343s]    86 |       [01;31m[K500ms[m[K, std::bind(&MinimalPublisher::timer_callback, this));
[4.343s]       |       [01;31m[K^~~~~[m[K
[4.343s] [01m[K/home/maroqi/Projects/RobotProjects/ROS2Projects/imu_ws/src/imu_madgwick/src/imu_madgwick/imu.cpp:86:25:[m[K [01;31m[Kerror: [m[K‘[01m[KMinimalPublisher[m[K’ has not been declared
[4.343s]    86 |       500ms, std::bind(&[01;31m[KMinimalPublisher[m[K::timer_callback, this));
[4.344s]       |                         [01;31m[K^~~~~~~~~~~~~~~~[m[K
[4.344s] [01m[K/home/maroqi/Projects/RobotProjects/ROS2Projects/imu_ws/src/imu_madgwick/src/imu_madgwick/imu.cpp:88:48:[m[K [01;31m[Kerror: [m[Kunable to find numeric literal operator ‘[01m[Koperator""ms[m[K’
[4.345s]    88 |   check_topics_timer = this->create_wall_timer([01;31m[K10ms[m[K, std::bind(&Imu::checkTopicsTimerCallback, this));
[4.345s]       |                                                [01;31m[K^~~~[m[K
[4.369s] [01m[K/home/maroqi/Projects/RobotProjects/ROS2Projects/imu_ws/src/imu_madgwick/src/imu_madgwick/imu.cpp:[m[K At global scope:
[4.369s] [01m[K/home/maroqi/Projects/RobotProjects/ROS2Projects/imu_ws/src/imu_madgwick/src/imu_madgwick/imu.cpp:96:6:[m[K [01;31m[Kerror: [m[Kno declaration matches ‘[01m[Kvoid Imu::imuCallback(sensor_msgs::msg::Imu_<std::allocator<void> >::SharedPtr) const[m[K’
[4.369s]    96 | void [01;31m[KImu[m[K::imuCallback(const ImuMsg::SharedPtr imu_msg_raw) const
[4.369s]       |      [01;31m[K^~~[m[K
[4.370s] In file included from [01m[K/home/maroqi/Projects/RobotProjects/ROS2Projects/imu_ws/src/imu_madgwick/src/imu_madgwick/imu.cpp:37[m[K:
[4.370s] [01m[K/home/maroqi/Projects/RobotProjects/ROS2Projects/imu_ws/src/imu_madgwick/include/imu_madgwick/imu.hpp:89:10:[m[K [01;36m[Knote: [m[Kcandidate is: ‘[01m[Kvoid Imu::imuCallback(const ConstPtr&)[m[K’
[4.371s]    89 |     void [01;36m[KimuCallback[m[K(const ImuMsg::ConstPtr& imu_msg_raw);
[4.371s]       |          [01;36m[K^~~~~~~~~~~[m[K
[4.371s] [01m[K/home/maroqi/Projects/RobotProjects/ROS2Projects/imu_ws/src/imu_madgwick/include/imu_madgwick/imu.hpp:43:7:[m[K [01;36m[Knote: [m[K‘[01m[Kclass Imu[m[K’ defined here
[4.372s]    43 | class [01;36m[KImu[m[K : public rclcpp::Node
[4.372s]       |       [01;36m[K^~~[m[K
[4.372s] [01m[K/home/maroqi/Projects/RobotProjects/ROS2Projects/imu_ws/src/imu_madgwick/src/imu_madgwick/imu.cpp:150:6:[m[K [01;31m[Kerror: [m[Kno declaration matches ‘[01m[Kvoid Imu::imuMagCallback(sensor_msgs::msg::Imu_<std::allocator<void> >::SharedPtr, sensor_msgs::msg::MagneticField_<std::allocator<void> >::SharedPtr)[m[K’
[4.373s]   150 | void [01;31m[KImu[m[K::imuMagCallback(
[4.373s]       |      [01;31m[K^~~[m[K
[4.373s] In file included from [01m[K/home/maroqi/Projects/RobotProjects/ROS2Projects/imu_ws/src/imu_madgwick/src/imu_madgwick/imu.cpp:37[m[K:
[4.374s] [01m[K/home/maroqi/Projects/RobotProjects/ROS2Projects/imu_ws/src/imu_madgwick/include/imu_madgwick/imu.hpp:86:10:[m[K [01;36m[Knote: [m[Kcandidate is: ‘[01m[Kvoid Imu::imuMagCallback(const ConstPtr&, const ConstPtr&)[m[K’
[4.374s]    86 |     void [01;36m[KimuMagCallback[m[K(const ImuMsg::ConstPtr& imu_msg_raw,
[4.374s]       |          [01;36m[K^~~~~~~~~~~~~~[m[K
[4.375s] [01m[K/home/maroqi/Projects/RobotProjects/ROS2Projects/imu_ws/src/imu_madgwick/include/imu_madgwick/imu.hpp:43:7:[m[K [01;36m[Knote: [m[K‘[01m[Kclass Imu[m[K’ defined here
[4.375s]    43 | class [01;36m[KImu[m[K : public rclcpp::Node
[4.375s]       |       [01;36m[K^~~[m[K
[4.376s] [01m[K/home/maroqi/Projects/RobotProjects/ROS2Projects/imu_ws/src/imu_madgwick/src/imu_madgwick/imu.cpp:229:6:[m[K [01;31m[Kerror: [m[Kno declaration matches ‘[01m[Kvoid Imu::publishTransform(sensor_msgs::msg::Imu_<std::allocator<void> >::SharedPtr)[m[K’
[4.376s]   229 | void [01;31m[KImu[m[K::publishTransform(const ImuMsg::SharedPtr imu_msg_raw)
[4.376s]       |      [01;31m[K^~~[m[K
[4.377s] In file included from [01m[K/home/maroqi/Projects/RobotProjects/ROS2Projects/imu_ws/src/imu_madgwick/src/imu_madgwick/imu.cpp:37[m[K:
[4.377s] [01m[K/home/maroqi/Projects/RobotProjects/ROS2Projects/imu_ws/src/imu_madgwick/include/imu_madgwick/imu.hpp:92:10:[m[K [01;36m[Knote: [m[Kcandidate is: ‘[01m[Kvoid Imu::publishTransform(const ConstPtr&)[m[K’
[4.377s]    92 |     void [01;36m[KpublishTransform[m[K(const ImuMsg::ConstPtr& imu_msg_raw);
[4.377s]       |          [01;36m[K^~~~~~~~~~~~~~~~[m[K
[4.378s] [01m[K/home/maroqi/Projects/RobotProjects/ROS2Projects/imu_ws/src/imu_madgwick/include/imu_madgwick/imu.hpp:43:7:[m[K [01;36m[Knote: [m[K‘[01m[Kclass Imu[m[K’ defined here
[4.378s]    43 | class [01;36m[KImu[m[K : public rclcpp::Node
[4.378s]       |       [01;36m[K^~~[m[K
[4.379s] [01m[K/home/maroqi/Projects/RobotProjects/ROS2Projects/imu_ws/src/imu_madgwick/src/imu_madgwick/imu.cpp:256:6:[m[K [01;31m[Kerror: [m[Kno declaration matches ‘[01m[Kvoid Imu::publishFilteredMsg(sensor_msgs::msg::Imu_<std::allocator<void> >::SharedPtr)[m[K’
[4.379s]   256 | void [01;31m[KImu[m[K::publishFilteredMsg(const ImuMsg::SharedPtr imu_msg_raw)
[4.379s]       |      [01;31m[K^~~[m[K
[4.379s] In file included from [01m[K/home/maroqi/Projects/RobotProjects/ROS2Projects/imu_ws/src/imu_madgwick/src/imu_madgwick/imu.cpp:37[m[K:
[4.379s] [01m[K/home/maroqi/Projects/RobotProjects/ROS2Projects/imu_ws/src/imu_madgwick/include/imu_madgwick/imu.hpp:91:10:[m[K [01;36m[Knote: [m[Kcandidate is: ‘[01m[Kvoid Imu::publishFilteredMsg(const ConstPtr&)[m[K’
[4.380s]    91 |     void [01;36m[KpublishFilteredMsg[m[K(const ImuMsg::ConstPtr& imu_msg_raw);
[4.380s]       |          [01;36m[K^~~~~~~~~~~~~~~~~~[m[K
[4.380s] [01m[K/home/maroqi/Projects/RobotProjects/ROS2Projects/imu_ws/src/imu_madgwick/include/imu_madgwick/imu.hpp:43:7:[m[K [01;36m[Knote: [m[K‘[01m[Kclass Imu[m[K’ defined here
[4.380s]    43 | class [01;36m[KImu[m[K : public rclcpp::Node
[4.380s]       |       [01;36m[K^~~[m[K
[11.513s] make[2]: *** [CMakeFiles/imu_madgwick.dir/build.make:89: CMakeFiles/imu_madgwick.dir/src/imu_madgwick/imu.cpp.o] Error 1
[11.513s] make[1]: *** [CMakeFiles/Makefile2:78: CMakeFiles/imu_madgwick.dir/all] Error 2
[11.513s] make: *** [Makefile:141: all] Error 2
[11.518s] Invoked command in '/home/maroqi/Projects/RobotProjects/ROS2Projects/imu_ws/build/imu_madgwick' returned '2': CMAKE_PREFIX_PATH=/opt/ros/foxy /usr/bin/cmake --build /home/maroqi/Projects/RobotProjects/ROS2Projects/imu_ws/build/imu_madgwick -- -j2 -l2
