-- Found ament_cmake: 0.9.8 (/opt/ros/foxy/share/ament_cmake/cmake)
-- Using PYTHON_EXECUTABLE: /usr/bin/python3
-- Override CMake install command with custom implementation using symlinks instead of copying resources
-- Found rclcpp: 2.3.0 (/opt/ros/foxy/share/rclcpp/cmake)
-- Using all available rosidl_typesupport_c: rosidl_typesupport_fastrtps_c;rosidl_typesupport_introspection_c
-- Found rosidl_adapter: 1.2.0 (/opt/ros/foxy/share/rosidl_adapter/cmake)
-- Using all available rosidl_typesupport_cpp: rosidl_typesupport_fastrtps_cpp;rosidl_typesupport_introspection_cpp
-- Found rmw_implementation_cmake: 1.0.2 (/opt/ros/foxy/share/rmw_implementation_cmake/cmake)
-- Using RMW implementation 'rmw_fastrtps_cpp' as default
-- Found sensor_msgs: 2.0.3 (/opt/ros/foxy/share/sensor_msgs/cmake)
-- Found ament_lint_auto: 0.9.6 (/opt/ros/foxy/share/ament_lint_auto/cmake)
-- Added test 'copyright' to check source files copyright and LICENSE
-- Added test 'cppcheck' to perform static code analysis on C / C++ code
-- Configured cppcheck include dirs: $<BUILD_INTERFACE:/home/maroqi/Projects/RobotProjects/ROS2Projects/imu-test/imu_ws/src/imu_madgwick/include>
-- Configured cppcheck exclude dirs and/or files: 
-- Added test 'cpplint' to check C / C++ code against the Google style
-- Configured cpplint exclude dirs and/or files: 
-- Added test 'flake8' to check Python code syntax and style conventions
-- Added test 'lint_cmake' to check CMake code style
-- Added test 'pep257' to check Python code against some of the style conventions in PEP 257
-- Added test 'uncrustify' to check C / C++ code style
-- Configured uncrustify additional arguments: 
-- Added test 'xmllint' to check XML markup files
-- Configuring done
-- Generating done
-- Build files have been written to: /home/maroqi/Projects/RobotProjects/ROS2Projects/imu-test/imu_ws/build/imu_madgwick
[ 50%] Built target imu_madgwick
[ 62%] [32m[1mLinking CXX executable imu_main[0m
[ 87%] Built target imu_main_test
/usr/bin/ld: libimu_madgwick.a(imu.cpp.o): in function `Imu::Imu(std::__cxx11::basic_string<char, std::char_traits<char>, std::allocator<char> >)':
imu.cpp:(.text+0x73c): undefined reference to `FusionBiasInitialise'
/usr/bin/ld: imu.cpp:(.text+0x759): undefined reference to `FusionAhrsInitialise'
/usr/bin/ld: libimu_madgwick.a(imu.cpp.o): in function `Imu::imuCallback(std::shared_ptr<sensor_msgs::msg::Imu_<std::allocator<void> > >)':
imu.cpp:(.text+0x2093): undefined reference to `FusionBiasUpdate'
/usr/bin/ld: imu.cpp:(.text+0x2101): undefined reference to `FusionAhrsUpdateWithoutMagnetometer'
/usr/bin/ld: imu.cpp:(.text+0x2116): undefined reference to `FusionAhrsGetQuaternion'
collect2: error: ld returned 1 exit status
make[2]: *** [CMakeFiles/imu_main.dir/build.make:142: imu_main] Error 1
make[1]: *** [CMakeFiles/Makefile2:109: CMakeFiles/imu_main.dir/all] Error 2
make: *** [Makefile:141: all] Error 2
