[35m[1mScanning dependencies of target imu_madgwick[0m
[ 25%] [32mBuilding CXX object CMakeFiles/imu_madgwick.dir/src/imu_madgwick/imu.cpp.o[0m
[ 50%] [32m[1mLinking CXX static library libimu_madgwick.a[0m
[100%] Built target imu_madgwick
-- Install configuration: ""
-- Up-to-date: /home/maroqi/Projects/RobotProjects/imu-test/imu_ws/install/imu_madgwick/./include
-- Up-to-date: /home/maroqi/Projects/RobotProjects/imu-test/imu_ws/install/imu_madgwick/./include/imu_madgwick
-- Up-to-date: /home/maroqi/Projects/RobotProjects/imu-test/imu_ws/install/imu_madgwick/./include/imu_madgwick/imu_filter.hpp
-- Up-to-date: /home/maroqi/Projects/RobotProjects/imu-test/imu_ws/install/imu_madgwick/./include/imu_madgwick/world_frame.hpp
-- Installing: /home/maroqi/Projects/RobotProjects/imu-test/imu_ws/install/imu_madgwick/./include/imu_madgwick/imu.hpp
-- Up-to-date: /home/maroqi/Projects/RobotProjects/imu-test/imu_ws/install/imu_madgwick/./include/imu_madgwick/stateless_orientation.hpp
-- Installing: /home/maroqi/Projects/RobotProjects/imu-test/imu_ws/install/imu_madgwick/lib/libimu_madgwick.a
-- Up-to-date: /home/maroqi/Projects/RobotProjects/imu-test/imu_ws/install/imu_madgwick/share/imu_madgwick/environment/library_path.sh
-- Up-to-date: /home/maroqi/Projects/RobotProjects/imu-test/imu_ws/install/imu_madgwick/share/imu_madgwick/environment/library_path.dsv
-- Up-to-date: /home/maroqi/Projects/RobotProjects/imu-test/imu_ws/install/imu_madgwick/share/ament_index/resource_index/package_run_dependencies/imu_madgwick
-- Up-to-date: /home/maroqi/Projects/RobotProjects/imu-test/imu_ws/install/imu_madgwick/share/ament_index/resource_index/parent_prefix_path/imu_madgwick
-- Up-to-date: /home/maroqi/Projects/RobotProjects/imu-test/imu_ws/install/imu_madgwick/share/imu_madgwick/environment/ament_prefix_path.sh
-- Up-to-date: /home/maroqi/Projects/RobotProjects/imu-test/imu_ws/install/imu_madgwick/share/imu_madgwick/environment/ament_prefix_path.dsv
-- Up-to-date: /home/maroqi/Projects/RobotProjects/imu-test/imu_ws/install/imu_madgwick/share/imu_madgwick/environment/path.sh
-- Up-to-date: /home/maroqi/Projects/RobotProjects/imu-test/imu_ws/install/imu_madgwick/share/imu_madgwick/environment/path.dsv
-- Up-to-date: /home/maroqi/Projects/RobotProjects/imu-test/imu_ws/install/imu_madgwick/share/imu_madgwick/local_setup.bash
-- Up-to-date: /home/maroqi/Projects/RobotProjects/imu-test/imu_ws/install/imu_madgwick/share/imu_madgwick/local_setup.sh
-- Up-to-date: /home/maroqi/Projects/RobotProjects/imu-test/imu_ws/install/imu_madgwick/share/imu_madgwick/local_setup.zsh
-- Up-to-date: /home/maroqi/Projects/RobotProjects/imu-test/imu_ws/install/imu_madgwick/share/imu_madgwick/local_setup.dsv
-- Installing: /home/maroqi/Projects/RobotProjects/imu-test/imu_ws/install/imu_madgwick/share/imu_madgwick/package.dsv
-- Up-to-date: /home/maroqi/Projects/RobotProjects/imu-test/imu_ws/install/imu_madgwick/share/ament_index/resource_index/packages/imu_madgwick
-- Up-to-date: /home/maroqi/Projects/RobotProjects/imu-test/imu_ws/install/imu_madgwick/share/imu_madgwick/cmake/ament_cmake_export_dependencies-extras.cmake
-- Up-to-date: /home/maroqi/Projects/RobotProjects/imu-test/imu_ws/install/imu_madgwick/share/imu_madgwick/cmake/ament_cmake_export_include_directories-extras.cmake
-- Up-to-date: /home/maroqi/Projects/RobotProjects/imu-test/imu_ws/install/imu_madgwick/share/imu_madgwick/cmake/ament_cmake_export_libraries-extras.cmake
-- Up-to-date: /home/maroqi/Projects/RobotProjects/imu-test/imu_ws/install/imu_madgwick/share/imu_madgwick/cmake/imu_madgwickConfig.cmake
-- Up-to-date: /home/maroqi/Projects/RobotProjects/imu-test/imu_ws/install/imu_madgwick/share/imu_madgwick/cmake/imu_madgwickConfig-version.cmake
-- Up-to-date: /home/maroqi/Projects/RobotProjects/imu-test/imu_ws/install/imu_madgwick/share/imu_madgwick/package.xml
