[0.036s] Invoking command in '/home/maroqi/Projects/RobotProjects/imu-test/imu_ws/build/imu_madgwick': CMAKE_PREFIX_PATH=/opt/ros/foxy /usr/bin/cmake --build /home/maroqi/Projects/RobotProjects/imu-test/imu_ws/build/imu_madgwick -- -j2 -l2
[0.191s] [35m[1mScanning dependencies of target imu_madgwick[0m
[0.322s] [ 25%] [32mBuilding CXX object CMakeFiles/imu_madgwick.dir/src/imu_madgwick/imu.cpp.o[0m
[16.363s] [ 50%] [32m[1mLinking CXX static library libimu_madgwick.a[0m
[16.663s] [100%] Built target imu_madgwick
[16.704s] Invoked command in '/home/maroqi/Projects/RobotProjects/imu-test/imu_ws/build/imu_madgwick' returned '0': CMAKE_PREFIX_PATH=/opt/ros/foxy /usr/bin/cmake --build /home/maroqi/Projects/RobotProjects/imu-test/imu_ws/build/imu_madgwick -- -j2 -l2
[16.856s] Invoking command in '/home/maroqi/Projects/RobotProjects/imu-test/imu_ws/build/imu_madgwick': CMAKE_PREFIX_PATH=/opt/ros/foxy /usr/bin/cmake --install /home/maroqi/Projects/RobotProjects/imu-test/imu_ws/build/imu_madgwick
[16.913s] -- Install configuration: ""
[16.913s] -- Up-to-date: /home/maroqi/Projects/RobotProjects/imu-test/imu_ws/install/imu_madgwick/./include
[16.914s] -- Up-to-date: /home/maroqi/Projects/RobotProjects/imu-test/imu_ws/install/imu_madgwick/./include/imu_madgwick
[16.915s] -- Up-to-date: /home/maroqi/Projects/RobotProjects/imu-test/imu_ws/install/imu_madgwick/./include/imu_madgwick/imu_filter.hpp
[16.919s] -- Up-to-date: /home/maroqi/Projects/RobotProjects/imu-test/imu_ws/install/imu_madgwick/./include/imu_madgwick/world_frame.hpp
[16.920s] -- Installing: /home/maroqi/Projects/RobotProjects/imu-test/imu_ws/install/imu_madgwick/./include/imu_madgwick/imu.hpp
[16.921s] -- Up-to-date: /home/maroqi/Projects/RobotProjects/imu-test/imu_ws/install/imu_madgwick/./include/imu_madgwick/stateless_orientation.hpp
[16.921s] -- Installing: /home/maroqi/Projects/RobotProjects/imu-test/imu_ws/install/imu_madgwick/lib/libimu_madgwick.a
[16.964s] -- Up-to-date: /home/maroqi/Projects/RobotProjects/imu-test/imu_ws/install/imu_madgwick/share/imu_madgwick/environment/library_path.sh
[16.965s] -- Up-to-date: /home/maroqi/Projects/RobotProjects/imu-test/imu_ws/install/imu_madgwick/share/imu_madgwick/environment/library_path.dsv
[16.966s] -- Up-to-date: /home/maroqi/Projects/RobotProjects/imu-test/imu_ws/install/imu_madgwick/share/ament_index/resource_index/package_run_dependencies/imu_madgwick
[16.966s] -- Up-to-date: /home/maroqi/Projects/RobotProjects/imu-test/imu_ws/install/imu_madgwick/share/ament_index/resource_index/parent_prefix_path/imu_madgwick
[16.973s] -- Up-to-date: /home/maroqi/Projects/RobotProjects/imu-test/imu_ws/install/imu_madgwick/share/imu_madgwick/environment/ament_prefix_path.sh
[16.973s] -- Up-to-date: /home/maroqi/Projects/RobotProjects/imu-test/imu_ws/install/imu_madgwick/share/imu_madgwick/environment/ament_prefix_path.dsv
[16.973s] -- Up-to-date: /home/maroqi/Projects/RobotProjects/imu-test/imu_ws/install/imu_madgwick/share/imu_madgwick/environment/path.sh
[16.974s] -- Up-to-date: /home/maroqi/Projects/RobotProjects/imu-test/imu_ws/install/imu_madgwick/share/imu_madgwick/environment/path.dsv
[16.974s] -- Up-to-date: /home/maroqi/Projects/RobotProjects/imu-test/imu_ws/install/imu_madgwick/share/imu_madgwick/local_setup.bash
[16.974s] -- Up-to-date: /home/maroqi/Projects/RobotProjects/imu-test/imu_ws/install/imu_madgwick/share/imu_madgwick/local_setup.sh
[16.974s] -- Up-to-date: /home/maroqi/Projects/RobotProjects/imu-test/imu_ws/install/imu_madgwick/share/imu_madgwick/local_setup.zsh
[16.974s] -- Up-to-date: /home/maroqi/Projects/RobotProjects/imu-test/imu_ws/install/imu_madgwick/share/imu_madgwick/local_setup.dsv
[16.975s] -- Installing: /home/maroqi/Projects/RobotProjects/imu-test/imu_ws/install/imu_madgwick/share/imu_madgwick/package.dsv
[16.975s] -- Up-to-date: /home/maroqi/Projects/RobotProjects/imu-test/imu_ws/install/imu_madgwick/share/ament_index/resource_index/packages/imu_madgwick
[16.975s] -- Up-to-date: /home/maroqi/Projects/RobotProjects/imu-test/imu_ws/install/imu_madgwick/share/imu_madgwick/cmake/ament_cmake_export_dependencies-extras.cmake
[16.975s] -- Up-to-date: /home/maroqi/Projects/RobotProjects/imu-test/imu_ws/install/imu_madgwick/share/imu_madgwick/cmake/ament_cmake_export_include_directories-extras.cmake
[16.976s] -- Up-to-date: /home/maroqi/Projects/RobotProjects/imu-test/imu_ws/install/imu_madgwick/share/imu_madgwick/cmake/ament_cmake_export_libraries-extras.cmake
[16.976s] -- Up-to-date: /home/maroqi/Projects/RobotProjects/imu-test/imu_ws/install/imu_madgwick/share/imu_madgwick/cmake/imu_madgwickConfig.cmake
[16.976s] -- Up-to-date: /home/maroqi/Projects/RobotProjects/imu-test/imu_ws/install/imu_madgwick/share/imu_madgwick/cmake/imu_madgwickConfig-version.cmake
[16.977s] -- Up-to-date: /home/maroqi/Projects/RobotProjects/imu-test/imu_ws/install/imu_madgwick/share/imu_madgwick/package.xml
[16.985s] Invoked command in '/home/maroqi/Projects/RobotProjects/imu-test/imu_ws/build/imu_madgwick' returned '0': CMAKE_PREFIX_PATH=/opt/ros/foxy /usr/bin/cmake --install /home/maroqi/Projects/RobotProjects/imu-test/imu_ws/build/imu_madgwick
