[1.350s] DEBUG:colcon:Command line arguments: ['/usr/bin/colcon', 'build']
[1.350s] DEBUG:colcon:Parsed command line arguments: Namespace(ament_cmake_args=None, base_paths=['.'], build_base='build', catkin_cmake_args=None, catkin_skip_building_tests=False, cmake_args=None, cmake_clean_cache=False, cmake_clean_first=False, cmake_force_configure=False, cmake_target=None, cmake_target_skip_unavailable=False, continue_on_error=False, event_handlers=None, executor='parallel', ignore_user_meta=False, install_base='install', log_base=None, log_level=None, main=<bound method BuildVerb.main of <colcon_core.verb.build.BuildVerb object at 0x7fa373781610>>, merge_install=False, metas=['./colcon.meta'], packages_above=None, packages_above_and_dependencies=None, packages_above_depth=None, packages_end=None, packages_ignore=None, packages_ignore_regex=None, packages_select=None, packages_select_build_failed=False, packages_select_by_dep=None, packages_select_regex=None, packages_select_test_failures=False, packages_skip=None, packages_skip_build_finished=False, packages_skip_by_dep=None, packages_skip_regex=None, packages_skip_test_passed=False, packages_skip_up_to=None, packages_start=None, packages_up_to=None, packages_up_to_regex=None, parallel_workers=2, paths=None, symlink_install=False, test_result_base=None, verb_extension=<colcon_core.verb.build.BuildVerb object at 0x7fa373781610>, verb_name='build', verb_parser=<colcon_defaults.argument_parser.defaults.DefaultArgumentsDecorator object at 0x7fa373781b50>)
[1.377s] Level 1:colcon.colcon_core.package_discovery:discover_packages(colcon_meta) check parameters
[1.377s] Level 1:colcon.colcon_core.package_discovery:discover_packages(recursive) check parameters
[1.378s] Level 1:colcon.colcon_core.package_discovery:discover_packages(ignore) check parameters
[1.378s] Level 1:colcon.colcon_core.package_discovery:discover_packages(path) check parameters
[1.378s] Level 1:colcon.colcon_core.package_discovery:discover_packages(colcon_meta) discover
[1.378s] Level 1:colcon.colcon_core.package_discovery:discover_packages(recursive) discover
[1.378s] INFO:colcon.colcon_core.package_discovery:Crawling recursively for packages in '/home/maroqi/Projects/RobotProjects/ROS2Projects/imu-test/imu_ws'
[1.378s] Level 1:colcon.colcon_core.package_identification:_identify(.) by extensions ['ignore', 'ignore_ament_install']
[1.378s] Level 1:colcon.colcon_core.package_identification:_identify(.) by extension 'ignore'
[1.379s] Level 1:colcon.colcon_core.package_identification:_identify(.) by extension 'ignore_ament_install'
[1.379s] Level 1:colcon.colcon_core.package_identification:_identify(.) by extensions ['colcon_pkg']
[1.379s] Level 1:colcon.colcon_core.package_identification:_identify(.) by extension 'colcon_pkg'
[1.379s] Level 1:colcon.colcon_core.package_identification:_identify(.) by extensions ['colcon_meta']
[1.379s] Level 1:colcon.colcon_core.package_identification:_identify(.) by extension 'colcon_meta'
[1.379s] Level 1:colcon.colcon_core.package_identification:_identify(.) by extensions ['ros']
[1.379s] Level 1:colcon.colcon_core.package_identification:_identify(.) by extension 'ros'
[1.425s] Level 1:colcon.colcon_core.package_identification:_identify(.) by extensions ['cmake', 'python']
[1.425s] Level 1:colcon.colcon_core.package_identification:_identify(.) by extension 'cmake'
[1.425s] Level 1:colcon.colcon_core.package_identification:_identify(.) by extension 'python'
[1.426s] Level 1:colcon.colcon_core.package_identification:_identify(.) by extensions ['python_setup_py']
[1.426s] Level 1:colcon.colcon_core.package_identification:_identify(.) by extension 'python_setup_py'
[1.427s] Level 1:colcon.colcon_core.package_identification:_identify(build) by extensions ['ignore', 'ignore_ament_install']
[1.427s] Level 1:colcon.colcon_core.package_identification:_identify(build) by extension 'ignore'
[1.427s] Level 1:colcon.colcon_core.package_identification:_identify(build) ignored
[1.428s] Level 1:colcon.colcon_core.package_identification:_identify(install) by extensions ['ignore', 'ignore_ament_install']
[1.428s] Level 1:colcon.colcon_core.package_identification:_identify(install) by extension 'ignore'
[1.429s] Level 1:colcon.colcon_core.package_identification:_identify(install) ignored
[1.429s] Level 1:colcon.colcon_core.package_identification:_identify(log) by extensions ['ignore', 'ignore_ament_install']
[1.430s] Level 1:colcon.colcon_core.package_identification:_identify(log) by extension 'ignore'
[1.430s] Level 1:colcon.colcon_core.package_identification:_identify(log) ignored
[1.431s] Level 1:colcon.colcon_core.package_identification:_identify(src) by extensions ['ignore', 'ignore_ament_install']
[1.431s] Level 1:colcon.colcon_core.package_identification:_identify(src) by extension 'ignore'
[1.431s] Level 1:colcon.colcon_core.package_identification:_identify(src) by extension 'ignore_ament_install'
[1.431s] Level 1:colcon.colcon_core.package_identification:_identify(src) by extensions ['colcon_pkg']
[1.432s] Level 1:colcon.colcon_core.package_identification:_identify(src) by extension 'colcon_pkg'
[1.432s] Level 1:colcon.colcon_core.package_identification:_identify(src) by extensions ['colcon_meta']
[1.433s] Level 1:colcon.colcon_core.package_identification:_identify(src) by extension 'colcon_meta'
[1.433s] Level 1:colcon.colcon_core.package_identification:_identify(src) by extensions ['ros']
[1.433s] Level 1:colcon.colcon_core.package_identification:_identify(src) by extension 'ros'
[1.433s] Level 1:colcon.colcon_core.package_identification:_identify(src) by extensions ['cmake', 'python']
[1.433s] Level 1:colcon.colcon_core.package_identification:_identify(src) by extension 'cmake'
[1.434s] Level 1:colcon.colcon_core.package_identification:_identify(src) by extension 'python'
[1.434s] Level 1:colcon.colcon_core.package_identification:_identify(src) by extensions ['python_setup_py']
[1.434s] Level 1:colcon.colcon_core.package_identification:_identify(src) by extension 'python_setup_py'
[1.434s] Level 1:colcon.colcon_core.package_identification:_identify(src/imu_madgwick) by extensions ['ignore', 'ignore_ament_install']
[1.434s] Level 1:colcon.colcon_core.package_identification:_identify(src/imu_madgwick) by extension 'ignore'
[1.434s] Level 1:colcon.colcon_core.package_identification:_identify(src/imu_madgwick) by extension 'ignore_ament_install'
[1.435s] Level 1:colcon.colcon_core.package_identification:_identify(src/imu_madgwick) by extensions ['colcon_pkg']
[1.435s] Level 1:colcon.colcon_core.package_identification:_identify(src/imu_madgwick) by extension 'colcon_pkg'
[1.435s] Level 1:colcon.colcon_core.package_identification:_identify(src/imu_madgwick) by extensions ['colcon_meta']
[1.435s] Level 1:colcon.colcon_core.package_identification:_identify(src/imu_madgwick) by extension 'colcon_meta'
[1.435s] Level 1:colcon.colcon_core.package_identification:_identify(src/imu_madgwick) by extensions ['ros']
[1.435s] Level 1:colcon.colcon_core.package_identification:_identify(src/imu_madgwick) by extension 'ros'
[1.445s] DEBUG:colcon.colcon_core.package_identification:Package 'src/imu_madgwick' with type 'ros.ament_cmake' and name 'imu_madgwick'
[1.446s] Level 1:colcon.colcon_core.package_identification:_identify(src/wbt_imu) by extensions ['ignore', 'ignore_ament_install']
[1.446s] Level 1:colcon.colcon_core.package_identification:_identify(src/wbt_imu) by extension 'ignore'
[1.446s] Level 1:colcon.colcon_core.package_identification:_identify(src/wbt_imu) by extension 'ignore_ament_install'
[1.446s] Level 1:colcon.colcon_core.package_identification:_identify(src/wbt_imu) by extensions ['colcon_pkg']
[1.446s] Level 1:colcon.colcon_core.package_identification:_identify(src/wbt_imu) by extension 'colcon_pkg'
[1.446s] Level 1:colcon.colcon_core.package_identification:_identify(src/wbt_imu) by extensions ['colcon_meta']
[1.447s] Level 1:colcon.colcon_core.package_identification:_identify(src/wbt_imu) by extension 'colcon_meta'
[1.447s] Level 1:colcon.colcon_core.package_identification:_identify(src/wbt_imu) by extensions ['ros']
[1.447s] Level 1:colcon.colcon_core.package_identification:_identify(src/wbt_imu) by extension 'ros'
[1.448s] DEBUG:colcon.colcon_core.package_identification:Package 'src/wbt_imu' with type 'ros.ament_python' and name 'wbt_imu'
[1.448s] Level 1:colcon.colcon_core.package_discovery:discover_packages(recursive) using defaults
[1.448s] Level 1:colcon.colcon_core.package_discovery:discover_packages(ignore) discover
[1.449s] Level 1:colcon.colcon_core.package_discovery:discover_packages(ignore) using defaults
[1.449s] Level 1:colcon.colcon_core.package_discovery:discover_packages(path) discover
[1.449s] Level 1:colcon.colcon_core.package_discovery:discover_packages(path) using defaults
[1.518s] Level 5:colcon.colcon_core.verb:set package 'imu_madgwick' build argument 'cmake_args' from command line to 'None'
[1.519s] Level 5:colcon.colcon_core.verb:set package 'imu_madgwick' build argument 'cmake_target' from command line to 'None'
[1.519s] Level 5:colcon.colcon_core.verb:set package 'imu_madgwick' build argument 'cmake_target_skip_unavailable' from command line to 'False'
[1.519s] Level 5:colcon.colcon_core.verb:set package 'imu_madgwick' build argument 'cmake_clean_cache' from command line to 'False'
[1.519s] Level 5:colcon.colcon_core.verb:set package 'imu_madgwick' build argument 'cmake_clean_first' from command line to 'False'
[1.519s] Level 5:colcon.colcon_core.verb:set package 'imu_madgwick' build argument 'cmake_force_configure' from command line to 'False'
[1.519s] Level 5:colcon.colcon_core.verb:set package 'imu_madgwick' build argument 'ament_cmake_args' from command line to 'None'
[1.519s] Level 5:colcon.colcon_core.verb:set package 'imu_madgwick' build argument 'catkin_cmake_args' from command line to 'None'
[1.519s] Level 5:colcon.colcon_core.verb:set package 'imu_madgwick' build argument 'catkin_skip_building_tests' from command line to 'False'
[1.519s] DEBUG:colcon.colcon_core.verb:Building package 'imu_madgwick' with the following arguments: {'ament_cmake_args': None, 'build_base': '/home/maroqi/Projects/RobotProjects/ROS2Projects/imu-test/imu_ws/build/imu_madgwick', 'catkin_cmake_args': None, 'catkin_skip_building_tests': False, 'cmake_args': None, 'cmake_clean_cache': False, 'cmake_clean_first': False, 'cmake_force_configure': False, 'cmake_target': None, 'cmake_target_skip_unavailable': False, 'install_base': '/home/maroqi/Projects/RobotProjects/ROS2Projects/imu-test/imu_ws/install/imu_madgwick', 'merge_install': False, 'path': '/home/maroqi/Projects/RobotProjects/ROS2Projects/imu-test/imu_ws/src/imu_madgwick', 'symlink_install': False, 'test_result_base': None}
[1.528s] Level 5:colcon.colcon_core.verb:set package 'wbt_imu' build argument 'cmake_args' from command line to 'None'
[1.528s] Level 5:colcon.colcon_core.verb:set package 'wbt_imu' build argument 'cmake_target' from command line to 'None'
[1.528s] Level 5:colcon.colcon_core.verb:set package 'wbt_imu' build argument 'cmake_target_skip_unavailable' from command line to 'False'
[1.528s] Level 5:colcon.colcon_core.verb:set package 'wbt_imu' build argument 'cmake_clean_cache' from command line to 'False'
[1.528s] Level 5:colcon.colcon_core.verb:set package 'wbt_imu' build argument 'cmake_clean_first' from command line to 'False'
[1.528s] Level 5:colcon.colcon_core.verb:set package 'wbt_imu' build argument 'cmake_force_configure' from command line to 'False'
[1.528s] Level 5:colcon.colcon_core.verb:set package 'wbt_imu' build argument 'ament_cmake_args' from command line to 'None'
[1.528s] Level 5:colcon.colcon_core.verb:set package 'wbt_imu' build argument 'catkin_cmake_args' from command line to 'None'
[1.529s] Level 5:colcon.colcon_core.verb:set package 'wbt_imu' build argument 'catkin_skip_building_tests' from command line to 'False'
[1.529s] DEBUG:colcon.colcon_core.verb:Building package 'wbt_imu' with the following arguments: {'ament_cmake_args': None, 'build_base': '/home/maroqi/Projects/RobotProjects/ROS2Projects/imu-test/imu_ws/build/wbt_imu', 'catkin_cmake_args': None, 'catkin_skip_building_tests': False, 'cmake_args': None, 'cmake_clean_cache': False, 'cmake_clean_first': False, 'cmake_force_configure': False, 'cmake_target': None, 'cmake_target_skip_unavailable': False, 'install_base': '/home/maroqi/Projects/RobotProjects/ROS2Projects/imu-test/imu_ws/install/wbt_imu', 'merge_install': False, 'path': '/home/maroqi/Projects/RobotProjects/ROS2Projects/imu-test/imu_ws/src/wbt_imu', 'symlink_install': False, 'test_result_base': None}
[1.530s] INFO:colcon.colcon_core.executor:Executing jobs using 'parallel' executor
[1.538s] DEBUG:colcon.colcon_parallel_executor.executor.parallel:run_until_complete
[1.539s] INFO:colcon.colcon_ros.task.ament_cmake.build:Building ROS package in '/home/maroqi/Projects/RobotProjects/ROS2Projects/imu-test/imu_ws/src/imu_madgwick' with build type 'ament_cmake'
[1.539s] INFO:colcon.colcon_cmake.task.cmake.build:Building CMake package in '/home/maroqi/Projects/RobotProjects/ROS2Projects/imu-test/imu_ws/src/imu_madgwick'
[1.566s] INFO:colcon.colcon_core.plugin_system:Skipping extension 'colcon_core.shell.bat': Not used on non-Windows systems
[1.568s] INFO:colcon.colcon_core.shell:Skip shell extension 'powershell' for command environment: Not usable outside of PowerShell
[1.569s] DEBUG:colcon.colcon_core.shell:Skip shell extension 'dsv' for command environment
[1.582s] DEBUG:colcon.colcon_core.shell:Ignoring prefix path '/opt/ros/foxy'
[1.594s] INFO:colcon.colcon_ros.task.ament_python.build:Building ROS package in '/home/maroqi/Projects/RobotProjects/ROS2Projects/imu-test/imu_ws/src/wbt_imu' with build type 'ament_python'
[1.595s] Level 1:colcon.colcon_core.shell:create_environment_hook('wbt_imu', 'ament_prefix_path')
[1.599s] INFO:colcon.colcon_core.shell:Creating environment hook '/home/maroqi/Projects/RobotProjects/ROS2Projects/imu-test/imu_ws/install/wbt_imu/share/wbt_imu/hook/ament_prefix_path.ps1'
[1.604s] INFO:colcon.colcon_core.shell:Creating environment descriptor '/home/maroqi/Projects/RobotProjects/ROS2Projects/imu-test/imu_ws/install/wbt_imu/share/wbt_imu/hook/ament_prefix_path.dsv'
[1.606s] INFO:colcon.colcon_core.shell:Creating environment hook '/home/maroqi/Projects/RobotProjects/ROS2Projects/imu-test/imu_ws/install/wbt_imu/share/wbt_imu/hook/ament_prefix_path.sh'
[1.610s] INFO:colcon.colcon_core.shell:Skip shell extension 'powershell' for command environment: Not usable outside of PowerShell
[1.610s] DEBUG:colcon.colcon_core.shell:Skip shell extension 'dsv' for command environment
[1.619s] DEBUG:colcon.colcon_core.shell:Ignoring prefix path '/opt/ros/foxy'
[1.644s] DEBUG:colcon.colcon_core.event_handler.log_command:Invoking command in '/home/maroqi/Projects/RobotProjects/ROS2Projects/imu-test/imu_ws/build/imu_madgwick': CMAKE_PREFIX_PATH=/opt/ros/foxy /usr/bin/cmake /home/maroqi/Projects/RobotProjects/ROS2Projects/imu-test/imu_ws/src/imu_madgwick -DCMAKE_INSTALL_PREFIX=/home/maroqi/Projects/RobotProjects/ROS2Projects/imu-test/imu_ws/install/imu_madgwick
[2.871s] INFO:colcon.colcon_core.task.python.build:Building Python package in '/home/maroqi/Projects/RobotProjects/ROS2Projects/imu-test/imu_ws/src/wbt_imu'
[2.875s] INFO:colcon.colcon_core.shell:Skip shell extension 'powershell' for command environment: Not usable outside of PowerShell
[2.876s] DEBUG:colcon.colcon_core.shell:Skip shell extension 'dsv' for command environment
[2.880s] DEBUG:colcon.colcon_core.shell:Ignoring prefix path '/opt/ros/foxy'
[2.923s] DEBUG:colcon.colcon_core.event_handler.log_command:Invoking command in '/home/maroqi/Projects/RobotProjects/ROS2Projects/imu-test/imu_ws/src/wbt_imu': PYTHONPATH=/home/maroqi/Projects/RobotProjects/ROS2Projects/imu-test/imu_ws/install/wbt_imu/lib/python3.8/site-packages:${PYTHONPATH} /usr/bin/python3 setup.py egg_info --egg-base ../../build/wbt_imu build --build-base /home/maroqi/Projects/RobotProjects/ROS2Projects/imu-test/imu_ws/build/wbt_imu/build install --prefix /home/maroqi/Projects/RobotProjects/ROS2Projects/imu-test/imu_ws/install/wbt_imu --record /home/maroqi/Projects/RobotProjects/ROS2Projects/imu-test/imu_ws/build/wbt_imu/install.log --single-version-externally-managed
[5.115s] DEBUG:colcon.colcon_core.event_handler.log_command:Invoked command in '/home/maroqi/Projects/RobotProjects/ROS2Projects/imu-test/imu_ws/src/wbt_imu' returned '0': PYTHONPATH=/home/maroqi/Projects/RobotProjects/ROS2Projects/imu-test/imu_ws/install/wbt_imu/lib/python3.8/site-packages:${PYTHONPATH} /usr/bin/python3 setup.py egg_info --egg-base ../../build/wbt_imu build --build-base /home/maroqi/Projects/RobotProjects/ROS2Projects/imu-test/imu_ws/build/wbt_imu/build install --prefix /home/maroqi/Projects/RobotProjects/ROS2Projects/imu-test/imu_ws/install/wbt_imu --record /home/maroqi/Projects/RobotProjects/ROS2Projects/imu-test/imu_ws/build/wbt_imu/install.log --single-version-externally-managed
[5.138s] Level 1:colcon.colcon_core.environment:checking '/home/maroqi/Projects/RobotProjects/ROS2Projects/imu-test/imu_ws/install/wbt_imu' for CMake module files
[5.139s] Level 1:colcon.colcon_core.environment:checking '/home/maroqi/Projects/RobotProjects/ROS2Projects/imu-test/imu_ws/install/wbt_imu' for CMake config files
[5.142s] Level 1:colcon.colcon_core.environment:checking '/home/maroqi/Projects/RobotProjects/ROS2Projects/imu-test/imu_ws/install/wbt_imu/lib'
[5.145s] Level 1:colcon.colcon_core.environment:checking '/home/maroqi/Projects/RobotProjects/ROS2Projects/imu-test/imu_ws/install/wbt_imu/bin'
[5.151s] Level 1:colcon.colcon_core.environment:checking '/home/maroqi/Projects/RobotProjects/ROS2Projects/imu-test/imu_ws/install/wbt_imu/lib/pkgconfig/wbt_imu.pc'
[5.152s] Level 1:colcon.colcon_core.environment:checking '/home/maroqi/Projects/RobotProjects/ROS2Projects/imu-test/imu_ws/install/wbt_imu/lib/python3.8/site-packages'
[5.152s] Level 1:colcon.colcon_core.shell:create_environment_hook('wbt_imu', 'pythonpath')
[5.154s] INFO:colcon.colcon_core.shell:Creating environment hook '/home/maroqi/Projects/RobotProjects/ROS2Projects/imu-test/imu_ws/install/wbt_imu/share/wbt_imu/hook/pythonpath.ps1'
[5.155s] INFO:colcon.colcon_core.shell:Creating environment descriptor '/home/maroqi/Projects/RobotProjects/ROS2Projects/imu-test/imu_ws/install/wbt_imu/share/wbt_imu/hook/pythonpath.dsv'
[5.157s] INFO:colcon.colcon_core.shell:Creating environment hook '/home/maroqi/Projects/RobotProjects/ROS2Projects/imu-test/imu_ws/install/wbt_imu/share/wbt_imu/hook/pythonpath.sh'
[5.158s] Level 1:colcon.colcon_core.environment:create_environment_scripts_only(wbt_imu)
[5.165s] INFO:colcon.colcon_core.shell:Creating package script '/home/maroqi/Projects/RobotProjects/ROS2Projects/imu-test/imu_ws/install/wbt_imu/share/wbt_imu/package.ps1'
[5.170s] INFO:colcon.colcon_core.shell:Creating package descriptor '/home/maroqi/Projects/RobotProjects/ROS2Projects/imu-test/imu_ws/install/wbt_imu/share/wbt_imu/package.dsv'
[5.177s] INFO:colcon.colcon_core.shell:Creating package script '/home/maroqi/Projects/RobotProjects/ROS2Projects/imu-test/imu_ws/install/wbt_imu/share/wbt_imu/package.sh'
[5.186s] INFO:colcon.colcon_core.shell:Creating package script '/home/maroqi/Projects/RobotProjects/ROS2Projects/imu-test/imu_ws/install/wbt_imu/share/wbt_imu/package.bash'
[5.190s] INFO:colcon.colcon_core.shell:Creating package script '/home/maroqi/Projects/RobotProjects/ROS2Projects/imu-test/imu_ws/install/wbt_imu/share/wbt_imu/package.zsh'
[5.195s] Level 1:colcon.colcon_core.environment:create_file_with_runtime_dependencies(/home/maroqi/Projects/RobotProjects/ROS2Projects/imu-test/imu_ws/install/wbt_imu/share/colcon-core/packages/wbt_imu)
[10.360s] DEBUG:colcon.colcon_core.event_handler.log_command:Invoked command in '/home/maroqi/Projects/RobotProjects/ROS2Projects/imu-test/imu_ws/build/imu_madgwick' returned '0': CMAKE_PREFIX_PATH=/opt/ros/foxy /usr/bin/cmake /home/maroqi/Projects/RobotProjects/ROS2Projects/imu-test/imu_ws/src/imu_madgwick -DCMAKE_INSTALL_PREFIX=/home/maroqi/Projects/RobotProjects/ROS2Projects/imu-test/imu_ws/install/imu_madgwick
[10.363s] DEBUG:colcon.colcon_core.event_handler.log_command:Invoking command in '/home/maroqi/Projects/RobotProjects/ROS2Projects/imu-test/imu_ws/build/imu_madgwick': CMAKE_PREFIX_PATH=/opt/ros/foxy /usr/bin/cmake --build /home/maroqi/Projects/RobotProjects/ROS2Projects/imu-test/imu_ws/build/imu_madgwick -- -j2 -l2
[48.729s] DEBUG:colcon.colcon_core.event_handler.log_command:Invoked command in '/home/maroqi/Projects/RobotProjects/ROS2Projects/imu-test/imu_ws/build/imu_madgwick' returned '0': CMAKE_PREFIX_PATH=/opt/ros/foxy /usr/bin/cmake --build /home/maroqi/Projects/RobotProjects/ROS2Projects/imu-test/imu_ws/build/imu_madgwick -- -j2 -l2
[48.884s] DEBUG:colcon.colcon_core.event_handler.log_command:Invoking command in '/home/maroqi/Projects/RobotProjects/ROS2Projects/imu-test/imu_ws/build/imu_madgwick': CMAKE_PREFIX_PATH=/opt/ros/foxy /usr/bin/cmake --install /home/maroqi/Projects/RobotProjects/ROS2Projects/imu-test/imu_ws/build/imu_madgwick
[48.980s] Level 1:colcon.colcon_core.environment:create_environment_scripts_only(imu_madgwick)
[48.981s] DEBUG:colcon.colcon_core.event_handler.log_command:Invoked command in '/home/maroqi/Projects/RobotProjects/ROS2Projects/imu-test/imu_ws/build/imu_madgwick' returned '0': CMAKE_PREFIX_PATH=/opt/ros/foxy /usr/bin/cmake --install /home/maroqi/Projects/RobotProjects/ROS2Projects/imu-test/imu_ws/build/imu_madgwick
[48.984s] Level 1:colcon.colcon_core.environment:checking '/home/maroqi/Projects/RobotProjects/ROS2Projects/imu-test/imu_ws/install/imu_madgwick' for CMake module files
[48.986s] Level 1:colcon.colcon_core.environment:checking '/home/maroqi/Projects/RobotProjects/ROS2Projects/imu-test/imu_ws/install/imu_madgwick' for CMake config files
[48.986s] Level 1:colcon.colcon_core.shell:create_environment_hook('imu_madgwick', 'cmake_prefix_path')
[48.989s] INFO:colcon.colcon_core.shell:Creating environment hook '/home/maroqi/Projects/RobotProjects/ROS2Projects/imu-test/imu_ws/install/imu_madgwick/share/imu_madgwick/hook/cmake_prefix_path.ps1'
[48.993s] INFO:colcon.colcon_core.shell:Creating environment descriptor '/home/maroqi/Projects/RobotProjects/ROS2Projects/imu-test/imu_ws/install/imu_madgwick/share/imu_madgwick/hook/cmake_prefix_path.dsv'
[48.995s] INFO:colcon.colcon_core.shell:Creating environment hook '/home/maroqi/Projects/RobotProjects/ROS2Projects/imu-test/imu_ws/install/imu_madgwick/share/imu_madgwick/hook/cmake_prefix_path.sh'
[48.997s] Level 1:colcon.colcon_core.environment:checking '/home/maroqi/Projects/RobotProjects/ROS2Projects/imu-test/imu_ws/install/imu_madgwick/lib'
[48.998s] Level 1:colcon.colcon_core.environment:checking '/home/maroqi/Projects/RobotProjects/ROS2Projects/imu-test/imu_ws/install/imu_madgwick/bin'
[48.998s] Level 1:colcon.colcon_core.environment:checking '/home/maroqi/Projects/RobotProjects/ROS2Projects/imu-test/imu_ws/install/imu_madgwick/lib/pkgconfig/imu_madgwick.pc'
[48.998s] Level 1:colcon.colcon_core.environment:checking '/home/maroqi/Projects/RobotProjects/ROS2Projects/imu-test/imu_ws/install/imu_madgwick/lib/python3.8/site-packages'
[49.000s] INFO:colcon.colcon_core.shell:Creating package script '/home/maroqi/Projects/RobotProjects/ROS2Projects/imu-test/imu_ws/install/imu_madgwick/share/imu_madgwick/package.ps1'
[49.005s] INFO:colcon.colcon_core.shell:Creating package descriptor '/home/maroqi/Projects/RobotProjects/ROS2Projects/imu-test/imu_ws/install/imu_madgwick/share/imu_madgwick/package.dsv'
[49.006s] INFO:colcon.colcon_core.shell:Creating package script '/home/maroqi/Projects/RobotProjects/ROS2Projects/imu-test/imu_ws/install/imu_madgwick/share/imu_madgwick/package.sh'
[49.008s] INFO:colcon.colcon_core.shell:Creating package script '/home/maroqi/Projects/RobotProjects/ROS2Projects/imu-test/imu_ws/install/imu_madgwick/share/imu_madgwick/package.bash'
[49.010s] INFO:colcon.colcon_core.shell:Creating package script '/home/maroqi/Projects/RobotProjects/ROS2Projects/imu-test/imu_ws/install/imu_madgwick/share/imu_madgwick/package.zsh'
[49.012s] Level 1:colcon.colcon_core.environment:create_file_with_runtime_dependencies(/home/maroqi/Projects/RobotProjects/ROS2Projects/imu-test/imu_ws/install/imu_madgwick/share/colcon-core/packages/imu_madgwick)
[49.098s] Level 1:colcon.colcon_core.environment:create_environment_scripts_only(imu_madgwick)
[49.100s] Level 1:colcon.colcon_core.environment:checking '/home/maroqi/Projects/RobotProjects/ROS2Projects/imu-test/imu_ws/install/imu_madgwick' for CMake module files
[49.102s] Level 1:colcon.colcon_core.environment:checking '/home/maroqi/Projects/RobotProjects/ROS2Projects/imu-test/imu_ws/install/imu_madgwick' for CMake config files
[49.102s] Level 1:colcon.colcon_core.shell:create_environment_hook('imu_madgwick', 'cmake_prefix_path')
[49.104s] INFO:colcon.colcon_core.shell:Creating environment hook '/home/maroqi/Projects/RobotProjects/ROS2Projects/imu-test/imu_ws/install/imu_madgwick/share/imu_madgwick/hook/cmake_prefix_path.ps1'
[49.105s] INFO:colcon.colcon_core.shell:Creating environment descriptor '/home/maroqi/Projects/RobotProjects/ROS2Projects/imu-test/imu_ws/install/imu_madgwick/share/imu_madgwick/hook/cmake_prefix_path.dsv'
[49.106s] INFO:colcon.colcon_core.shell:Creating environment hook '/home/maroqi/Projects/RobotProjects/ROS2Projects/imu-test/imu_ws/install/imu_madgwick/share/imu_madgwick/hook/cmake_prefix_path.sh'
[49.108s] Level 1:colcon.colcon_core.environment:checking '/home/maroqi/Projects/RobotProjects/ROS2Projects/imu-test/imu_ws/install/imu_madgwick/lib'
[49.108s] Level 1:colcon.colcon_core.environment:checking '/home/maroqi/Projects/RobotProjects/ROS2Projects/imu-test/imu_ws/install/imu_madgwick/bin'
[49.108s] Level 1:colcon.colcon_core.environment:checking '/home/maroqi/Projects/RobotProjects/ROS2Projects/imu-test/imu_ws/install/imu_madgwick/lib/pkgconfig/imu_madgwick.pc'
[49.108s] Level 1:colcon.colcon_core.environment:checking '/home/maroqi/Projects/RobotProjects/ROS2Projects/imu-test/imu_ws/install/imu_madgwick/lib/python3.8/site-packages'
[49.110s] INFO:colcon.colcon_core.shell:Creating package script '/home/maroqi/Projects/RobotProjects/ROS2Projects/imu-test/imu_ws/install/imu_madgwick/share/imu_madgwick/package.ps1'
[49.111s] INFO:colcon.colcon_core.shell:Creating package descriptor '/home/maroqi/Projects/RobotProjects/ROS2Projects/imu-test/imu_ws/install/imu_madgwick/share/imu_madgwick/package.dsv'
[49.113s] INFO:colcon.colcon_core.shell:Creating package script '/home/maroqi/Projects/RobotProjects/ROS2Projects/imu-test/imu_ws/install/imu_madgwick/share/imu_madgwick/package.sh'
[49.114s] INFO:colcon.colcon_core.shell:Creating package script '/home/maroqi/Projects/RobotProjects/ROS2Projects/imu-test/imu_ws/install/imu_madgwick/share/imu_madgwick/package.bash'
[49.116s] INFO:colcon.colcon_core.shell:Creating package script '/home/maroqi/Projects/RobotProjects/ROS2Projects/imu-test/imu_ws/install/imu_madgwick/share/imu_madgwick/package.zsh'
[49.117s] Level 1:colcon.colcon_core.environment:create_file_with_runtime_dependencies(/home/maroqi/Projects/RobotProjects/ROS2Projects/imu-test/imu_ws/install/imu_madgwick/share/colcon-core/packages/imu_madgwick)
[49.119s] DEBUG:colcon.colcon_parallel_executor.executor.parallel:closing loop
[49.120s] DEBUG:colcon.colcon_parallel_executor.executor.parallel:loop closed
[49.120s] DEBUG:colcon.colcon_parallel_executor.executor.parallel:run_until_complete finished with '0'
[49.120s] DEBUG:colcon.colcon_core.event_reactor:joining thread
[49.154s] INFO:colcon.colcon_core.plugin_system:Skipping extension 'colcon_notification.desktop_notification.terminal_notifier': Not used on non-Darwin systems
[49.155s] INFO:colcon.colcon_core.plugin_system:Skipping extension 'colcon_notification.desktop_notification.win32': Not used on non-Windows systems
[49.155s] INFO:colcon.colcon_notification.desktop_notification:Sending desktop notification using 'notify2'
[49.212s] DEBUG:colcon.colcon_core.event_reactor:joined thread
[49.214s] INFO:colcon.colcon_core.shell:Creating prefix script '/home/maroqi/Projects/RobotProjects/ROS2Projects/imu-test/imu_ws/install/local_setup.ps1'
[49.216s] INFO:colcon.colcon_core.shell:Creating prefix util module '/home/maroqi/Projects/RobotProjects/ROS2Projects/imu-test/imu_ws/install/_local_setup_util_ps1.py'
[49.223s] INFO:colcon.colcon_core.shell:Creating prefix chain script '/home/maroqi/Projects/RobotProjects/ROS2Projects/imu-test/imu_ws/install/setup.ps1'
[49.233s] INFO:colcon.colcon_core.shell:Creating prefix script '/home/maroqi/Projects/RobotProjects/ROS2Projects/imu-test/imu_ws/install/local_setup.sh'
[49.238s] INFO:colcon.colcon_core.shell:Creating prefix util module '/home/maroqi/Projects/RobotProjects/ROS2Projects/imu-test/imu_ws/install/_local_setup_util_sh.py'
[49.242s] INFO:colcon.colcon_core.shell:Creating prefix chain script '/home/maroqi/Projects/RobotProjects/ROS2Projects/imu-test/imu_ws/install/setup.sh'
[49.255s] INFO:colcon.colcon_core.shell:Creating prefix script '/home/maroqi/Projects/RobotProjects/ROS2Projects/imu-test/imu_ws/install/local_setup.bash'
[49.259s] INFO:colcon.colcon_core.shell:Creating prefix chain script '/home/maroqi/Projects/RobotProjects/ROS2Projects/imu-test/imu_ws/install/setup.bash'
[49.267s] INFO:colcon.colcon_core.shell:Creating prefix script '/home/maroqi/Projects/RobotProjects/ROS2Projects/imu-test/imu_ws/install/local_setup.zsh'
[49.269s] INFO:colcon.colcon_core.shell:Creating prefix chain script '/home/maroqi/Projects/RobotProjects/ROS2Projects/imu-test/imu_ws/install/setup.zsh'
