[0.029s] Invoking command in '/home/maroqi/Projects/RobotProjects/imu-test/imu_ws/build/imu_madgwick': CMAKE_PREFIX_PATH=${CMAKE_PREFIX_PATH}:/opt/ros/foxy /usr/bin/cmake --build /home/maroqi/Projects/RobotProjects/imu-test/imu_ws/build/imu_madgwick -- -j2 -l2
[0.170s] [ 50%] Built target imu_madgwick
[0.197s] [35m[1mScanning dependencies of target imu_main_test[0m
[0.270s] [ 62%] [32mBuilding CXX object CMakeFiles/imu_main_test.dir/src/imu_main_test.cpp.o[0m
[8.316s] [ 75%] [32m[1mLinking CXX executable imu_main_test[0m
[8.917s] [ 75%] Built target imu_main_test
[9.041s] [100%] Built target imu_main
[9.081s] Invoked command in '/home/maroqi/Projects/RobotProjects/imu-test/imu_ws/build/imu_madgwick' returned '0': CMAKE_PREFIX_PATH=${CMAKE_PREFIX_PATH}:/opt/ros/foxy /usr/bin/cmake --build /home/maroqi/Projects/RobotProjects/imu-test/imu_ws/build/imu_madgwick -- -j2 -l2
[9.221s] Invoking command in '/home/maroqi/Projects/RobotProjects/imu-test/imu_ws/build/imu_madgwick': CMAKE_PREFIX_PATH=${CMAKE_PREFIX_PATH}:/opt/ros/foxy /usr/bin/cmake --install /home/maroqi/Projects/RobotProjects/imu-test/imu_ws/build/imu_madgwick
[9.254s] -- Install configuration: ""
[9.258s] -- Up-to-date: /home/maroqi/Projects/RobotProjects/imu-test/imu_ws/install/imu_madgwick/./include
[9.259s] -- Up-to-date: /home/maroqi/Projects/RobotProjects/imu-test/imu_ws/install/imu_madgwick/./include/imu_madgwick
[9.259s] -- Up-to-date: /home/maroqi/Projects/RobotProjects/imu-test/imu_ws/install/imu_madgwick/./include/imu_madgwick/imu_filter.hpp
[9.260s] -- Up-to-date: /home/maroqi/Projects/RobotProjects/imu-test/imu_ws/install/imu_madgwick/./include/imu_madgwick/world_frame.hpp
[9.260s] -- Up-to-date: /home/maroqi/Projects/RobotProjects/imu-test/imu_ws/install/imu_madgwick/./include/imu_madgwick/imu.hpp
[9.261s] -- Up-to-date: /home/maroqi/Projects/RobotProjects/imu-test/imu_ws/install/imu_madgwick/./include/imu_madgwick/stateless_orientation.hpp
[9.264s] -- Up-to-date: /home/maroqi/Projects/RobotProjects/imu-test/imu_ws/install/imu_madgwick/lib/libimu_madgwick.a
[9.266s] -- Up-to-date: /home/maroqi/Projects/RobotProjects/imu-test/imu_ws/install/imu_madgwick/lib/imu_madgwick/imu_main
[9.267s] -- Installing: /home/maroqi/Projects/RobotProjects/imu-test/imu_ws/install/imu_madgwick/lib/imu_madgwick/imu_main_test
[9.271s] -- Set runtime path of "/home/maroqi/Projects/RobotProjects/imu-test/imu_ws/install/imu_madgwick/lib/imu_madgwick/imu_main_test" to ""
[9.272s] -- Up-to-date: /home/maroqi/Projects/RobotProjects/imu-test/imu_ws/install/imu_madgwick/share/imu_madgwick/environment/library_path.sh
[9.273s] -- Up-to-date: /home/maroqi/Projects/RobotProjects/imu-test/imu_ws/install/imu_madgwick/share/imu_madgwick/environment/library_path.dsv
[9.273s] -- Up-to-date: /home/maroqi/Projects/RobotProjects/imu-test/imu_ws/install/imu_madgwick/share/ament_index/resource_index/package_run_dependencies/imu_madgwick
[9.274s] -- Up-to-date: /home/maroqi/Projects/RobotProjects/imu-test/imu_ws/install/imu_madgwick/share/ament_index/resource_index/parent_prefix_path/imu_madgwick
[9.275s] -- Up-to-date: /home/maroqi/Projects/RobotProjects/imu-test/imu_ws/install/imu_madgwick/share/imu_madgwick/environment/ament_prefix_path.sh
[9.276s] -- Up-to-date: /home/maroqi/Projects/RobotProjects/imu-test/imu_ws/install/imu_madgwick/share/imu_madgwick/environment/ament_prefix_path.dsv
[9.276s] -- Up-to-date: /home/maroqi/Projects/RobotProjects/imu-test/imu_ws/install/imu_madgwick/share/imu_madgwick/environment/path.sh
[9.277s] -- Up-to-date: /home/maroqi/Projects/RobotProjects/imu-test/imu_ws/install/imu_madgwick/share/imu_madgwick/environment/path.dsv
[9.278s] -- Up-to-date: /home/maroqi/Projects/RobotProjects/imu-test/imu_ws/install/imu_madgwick/share/imu_madgwick/local_setup.bash
[9.279s] -- Up-to-date: /home/maroqi/Projects/RobotProjects/imu-test/imu_ws/install/imu_madgwick/share/imu_madgwick/local_setup.sh
[9.279s] -- Up-to-date: /home/maroqi/Projects/RobotProjects/imu-test/imu_ws/install/imu_madgwick/share/imu_madgwick/local_setup.zsh
[9.280s] -- Up-to-date: /home/maroqi/Projects/RobotProjects/imu-test/imu_ws/install/imu_madgwick/share/imu_madgwick/local_setup.dsv
[9.281s] -- Installing: /home/maroqi/Projects/RobotProjects/imu-test/imu_ws/install/imu_madgwick/share/imu_madgwick/package.dsv
[9.282s] -- Up-to-date: /home/maroqi/Projects/RobotProjects/imu-test/imu_ws/install/imu_madgwick/share/ament_index/resource_index/packages/imu_madgwick
[9.283s] -- Up-to-date: /home/maroqi/Projects/RobotProjects/imu-test/imu_ws/install/imu_madgwick/share/imu_madgwick/cmake/ament_cmake_export_dependencies-extras.cmake
[9.284s] -- Up-to-date: /home/maroqi/Projects/RobotProjects/imu-test/imu_ws/install/imu_madgwick/share/imu_madgwick/cmake/ament_cmake_export_include_directories-extras.cmake
[9.284s] -- Up-to-date: /home/maroqi/Projects/RobotProjects/imu-test/imu_ws/install/imu_madgwick/share/imu_madgwick/cmake/ament_cmake_export_libraries-extras.cmake
[9.285s] -- Up-to-date: /home/maroqi/Projects/RobotProjects/imu-test/imu_ws/install/imu_madgwick/share/imu_madgwick/cmake/imu_madgwickConfig.cmake
[9.286s] -- Up-to-date: /home/maroqi/Projects/RobotProjects/imu-test/imu_ws/install/imu_madgwick/share/imu_madgwick/cmake/imu_madgwickConfig-version.cmake
[9.287s] -- Up-to-date: /home/maroqi/Projects/RobotProjects/imu-test/imu_ws/install/imu_madgwick/share/imu_madgwick/package.xml
[9.302s] Invoked command in '/home/maroqi/Projects/RobotProjects/imu-test/imu_ws/build/imu_madgwick' returned '0': CMAKE_PREFIX_PATH=${CMAKE_PREFIX_PATH}:/opt/ros/foxy /usr/bin/cmake --install /home/maroqi/Projects/RobotProjects/imu-test/imu_ws/build/imu_madgwick
