[0.077s] Invoking command in '/home/maroqi/Projects/RobotProjects/ROS2Projects/imu-test/imu_ws/build/imu_complementary': CMAKE_PREFIX_PATH=/opt/ros/foxy /usr/bin/cmake --build /home/maroqi/Projects/RobotProjects/ROS2Projects/imu-test/imu_ws/build/imu_complementary -- -j2 -l2
[0.307s] [35m[1mScanning dependencies of target imu_complementary[0m
[0.460s] [ 20%] [32mBuilding CXX object CMakeFiles/imu_complementary.dir/src/imu_complementary/imu.cpp.o[0m
[7.171s] [01m[K/home/maroqi/Projects/RobotProjects/ROS2Projects/imu-test/imu_ws/src/imu_complementary/src/imu_complementary/imu.cpp:[m[K In constructor ‘[01m[Kimu_tools::Imu::Imu(std::string)[m[K’:
[7.171s] [01m[K/home/maroqi/Projects/RobotProjects/ROS2Projects/imu-test/imu_ws/src/imu_complementary/src/imu_complementary/imu.cpp:56:30:[m[K [01;31m[Kerror: [m[K‘[01m[Kdo_bias_estimation[m[K’ was not declared in this scope
[7.171s]    56 |   filter.setDoBiasEstimation([01;31m[Kdo_bias_estimation[m[K);
[7.172s]       |                              [01;31m[K^~~~~~~~~~~~~~~~~~[m[K
[7.181s] [01m[K/home/maroqi/Projects/RobotProjects/ROS2Projects/imu-test/imu_ws/src/imu_complementary/src/imu_complementary/imu.cpp:57:28:[m[K [01;31m[Kerror: [m[K‘[01m[Kdo_adaptive_gain[m[K’ was not declared in this scope
[7.181s]    57 |   filter.setDoAdaptiveGain([01;31m[Kdo_adaptive_gain[m[K);
[7.182s]       |                            [01;31m[K^~~~~~~~~~~~~~~~[m[K
[7.236s] [01m[K/home/maroqi/Projects/RobotProjects/ROS2Projects/imu-test/imu_ws/src/imu_complementary/src/imu_complementary/imu.cpp:[m[K In member function ‘[01m[Kvoid imu_tools::Imu::imuCallback(sensor_msgs::msg::Imu_<std::allocator<void> >::SharedPtr)[m[K’:
[7.237s] [01m[K/home/maroqi/Projects/RobotProjects/ROS2Projects/imu-test/imu_ws/src/imu_complementary/src/imu_complementary/imu.cpp:72:24:[m[K [01;31m[Kerror: [m[K‘[01m[KVector3[m[K’ in namespace ‘[01m[Kgeometry_msgs[m[K’ does not name a type
[7.237s]    72 |   const geometry_msgs::[01;31m[KVector3[m[K& a = imu_msg_raw->linear_acceleration;
[7.237s]       |                        [01;31m[K^~~~~~~[m[K
[7.237s] [01m[K/home/maroqi/Projects/RobotProjects/ROS2Projects/imu-test/imu_ws/src/imu_complementary/src/imu_complementary/imu.cpp:73:24:[m[K [01;31m[Kerror: [m[K‘[01m[KVector3[m[K’ in namespace ‘[01m[Kgeometry_msgs[m[K’ does not name a type
[7.238s]    73 |   const geometry_msgs::[01;31m[KVector3[m[K& w = imu_msg_raw->angular_velocity;
[7.238s]       |                        [01;31m[K^~~~~~~[m[K
[7.241s] [01m[K/home/maroqi/Projects/RobotProjects/ROS2Projects/imu-test/imu_ws/src/imu_complementary/src/imu_complementary/imu.cpp:74:9:[m[K [01;31m[Kerror: [m[K‘[01m[Kros[m[K’ does not name a type; did you mean ‘[01m[Kcos[m[K’?
[7.241s]    74 |   const [01;31m[Kros[m[K::Time& time = imu_msg_raw->header.stamp;
[7.241s]       |         [01;31m[K^~~[m[K
[7.241s]       |         [32m[Kcos[m[K
[7.242s] [01m[K/home/maroqi/Projects/RobotProjects/ROS2Projects/imu-test/imu_ws/src/imu_complementary/src/imu_complementary/imu.cpp:78:17:[m[K [01;31m[Kerror: [m[Kno match for ‘[01m[Koperator=[m[K’ (operand types are ‘[01m[Krclcpp::Time[m[K’ and ‘[01m[Ktime_t(time_t*) throw ()[m[K’ {aka ‘[01m[Klong int(long int*)[m[K’})
[7.242s]    78 |     time_prev = [01;31m[Ktime[m[K;
[7.243s]       |                 [01;31m[K^~~~[m[K
[7.243s] In file included from [01m[K/opt/ros/foxy/include/rclcpp/clock.hpp:23[m[K,
[7.244s]                  from [01m[K/opt/ros/foxy/include/rclcpp/timer.hpp:27[m[K,
[7.244s]                  from [01m[K/opt/ros/foxy/include/rclcpp/callback_group.hpp:27[m[K,
[7.244s]                  from [01m[K/opt/ros/foxy/include/rclcpp/any_executable.hpp:20[m[K,
[7.244s]                  from [01m[K/opt/ros/foxy/include/rclcpp/memory_strategy.hpp:24[m[K,
[7.245s]                  from [01m[K/opt/ros/foxy/include/rclcpp/memory_strategies.hpp:18[m[K,
[7.245s]                  from [01m[K/opt/ros/foxy/include/rclcpp/executor_options.hpp:20[m[K,
[7.245s]                  from [01m[K/opt/ros/foxy/include/rclcpp/executor.hpp:33[m[K,
[7.245s]                  from [01m[K/opt/ros/foxy/include/rclcpp/executors/multi_threaded_executor.hpp:25[m[K,
[7.246s]                  from [01m[K/opt/ros/foxy/include/rclcpp/executors.hpp:21[m[K,
[7.246s]                  from [01m[K/opt/ros/foxy/include/rclcpp/rclcpp.hpp:146[m[K,
[7.246s]                  from [01m[K/home/maroqi/Projects/RobotProjects/ROS2Projects/imu-test/imu_ws/src/imu_complementary/include/imu_complementary/imu.hpp:35[m[K,
[7.246s]                  from [01m[K/home/maroqi/Projects/RobotProjects/ROS2Projects/imu-test/imu_ws/src/imu_complementary/src/imu_complementary/imu.cpp:37[m[K:
[7.246s] [01m[K/opt/ros/foxy/include/rclcpp/time.hpp:91:3:[m[K [01;36m[Knote: [m[Kcandidate: ‘[01m[Krclcpp::Time& rclcpp::Time::operator=(const rclcpp::Time&)[m[K’
[7.247s]    91 |   [01;36m[Koperator[m[K=(const Time & rhs);
[7.247s]       |   [01;36m[K^~~~~~~~[m[K
[7.247s] [01m[K/opt/ros/foxy/include/rclcpp/time.hpp:91:26:[m[K [01;36m[Knote: [m[K  no known conversion for argument 1 from ‘[01m[Ktime_t(time_t*) throw ()[m[K’ {aka ‘[01m[Klong int(long int*)[m[K’} to ‘[01m[Kconst rclcpp::Time&[m[K’
[7.247s]    91 |   operator=([01;36m[Kconst Time & rhs[m[K);
[7.248s]       |             [01;36m[K~~~~~~~~~~~~~^~~[m[K
[7.248s] [01m[K/opt/ros/foxy/include/rclcpp/time.hpp:101:3:[m[K [01;36m[Knote: [m[Kcandidate: ‘[01m[Krclcpp::Time& rclcpp::Time::operator=(const Time&)[m[K’
[7.248s]   101 |   [01;36m[Koperator[m[K=(const builtin_interfaces::msg::Time & time_msg);
[7.249s]       |   [01;36m[K^~~~~~~~[m[K
[7.249s] [01m[K/opt/ros/foxy/include/rclcpp/time.hpp:101:51:[m[K [01;36m[Knote: [m[K  no known conversion for argument 1 from ‘[01m[Ktime_t(time_t*) throw ()[m[K’ {aka ‘[01m[Klong int(long int*)[m[K’} to ‘[01m[Kconst Time&[m[K’ {aka ‘[01m[Kconst builtin_interfaces::msg::Time_<std::allocator<void> >&[m[K’}
[7.249s]   101 |   operator=([01;36m[Kconst builtin_interfaces::msg::Time & time_msg[m[K);
[7.249s]       |             [01;36m[K~~~~~~~~~~~~~~~~~~~~~~~~~~~~~~~~~~~~~~^~~~~~~~[m[K
[7.255s] [01m[K/home/maroqi/Projects/RobotProjects/ROS2Projects/imu-test/imu_ws/src/imu_complementary/src/imu_complementary/imu.cpp:83:21:[m[K [01;31m[Kerror: [m[Kno match for ‘[01m[Koperator-[m[K’ (operand types are ‘[01m[Ktime_t(time_t*) throw ()[m[K’ {aka ‘[01m[Klong int(long int*)[m[K’} and ‘[01m[Krclcpp::Time[m[K’)
[7.256s]    83 |   double dt = ([32m[Ktime[m[K [01;31m[K-[m[K [34m[Ktime_prev[m[K).seconds();
[7.256s]       |                [32m[K~~~~[m[K [01;31m[K^[m[K [34m[K~~~~~~~~~[m[K
[7.256s]       |                [32m[K|[m[K      [34m[K|[m[K
[7.256s]       |                [32m[K|[m[K      [34m[Krclcpp::Time[m[K
[7.257s]       |                [32m[Ktime_t(time_t*) throw () {aka long int(long int*)}[m[K
[7.257s] [01m[K/home/maroqi/Projects/RobotProjects/ROS2Projects/imu-test/imu_ws/src/imu_complementary/src/imu_complementary/imu.cpp:84:15:[m[K [01;31m[Kerror: [m[Kno match for ‘[01m[Koperator=[m[K’ (operand types are ‘[01m[Krclcpp::Time[m[K’ and ‘[01m[Ktime_t(time_t*) throw ()[m[K’ {aka ‘[01m[Klong int(long int*)[m[K’})
[7.257s]    84 |   time_prev = [01;31m[Ktime[m[K;
[7.257s]       |               [01;31m[K^~~~[m[K
[7.257s] In file included from [01m[K/opt/ros/foxy/include/rclcpp/clock.hpp:23[m[K,
[7.258s]                  from [01m[K/opt/ros/foxy/include/rclcpp/timer.hpp:27[m[K,
[7.258s]                  from [01m[K/opt/ros/foxy/include/rclcpp/callback_group.hpp:27[m[K,
[7.258s]                  from [01m[K/opt/ros/foxy/include/rclcpp/any_executable.hpp:20[m[K,
[7.258s]                  from [01m[K/opt/ros/foxy/include/rclcpp/memory_strategy.hpp:24[m[K,
[7.258s]                  from [01m[K/opt/ros/foxy/include/rclcpp/memory_strategies.hpp:18[m[K,
[7.259s]                  from [01m[K/opt/ros/foxy/include/rclcpp/executor_options.hpp:20[m[K,
[7.259s]                  from [01m[K/opt/ros/foxy/include/rclcpp/executor.hpp:33[m[K,
[7.259s]                  from [01m[K/opt/ros/foxy/include/rclcpp/executors/multi_threaded_executor.hpp:25[m[K,
[7.259s]                  from [01m[K/opt/ros/foxy/include/rclcpp/executors.hpp:21[m[K,
[7.260s]                  from [01m[K/opt/ros/foxy/include/rclcpp/rclcpp.hpp:146[m[K,
[7.260s]                  from [01m[K/home/maroqi/Projects/RobotProjects/ROS2Projects/imu-test/imu_ws/src/imu_complementary/include/imu_complementary/imu.hpp:35[m[K,
[7.260s]                  from [01m[K/home/maroqi/Projects/RobotProjects/ROS2Projects/imu-test/imu_ws/src/imu_complementary/src/imu_complementary/imu.cpp:37[m[K:
[7.260s] [01m[K/opt/ros/foxy/include/rclcpp/time.hpp:91:3:[m[K [01;36m[Knote: [m[Kcandidate: ‘[01m[Krclcpp::Time& rclcpp::Time::operator=(const rclcpp::Time&)[m[K’
[7.261s]    91 |   [01;36m[Koperator[m[K=(const Time & rhs);
[7.261s]       |   [01;36m[K^~~~~~~~[m[K
[7.261s] [01m[K/opt/ros/foxy/include/rclcpp/time.hpp:91:26:[m[K [01;36m[Knote: [m[K  no known conversion for argument 1 from ‘[01m[Ktime_t(time_t*) throw ()[m[K’ {aka ‘[01m[Klong int(long int*)[m[K’} to ‘[01m[Kconst rclcpp::Time&[m[K’
[7.261s]    91 |   operator=([01;36m[Kconst Time & rhs[m[K);
[7.261s]       |             [01;36m[K~~~~~~~~~~~~~^~~[m[K
[7.262s] [01m[K/opt/ros/foxy/include/rclcpp/time.hpp:101:3:[m[K [01;36m[Knote: [m[Kcandidate: ‘[01m[Krclcpp::Time& rclcpp::Time::operator=(const Time&)[m[K’
[7.262s]   101 |   [01;36m[Koperator[m[K=(const builtin_interfaces::msg::Time & time_msg);
[7.262s]       |   [01;36m[K^~~~~~~~[m[K
[7.262s] [01m[K/opt/ros/foxy/include/rclcpp/time.hpp:101:51:[m[K [01;36m[Knote: [m[K  no known conversion for argument 1 from ‘[01m[Ktime_t(time_t*) throw ()[m[K’ {aka ‘[01m[Klong int(long int*)[m[K’} to ‘[01m[Kconst Time&[m[K’ {aka ‘[01m[Kconst builtin_interfaces::msg::Time_<std::allocator<void> >&[m[K’}
[7.262s]   101 |   operator=([01;36m[Kconst builtin_interfaces::msg::Time & time_msg[m[K);
[7.262s]       |             [01;36m[K~~~~~~~~~~~~~~~~~~~~~~~~~~~~~~~~~~~~~~^~~~~~~~[m[K
[7.263s] [01m[K/home/maroqi/Projects/RobotProjects/ROS2Projects/imu-test/imu_ws/src/imu_complementary/src/imu_complementary/imu.cpp:86:17:[m[K [01;31m[Kerror: [m[K‘[01m[Ka[m[K’ was not declared in this scope
[7.263s]    86 |   filter.update([01;31m[Ka[m[K.x, a.y, a.z, w.x, w.y, w.z, dt);
[7.275s]       |                 [01;31m[K^[m[K
[7.275s] [01m[K/home/maroqi/Projects/RobotProjects/ROS2Projects/imu-test/imu_ws/src/imu_complementary/src/imu_complementary/imu.cpp:86:32:[m[K [01;31m[Kerror: [m[K‘[01m[Kw[m[K’ was not declared in this scope
[7.276s]    86 |   filter.update(a.x, a.y, a.z, [01;31m[Kw[m[K.x, w.y, w.z, dt);
[7.276s]       |                                [01;31m[K^[m[K
[11.047s] make[2]: *** [CMakeFiles/imu_complementary.dir/build.make:76: CMakeFiles/imu_complementary.dir/src/imu_complementary/imu.cpp.o] Error 1
[11.047s] make[1]: *** [CMakeFiles/Makefile2:134: CMakeFiles/imu_complementary.dir/all] Error 2
[11.048s] make: *** [Makefile:141: all] Error 2
[11.053s] Invoked command in '/home/maroqi/Projects/RobotProjects/ROS2Projects/imu-test/imu_ws/build/imu_complementary' returned '2': CMAKE_PREFIX_PATH=/opt/ros/foxy /usr/bin/cmake --build /home/maroqi/Projects/RobotProjects/ROS2Projects/imu-test/imu_ws/build/imu_complementary -- -j2 -l2
