[0.034s] Invoking command in '/home/maroqi/Projects/RobotProjects/ROS2Projects/imu_ws/build/imu_madgwick': CMAKE_PREFIX_PATH=/opt/ros/foxy /usr/bin/cmake /home/maroqi/Projects/RobotProjects/ROS2Projects/imu_ws/src/imu_madgwick -DCMAKE_INSTALL_PREFIX=/home/maroqi/Projects/RobotProjects/ROS2Projects/imu_ws/install/imu_madgwick
[0.458s] -- The C compiler identification is GNU 9.3.0
[0.853s] -- The CXX compiler identification is GNU 9.3.0
[0.888s] -- Check for working C compiler: /usr/bin/cc
[1.164s] -- Check for working C compiler: /usr/bin/cc -- works
[1.170s] -- Detecting C compiler ABI info
[1.424s] -- Detecting C compiler ABI info - done
[1.475s] -- Detecting C compile features
[1.477s] -- Detecting C compile features - done
[1.491s] -- Check for working CXX compiler: /usr/bin/c++
[1.768s] -- Check for working CXX compiler: /usr/bin/c++ -- works
[1.771s] -- Detecting CXX compiler ABI info
[2.012s] -- Detecting CXX compiler ABI info - done
[2.054s] -- Detecting CXX compile features
[2.056s] -- Detecting CXX compile features - done
[2.085s] -- Found ament_cmake: 0.9.8 (/opt/ros/foxy/share/ament_cmake/cmake)
[2.174s] -- Found PythonInterp: /usr/bin/python3 (found suitable version "3.8.5", minimum required is "3") 
[2.175s] -- Using PYTHON_EXECUTABLE: /usr/bin/python3
[2.849s] -- Found rclcpp: 2.3.0 (/opt/ros/foxy/share/rclcpp/cmake)
[3.067s] -- Using all available rosidl_typesupport_c: rosidl_typesupport_fastrtps_c;rosidl_typesupport_introspection_c
[3.108s] -- Found rosidl_adapter: 1.2.0 (/opt/ros/foxy/share/rosidl_adapter/cmake)
[3.328s] -- Found OpenSSL: /usr/lib/x86_64-linux-gnu/libcrypto.so (found version "1.1.1f")  
[3.412s] -- Found FastRTPS: /opt/ros/foxy/include  
[3.674s] -- Using all available rosidl_typesupport_cpp: rosidl_typesupport_fastrtps_cpp;rosidl_typesupport_introspection_cpp
[3.904s] -- Found rmw_implementation_cmake: 1.0.2 (/opt/ros/foxy/share/rmw_implementation_cmake/cmake)
[3.912s] -- Using RMW implementation 'rmw_fastrtps_cpp' as default
[3.920s] -- Looking for pthread.h
[4.221s] -- Looking for pthread.h - found
[4.223s] -- Performing Test CMAKE_HAVE_LIBC_PTHREAD
[4.505s] -- Performing Test CMAKE_HAVE_LIBC_PTHREAD - Failed
[4.506s] -- Looking for pthread_create in pthreads
[4.729s] -- Looking for pthread_create in pthreads - not found
[4.729s] -- Looking for pthread_create in pthread
[5.021s] -- Looking for pthread_create in pthread - found
[5.024s] -- Found Threads: TRUE  
[5.652s] -- Found sensor_msgs: 2.0.3 (/opt/ros/foxy/share/sensor_msgs/cmake)
[6.089s] -- Found tf2: 0.13.9 (/opt/ros/foxy/share/tf2/cmake)
[6.135s] -- Found tf2_geometry_msgs: 0.13.9 (/opt/ros/foxy/share/tf2_geometry_msgs/cmake)
[6.168s] -- Found eigen3_cmake_module: 0.1.1 (/opt/ros/foxy/share/eigen3_cmake_module/cmake)
[6.178s] -- Found Eigen3: TRUE (found version "3.3.7") 
[7.515s] -- Found pluginlib: 2.5.3 (/opt/ros/foxy/share/pluginlib/cmake)
[7.573s] CMake Error at CMakeLists.txt:25 (find_package):
[7.573s]   By not providing "Finddynamic_reconfigure.cmake" in CMAKE_MODULE_PATH this
[7.573s]   project has asked CMake to find a package configuration file provided by
[7.574s]   "dynamic_reconfigure", but CMake did not find one.
[7.574s] 
[7.574s]   Could not find a package configuration file provided by
[7.574s]   "dynamic_reconfigure" with any of the following names:
[7.574s] 
[7.574s]     dynamic_reconfigureConfig.cmake
[7.575s]     dynamic_reconfigure-config.cmake
[7.575s] 
[7.575s]   Add the installation prefix of "dynamic_reconfigure" to CMAKE_PREFIX_PATH
[7.575s]   or set "dynamic_reconfigure_DIR" to a directory containing one of the above
[7.575s]   files.  If "dynamic_reconfigure" provides a separate development package or
[7.575s]   SDK, be sure it has been installed.
[7.576s] 
[7.576s] 
[7.582s] -- Configuring incomplete, errors occurred!
[7.582s] See also "/home/maroqi/Projects/RobotProjects/ROS2Projects/imu_ws/build/imu_madgwick/CMakeFiles/CMakeOutput.log".
[7.582s] See also "/home/maroqi/Projects/RobotProjects/ROS2Projects/imu_ws/build/imu_madgwick/CMakeFiles/CMakeError.log".
[7.609s] Invoked command in '/home/maroqi/Projects/RobotProjects/ROS2Projects/imu_ws/build/imu_madgwick' returned '1': CMAKE_PREFIX_PATH=/opt/ros/foxy /usr/bin/cmake /home/maroqi/Projects/RobotProjects/ROS2Projects/imu_ws/src/imu_madgwick -DCMAKE_INSTALL_PREFIX=/home/maroqi/Projects/RobotProjects/ROS2Projects/imu_ws/install/imu_madgwick
