[3.054s] Invoking command in '/home/maroqi/Projects/RobotProjects/ROS2Projects/imu-test/imu_ws/src/wbt_imu': PYTHONPATH=/home/maroqi/Projects/RobotProjects/ROS2Projects/imu-test/imu_ws/install/wbt_imu/lib/python3.8/site-packages:${PYTHONPATH} /usr/bin/python3 setup.py egg_info --egg-base ../../build/wbt_imu build --build-base /home/maroqi/Projects/RobotProjects/ROS2Projects/imu-test/imu_ws/build/wbt_imu/build install --prefix /home/maroqi/Projects/RobotProjects/ROS2Projects/imu-test/imu_ws/install/wbt_imu --record /home/maroqi/Projects/RobotProjects/ROS2Projects/imu-test/imu_ws/build/wbt_imu/install.log --single-version-externally-managed
[6.056s] running egg_info
[6.070s] writing ../../build/wbt_imu/wbt_imu.egg-info/PKG-INFO
[6.075s] writing dependency_links to ../../build/wbt_imu/wbt_imu.egg-info/dependency_links.txt
[6.084s] writing entry points to ../../build/wbt_imu/wbt_imu.egg-info/entry_points.txt
[6.085s] writing requirements to ../../build/wbt_imu/wbt_imu.egg-info/requires.txt
[6.099s] writing top-level names to ../../build/wbt_imu/wbt_imu.egg-info/top_level.txt
[6.554s] reading manifest file '../../build/wbt_imu/wbt_imu.egg-info/SOURCES.txt'
[6.558s] writing manifest file '../../build/wbt_imu/wbt_imu.egg-info/SOURCES.txt'
[6.568s] running build
[6.570s] running build_py
[6.584s] running install
[6.592s] running install_lib
[6.618s] running install_data
[6.628s] running install_egg_info
[6.648s] removing '/home/maroqi/Projects/RobotProjects/ROS2Projects/imu-test/imu_ws/install/wbt_imu/lib/python3.8/site-packages/wbt_imu-0.0.0-py3.8.egg-info' (and everything under it)
[6.654s] Copying ../../build/wbt_imu/wbt_imu.egg-info to /home/maroqi/Projects/RobotProjects/ROS2Projects/imu-test/imu_ws/install/wbt_imu/lib/python3.8/site-packages/wbt_imu-0.0.0-py3.8.egg-info
[6.673s] running install_scripts
[6.896s] writing list of installed files to '/home/maroqi/Projects/RobotProjects/ROS2Projects/imu-test/imu_ws/build/wbt_imu/install.log'
[7.237s] Invoked command in '/home/maroqi/Projects/RobotProjects/ROS2Projects/imu-test/imu_ws/src/wbt_imu' returned '0': PYTHONPATH=/home/maroqi/Projects/RobotProjects/ROS2Projects/imu-test/imu_ws/install/wbt_imu/lib/python3.8/site-packages:${PYTHONPATH} /usr/bin/python3 setup.py egg_info --egg-base ../../build/wbt_imu build --build-base /home/maroqi/Projects/RobotProjects/ROS2Projects/imu-test/imu_ws/build/wbt_imu/build install --prefix /home/maroqi/Projects/RobotProjects/ROS2Projects/imu-test/imu_ws/install/wbt_imu --record /home/maroqi/Projects/RobotProjects/ROS2Projects/imu-test/imu_ws/build/wbt_imu/install.log --single-version-externally-managed
