[1.421s] DEBUG:colcon:Command line arguments: ['/usr/bin/colcon', 'build']
[1.422s] DEBUG:colcon:Parsed command line arguments: Namespace(ament_cmake_args=None, base_paths=['.'], build_base='build', catkin_cmake_args=None, catkin_skip_building_tests=False, cmake_args=None, cmake_clean_cache=False, cmake_clean_first=False, cmake_force_configure=False, cmake_target=None, cmake_target_skip_unavailable=False, continue_on_error=False, event_handlers=None, executor='parallel', ignore_user_meta=False, install_base='install', log_base=None, log_level=None, main=<bound method BuildVerb.main of <colcon_core.verb.build.BuildVerb object at 0x7fcfebf15af0>>, merge_install=False, metas=['./colcon.meta'], packages_above=None, packages_above_and_dependencies=None, packages_above_depth=None, packages_end=None, packages_ignore=None, packages_ignore_regex=None, packages_select=None, packages_select_build_failed=False, packages_select_by_dep=None, packages_select_regex=None, packages_select_test_failures=False, packages_skip=None, packages_skip_build_finished=False, packages_skip_by_dep=None, packages_skip_regex=None, packages_skip_test_passed=False, packages_skip_up_to=None, packages_start=None, packages_up_to=None, packages_up_to_regex=None, parallel_workers=2, paths=None, symlink_install=False, test_result_base=None, verb_extension=<colcon_core.verb.build.BuildVerb object at 0x7fcfebf15af0>, verb_name='build', verb_parser=<colcon_defaults.argument_parser.defaults.DefaultArgumentsDecorator object at 0x7fcfebf1f0a0>)
[1.449s] Level 1:colcon.colcon_core.package_discovery:discover_packages(colcon_meta) check parameters
[1.449s] Level 1:colcon.colcon_core.package_discovery:discover_packages(recursive) check parameters
[1.449s] Level 1:colcon.colcon_core.package_discovery:discover_packages(ignore) check parameters
[1.449s] Level 1:colcon.colcon_core.package_discovery:discover_packages(path) check parameters
[1.449s] Level 1:colcon.colcon_core.package_discovery:discover_packages(colcon_meta) discover
[1.449s] Level 1:colcon.colcon_core.package_discovery:discover_packages(recursive) discover
[1.450s] INFO:colcon.colcon_core.package_discovery:Crawling recursively for packages in '/home/maroqi/Projects/RobotProjects/ROS2Projects/imu-test/imu_ws'
[1.450s] Level 1:colcon.colcon_core.package_identification:_identify(.) by extensions ['ignore', 'ignore_ament_install']
[1.450s] Level 1:colcon.colcon_core.package_identification:_identify(.) by extension 'ignore'
[1.450s] Level 1:colcon.colcon_core.package_identification:_identify(.) by extension 'ignore_ament_install'
[1.451s] Level 1:colcon.colcon_core.package_identification:_identify(.) by extensions ['colcon_pkg']
[1.451s] Level 1:colcon.colcon_core.package_identification:_identify(.) by extension 'colcon_pkg'
[1.452s] Level 1:colcon.colcon_core.package_identification:_identify(.) by extensions ['colcon_meta']
[1.452s] Level 1:colcon.colcon_core.package_identification:_identify(.) by extension 'colcon_meta'
[1.453s] Level 1:colcon.colcon_core.package_identification:_identify(.) by extensions ['ros']
[1.453s] Level 1:colcon.colcon_core.package_identification:_identify(.) by extension 'ros'
[1.525s] Level 1:colcon.colcon_core.package_identification:_identify(.) by extensions ['cmake', 'python']
[1.525s] Level 1:colcon.colcon_core.package_identification:_identify(.) by extension 'cmake'
[1.525s] Level 1:colcon.colcon_core.package_identification:_identify(.) by extension 'python'
[1.525s] Level 1:colcon.colcon_core.package_identification:_identify(.) by extensions ['python_setup_py']
[1.525s] Level 1:colcon.colcon_core.package_identification:_identify(.) by extension 'python_setup_py'
[1.526s] Level 1:colcon.colcon_core.package_identification:_identify(build) by extensions ['ignore', 'ignore_ament_install']
[1.526s] Level 1:colcon.colcon_core.package_identification:_identify(build) by extension 'ignore'
[1.526s] Level 1:colcon.colcon_core.package_identification:_identify(build) ignored
[1.526s] Level 1:colcon.colcon_core.package_identification:_identify(install) by extensions ['ignore', 'ignore_ament_install']
[1.527s] Level 1:colcon.colcon_core.package_identification:_identify(install) by extension 'ignore'
[1.527s] Level 1:colcon.colcon_core.package_identification:_identify(install) ignored
[1.527s] Level 1:colcon.colcon_core.package_identification:_identify(log) by extensions ['ignore', 'ignore_ament_install']
[1.527s] Level 1:colcon.colcon_core.package_identification:_identify(log) by extension 'ignore'
[1.527s] Level 1:colcon.colcon_core.package_identification:_identify(log) ignored
[1.527s] Level 1:colcon.colcon_core.package_identification:_identify(src) by extensions ['ignore', 'ignore_ament_install']
[1.528s] Level 1:colcon.colcon_core.package_identification:_identify(src) by extension 'ignore'
[1.528s] Level 1:colcon.colcon_core.package_identification:_identify(src) by extension 'ignore_ament_install'
[1.528s] Level 1:colcon.colcon_core.package_identification:_identify(src) by extensions ['colcon_pkg']
[1.528s] Level 1:colcon.colcon_core.package_identification:_identify(src) by extension 'colcon_pkg'
[1.528s] Level 1:colcon.colcon_core.package_identification:_identify(src) by extensions ['colcon_meta']
[1.528s] Level 1:colcon.colcon_core.package_identification:_identify(src) by extension 'colcon_meta'
[1.528s] Level 1:colcon.colcon_core.package_identification:_identify(src) by extensions ['ros']
[1.531s] Level 1:colcon.colcon_core.package_identification:_identify(src) by extension 'ros'
[1.532s] Level 1:colcon.colcon_core.package_identification:_identify(src) by extensions ['cmake', 'python']
[1.532s] Level 1:colcon.colcon_core.package_identification:_identify(src) by extension 'cmake'
[1.532s] Level 1:colcon.colcon_core.package_identification:_identify(src) by extension 'python'
[1.532s] Level 1:colcon.colcon_core.package_identification:_identify(src) by extensions ['python_setup_py']
[1.532s] Level 1:colcon.colcon_core.package_identification:_identify(src) by extension 'python_setup_py'
[1.532s] Level 1:colcon.colcon_core.package_identification:_identify(src/imu_complementary) by extensions ['ignore', 'ignore_ament_install']
[1.535s] Level 1:colcon.colcon_core.package_identification:_identify(src/imu_complementary) by extension 'ignore'
[1.536s] Level 1:colcon.colcon_core.package_identification:_identify(src/imu_complementary) by extension 'ignore_ament_install'
[1.536s] Level 1:colcon.colcon_core.package_identification:_identify(src/imu_complementary) by extensions ['colcon_pkg']
[1.536s] Level 1:colcon.colcon_core.package_identification:_identify(src/imu_complementary) by extension 'colcon_pkg'
[1.536s] Level 1:colcon.colcon_core.package_identification:_identify(src/imu_complementary) by extensions ['colcon_meta']
[1.536s] Level 1:colcon.colcon_core.package_identification:_identify(src/imu_complementary) by extension 'colcon_meta'
[1.539s] Level 1:colcon.colcon_core.package_identification:_identify(src/imu_complementary) by extensions ['ros']
[1.540s] Level 1:colcon.colcon_core.package_identification:_identify(src/imu_complementary) by extension 'ros'
[1.557s] DEBUG:colcon.colcon_core.package_identification:Package 'src/imu_complementary' with type 'ros.ament_cmake' and name 'imu_complementary'
[1.557s] Level 1:colcon.colcon_core.package_identification:_identify(src/imu_madgwick) by extensions ['ignore', 'ignore_ament_install']
[1.557s] Level 1:colcon.colcon_core.package_identification:_identify(src/imu_madgwick) by extension 'ignore'
[1.557s] Level 1:colcon.colcon_core.package_identification:_identify(src/imu_madgwick) by extension 'ignore_ament_install'
[1.558s] Level 1:colcon.colcon_core.package_identification:_identify(src/imu_madgwick) by extensions ['colcon_pkg']
[1.558s] Level 1:colcon.colcon_core.package_identification:_identify(src/imu_madgwick) by extension 'colcon_pkg'
[1.558s] Level 1:colcon.colcon_core.package_identification:_identify(src/imu_madgwick) by extensions ['colcon_meta']
[1.558s] Level 1:colcon.colcon_core.package_identification:_identify(src/imu_madgwick) by extension 'colcon_meta'
[1.558s] Level 1:colcon.colcon_core.package_identification:_identify(src/imu_madgwick) by extensions ['ros']
[1.558s] Level 1:colcon.colcon_core.package_identification:_identify(src/imu_madgwick) by extension 'ros'
[1.560s] DEBUG:colcon.colcon_core.package_identification:Package 'src/imu_madgwick' with type 'ros.ament_cmake' and name 'imu_madgwick'
[1.560s] Level 1:colcon.colcon_core.package_identification:_identify(src/wbt_imu) by extensions ['ignore', 'ignore_ament_install']
[1.560s] Level 1:colcon.colcon_core.package_identification:_identify(src/wbt_imu) by extension 'ignore'
[1.561s] Level 1:colcon.colcon_core.package_identification:_identify(src/wbt_imu) by extension 'ignore_ament_install'
[1.561s] Level 1:colcon.colcon_core.package_identification:_identify(src/wbt_imu) by extensions ['colcon_pkg']
[1.561s] Level 1:colcon.colcon_core.package_identification:_identify(src/wbt_imu) by extension 'colcon_pkg'
[1.561s] Level 1:colcon.colcon_core.package_identification:_identify(src/wbt_imu) by extensions ['colcon_meta']
[1.561s] Level 1:colcon.colcon_core.package_identification:_identify(src/wbt_imu) by extension 'colcon_meta'
[1.561s] Level 1:colcon.colcon_core.package_identification:_identify(src/wbt_imu) by extensions ['ros']
[1.561s] Level 1:colcon.colcon_core.package_identification:_identify(src/wbt_imu) by extension 'ros'
[1.573s] DEBUG:colcon.colcon_core.package_identification:Package 'src/wbt_imu' with type 'ros.ament_python' and name 'wbt_imu'
[1.573s] Level 1:colcon.colcon_core.package_discovery:discover_packages(recursive) using defaults
[1.573s] Level 1:colcon.colcon_core.package_discovery:discover_packages(ignore) discover
[1.573s] Level 1:colcon.colcon_core.package_discovery:discover_packages(ignore) using defaults
[1.573s] Level 1:colcon.colcon_core.package_discovery:discover_packages(path) discover
[1.573s] Level 1:colcon.colcon_core.package_discovery:discover_packages(path) using defaults
[1.666s] Level 5:colcon.colcon_core.verb:set package 'imu_complementary' build argument 'cmake_args' from command line to 'None'
[1.666s] Level 5:colcon.colcon_core.verb:set package 'imu_complementary' build argument 'cmake_target' from command line to 'None'
[1.666s] Level 5:colcon.colcon_core.verb:set package 'imu_complementary' build argument 'cmake_target_skip_unavailable' from command line to 'False'
[1.666s] Level 5:colcon.colcon_core.verb:set package 'imu_complementary' build argument 'cmake_clean_cache' from command line to 'False'
[1.666s] Level 5:colcon.colcon_core.verb:set package 'imu_complementary' build argument 'cmake_clean_first' from command line to 'False'
[1.666s] Level 5:colcon.colcon_core.verb:set package 'imu_complementary' build argument 'cmake_force_configure' from command line to 'False'
[1.666s] Level 5:colcon.colcon_core.verb:set package 'imu_complementary' build argument 'ament_cmake_args' from command line to 'None'
[1.666s] Level 5:colcon.colcon_core.verb:set package 'imu_complementary' build argument 'catkin_cmake_args' from command line to 'None'
[1.666s] Level 5:colcon.colcon_core.verb:set package 'imu_complementary' build argument 'catkin_skip_building_tests' from command line to 'False'
[1.667s] DEBUG:colcon.colcon_core.verb:Building package 'imu_complementary' with the following arguments: {'ament_cmake_args': None, 'build_base': '/home/maroqi/Projects/RobotProjects/ROS2Projects/imu-test/imu_ws/build/imu_complementary', 'catkin_cmake_args': None, 'catkin_skip_building_tests': False, 'cmake_args': None, 'cmake_clean_cache': False, 'cmake_clean_first': False, 'cmake_force_configure': False, 'cmake_target': None, 'cmake_target_skip_unavailable': False, 'install_base': '/home/maroqi/Projects/RobotProjects/ROS2Projects/imu-test/imu_ws/install/imu_complementary', 'merge_install': False, 'path': '/home/maroqi/Projects/RobotProjects/ROS2Projects/imu-test/imu_ws/src/imu_complementary', 'symlink_install': False, 'test_result_base': None}
[1.675s] Level 5:colcon.colcon_core.verb:set package 'imu_madgwick' build argument 'cmake_args' from command line to 'None'
[1.676s] Level 5:colcon.colcon_core.verb:set package 'imu_madgwick' build argument 'cmake_target' from command line to 'None'
[1.676s] Level 5:colcon.colcon_core.verb:set package 'imu_madgwick' build argument 'cmake_target_skip_unavailable' from command line to 'False'
[1.676s] Level 5:colcon.colcon_core.verb:set package 'imu_madgwick' build argument 'cmake_clean_cache' from command line to 'False'
[1.676s] Level 5:colcon.colcon_core.verb:set package 'imu_madgwick' build argument 'cmake_clean_first' from command line to 'False'
[1.676s] Level 5:colcon.colcon_core.verb:set package 'imu_madgwick' build argument 'cmake_force_configure' from command line to 'False'
[1.676s] Level 5:colcon.colcon_core.verb:set package 'imu_madgwick' build argument 'ament_cmake_args' from command line to 'None'
[1.676s] Level 5:colcon.colcon_core.verb:set package 'imu_madgwick' build argument 'catkin_cmake_args' from command line to 'None'
[1.676s] Level 5:colcon.colcon_core.verb:set package 'imu_madgwick' build argument 'catkin_skip_building_tests' from command line to 'False'
[1.676s] DEBUG:colcon.colcon_core.verb:Building package 'imu_madgwick' with the following arguments: {'ament_cmake_args': None, 'build_base': '/home/maroqi/Projects/RobotProjects/ROS2Projects/imu-test/imu_ws/build/imu_madgwick', 'catkin_cmake_args': None, 'catkin_skip_building_tests': False, 'cmake_args': None, 'cmake_clean_cache': False, 'cmake_clean_first': False, 'cmake_force_configure': False, 'cmake_target': None, 'cmake_target_skip_unavailable': False, 'install_base': '/home/maroqi/Projects/RobotProjects/ROS2Projects/imu-test/imu_ws/install/imu_madgwick', 'merge_install': False, 'path': '/home/maroqi/Projects/RobotProjects/ROS2Projects/imu-test/imu_ws/src/imu_madgwick', 'symlink_install': False, 'test_result_base': None}
[1.685s] Level 5:colcon.colcon_core.verb:set package 'wbt_imu' build argument 'cmake_args' from command line to 'None'
[1.685s] Level 5:colcon.colcon_core.verb:set package 'wbt_imu' build argument 'cmake_target' from command line to 'None'
[1.685s] Level 5:colcon.colcon_core.verb:set package 'wbt_imu' build argument 'cmake_target_skip_unavailable' from command line to 'False'
[1.685s] Level 5:colcon.colcon_core.verb:set package 'wbt_imu' build argument 'cmake_clean_cache' from command line to 'False'
[1.685s] Level 5:colcon.colcon_core.verb:set package 'wbt_imu' build argument 'cmake_clean_first' from command line to 'False'
[1.685s] Level 5:colcon.colcon_core.verb:set package 'wbt_imu' build argument 'cmake_force_configure' from command line to 'False'
[1.686s] Level 5:colcon.colcon_core.verb:set package 'wbt_imu' build argument 'ament_cmake_args' from command line to 'None'
[1.686s] Level 5:colcon.colcon_core.verb:set package 'wbt_imu' build argument 'catkin_cmake_args' from command line to 'None'
[1.686s] Level 5:colcon.colcon_core.verb:set package 'wbt_imu' build argument 'catkin_skip_building_tests' from command line to 'False'
[1.686s] DEBUG:colcon.colcon_core.verb:Building package 'wbt_imu' with the following arguments: {'ament_cmake_args': None, 'build_base': '/home/maroqi/Projects/RobotProjects/ROS2Projects/imu-test/imu_ws/build/wbt_imu', 'catkin_cmake_args': None, 'catkin_skip_building_tests': False, 'cmake_args': None, 'cmake_clean_cache': False, 'cmake_clean_first': False, 'cmake_force_configure': False, 'cmake_target': None, 'cmake_target_skip_unavailable': False, 'install_base': '/home/maroqi/Projects/RobotProjects/ROS2Projects/imu-test/imu_ws/install/wbt_imu', 'merge_install': False, 'path': '/home/maroqi/Projects/RobotProjects/ROS2Projects/imu-test/imu_ws/src/wbt_imu', 'symlink_install': False, 'test_result_base': None}
[1.687s] INFO:colcon.colcon_core.executor:Executing jobs using 'parallel' executor
[1.694s] DEBUG:colcon.colcon_parallel_executor.executor.parallel:run_until_complete
[1.694s] INFO:colcon.colcon_ros.task.ament_cmake.build:Building ROS package in '/home/maroqi/Projects/RobotProjects/ROS2Projects/imu-test/imu_ws/src/imu_complementary' with build type 'ament_cmake'
[1.694s] INFO:colcon.colcon_cmake.task.cmake.build:Building CMake package in '/home/maroqi/Projects/RobotProjects/ROS2Projects/imu-test/imu_ws/src/imu_complementary'
[1.712s] INFO:colcon.colcon_core.plugin_system:Skipping extension 'colcon_core.shell.bat': Not used on non-Windows systems
[1.713s] INFO:colcon.colcon_core.shell:Skip shell extension 'powershell' for command environment: Not usable outside of PowerShell
[1.713s] DEBUG:colcon.colcon_core.shell:Skip shell extension 'dsv' for command environment
[1.724s] DEBUG:colcon.colcon_core.shell:Ignoring prefix path '/opt/ros/foxy'
[1.733s] INFO:colcon.colcon_ros.task.ament_cmake.build:Building ROS package in '/home/maroqi/Projects/RobotProjects/ROS2Projects/imu-test/imu_ws/src/imu_madgwick' with build type 'ament_cmake'
[1.734s] INFO:colcon.colcon_cmake.task.cmake.build:Building CMake package in '/home/maroqi/Projects/RobotProjects/ROS2Projects/imu-test/imu_ws/src/imu_madgwick'
[1.736s] INFO:colcon.colcon_core.shell:Skip shell extension 'powershell' for command environment: Not usable outside of PowerShell
[1.736s] DEBUG:colcon.colcon_core.shell:Skip shell extension 'dsv' for command environment
[1.745s] DEBUG:colcon.colcon_core.shell:Ignoring prefix path '/opt/ros/foxy'
[1.778s] DEBUG:colcon.colcon_core.event_handler.log_command:Invoking command in '/home/maroqi/Projects/RobotProjects/ROS2Projects/imu-test/imu_ws/build/imu_complementary': CMAKE_PREFIX_PATH=${CMAKE_PREFIX_PATH}:/home/maroqi/Projects/RobotProjects/ROS2Projects/imu-test/imu_ws/install/wbt_imu:/opt/ros/foxy /usr/bin/cmake --build /home/maroqi/Projects/RobotProjects/ROS2Projects/imu-test/imu_ws/build/imu_complementary -- -j2 -l2
[1.806s] DEBUG:colcon.colcon_core.event_handler.log_command:Invoking command in '/home/maroqi/Projects/RobotProjects/ROS2Projects/imu-test/imu_ws/build/imu_madgwick': CMAKE_PREFIX_PATH=${CMAKE_PREFIX_PATH}:/home/maroqi/Projects/RobotProjects/ROS2Projects/imu-test/imu_ws/install/wbt_imu:/opt/ros/foxy /usr/bin/cmake --build /home/maroqi/Projects/RobotProjects/ROS2Projects/imu-test/imu_ws/build/imu_madgwick -- -j2 -l2
[2.074s] DEBUG:colcon.colcon_core.event_handler.log_command:Invoked command in '/home/maroqi/Projects/RobotProjects/ROS2Projects/imu-test/imu_ws/build/imu_complementary' returned '0': CMAKE_PREFIX_PATH=${CMAKE_PREFIX_PATH}:/home/maroqi/Projects/RobotProjects/ROS2Projects/imu-test/imu_ws/install/wbt_imu:/opt/ros/foxy /usr/bin/cmake --build /home/maroqi/Projects/RobotProjects/ROS2Projects/imu-test/imu_ws/build/imu_complementary -- -j2 -l2
[2.232s] DEBUG:colcon.colcon_core.event_handler.log_command:Invoking command in '/home/maroqi/Projects/RobotProjects/ROS2Projects/imu-test/imu_ws/build/imu_complementary': CMAKE_PREFIX_PATH=${CMAKE_PREFIX_PATH}:/home/maroqi/Projects/RobotProjects/ROS2Projects/imu-test/imu_ws/install/wbt_imu:/opt/ros/foxy /usr/bin/cmake --install /home/maroqi/Projects/RobotProjects/ROS2Projects/imu-test/imu_ws/build/imu_complementary
[2.289s] Level 1:colcon.colcon_core.environment:create_environment_scripts_only(imu_complementary)
[2.292s] DEBUG:colcon.colcon_core.event_handler.log_command:Invoked command in '/home/maroqi/Projects/RobotProjects/ROS2Projects/imu-test/imu_ws/build/imu_complementary' returned '0': CMAKE_PREFIX_PATH=${CMAKE_PREFIX_PATH}:/home/maroqi/Projects/RobotProjects/ROS2Projects/imu-test/imu_ws/install/wbt_imu:/opt/ros/foxy /usr/bin/cmake --install /home/maroqi/Projects/RobotProjects/ROS2Projects/imu-test/imu_ws/build/imu_complementary
[2.309s] Level 1:colcon.colcon_core.environment:checking '/home/maroqi/Projects/RobotProjects/ROS2Projects/imu-test/imu_ws/install/imu_complementary' for CMake module files
[2.310s] Level 1:colcon.colcon_core.environment:checking '/home/maroqi/Projects/RobotProjects/ROS2Projects/imu-test/imu_ws/install/imu_complementary' for CMake config files
[2.311s] Level 1:colcon.colcon_core.shell:create_environment_hook('imu_complementary', 'cmake_prefix_path')
[2.314s] INFO:colcon.colcon_core.shell:Creating environment hook '/home/maroqi/Projects/RobotProjects/ROS2Projects/imu-test/imu_ws/install/imu_complementary/share/imu_complementary/hook/cmake_prefix_path.ps1'
[2.318s] INFO:colcon.colcon_core.shell:Creating environment descriptor '/home/maroqi/Projects/RobotProjects/ROS2Projects/imu-test/imu_ws/install/imu_complementary/share/imu_complementary/hook/cmake_prefix_path.dsv'
[2.321s] INFO:colcon.colcon_core.shell:Creating environment hook '/home/maroqi/Projects/RobotProjects/ROS2Projects/imu-test/imu_ws/install/imu_complementary/share/imu_complementary/hook/cmake_prefix_path.sh'
[2.324s] Level 1:colcon.colcon_core.environment:checking '/home/maroqi/Projects/RobotProjects/ROS2Projects/imu-test/imu_ws/install/imu_complementary/bin'
[2.325s] Level 1:colcon.colcon_core.environment:checking '/home/maroqi/Projects/RobotProjects/ROS2Projects/imu-test/imu_ws/install/imu_complementary/lib/pkgconfig/imu_complementary.pc'
[2.325s] Level 1:colcon.colcon_core.environment:checking '/home/maroqi/Projects/RobotProjects/ROS2Projects/imu-test/imu_ws/install/imu_complementary/lib/python3.8/site-packages'
[2.331s] INFO:colcon.colcon_core.shell:Creating package script '/home/maroqi/Projects/RobotProjects/ROS2Projects/imu-test/imu_ws/install/imu_complementary/share/imu_complementary/package.ps1'
[2.334s] INFO:colcon.colcon_core.shell:Creating package descriptor '/home/maroqi/Projects/RobotProjects/ROS2Projects/imu-test/imu_ws/install/imu_complementary/share/imu_complementary/package.dsv'
[2.338s] INFO:colcon.colcon_core.shell:Creating package script '/home/maroqi/Projects/RobotProjects/ROS2Projects/imu-test/imu_ws/install/imu_complementary/share/imu_complementary/package.sh'
[2.341s] INFO:colcon.colcon_core.shell:Creating package script '/home/maroqi/Projects/RobotProjects/ROS2Projects/imu-test/imu_ws/install/imu_complementary/share/imu_complementary/package.bash'
[2.344s] INFO:colcon.colcon_core.shell:Creating package script '/home/maroqi/Projects/RobotProjects/ROS2Projects/imu-test/imu_ws/install/imu_complementary/share/imu_complementary/package.zsh'
[2.350s] Level 1:colcon.colcon_core.environment:create_file_with_runtime_dependencies(/home/maroqi/Projects/RobotProjects/ROS2Projects/imu-test/imu_ws/install/imu_complementary/share/colcon-core/packages/imu_complementary)
[2.487s] Level 1:colcon.colcon_core.environment:create_environment_scripts_only(imu_complementary)
[2.492s] Level 1:colcon.colcon_core.environment:checking '/home/maroqi/Projects/RobotProjects/ROS2Projects/imu-test/imu_ws/install/imu_complementary' for CMake module files
[2.493s] Level 1:colcon.colcon_core.environment:checking '/home/maroqi/Projects/RobotProjects/ROS2Projects/imu-test/imu_ws/install/imu_complementary' for CMake config files
[2.493s] Level 1:colcon.colcon_core.shell:create_environment_hook('imu_complementary', 'cmake_prefix_path')
[2.495s] INFO:colcon.colcon_core.shell:Creating environment hook '/home/maroqi/Projects/RobotProjects/ROS2Projects/imu-test/imu_ws/install/imu_complementary/share/imu_complementary/hook/cmake_prefix_path.ps1'
[2.506s] INFO:colcon.colcon_core.shell:Creating environment descriptor '/home/maroqi/Projects/RobotProjects/ROS2Projects/imu-test/imu_ws/install/imu_complementary/share/imu_complementary/hook/cmake_prefix_path.dsv'
[2.507s] INFO:colcon.colcon_core.shell:Creating environment hook '/home/maroqi/Projects/RobotProjects/ROS2Projects/imu-test/imu_ws/install/imu_complementary/share/imu_complementary/hook/cmake_prefix_path.sh'
[2.513s] Level 1:colcon.colcon_core.environment:checking '/home/maroqi/Projects/RobotProjects/ROS2Projects/imu-test/imu_ws/install/imu_complementary/bin'
[2.513s] Level 1:colcon.colcon_core.environment:checking '/home/maroqi/Projects/RobotProjects/ROS2Projects/imu-test/imu_ws/install/imu_complementary/lib/pkgconfig/imu_complementary.pc'
[2.513s] Level 1:colcon.colcon_core.environment:checking '/home/maroqi/Projects/RobotProjects/ROS2Projects/imu-test/imu_ws/install/imu_complementary/lib/python3.8/site-packages'
[2.515s] INFO:colcon.colcon_core.shell:Creating package script '/home/maroqi/Projects/RobotProjects/ROS2Projects/imu-test/imu_ws/install/imu_complementary/share/imu_complementary/package.ps1'
[2.524s] INFO:colcon.colcon_core.shell:Creating package descriptor '/home/maroqi/Projects/RobotProjects/ROS2Projects/imu-test/imu_ws/install/imu_complementary/share/imu_complementary/package.dsv'
[2.525s] INFO:colcon.colcon_core.shell:Creating package script '/home/maroqi/Projects/RobotProjects/ROS2Projects/imu-test/imu_ws/install/imu_complementary/share/imu_complementary/package.sh'
[2.527s] INFO:colcon.colcon_core.shell:Creating package script '/home/maroqi/Projects/RobotProjects/ROS2Projects/imu-test/imu_ws/install/imu_complementary/share/imu_complementary/package.bash'
[2.528s] INFO:colcon.colcon_core.shell:Creating package script '/home/maroqi/Projects/RobotProjects/ROS2Projects/imu-test/imu_ws/install/imu_complementary/share/imu_complementary/package.zsh'
[2.536s] Level 1:colcon.colcon_core.environment:create_file_with_runtime_dependencies(/home/maroqi/Projects/RobotProjects/ROS2Projects/imu-test/imu_ws/install/imu_complementary/share/colcon-core/packages/imu_complementary)
[2.540s] INFO:colcon.colcon_ros.task.ament_python.build:Building ROS package in '/home/maroqi/Projects/RobotProjects/ROS2Projects/imu-test/imu_ws/src/wbt_imu' with build type 'ament_python'
[2.541s] Level 1:colcon.colcon_core.shell:create_environment_hook('wbt_imu', 'ament_prefix_path')
[2.542s] INFO:colcon.colcon_core.shell:Creating environment hook '/home/maroqi/Projects/RobotProjects/ROS2Projects/imu-test/imu_ws/install/wbt_imu/share/wbt_imu/hook/ament_prefix_path.ps1'
[2.551s] INFO:colcon.colcon_core.shell:Creating environment descriptor '/home/maroqi/Projects/RobotProjects/ROS2Projects/imu-test/imu_ws/install/wbt_imu/share/wbt_imu/hook/ament_prefix_path.dsv'
[2.552s] INFO:colcon.colcon_core.shell:Creating environment hook '/home/maroqi/Projects/RobotProjects/ROS2Projects/imu-test/imu_ws/install/wbt_imu/share/wbt_imu/hook/ament_prefix_path.sh'
[2.559s] INFO:colcon.colcon_core.shell:Skip shell extension 'powershell' for command environment: Not usable outside of PowerShell
[2.560s] DEBUG:colcon.colcon_core.shell:Skip shell extension 'dsv' for command environment
[2.573s] DEBUG:colcon.colcon_core.shell:Ignoring prefix path '/opt/ros/foxy'
[4.101s] INFO:colcon.colcon_core.task.python.build:Building Python package in '/home/maroqi/Projects/RobotProjects/ROS2Projects/imu-test/imu_ws/src/wbt_imu'
[4.103s] INFO:colcon.colcon_core.shell:Skip shell extension 'powershell' for command environment: Not usable outside of PowerShell
[4.103s] DEBUG:colcon.colcon_core.shell:Skip shell extension 'dsv' for command environment
[4.115s] DEBUG:colcon.colcon_core.shell:Ignoring prefix path '/opt/ros/foxy'
[4.154s] DEBUG:colcon.colcon_core.event_handler.log_command:Invoking command in '/home/maroqi/Projects/RobotProjects/ROS2Projects/imu-test/imu_ws/build/wbt_imu': PYTHONPATH=/home/maroqi/Projects/RobotProjects/ROS2Projects/imu-test/imu_ws/install/wbt_imu/lib/python3.8/site-packages:${PYTHONPATH} /usr/bin/python3 setup.py develop --prefix /home/maroqi/Projects/RobotProjects/ROS2Projects/imu-test/imu_ws/install/wbt_imu --uninstall --editable --build-directory /home/maroqi/Projects/RobotProjects/ROS2Projects/imu-test/imu_ws/build/wbt_imu/build
[7.118s] DEBUG:colcon.colcon_core.event_handler.log_command:Invoked command in '/home/maroqi/Projects/RobotProjects/ROS2Projects/imu-test/imu_ws/build/wbt_imu' returned '0': PYTHONPATH=/home/maroqi/Projects/RobotProjects/ROS2Projects/imu-test/imu_ws/install/wbt_imu/lib/python3.8/site-packages:${PYTHONPATH} /usr/bin/python3 setup.py develop --prefix /home/maroqi/Projects/RobotProjects/ROS2Projects/imu-test/imu_ws/install/wbt_imu --uninstall --editable --build-directory /home/maroqi/Projects/RobotProjects/ROS2Projects/imu-test/imu_ws/build/wbt_imu/build
[7.121s] DEBUG:colcon.colcon_core.event_handler.log_command:Invoking command in '/home/maroqi/Projects/RobotProjects/ROS2Projects/imu-test/imu_ws/src/wbt_imu': PYTHONPATH=/home/maroqi/Projects/RobotProjects/ROS2Projects/imu-test/imu_ws/install/wbt_imu/lib/python3.8/site-packages:${PYTHONPATH} /usr/bin/python3 setup.py egg_info --egg-base ../../build/wbt_imu build --build-base /home/maroqi/Projects/RobotProjects/ROS2Projects/imu-test/imu_ws/build/wbt_imu/build install --prefix /home/maroqi/Projects/RobotProjects/ROS2Projects/imu-test/imu_ws/install/wbt_imu --record /home/maroqi/Projects/RobotProjects/ROS2Projects/imu-test/imu_ws/build/wbt_imu/install.log --single-version-externally-managed
[9.055s] Level 1:colcon.colcon_core.environment:checking '/home/maroqi/Projects/RobotProjects/ROS2Projects/imu-test/imu_ws/install/wbt_imu' for CMake module files
[9.057s] DEBUG:colcon.colcon_core.event_handler.log_command:Invoked command in '/home/maroqi/Projects/RobotProjects/ROS2Projects/imu-test/imu_ws/src/wbt_imu' returned '0': PYTHONPATH=/home/maroqi/Projects/RobotProjects/ROS2Projects/imu-test/imu_ws/install/wbt_imu/lib/python3.8/site-packages:${PYTHONPATH} /usr/bin/python3 setup.py egg_info --egg-base ../../build/wbt_imu build --build-base /home/maroqi/Projects/RobotProjects/ROS2Projects/imu-test/imu_ws/build/wbt_imu/build install --prefix /home/maroqi/Projects/RobotProjects/ROS2Projects/imu-test/imu_ws/install/wbt_imu --record /home/maroqi/Projects/RobotProjects/ROS2Projects/imu-test/imu_ws/build/wbt_imu/install.log --single-version-externally-managed
[9.058s] Level 1:colcon.colcon_core.environment:checking '/home/maroqi/Projects/RobotProjects/ROS2Projects/imu-test/imu_ws/install/wbt_imu' for CMake config files
[9.059s] Level 1:colcon.colcon_core.environment:checking '/home/maroqi/Projects/RobotProjects/ROS2Projects/imu-test/imu_ws/install/wbt_imu/lib'
[9.060s] Level 1:colcon.colcon_core.environment:checking '/home/maroqi/Projects/RobotProjects/ROS2Projects/imu-test/imu_ws/install/wbt_imu/bin'
[9.065s] Level 1:colcon.colcon_core.environment:checking '/home/maroqi/Projects/RobotProjects/ROS2Projects/imu-test/imu_ws/install/wbt_imu/lib/pkgconfig/wbt_imu.pc'
[9.067s] Level 1:colcon.colcon_core.environment:checking '/home/maroqi/Projects/RobotProjects/ROS2Projects/imu-test/imu_ws/install/wbt_imu/lib/python3.8/site-packages'
[9.067s] Level 1:colcon.colcon_core.shell:create_environment_hook('wbt_imu', 'pythonpath')
[9.069s] INFO:colcon.colcon_core.shell:Creating environment hook '/home/maroqi/Projects/RobotProjects/ROS2Projects/imu-test/imu_ws/install/wbt_imu/share/wbt_imu/hook/pythonpath.ps1'
[9.078s] INFO:colcon.colcon_core.shell:Creating environment descriptor '/home/maroqi/Projects/RobotProjects/ROS2Projects/imu-test/imu_ws/install/wbt_imu/share/wbt_imu/hook/pythonpath.dsv'
[9.082s] INFO:colcon.colcon_core.shell:Creating environment hook '/home/maroqi/Projects/RobotProjects/ROS2Projects/imu-test/imu_ws/install/wbt_imu/share/wbt_imu/hook/pythonpath.sh'
[9.086s] Level 1:colcon.colcon_core.environment:create_environment_scripts_only(wbt_imu)
[9.088s] INFO:colcon.colcon_core.shell:Creating package script '/home/maroqi/Projects/RobotProjects/ROS2Projects/imu-test/imu_ws/install/wbt_imu/share/wbt_imu/package.ps1'
[9.096s] INFO:colcon.colcon_core.shell:Creating package descriptor '/home/maroqi/Projects/RobotProjects/ROS2Projects/imu-test/imu_ws/install/wbt_imu/share/wbt_imu/package.dsv'
[9.104s] INFO:colcon.colcon_core.shell:Creating package script '/home/maroqi/Projects/RobotProjects/ROS2Projects/imu-test/imu_ws/install/wbt_imu/share/wbt_imu/package.sh'
[9.108s] INFO:colcon.colcon_core.shell:Creating package script '/home/maroqi/Projects/RobotProjects/ROS2Projects/imu-test/imu_ws/install/wbt_imu/share/wbt_imu/package.bash'
[9.113s] INFO:colcon.colcon_core.shell:Creating package script '/home/maroqi/Projects/RobotProjects/ROS2Projects/imu-test/imu_ws/install/wbt_imu/share/wbt_imu/package.zsh'
[9.116s] Level 1:colcon.colcon_core.environment:create_file_with_runtime_dependencies(/home/maroqi/Projects/RobotProjects/ROS2Projects/imu-test/imu_ws/install/wbt_imu/share/colcon-core/packages/wbt_imu)
[14.427s] DEBUG:colcon.colcon_core.event_handler.log_command:Invoked command in '/home/maroqi/Projects/RobotProjects/ROS2Projects/imu-test/imu_ws/build/imu_madgwick' returned '2': CMAKE_PREFIX_PATH=${CMAKE_PREFIX_PATH}:/home/maroqi/Projects/RobotProjects/ROS2Projects/imu-test/imu_ws/install/wbt_imu:/opt/ros/foxy /usr/bin/cmake --build /home/maroqi/Projects/RobotProjects/ROS2Projects/imu-test/imu_ws/build/imu_madgwick -- -j2 -l2
[14.527s] Level 1:colcon.colcon_core.environment:create_environment_scripts_only(imu_madgwick)
[14.531s] Level 1:colcon.colcon_core.environment:checking '/home/maroqi/Projects/RobotProjects/ROS2Projects/imu-test/imu_ws/install/imu_madgwick' for CMake module files
[14.533s] Level 1:colcon.colcon_core.environment:checking '/home/maroqi/Projects/RobotProjects/ROS2Projects/imu-test/imu_ws/install/imu_madgwick' for CMake config files
[14.534s] Level 1:colcon.colcon_core.shell:create_environment_hook('imu_madgwick', 'cmake_prefix_path')
[14.535s] INFO:colcon.colcon_core.shell:Creating environment hook '/home/maroqi/Projects/RobotProjects/ROS2Projects/imu-test/imu_ws/install/imu_madgwick/share/imu_madgwick/hook/cmake_prefix_path.ps1'
[14.538s] INFO:colcon.colcon_core.shell:Creating environment descriptor '/home/maroqi/Projects/RobotProjects/ROS2Projects/imu-test/imu_ws/install/imu_madgwick/share/imu_madgwick/hook/cmake_prefix_path.dsv'
[14.539s] INFO:colcon.colcon_core.shell:Creating environment hook '/home/maroqi/Projects/RobotProjects/ROS2Projects/imu-test/imu_ws/install/imu_madgwick/share/imu_madgwick/hook/cmake_prefix_path.sh'
[14.541s] Level 1:colcon.colcon_core.environment:checking '/home/maroqi/Projects/RobotProjects/ROS2Projects/imu-test/imu_ws/install/imu_madgwick/lib'
[14.541s] Level 1:colcon.colcon_core.environment:checking '/home/maroqi/Projects/RobotProjects/ROS2Projects/imu-test/imu_ws/install/imu_madgwick/bin'
[14.542s] Level 1:colcon.colcon_core.environment:checking '/home/maroqi/Projects/RobotProjects/ROS2Projects/imu-test/imu_ws/install/imu_madgwick/lib/pkgconfig/imu_madgwick.pc'
[14.542s] Level 1:colcon.colcon_core.environment:checking '/home/maroqi/Projects/RobotProjects/ROS2Projects/imu-test/imu_ws/install/imu_madgwick/lib/python3.8/site-packages'
[14.544s] INFO:colcon.colcon_core.shell:Creating package script '/home/maroqi/Projects/RobotProjects/ROS2Projects/imu-test/imu_ws/install/imu_madgwick/share/imu_madgwick/package.ps1'
[14.546s] INFO:colcon.colcon_core.shell:Creating package descriptor '/home/maroqi/Projects/RobotProjects/ROS2Projects/imu-test/imu_ws/install/imu_madgwick/share/imu_madgwick/package.dsv'
[14.548s] INFO:colcon.colcon_core.shell:Creating package script '/home/maroqi/Projects/RobotProjects/ROS2Projects/imu-test/imu_ws/install/imu_madgwick/share/imu_madgwick/package.sh'
[14.551s] INFO:colcon.colcon_core.shell:Creating package script '/home/maroqi/Projects/RobotProjects/ROS2Projects/imu-test/imu_ws/install/imu_madgwick/share/imu_madgwick/package.bash'
[14.552s] INFO:colcon.colcon_core.shell:Creating package script '/home/maroqi/Projects/RobotProjects/ROS2Projects/imu-test/imu_ws/install/imu_madgwick/share/imu_madgwick/package.zsh'
[14.555s] Level 1:colcon.colcon_core.environment:create_file_with_runtime_dependencies(/home/maroqi/Projects/RobotProjects/ROS2Projects/imu-test/imu_ws/install/imu_madgwick/share/colcon-core/packages/imu_madgwick)
[14.558s] DEBUG:colcon.colcon_parallel_executor.executor.parallel:closing loop
[14.560s] DEBUG:colcon.colcon_parallel_executor.executor.parallel:loop closed
[14.560s] DEBUG:colcon.colcon_parallel_executor.executor.parallel:run_until_complete finished with '2'
[14.561s] DEBUG:colcon.colcon_core.event_reactor:joining thread
[14.583s] INFO:colcon.colcon_core.plugin_system:Skipping extension 'colcon_notification.desktop_notification.terminal_notifier': Not used on non-Darwin systems
[14.583s] INFO:colcon.colcon_core.plugin_system:Skipping extension 'colcon_notification.desktop_notification.win32': Not used on non-Windows systems
[14.584s] INFO:colcon.colcon_notification.desktop_notification:Sending desktop notification using 'notify2'
[14.653s] DEBUG:colcon.colcon_core.event_reactor:joined thread
[14.654s] INFO:colcon.colcon_core.shell:Creating prefix script '/home/maroqi/Projects/RobotProjects/ROS2Projects/imu-test/imu_ws/install/local_setup.ps1'
[14.658s] INFO:colcon.colcon_core.shell:Creating prefix util module '/home/maroqi/Projects/RobotProjects/ROS2Projects/imu-test/imu_ws/install/_local_setup_util_ps1.py'
[14.661s] INFO:colcon.colcon_core.shell:Creating prefix chain script '/home/maroqi/Projects/RobotProjects/ROS2Projects/imu-test/imu_ws/install/setup.ps1'
[14.672s] INFO:colcon.colcon_core.shell:Creating prefix script '/home/maroqi/Projects/RobotProjects/ROS2Projects/imu-test/imu_ws/install/local_setup.sh'
[14.674s] INFO:colcon.colcon_core.shell:Creating prefix util module '/home/maroqi/Projects/RobotProjects/ROS2Projects/imu-test/imu_ws/install/_local_setup_util_sh.py'
[14.675s] INFO:colcon.colcon_core.shell:Creating prefix chain script '/home/maroqi/Projects/RobotProjects/ROS2Projects/imu-test/imu_ws/install/setup.sh'
[14.683s] INFO:colcon.colcon_core.shell:Creating prefix script '/home/maroqi/Projects/RobotProjects/ROS2Projects/imu-test/imu_ws/install/local_setup.bash'
[14.685s] INFO:colcon.colcon_core.shell:Creating prefix chain script '/home/maroqi/Projects/RobotProjects/ROS2Projects/imu-test/imu_ws/install/setup.bash'
[14.693s] INFO:colcon.colcon_core.shell:Creating prefix script '/home/maroqi/Projects/RobotProjects/ROS2Projects/imu-test/imu_ws/install/local_setup.zsh'
[14.695s] INFO:colcon.colcon_core.shell:Creating prefix chain script '/home/maroqi/Projects/RobotProjects/ROS2Projects/imu-test/imu_ws/install/setup.zsh'
