[0.038s] Invoking command in '/home/maroqi/Projects/RobotProjects/ROS2Projects/imu_ws/build/imu_madgwick': CMAKE_PREFIX_PATH=/opt/ros/foxy /usr/bin/cmake --build /home/maroqi/Projects/RobotProjects/ROS2Projects/imu_ws/build/imu_madgwick -- -j2 -l2
[0.194s] [35m[1mScanning dependencies of target imu_madgwick[0m
[0.275s] [ 25%] [32mBuilding CXX object CMakeFiles/imu_madgwick.dir/src/imu_madgwick/imu.cpp.o[0m
[3.999s] In file included from [01m[K/home/maroqi/Projects/RobotProjects/ROS2Projects/imu_ws/src/imu_madgwick/src/imu_madgwick/imu.cpp:37[m[K:
[4.000s] [01m[K/home/maroqi/Projects/RobotProjects/ROS2Projects/imu_ws/src/imu_madgwick/include/imu_madgwick/imu.hpp:80:5:[m[K [01;31m[Kerror: [m[K‘[01m[Kboost[m[K’ does not name a type
[4.000s]    80 |     [01;31m[Kboost[m[K::mutex mutex;
[4.000s]       |     [01;31m[K^~~~~[m[K
[4.010s] [01m[K/home/maroqi/Projects/RobotProjects/ROS2Projects/imu_ws/src/imu_madgwick/src/imu_madgwick/imu.cpp:[m[K In constructor ‘[01m[KImu::Imu(std::string)[m[K’:
[4.011s] [01m[K/home/maroqi/Projects/RobotProjects/ROS2Projects/imu_ws/src/imu_madgwick/src/imu_madgwick/imu.cpp:48:20:[m[K [01;31m[Kerror: [m[Kno matching function for call to ‘[01m[Ktf2_ros::TransformBroadcaster::TransformBroadcaster()[m[K’
[4.011s]    48 |   initialized(false[01;31m[K)[m[K
[4.012s]       |                    [01;31m[K^[m[K
[4.012s] In file included from [01m[K/home/maroqi/Projects/RobotProjects/ROS2Projects/imu_ws/src/imu_madgwick/src/imu_madgwick/imu.cpp:29[m[K:
[4.012s] [01m[K/opt/ros/foxy/include/tf2_ros/transform_broadcaster.h:53:3:[m[K [01;36m[Knote: [m[Kcandidate: ‘[01m[Ktemplate<class NodeT, class AllocatorT> tf2_ros::TransformBroadcaster::TransformBroadcaster(NodeT&&, const rclcpp::QoS&, const rclcpp::PublisherOptionsWithAllocator<AllocatorT>&)[m[K’
[4.012s]    53 |   [01;36m[KTransformBroadcaster[m[K(
[4.013s]       |   [01;36m[K^~~~~~~~~~~~~~~~~~~~[m[K
[4.013s] [01m[K/opt/ros/foxy/include/tf2_ros/transform_broadcaster.h:53:3:[m[K [01;36m[Knote: [m[K  template argument deduction/substitution failed:
[4.013s] [01m[K/home/maroqi/Projects/RobotProjects/ROS2Projects/imu_ws/src/imu_madgwick/src/imu_madgwick/imu.cpp:48:20:[m[K [01;36m[Knote: [m[K  candidate expects 3 arguments, 0 provided
[4.013s]    48 |   initialized(false[01;36m[K)[m[K
[4.014s]       |                    [01;36m[K^[m[K
[4.014s] In file included from [01m[K/home/maroqi/Projects/RobotProjects/ROS2Projects/imu_ws/src/imu_madgwick/src/imu_madgwick/imu.cpp:29[m[K:
[4.014s] [01m[K/opt/ros/foxy/include/tf2_ros/transform_broadcaster.h:49:7:[m[K [01;36m[Knote: [m[Kcandidate: ‘[01m[Ktf2_ros::TransformBroadcaster::TransformBroadcaster(const tf2_ros::TransformBroadcaster&)[m[K’
[4.014s]    49 | class [01;36m[KTransformBroadcaster[m[K{
[4.015s]       |       [01;36m[K^~~~~~~~~~~~~~~~~~~~[m[K
[4.023s] [01m[K/opt/ros/foxy/include/tf2_ros/transform_broadcaster.h:49:7:[m[K [01;36m[Knote: [m[K  candidate expects 1 argument, 0 provided
[4.023s] [01m[K/opt/ros/foxy/include/tf2_ros/transform_broadcaster.h:49:7:[m[K [01;36m[Knote: [m[Kcandidate: ‘[01m[Ktf2_ros::TransformBroadcaster::TransformBroadcaster(tf2_ros::TransformBroadcaster&&)[m[K’
[4.024s] [01m[K/opt/ros/foxy/include/tf2_ros/transform_broadcaster.h:49:7:[m[K [01;36m[Knote: [m[K  candidate expects 1 argument, 0 provided
[4.348s] [01m[K/home/maroqi/Projects/RobotProjects/ROS2Projects/imu_ws/src/imu_madgwick/src/imu_madgwick/imu.cpp:86:48:[m[K [01;31m[Kerror: [m[Kunable to find numeric literal operator ‘[01m[Koperator""ms[m[K’
[4.348s]    86 |   check_topics_timer = this->create_wall_timer([01;31m[K10ms[m[K, std::bind(&Imu::checkTopicsTimerCallback, this));
[4.349s]       |                                                [01;31m[K^~~~[m[K
[4.367s] [01m[K/home/maroqi/Projects/RobotProjects/ROS2Projects/imu_ws/src/imu_madgwick/src/imu_madgwick/imu.cpp:[m[K At global scope:
[4.367s] [01m[K/home/maroqi/Projects/RobotProjects/ROS2Projects/imu_ws/src/imu_madgwick/src/imu_madgwick/imu.cpp:94:6:[m[K [01;31m[Kerror: [m[Kno declaration matches ‘[01m[Kvoid Imu::imuCallback(sensor_msgs::msg::Imu_<std::allocator<void> >::SharedPtr) const[m[K’
[4.368s]    94 | void [01;31m[KImu[m[K::imuCallback(const ImuMsg::SharedPtr imu_msg_raw) const
[4.368s]       |      [01;31m[K^~~[m[K
[4.370s] In file included from [01m[K/home/maroqi/Projects/RobotProjects/ROS2Projects/imu_ws/src/imu_madgwick/src/imu_madgwick/imu.cpp:37[m[K:
[4.370s] [01m[K/home/maroqi/Projects/RobotProjects/ROS2Projects/imu_ws/src/imu_madgwick/include/imu_madgwick/imu.hpp:89:10:[m[K [01;36m[Knote: [m[Kcandidate is: ‘[01m[Kvoid Imu::imuCallback(sensor_msgs::msg::Imu_<std::allocator<void> >::SharedPtr)[m[K’
[4.370s]    89 |     void [01;36m[KimuCallback[m[K(const ImuMsg::SharedPtr imu_msg_raw);
[4.371s]       |          [01;36m[K^~~~~~~~~~~[m[K
[4.371s] [01m[K/home/maroqi/Projects/RobotProjects/ROS2Projects/imu_ws/src/imu_madgwick/include/imu_madgwick/imu.hpp:43:7:[m[K [01;36m[Knote: [m[K‘[01m[Kclass Imu[m[K’ defined here
[4.371s]    43 | class [01;36m[KImu[m[K : public rclcpp::Node
[4.371s]       |       [01;36m[K^~~[m[K
[4.372s] [01m[K/home/maroqi/Projects/RobotProjects/ROS2Projects/imu_ws/src/imu_madgwick/src/imu_madgwick/imu.cpp:[m[K In member function ‘[01m[Kvoid Imu::imuMagCallback(sensor_msgs::msg::Imu_<std::allocator<void> >::SharedPtr, sensor_msgs::msg::MagneticField_<std::allocator<void> >::SharedPtr)[m[K’:
[4.372s] [01m[K/home/maroqi/Projects/RobotProjects/ROS2Projects/imu_ws/src/imu_madgwick/src/imu_madgwick/imu.cpp:152:3:[m[K [01;31m[Kerror: [m[K‘[01m[Kboost[m[K’ has not been declared
[4.372s]   152 |   [01;31m[Kboost[m[K::mutex::scoped_lock lock(mutex);
[4.372s]       |   [01;31m[K^~~~~[m[K
[4.375s] [01m[K/home/maroqi/Projects/RobotProjects/ROS2Projects/imu_ws/src/imu_madgwick/src/imu_madgwick/imu.cpp:158:59:[m[K [01;31m[Kerror: [m[Kconversion from ‘[01m[Kstd_msgs::msg::Header_<std::allocator<void> >::_stamp_type[m[K’ {aka ‘[01m[Kbuiltin_interfaces::msg::Time_<std::allocator<void> >[m[K’} to non-scalar type ‘[01m[Krclcpp::TimerBase::SharedPtr[m[K’ {aka ‘[01m[Kstd::shared_ptr<rclcpp::TimerBase>[m[K’} requested
[4.375s]   158 |   rclcpp::TimerBase::SharedPtr time = [01;31m[Kimu_msg_raw->header.stamp[m[K;
[4.376s]       |                                       [01;31m[K~~~~~~~~~~~~~~~~~~~~^~~~~[m[K
[4.376s] [01m[K/home/maroqi/Projects/RobotProjects/ROS2Projects/imu_ws/src/imu_madgwick/src/imu_madgwick/imu.cpp:162:35:[m[K [01;31m[Kerror: [m[K‘[01m[Kmag_bias_[m[K’ was not declared in this scope; did you mean ‘[01m[Kmag_bias[m[K’?
[4.376s]   162 |   mag_compensated.x = mag_fld.x - [01;31m[Kmag_bias_[m[K.x;
[4.376s]       |                                   [01;31m[K^~~~~~~~~[m[K
[4.377s]       |                                   [32m[Kmag_bias[m[K
[4.377s] In file included from [01m[K/opt/ros/foxy/include/rclcpp/service.hpp:34[m[K,
[4.377s]                  from [01m[K/opt/ros/foxy/include/rclcpp/callback_group.hpp:25[m[K,
[4.377s]                  from [01m[K/opt/ros/foxy/include/rclcpp/any_executable.hpp:20[m[K,
[4.377s]                  from [01m[K/opt/ros/foxy/include/rclcpp/memory_strategy.hpp:24[m[K,
[4.378s]                  from [01m[K/opt/ros/foxy/include/rclcpp/memory_strategies.hpp:18[m[K,
[4.378s]                  from [01m[K/opt/ros/foxy/include/rclcpp/executor_options.hpp:20[m[K,
[4.378s]                  from [01m[K/opt/ros/foxy/include/rclcpp/executor.hpp:33[m[K,
[4.378s]                  from [01m[K/opt/ros/foxy/include/rclcpp/executors/multi_threaded_executor.hpp:25[m[K,
[4.387s]                  from [01m[K/opt/ros/foxy/include/rclcpp/executors.hpp:21[m[K,
[4.391s]                  from [01m[K/opt/ros/foxy/include/rclcpp/rclcpp.hpp:146[m[K,
[4.392s]                  from [01m[K/home/maroqi/Projects/RobotProjects/ROS2Projects/imu_ws/src/imu_madgwick/src/imu_madgwick/imu.cpp:25[m[K:
[4.392s] [01m[K/home/maroqi/Projects/RobotProjects/ROS2Projects/imu_ws/src/imu_madgwick/src/imu_madgwick/imu.cpp:176:71:[m[K [01;31m[Kerror: [m[Kcannot capture ‘[01m[Krclcpp::Clock(RCL_STEADY_TIME)[m[K’ by reference
[4.392s]   176 |       RCLCPP_WARN_THROTTLE(get_logger(), rclcpp::Clock(RCL_STEADY_TIME[01;31m[K)[m[K, 5.0, "The IMU seems to be in free fall or close to magnetic north pole, cannot determine gravity direction!");
[4.393s]       |                                                                       [01;31m[K^[m[K
[4.393s] [01m[K/home/maroqi/Projects/RobotProjects/ROS2Projects/imu_ws/src/imu_madgwick/src/imu_madgwick/imu.cpp:[m[K In lambda function:
[4.393s] [01m[K/home/maroqi/Projects/RobotProjects/ROS2Projects/imu_ws/src/imu_madgwick/src/imu_madgwick/imu.cpp:176:7:[m[K [01;31m[Kerror: [m[K‘[01m[Kc[m[K’ was not declared in this scope
[4.393s]   176 |       [01;31m[KRCLCPP_WARN_THROTTLE[m[K(get_logger(), rclcpp::Clock(RCL_STEADY_TIME), 5.0, "The IMU seems to be in free fall or close to magnetic north pole, cannot determine gravity direction!");
[4.394s]       |       [01;31m[K^~~~~~~~~~~~~~~~~~~~[m[K
[4.394s] [01m[K/home/maroqi/Projects/RobotProjects/ROS2Projects/imu_ws/src/imu_madgwick/src/imu_madgwick/imu.cpp:[m[K In member function ‘[01m[Kvoid Imu::imuMagCallback(sensor_msgs::msg::Imu_<std::allocator<void> >::SharedPtr, sensor_msgs::msg::MagneticField_<std::allocator<void> >::SharedPtr)[m[K’:
[4.394s] [01m[K/home/maroqi/Projects/RobotProjects/ROS2Projects/imu_ws/src/imu_madgwick/src/imu_madgwick/imu.cpp:196:16:[m[K [01;31m[Kerror: [m[Kno match for ‘[01m[Koperator-[m[K’ (operand types are ‘[01m[Krclcpp::TimerBase::SharedPtr[m[K’ {aka ‘[01m[Kstd::shared_ptr<rclcpp::TimerBase>[m[K’} and ‘[01m[Krclcpp::TimerBase::SharedPtr[m[K’ {aka ‘[01m[Kstd::shared_ptr<rclcpp::TimerBase>[m[K’})
[4.394s]   196 |     dt = ([32m[Ktime[m[K [01;31m[K-[m[K [34m[Klast_time[m[K).toSec();
[4.395s]       |           [32m[K~~~~[m[K [01;31m[K^[m[K [34m[K~~~~~~~~~[m[K
[4.399s]       |           [32m[K|[m[K      [34m[K|[m[K
[4.399s]       |           [32m[K|[m[K      [34m[Kshared_ptr<[...]>[m[K
[4.400s]       |           [32m[Kshared_ptr<[...]>[m[K
[4.400s] [01m[K/home/maroqi/Projects/RobotProjects/ROS2Projects/imu_ws/src/imu_madgwick/src/imu_madgwick/imu.cpp:196:16:[m[K [01;36m[Knote: [m[Kcandidate: ‘[01m[Koperator-(int, int)[m[K’ <built-in>
[4.400s]   196 |     dt = ([01;36m[Ktime - last_time[m[K).toSec();
[4.400s]       |           [01;36m[K~~~~~^~~~~~~~~~~[m[K
[4.400s] [01m[K/home/maroqi/Projects/RobotProjects/ROS2Projects/imu_ws/src/imu_madgwick/src/imu_madgwick/imu.cpp:196:16:[m[K [01;36m[Knote: [m[K  no known conversion for argument 2 from ‘[01m[Krclcpp::TimerBase::SharedPtr[m[K’ {aka ‘[01m[Kstd::shared_ptr<rclcpp::TimerBase>[m[K’} to ‘[01m[Kint[m[K’
[4.401s] In file included from [01m[K/usr/include/c++/9/bits/stl_algobase.h:67[m[K,
[4.401s]                  from [01m[K/usr/include/c++/9/memory:62[m[K,
[4.401s]                  from [01m[K/opt/ros/foxy/include/rclcpp/rclcpp.hpp:144[m[K,
[4.401s]                  from [01m[K/home/maroqi/Projects/RobotProjects/ROS2Projects/imu_ws/src/imu_madgwick/src/imu_madgwick/imu.cpp:25[m[K:
[4.401s] [01m[K/usr/include/c++/9/bits/stl_iterator.h:415:5:[m[K [01;36m[Knote: [m[Kcandidate: ‘[01m[Ktemplate<class _IteratorL, class _IteratorR> decltype ((__y.base() - __x.base())) std::operator-(const std::reverse_iterator<_Iterator>&, const std::reverse_iterator<_IteratorR>&)[m[K’
[4.402s]   415 |     [01;36m[Koperator[m[K-(const reverse_iterator<_IteratorL>& __x,
[4.402s]       |     [01;36m[K^~~~~~~~[m[K
[4.402s] [01m[K/usr/include/c++/9/bits/stl_iterator.h:415:5:[m[K [01;36m[Knote: [m[K  template argument deduction/substitution failed:
[4.403s] [01m[K/home/maroqi/Projects/RobotProjects/ROS2Projects/imu_ws/src/imu_madgwick/src/imu_madgwick/imu.cpp:196:18:[m[K [01;36m[Knote: [m[K  ‘[01m[Krclcpp::TimerBase::SharedPtr[m[K’ {aka ‘[01m[Kstd::shared_ptr<rclcpp::TimerBase>[m[K’} is not derived from ‘[01m[Kconst std::reverse_iterator<_Iterator>[m[K’
[4.403s]   196 |     dt = (time - [01;36m[Klast_time[m[K).toSec();
[4.411s]       |                  [01;36m[K^~~~~~~~~[m[K
[4.411s] In file included from [01m[K/usr/include/c++/9/bits/stl_algobase.h:67[m[K,
[4.412s]                  from [01m[K/usr/include/c++/9/memory:62[m[K,
[4.412s]                  from [01m[K/opt/ros/foxy/include/rclcpp/rclcpp.hpp:144[m[K,
[4.412s]                  from [01m[K/home/maroqi/Projects/RobotProjects/ROS2Projects/imu_ws/src/imu_madgwick/src/imu_madgwick/imu.cpp:25[m[K:
[4.412s] [01m[K/usr/include/c++/9/bits/stl_iterator.h:1212:5:[m[K [01;36m[Knote: [m[Kcandidate: ‘[01m[Ktemplate<class _IteratorL, class _IteratorR> decltype ((__x.base() - __y.base())) std::operator-(const std::move_iterator<_IteratorL>&, const std::move_iterator<_IteratorR>&)[m[K’
[4.415s]  1212 |     [01;36m[Koperator[m[K-(const move_iterator<_IteratorL>& __x,
[4.415s]       |     [01;36m[K^~~~~~~~[m[K
[4.416s] [01m[K/usr/include/c++/9/bits/stl_iterator.h:1212:5:[m[K [01;36m[Knote: [m[K  template argument deduction/substitution failed:
[4.416s] [01m[K/home/maroqi/Projects/RobotProjects/ROS2Projects/imu_ws/src/imu_madgwick/src/imu_madgwick/imu.cpp:196:18:[m[K [01;36m[Knote: [m[K  ‘[01m[Krclcpp::TimerBase::SharedPtr[m[K’ {aka ‘[01m[Kstd::shared_ptr<rclcpp::TimerBase>[m[K’} is not derived from ‘[01m[Kconst std::move_iterator<_IteratorL>[m[K’
[4.416s]   196 |     dt = (time - [01;36m[Klast_time[m[K).toSec();
[4.416s]       |                  [01;36m[K^~~~~~~~~[m[K
[4.417s] In file included from [01m[K/usr/include/c++/9/vector:68[m[K,
[4.417s]                  from [01m[K/opt/ros/foxy/include/rclcpp/executor.hpp:27[m[K,
[4.417s]                  from [01m[K/opt/ros/foxy/include/rclcpp/executors/multi_threaded_executor.hpp:25[m[K,
[4.417s]                  from [01m[K/opt/ros/foxy/include/rclcpp/executors.hpp:21[m[K,
[4.417s]                  from [01m[K/opt/ros/foxy/include/rclcpp/rclcpp.hpp:146[m[K,
[4.418s]                  from [01m[K/home/maroqi/Projects/RobotProjects/ROS2Projects/imu_ws/src/imu_madgwick/src/imu_madgwick/imu.cpp:25[m[K:
[4.423s] [01m[K/usr/include/c++/9/bits/stl_bvector.h:214:3:[m[K [01;36m[Knote: [m[Kcandidate: ‘[01m[Kstd::ptrdiff_t std::operator-(const std::_Bit_iterator_base&, const std::_Bit_iterator_base&)[m[K’
[4.423s]   214 |   [01;36m[Koperator[m[K-(const _Bit_iterator_base& __x, const _Bit_iterator_base& __y)
[4.424s]       |   [01;36m[K^~~~~~~~[m[K
[4.424s] [01m[K/usr/include/c++/9/bits/stl_bvector.h:214:39:[m[K [01;36m[Knote: [m[K  no known conversion for argument 1 from ‘[01m[Krclcpp::TimerBase::SharedPtr[m[K’ {aka ‘[01m[Kstd::shared_ptr<rclcpp::TimerBase>[m[K’} to ‘[01m[Kconst std::_Bit_iterator_base&[m[K’
[4.424s]   214 |   operator-([01;36m[Kconst _Bit_iterator_base& __x[m[K, const _Bit_iterator_base& __y)
[4.424s]       |             [01;36m[K~~~~~~~~~~~~~~~~~~~~~~~~~~^~~[m[K
[4.424s] In file included from [01m[K/usr/include/c++/9/deque:67[m[K,
[4.424s]                  from [01m[K/opt/ros/foxy/include/message_filters/synchronizer.h:38[m[K,
[4.424s]                  from [01m[K/home/maroqi/Projects/RobotProjects/ROS2Projects/imu_ws/src/imu_madgwick/src/imu_madgwick/imu.cpp:31[m[K:
[4.425s] [01m[K/usr/include/c++/9/bits/stl_deque.h:370:5:[m[K [01;36m[Knote: [m[Kcandidate: ‘[01m[Ktemplate<class _Tp, class _Ref, class _Ptr> typename std::_Deque_iterator<_Tp, _Ref, _Ptr>::difference_type std::operator-(const std::_Deque_iterator<_Tp, _Ref, _Ptr>&, const std::_Deque_iterator<_Tp, _Ref, _Ptr>&)[m[K’
[4.425s]   370 |     [01;36m[Koperator[m[K-(const _Deque_iterator<_Tp, _Ref, _Ptr>& __x,
[4.425s]       |     [01;36m[K^~~~~~~~[m[K
[4.425s] [01m[K/usr/include/c++/9/bits/stl_deque.h:370:5:[m[K [01;36m[Knote: [m[K  template argument deduction/substitution failed:
[4.425s] [01m[K/home/maroqi/Projects/RobotProjects/ROS2Projects/imu_ws/src/imu_madgwick/src/imu_madgwick/imu.cpp:196:18:[m[K [01;36m[Knote: [m[K  ‘[01m[Krclcpp::TimerBase::SharedPtr[m[K’ {aka ‘[01m[Kstd::shared_ptr<rclcpp::TimerBase>[m[K’} is not derived from ‘[01m[Kconst std::_Deque_iterator<_Tp, _Ref, _Ptr>[m[K’
[4.425s]   196 |     dt = (time - [01;36m[Klast_time[m[K).toSec();
[4.425s]       |                  [01;36m[K^~~~~~~~~[m[K
[4.426s] In file included from [01m[K/usr/include/c++/9/deque:67[m[K,
[4.426s]                  from [01m[K/opt/ros/foxy/include/message_filters/synchronizer.h:38[m[K,
[4.426s]                  from [01m[K/home/maroqi/Projects/RobotProjects/ROS2Projects/imu_ws/src/imu_madgwick/src/imu_madgwick/imu.cpp:31[m[K:
[4.426s] [01m[K/usr/include/c++/9/bits/stl_deque.h:382:5:[m[K [01;36m[Knote: [m[Kcandidate: ‘[01m[Ktemplate<class _Tp, class _RefL, class _PtrL, class _RefR, class _PtrR> typename std::_Deque_iterator<_Tp, _Ref, _Ptr>::difference_type std::operator-(const std::_Deque_iterator<_Tp, _Ref, _Ptr>&, const std::_Deque_iterator<_Tp, _RefR, _PtrR>&)[m[K’
[4.426s]   382 |     [01;36m[Koperator[m[K-(const _Deque_iterator<_Tp, _RefL, _PtrL>& __x,
[4.426s]       |     [01;36m[K^~~~~~~~[m[K
[4.427s] [01m[K/usr/include/c++/9/bits/stl_deque.h:382:5:[m[K [01;36m[Knote: [m[K  template argument deduction/substitution failed:
[4.427s] [01m[K/home/maroqi/Projects/RobotProjects/ROS2Projects/imu_ws/src/imu_madgwick/src/imu_madgwick/imu.cpp:196:18:[m[K [01;36m[Knote: [m[K  ‘[01m[Krclcpp::TimerBase::SharedPtr[m[K’ {aka ‘[01m[Kstd::shared_ptr<rclcpp::TimerBase>[m[K’} is not derived from ‘[01m[Kconst std::_Deque_iterator<_Tp, _Ref, _Ptr>[m[K’
[4.435s]   196 |     dt = (time - [01;36m[Klast_time[m[K).toSec();
[4.436s]       |                  [01;36m[K^~~~~~~~~[m[K
[4.437s] [01m[K/home/maroqi/Projects/RobotProjects/ROS2Projects/imu_ws/src/imu_madgwick/src/imu_madgwick/imu.cpp:197:14:[m[K [01;31m[Kerror: [m[K‘[01m[Kusing SharedPtr = class std::shared_ptr<rclcpp::TimerBase>[m[K’ {aka ‘[01m[Kclass std::shared_ptr<rclcpp::TimerBase>[m[K’} has no member named ‘[01m[KisZero[m[K’
[4.437s]   197 |     if (time.[01;31m[KisZero[m[K())
[4.437s]       |              [01;31m[K^~~~~~[m[K
[4.437s] In file included from [01m[K/opt/ros/foxy/include/rclcpp/service.hpp:34[m[K,
[4.437s]                  from [01m[K/opt/ros/foxy/include/rclcpp/callback_group.hpp:25[m[K,
[4.438s]                  from [01m[K/opt/ros/foxy/include/rclcpp/any_executable.hpp:20[m[K,
[4.438s]                  from [01m[K/opt/ros/foxy/include/rclcpp/memory_strategy.hpp:24[m[K,
[4.438s]                  from [01m[K/opt/ros/foxy/include/rclcpp/memory_strategies.hpp:18[m[K,
[4.438s]                  from [01m[K/opt/ros/foxy/include/rclcpp/executor_options.hpp:20[m[K,
[4.438s]                  from [01m[K/opt/ros/foxy/include/rclcpp/executor.hpp:33[m[K,
[4.438s]                  from [01m[K/opt/ros/foxy/include/rclcpp/executors/multi_threaded_executor.hpp:25[m[K,
[4.438s]                  from [01m[K/opt/ros/foxy/include/rclcpp/executors.hpp:21[m[K,
[4.439s]                  from [01m[K/opt/ros/foxy/include/rclcpp/rclcpp.hpp:146[m[K,
[4.447s]                  from [01m[K/home/maroqi/Projects/RobotProjects/ROS2Projects/imu_ws/src/imu_madgwick/src/imu_madgwick/imu.cpp:25[m[K:
[4.447s] [01m[K/home/maroqi/Projects/RobotProjects/ROS2Projects/imu_ws/src/imu_madgwick/src/imu_madgwick/imu.cpp:198:78:[m[K [01;31m[Kerror: [m[Kcannot capture ‘[01m[Krclcpp::Clock(RCL_STEADY_TIME)[m[K’ by reference
[4.447s]   198 |       RCLCPP_WARN_STREAM_THROTTLE(get_logger(), rclcpp::Clock(RCL_STEADY_TIME[01;31m[K)[m[K, 5.0, "The IMU message time stamp is zero, and the parameter constant_dt is not set!" <<
[4.448s]       |                                                                              [01;31m[K^[m[K
[4.448s] [01m[K/home/maroqi/Projects/RobotProjects/ROS2Projects/imu_ws/src/imu_madgwick/src/imu_madgwick/imu.cpp:[m[K In lambda function:
[4.448s] [01m[K/home/maroqi/Projects/RobotProjects/ROS2Projects/imu_ws/src/imu_madgwick/src/imu_madgwick/imu.cpp:198:7:[m[K [01;31m[Kerror: [m[K‘[01m[Kc[m[K’ was not declared in this scope
[4.448s]   198 |       [01;31m[KRCLCPP_WARN_STREAM_THROTTLE[m[K(get_logger(), rclcpp::Clock(RCL_STEADY_TIME), 5.0, "The IMU message time stamp is zero, and the parameter constant_dt is not set!" <<
[4.448s]       |       [01;31m[K^~~~~~~~~~~~~~~~~~~~~~~~~~~[m[K
[4.448s] [01m[K/home/maroqi/Projects/RobotProjects/ROS2Projects/imu_ws/src/imu_madgwick/src/imu_madgwick/imu.cpp:[m[K In member function ‘[01m[Kvoid Imu::publishTransform(sensor_msgs::msg::Imu_<std::allocator<void> >::SharedPtr)[m[K’:
[4.448s] [01m[K/home/maroqi/Projects/RobotProjects/ROS2Projects/imu_ws/src/imu_madgwick/src/imu_madgwick/imu.cpp:233:7:[m[K [01;31m[Kerror: [m[K‘[01m[Kreverse_tf_[m[K’ was not declared in this scope; did you mean ‘[01m[Kreverse_tf[m[K’?
[4.449s]   233 |   if ([01;31m[Kreverse_tf_[m[K)
[4.449s]       |       [01;31m[K^~~~~~~~~~~[m[K
[4.449s]       |       [32m[Kreverse_tf[m[K
[4.451s] [01m[K/home/maroqi/Projects/RobotProjects/ROS2Projects/imu_ws/src/imu_madgwick/src/imu_madgwick/imu.cpp:[m[K In member function ‘[01m[Kvoid Imu::publishFilteredMsg(sensor_msgs::msg::Imu_<std::allocator<void> >::SharedPtr)[m[K’:
[4.451s] [01m[K/home/maroqi/Projects/RobotProjects/ROS2Projects/imu_ws/src/imu_madgwick/src/imu_madgwick/imu.cpp:279:5:[m[K [01;31m[Kerror: [m[K‘[01m[Kfilter_[m[K’ was not declared in this scope; did you mean ‘[01m[Kfilter[m[K’?
[4.452s]   279 |     [01;31m[Kfilter_[m[K.getGravity(gx, gy, gz);
[4.452s]       |     [01;31m[K^~~~~~~[m[K
[4.452s]       |     [32m[Kfilter[m[K
[4.452s] [01m[K/home/maroqi/Projects/RobotProjects/ROS2Projects/imu_ws/src/imu_madgwick/src/imu_madgwick/imu.cpp:285:17:[m[K [01;31m[Kerror: [m[K‘[01m[Kclass std::shared_ptr<rclcpp::Publisher<sensor_msgs::msg::Imu_<std::allocator<void> > > >[m[K’ has no member named ‘[01m[Kpublish[m[K’
[4.459s]   285 |   imu_publisher.[01;31m[Kpublish[m[K(imu_msg);
[4.459s]       |                 [01;31m[K^~~~~~~[m[K
[5.238s] In file included from [01m[K/opt/ros/foxy/include/message_filters/synchronizer.h:47[m[K,
[5.240s]                  from [01m[K/home/maroqi/Projects/RobotProjects/ROS2Projects/imu_ws/src/imu_madgwick/src/imu_madgwick/imu.cpp:31[m[K:
[5.240s] /opt/ros/foxy/include/message_filters/signal9.h: In instantiation of ‘[01m[Kmessage_filters::Connection message_filters::Signal9<M0, M1, M2, M3, M4, M5, M6, M7, M8>::addCallback(C&) [with C = const std::_Bind<void (Imu::*(Imu*, std::_Placeholder<1>, std::_Placeholder<2>))(std::shared_ptr<sensor_msgs::msg::Imu_<std::allocator<void> > >, std::shared_ptr<sensor_msgs::msg::MagneticField_<std::allocator<void> > >)>; M0 = sensor_msgs::msg::Imu_<std::allocator<void> >; M1 = sensor_msgs::msg::MagneticField_<std::allocator<void> >; M2 = message_filters::NullType; M3 = message_filters::NullType; M4 = message_filters::NullType; M5 = message_filters::NullType; M6 = message_filters::NullType; M7 = message_filters::NullType; M8 = message_filters::NullType][m[K’:
[5.241s] [01m[K/opt/ros/foxy/include/message_filters/synchronizer.h:298:40:[m[K   required from ‘[01m[Kmessage_filters::Connection message_filters::Synchronizer<Policy>::registerCallback(const C&) [with C = std::_Bind<void (Imu::*(Imu*, std::_Placeholder<1>, std::_Placeholder<2>))(std::shared_ptr<sensor_msgs::msg::Imu_<std::allocator<void> > >, std::shared_ptr<sensor_msgs::msg::MagneticField_<std::allocator<void> > >)>; Policy = message_filters::sync_policies::ApproximateTime<sensor_msgs::msg::Imu_<std::allocator<void> >, sensor_msgs::msg::MagneticField_<std::allocator<void> > >][m[K’
[5.241s] [01m[K/home/maroqi/Projects/RobotProjects/ROS2Projects/imu_ws/src/imu_madgwick/src/imu_madgwick/imu.cpp:79:111:[m[K   required from here
[5.241s] [01m[K/opt/ros/foxy/include/message_filters/signal9.h:280:267:[m[K [01;31m[Kerror: [m[Kno matching function for call to ‘[01m[Kmessage_filters::Signal9<sensor_msgs::msg::Imu_<std::allocator<void> >, sensor_msgs::msg::MagneticField_<std::allocator<void> >, message_filters::NullType, message_filters::NullType, message_filters::NullType, message_filters::NullType, message_filters::NullType, message_filters::NullType, message_filters::NullType>::addCallback<const M0ConstPtr&, const M1ConstPtr&, const M2ConstPtr&, const M3ConstPtr&, const M4ConstPtr&, const M5ConstPtr&, const M6ConstPtr&, const M7ConstPtr&, const M8ConstPtr&>(std::_Bind_helper<false, const std::_Bind<void (Imu::*(Imu*, std::_Placeholder<1>, std::_Placeholder<2>))(std::shared_ptr<sensor_msgs::msg::Imu_<std::allocator<void> > >, std::shared_ptr<sensor_msgs::msg::MagneticField_<std::allocator<void> > >)>&, const std::_Placeholder<1>&, const std::_Placeholder<2>&, const std::_Placeholder<3>&, const std::_Placeholder<4>&, const std::_Placeholder<5>&, const std::_Placeholder<6>&, const std::_Placeholder<7>&, const std::_Placeholder<8>&, const std::_Placeholder<9>&>::type)[m[K’
[5.241s]   280 | placeholders::_4, std::placeholders::_5, std::placeholders::_6, std::placeholders::_7, std::placeholders::_8, std::placeholders::_9)[01;31m[K)[m[K;
[5.241s]       |                                                                                                                                     [01;31m[K^[m[K
[5.242s] 
[5.242s] In file included from [01m[K/opt/ros/foxy/include/message_filters/synchronizer.h:47[m[K,
[5.242s]                  from [01m[K/home/maroqi/Projects/RobotProjects/ROS2Projects/imu_ws/src/imu_madgwick/src/imu_madgwick/imu.cpp:31[m[K:
[5.242s] [01m[K/opt/ros/foxy/include/message_filters/signal9.h:170:14:[m[K [01;36m[Knote: [m[Kcandidate: ‘[01m[Kmessage_filters::Connection message_filters::Signal9<M0, M1, M2, M3, M4, M5, M6, M7, M8>::addCallback(const std::function<void(P0, P1, P2, P3, P4, P5, P6, P7, P8)>&) [with P0 = const std::shared_ptr<const sensor_msgs::msg::Imu_<std::allocator<void> > >&; P1 = const std::shared_ptr<const sensor_msgs::msg::MagneticField_<std::allocator<void> > >&; P2 = const std::shared_ptr<const message_filters::NullType>&; P3 = const std::shared_ptr<const message_filters::NullType>&; P4 = const std::shared_ptr<const message_filters::NullType>&; P5 = const std::shared_ptr<const message_filters::NullType>&; P6 = const std::shared_ptr<const message_filters::NullType>&; P7 = const std::shared_ptr<const message_filters::NullType>&; P8 = const std::shared_ptr<const message_filters::NullType>&; M0 = sensor_msgs::msg::Imu_<std::allocator<void> >; M1 = sensor_msgs::msg::MagneticField_<std::allocator<void> >; M2 = message_filters::NullType; M3 = message_filters::NullType; M4 = message_filters::NullType; M5 = message_filters::NullType; M6 = message_filters::NullType; M7 = message_filters::NullType; M8 = message_filters::NullType][m[K’
[5.242s]   170 |   Connection [01;36m[KaddCallback[m[K(const std::function<void(P0, P1, P2, P3, P4, P5, P6, P7, P8)>& callback)
[5.243s]       |              [01;36m[K^~~~~~~~~~~[m[K
[5.250s] [01m[K/opt/ros/foxy/include/message_filters/signal9.h:170:89:[m[K [01;36m[Knote: [m[K  no known conversion for argument 1 from ‘[01m[Kstd::_Bind_helper<false, const std::_Bind<void (Imu::*(Imu*, std::_Placeholder<1>, std::_Placeholder<2>))(std::shared_ptr<sensor_msgs::msg::Imu_<std::allocator<void> > >, std::shared_ptr<sensor_msgs::msg::MagneticField_<std::allocator<void> > >)>&, const std::_Placeholder<1>&, const std::_Placeholder<2>&, const std::_Placeholder<3>&, const std::_Placeholder<4>&, const std::_Placeholder<5>&, const std::_Placeholder<6>&, const std::_Placeholder<7>&, const std::_Placeholder<8>&, const std::_Placeholder<9>&>::type[m[K’ {aka ‘[01m[Kstd::_Bind<std::_Bind<void (Imu::*(Imu*, std::_Placeholder<1>, std::_Placeholder<2>))(std::shared_ptr<sensor_msgs::msg::Imu_<std::allocator<void> > >, std::shared_ptr<sensor_msgs::msg::MagneticField_<std::allocator<void> > >)>(std::_Placeholder<1>, std::_Placeholder<2>, std::_Placeholder<3>, std::_Placeholder<4>, std::_Placeholder<5>, std::_Placeholder<6>, std::_Placeholder<7>, std::_Placeholder<8>, std::_Placeholder<9>)>[m[K’} to ‘[01m[Kconst std::function<void(const std::shared_ptr<const sensor_msgs::msg::Imu_<std::allocator<void> > >&, const std::shared_ptr<const sensor_msgs::msg::MagneticField_<std::allocator<void> > >&, const std::shared_ptr<const message_filters::NullType>&, const std::shared_ptr<const message_filters::NullType>&, const std::shared_ptr<const message_filters::NullType>&, const std::shared_ptr<const message_filters::NullType>&, const std::shared_ptr<const message_filters::NullType>&, const std::shared_ptr<const message_filters::NullType>&, const std::shared_ptr<const message_filters::NullType>&)>&[m[K’
[5.251s]   170 |   Connection addCallback([01;36m[Kconst std::function<void(P0, P1, P2, P3, P4, P5, P6, P7, P8)>& callback[m[K)
[5.251s]       |                          [01;36m[K~~~~~~~~~~~~~~~~~~~~~~~~~~~~~~~~~~~~~~~~~~~~~~~~~~~~~~~~~~~~~~~^~~~~~~~[m[K
[5.251s] [01m[K/opt/ros/foxy/include/message_filters/signal9.h:180:14:[m[K [01;36m[Knote: [m[Kcandidate: ‘[01m[Ktemplate<class P0, class P1> message_filters::Connection message_filters::Signal9<M0, M1, M2, M3, M4, M5, M6, M7, M8>::addCallback(void (*)(P0, P1)) [with P0 = P0; P1 = P1; M0 = sensor_msgs::msg::Imu_<std::allocator<void> >; M1 = sensor_msgs::msg::MagneticField_<std::allocator<void> >; M2 = message_filters::NullType; M3 = message_filters::NullType; M4 = message_filters::NullType; M5 = message_filters::NullType; M6 = message_filters::NullType; M7 = message_filters::NullType; M8 = message_filters::NullType][m[K’
[5.251s]   180 |   Connection [01;36m[KaddCallback[m[K(void(*callback)(P0, P1))
[5.252s]       |              [01;36m[K^~~~~~~~~~~[m[K
[5.252s] [01m[K/opt/ros/foxy/include/message_filters/signal9.h:180:14:[m[K [01;36m[Knote: [m[K  template argument deduction/substitution failed:
[5.252s] In file included from [01m[K/opt/ros/foxy/include/message_filters/synchronizer.h:47[m[K,
[5.252s]                  from [01m[K/home/maroqi/Projects/RobotProjects/ROS2Projects/imu_ws/src/imu_madgwick/src/imu_madgwick/imu.cpp:31[m[K:
[5.252s] [01m[K/opt/ros/foxy/include/message_filters/signal9.h:280:267:[m[K [01;31m[Kerror: [m[Kwrong number of template arguments (9, should be 2)
[5.253s]   280 | placeholders::_4, std::placeholders::_5, std::placeholders::_6, std::placeholders::_7, std::placeholders::_8, std::placeholders::_9)[01;31m[K)[m[K;
[5.253s]       |                                                                                                                                     [01;31m[K^[m[K
[5.253s] 
[5.253s] In file included from [01m[K/opt/ros/foxy/include/message_filters/synchronizer.h:47[m[K,
[5.255s]                  from [01m[K/home/maroqi/Projects/RobotProjects/ROS2Projects/imu_ws/src/imu_madgwick/src/imu_madgwick/imu.cpp:31[m[K:
[5.255s] [01m[K/opt/ros/foxy/include/message_filters/signal9.h:186:14:[m[K [01;36m[Knote: [m[Kcandidate: ‘[01m[Ktemplate<class P0, class P1, class P2> message_filters::Connection message_filters::Signal9<M0, M1, M2, M3, M4, M5, M6, M7, M8>::addCallback(void (*)(P0, P1, P2)) [with P0 = P0; P1 = P1; P2 = P2; M0 = sensor_msgs::msg::Imu_<std::allocator<void> >; M1 = sensor_msgs::msg::MagneticField_<std::allocator<void> >; M2 = message_filters::NullType; M3 = message_filters::NullType; M4 = message_filters::NullType; M5 = message_filters::NullType; M6 = message_filters::NullType; M7 = message_filters::NullType; M8 = message_filters::NullType][m[K’
[5.256s]   186 |   Connection [01;36m[KaddCallback[m[K(void(*callback)(P0, P1, P2))
[5.256s]       |              [01;36m[K^~~~~~~~~~~[m[K
[5.256s] [01m[K/opt/ros/foxy/include/message_filters/signal9.h:186:14:[m[K [01;36m[Knote: [m[K  template argument deduction/substitution failed:
[5.256s] In file included from [01m[K/opt/ros/foxy/include/message_filters/synchronizer.h:47[m[K,
[5.256s]                  from [01m[K/home/maroqi/Projects/RobotProjects/ROS2Projects/imu_ws/src/imu_madgwick/src/imu_madgwick/imu.cpp:31[m[K:
[5.256s] [01m[K/opt/ros/foxy/include/message_filters/signal9.h:280:267:[m[K [01;31m[Kerror: [m[Kwrong number of template arguments (9, should be 3)
[5.257s]   280 | placeholders::_4, std::placeholders::_5, std::placeholders::_6, std::placeholders::_7, std::placeholders::_8, std::placeholders::_9)[01;31m[K)[m[K;
[5.257s]       |                                                                                                                                     [01;31m[K^[m[K
[5.257s] 
[5.257s] In file included from [01m[K/opt/ros/foxy/include/message_filters/synchronizer.h:47[m[K,
[5.257s]                  from [01m[K/home/maroqi/Projects/RobotProjects/ROS2Projects/imu_ws/src/imu_madgwick/src/imu_madgwick/imu.cpp:31[m[K:
[5.257s] [01m[K/opt/ros/foxy/include/message_filters/signal9.h:192:14:[m[K [01;36m[Knote: [m[Kcandidate: ‘[01m[Ktemplate<class P0, class P1, class P2, class P3> message_filters::Connection message_filters::Signal9<M0, M1, M2, M3, M4, M5, M6, M7, M8>::addCallback(void (*)(P0, P1, P2, P3)) [with P0 = P0; P1 = P1; P2 = P2; P3 = P3; M0 = sensor_msgs::msg::Imu_<std::allocator<void> >; M1 = sensor_msgs::msg::MagneticField_<std::allocator<void> >; M2 = message_filters::NullType; M3 = message_filters::NullType; M4 = message_filters::NullType; M5 = message_filters::NullType; M6 = message_filters::NullType; M7 = message_filters::NullType; M8 = message_filters::NullType][m[K’
[5.257s]   192 |   Connection [01;36m[KaddCallback[m[K(void(*callback)(P0, P1, P2, P3))
[5.258s]       |              [01;36m[K^~~~~~~~~~~[m[K
[5.258s] [01m[K/opt/ros/foxy/include/message_filters/signal9.h:192:14:[m[K [01;36m[Knote: [m[K  template argument deduction/substitution failed:
[5.258s] In file included from [01m[K/opt/ros/foxy/include/message_filters/synchronizer.h:47[m[K,
[5.258s]                  from [01m[K/home/maroqi/Projects/RobotProjects/ROS2Projects/imu_ws/src/imu_madgwick/src/imu_madgwick/imu.cpp:31[m[K:
[5.258s] [01m[K/opt/ros/foxy/include/message_filters/signal9.h:280:267:[m[K [01;31m[Kerror: [m[Kwrong number of template arguments (9, should be 4)
[5.267s]   280 | placeholders::_4, std::placeholders::_5, std::placeholders::_6, std::placeholders::_7, std::placeholders::_8, std::placeholders::_9)[01;31m[K)[m[K;
[5.267s]       |                                                                                                                                     [01;31m[K^[m[K
[5.268s] 
[5.268s] In file included from [01m[K/opt/ros/foxy/include/message_filters/synchronizer.h:47[m[K,
[5.268s]                  from [01m[K/home/maroqi/Projects/RobotProjects/ROS2Projects/imu_ws/src/imu_madgwick/src/imu_madgwick/imu.cpp:31[m[K:
[5.268s] [01m[K/opt/ros/foxy/include/message_filters/signal9.h:198:14:[m[K [01;36m[Knote: [m[Kcandidate: ‘[01m[Ktemplate<class P0, class P1, class P2, class P3, class P4> message_filters::Connection message_filters::Signal9<M0, M1, M2, M3, M4, M5, M6, M7, M8>::addCallback(void (*)(P0, P1, P2, P3, P4)) [with P0 = P0; P1 = P1; P2 = P2; P3 = P3; P4 = P4; M0 = sensor_msgs::msg::Imu_<std::allocator<void> >; M1 = sensor_msgs::msg::MagneticField_<std::allocator<void> >; M2 = message_filters::NullType; M3 = message_filters::NullType; M4 = message_filters::NullType; M5 = message_filters::NullType; M6 = message_filters::NullType; M7 = message_filters::NullType; M8 = message_filters::NullType][m[K’
[5.268s]   198 |   Connection [01;36m[KaddCallback[m[K(void(*callback)(P0, P1, P2, P3, P4))
[5.268s]       |              [01;36m[K^~~~~~~~~~~[m[K
[5.269s] [01m[K/opt/ros/foxy/include/message_filters/signal9.h:198:14:[m[K [01;36m[Knote: [m[K  template argument deduction/substitution failed:
[5.269s] In file included from [01m[K/opt/ros/foxy/include/message_filters/synchronizer.h:47[m[K,
[5.269s]                  from [01m[K/home/maroqi/Projects/RobotProjects/ROS2Projects/imu_ws/src/imu_madgwick/src/imu_madgwick/imu.cpp:31[m[K:
[5.269s] [01m[K/opt/ros/foxy/include/message_filters/signal9.h:280:267:[m[K [01;31m[Kerror: [m[Kwrong number of template arguments (9, should be 5)
[5.269s]   280 | placeholders::_4, std::placeholders::_5, std::placeholders::_6, std::placeholders::_7, std::placeholders::_8, std::placeholders::_9)[01;31m[K)[m[K;
[5.269s]       |                                                                                                                                     [01;31m[K^[m[K
[5.270s] 
[5.270s] In file included from [01m[K/opt/ros/foxy/include/message_filters/synchronizer.h:47[m[K,
[5.275s]                  from [01m[K/home/maroqi/Projects/RobotProjects/ROS2Projects/imu_ws/src/imu_madgwick/src/imu_madgwick/imu.cpp:31[m[K:
[5.275s] [01m[K/opt/ros/foxy/include/message_filters/signal9.h:204:14:[m[K [01;36m[Knote: [m[Kcandidate: ‘[01m[Ktemplate<class P0, class P1, class P2, class P3, class P4, class P5> message_filters::Connection message_filters::Signal9<M0, M1, M2, M3, M4, M5, M6, M7, M8>::addCallback(void (*)(P0, P1, P2, P3, P4, P5)) [with P0 = P0; P1 = P1; P2 = P2; P3 = P3; P4 = P4; P5 = P5; M0 = sensor_msgs::msg::Imu_<std::allocator<void> >; M1 = sensor_msgs::msg::MagneticField_<std::allocator<void> >; M2 = message_filters::NullType; M3 = message_filters::NullType; M4 = message_filters::NullType; M5 = message_filters::NullType; M6 = message_filters::NullType; M7 = message_filters::NullType; M8 = message_filters::NullType][m[K’
[5.276s]   204 |   Connection [01;36m[KaddCallback[m[K(void(*callback)(P0, P1, P2, P3, P4, P5))
[5.276s]       |              [01;36m[K^~~~~~~~~~~[m[K
[5.276s] [01m[K/opt/ros/foxy/include/message_filters/signal9.h:204:14:[m[K [01;36m[Knote: [m[K  template argument deduction/substitution failed:
[5.276s] In file included from [01m[K/opt/ros/foxy/include/message_filters/synchronizer.h:47[m[K,
[5.276s]                  from [01m[K/home/maroqi/Projects/RobotProjects/ROS2Projects/imu_ws/src/imu_madgwick/src/imu_madgwick/imu.cpp:31[m[K:
[5.276s] [01m[K/opt/ros/foxy/include/message_filters/signal9.h:280:267:[m[K [01;31m[Kerror: [m[Kwrong number of template arguments (9, should be 6)
[5.276s]   280 | placeholders::_4, std::placeholders::_5, std::placeholders::_6, std::placeholders::_7, std::placeholders::_8, std::placeholders::_9)[01;31m[K)[m[K;
[5.277s]       |                                                                                                                                     [01;31m[K^[m[K
[5.277s] 
[5.277s] In file included from [01m[K/opt/ros/foxy/include/message_filters/synchronizer.h:47[m[K,
[5.277s]                  from [01m[K/home/maroqi/Projects/RobotProjects/ROS2Projects/imu_ws/src/imu_madgwick/src/imu_madgwick/imu.cpp:31[m[K:
[5.277s] [01m[K/opt/ros/foxy/include/message_filters/signal9.h:210:14:[m[K [01;36m[Knote: [m[Kcandidate: ‘[01m[Ktemplate<class P0, class P1, class P2, class P3, class P4, class P5, class P6> message_filters::Connection message_filters::Signal9<M0, M1, M2, M3, M4, M5, M6, M7, M8>::addCallback(void (*)(P0, P1, P2, P3, P4, P5, P6)) [with P0 = P0; P1 = P1; P2 = P2; P3 = P3; P4 = P4; P5 = P5; P6 = P6; M0 = sensor_msgs::msg::Imu_<std::allocator<void> >; M1 = sensor_msgs::msg::MagneticField_<std::allocator<void> >; M2 = message_filters::NullType; M3 = message_filters::NullType; M4 = message_filters::NullType; M5 = message_filters::NullType; M6 = message_filters::NullType; M7 = message_filters::NullType; M8 = message_filters::NullType][m[K’
[5.277s]   210 |   Connection [01;36m[KaddCallback[m[K(void(*callback)(P0, P1, P2, P3, P4, P5, P6))
[5.278s]       |              [01;36m[K^~~~~~~~~~~[m[K
[5.278s] [01m[K/opt/ros/foxy/include/message_filters/signal9.h:210:14:[m[K [01;36m[Knote: [m[K  template argument deduction/substitution failed:
[5.278s] In file included from [01m[K/opt/ros/foxy/include/message_filters/synchronizer.h:47[m[K,
[5.282s]                  from [01m[K/home/maroqi/Projects/RobotProjects/ROS2Projects/imu_ws/src/imu_madgwick/src/imu_madgwick/imu.cpp:31[m[K:
[5.282s] [01m[K/opt/ros/foxy/include/message_filters/signal9.h:280:267:[m[K [01;31m[Kerror: [m[Kwrong number of template arguments (9, should be 7)
[5.282s]   280 | placeholders::_4, std::placeholders::_5, std::placeholders::_6, std::placeholders::_7, std::placeholders::_8, std::placeholders::_9)[01;31m[K)[m[K;
[5.283s]       |                                                                                                                                     [01;31m[K^[m[K
[5.283s] 
[5.288s] [01m[K/opt/ros/foxy/include/message_filters/signal9.h:216:14:[m[K [01;36m[Knote: [m[Kcandidate: ‘[01m[Ktemplate<class P0, class P1, class P2, class P3, class P4, class P5, class P6, class P7> message_filters::Connection message_filters::Signal9<M0, M1, M2, M3, M4, M5, M6, M7, M8>::addCallback(void (*)(P0, P1, P2, P3, P4, P5, P6, P7)) [with P0 = P0; P1 = P1; P2 = P2; P3 = P3; P4 = P4; P5 = P5; P6 = P6; P7 = P7; M0 = sensor_msgs::msg::Imu_<std::allocator<void> >; M1 = sensor_msgs::msg::MagneticField_<std::allocator<void> >; M2 = message_filters::NullType; M3 = message_filters::NullType; M4 = message_filters::NullType; M5 = message_filters::NullType; M6 = message_filters::NullType; M7 = message_filters::NullType; M8 = message_filters::NullType][m[K’
[5.288s]   216 |   Connection [01;36m[KaddCallback[m[K(void(*callback)(P0, P1, P2, P3, P4, P5, P6, P7))
[5.288s]       |              [01;36m[K^~~~~~~~~~~[m[K
[5.289s] [01m[K/opt/ros/foxy/include/message_filters/signal9.h:216:14:[m[K [01;36m[Knote: [m[K  template argument deduction/substitution failed:
[5.289s] [01m[K/opt/ros/foxy/include/message_filters/signal9.h:280:267:[m[K [01;31m[Kerror: [m[Kwrong number of template arguments (9, should be 8)
[5.289s]   280 | placeholders::_4, std::placeholders::_5, std::placeholders::_6, std::placeholders::_7, std::placeholders::_8, std::placeholders::_9)[01;31m[K)[m[K;
[5.289s]       |                                                                                                                                     [01;31m[K^[m[K
[5.289s] 
[5.290s] [01m[K/opt/ros/foxy/include/message_filters/signal9.h:222:14:[m[K [01;36m[Knote: [m[Kcandidate: ‘[01m[Kmessage_filters::Connection message_filters::Signal9<M0, M1, M2, M3, M4, M5, M6, M7, M8>::addCallback(void (*)(P0, P1, P2, P3, P4, P5, P6, P7, P8)) [with P0 = const std::shared_ptr<const sensor_msgs::msg::Imu_<std::allocator<void> > >&; P1 = const std::shared_ptr<const sensor_msgs::msg::MagneticField_<std::allocator<void> > >&; P2 = const std::shared_ptr<const message_filters::NullType>&; P3 = const std::shared_ptr<const message_filters::NullType>&; P4 = const std::shared_ptr<const message_filters::NullType>&; P5 = const std::shared_ptr<const message_filters::NullType>&; P6 = const std::shared_ptr<const message_filters::NullType>&; P7 = const std::shared_ptr<const message_filters::NullType>&; P8 = const std::shared_ptr<const message_filters::NullType>&; M0 = sensor_msgs::msg::Imu_<std::allocator<void> >; M1 = sensor_msgs::msg::MagneticField_<std::allocator<void> >; M2 = message_filters::NullType; M3 = message_filters::NullType; M4 = message_filters::NullType; M5 = message_filters::NullType; M6 = message_filters::NullType; M7 = message_filters::NullType; M8 = message_filters::NullType][m[K’
[5.290s]   222 |   Connection [01;36m[KaddCallback[m[K(void(*callback)(P0, P1, P2, P3, P4, P5, P6, P7, P8))
[5.290s]       |              [01;36m[K^~~~~~~~~~~[m[K
[5.290s] [01m[K/opt/ros/foxy/include/message_filters/signal9.h:222:32:[m[K [01;36m[Knote: [m[K  no known conversion for argument 1 from ‘[01m[Kstd::_Bind_helper<false, const std::_Bind<void (Imu::*(Imu*, std::_Placeholder<1>, std::_Placeholder<2>))(std::shared_ptr<sensor_msgs::msg::Imu_<std::allocator<void> > >, std::shared_ptr<sensor_msgs::msg::MagneticField_<std::allocator<void> > >)>&, const std::_Placeholder<1>&, const std::_Placeholder<2>&, const std::_Placeholder<3>&, const std::_Placeholder<4>&, const std::_Placeholder<5>&, const std::_Placeholder<6>&, const std::_Placeholder<7>&, const std::_Placeholder<8>&, const std::_Placeholder<9>&>::type[m[K’ {aka ‘[01m[Kstd::_Bind<std::_Bind<void (Imu::*(Imu*, std::_Placeholder<1>, std::_Placeholder<2>))(std::shared_ptr<sensor_msgs::msg::Imu_<std::allocator<void> > >, std::shared_ptr<sensor_msgs::msg::MagneticField_<std::allocator<void> > >)>(std::_Placeholder<1>, std::_Placeholder<2>, std::_Placeholder<3>, std::_Placeholder<4>, std::_Placeholder<5>, std::_Placeholder<6>, std::_Placeholder<7>, std::_Placeholder<8>, std::_Placeholder<9>)>[m[K’} to ‘[01m[Kvoid (*)(const std::shared_ptr<const sensor_msgs::msg::Imu_<std::allocator<void> > >&, const std::shared_ptr<const sensor_msgs::msg::MagneticField_<std::allocator<void> > >&, const std::shared_ptr<const message_filters::NullType>&, const std::shared_ptr<const message_filters::NullType>&, const std::shared_ptr<const message_filters::NullType>&, const std::shared_ptr<const message_filters::NullType>&, const std::shared_ptr<const message_filters::NullType>&, const std::shared_ptr<const message_filters::NullType>&, const std::shared_ptr<const message_filters::NullType>&)[m[K’
[5.290s]   222 |   Connection addCallback([01;36m[Kvoid(*callback)(P0, P1, P2, P3, P4, P5, P6, P7, P8)[m[K)
[5.291s]       |                          [01;36m[K~~~~~~^~~~~~~~~~~~~~~~~~~~~~~~~~~~~~~~~~~~~~~~~~~~~[m[K
[5.299s] [01m[K/opt/ros/foxy/include/message_filters/signal9.h:228:14:[m[K [01;36m[Knote: [m[Kcandidate: ‘[01m[Ktemplate<class T, class P0, class P1> message_filters::Connection message_filters::Signal9<M0, M1, M2, M3, M4, M5, M6, M7, M8>::addCallback(void (T::*)(P0, P1), T*) [with T = T; P0 = P0; P1 = P1; M0 = sensor_msgs::msg::Imu_<std::allocator<void> >; M1 = sensor_msgs::msg::MagneticField_<std::allocator<void> >; M2 = message_filters::NullType; M3 = message_filters::NullType; M4 = message_filters::NullType; M5 = message_filters::NullType; M6 = message_filters::NullType; M7 = message_filters::NullType; M8 = message_filters::NullType][m[K’
[5.299s]   228 |   Connection [01;36m[KaddCallback[m[K(void(T::*callback)(P0, P1), T* t)
[5.300s]       |              [01;36m[K^~~~~~~~~~~[m[K
[5.300s] [01m[K/opt/ros/foxy/include/message_filters/signal9.h:228:14:[m[K [01;36m[Knote: [m[K  template argument deduction/substitution failed:
[5.300s] [01m[K/opt/ros/foxy/include/message_filters/signal9.h:280:267:[m[K [01;31m[Kerror: [m[Kwrong number of template arguments (9, should be 3)
[5.300s]   280 | placeholders::_4, std::placeholders::_5, std::placeholders::_6, std::placeholders::_7, std::placeholders::_8, std::placeholders::_9)[01;31m[K)[m[K;
[5.301s]       |                                                                                                                                     [01;31m[K^[m[K
[5.301s] 
[5.301s] [01m[K/opt/ros/foxy/include/message_filters/signal9.h:234:14:[m[K [01;36m[Knote: [m[Kcandidate: ‘[01m[Ktemplate<class T, class P0, class P1, class P2> message_filters::Connection message_filters::Signal9<M0, M1, M2, M3, M4, M5, M6, M7, M8>::addCallback(void (T::*)(P0, P1, P2), T*) [with T = T; P0 = P0; P1 = P1; P2 = P2; M0 = sensor_msgs::msg::Imu_<std::allocator<void> >; M1 = sensor_msgs::msg::MagneticField_<std::allocator<void> >; M2 = message_filters::NullType; M3 = message_filters::NullType; M4 = message_filters::NullType; M5 = message_filters::NullType; M6 = message_filters::NullType; M7 = message_filters::NullType; M8 = message_filters::NullType][m[K’
[5.301s]   234 |   Connection [01;36m[KaddCallback[m[K(void(T::*callback)(P0, P1, P2), T* t)
[5.301s]       |              [01;36m[K^~~~~~~~~~~[m[K
[5.302s] [01m[K/opt/ros/foxy/include/message_filters/signal9.h:234:14:[m[K [01;36m[Knote: [m[K  template argument deduction/substitution failed:
[5.302s] [01m[K/opt/ros/foxy/include/message_filters/signal9.h:280:267:[m[K [01;31m[Kerror: [m[Kwrong number of template arguments (9, should be 4)
[5.302s]   280 | placeholders::_4, std::placeholders::_5, std::placeholders::_6, std::placeholders::_7, std::placeholders::_8, std::placeholders::_9)[01;31m[K)[m[K;
[5.307s]       |                                                                                                                                     [01;31m[K^[m[K
[5.307s] 
[5.307s] [01m[K/opt/ros/foxy/include/message_filters/signal9.h:240:14:[m[K [01;36m[Knote: [m[Kcandidate: ‘[01m[Ktemplate<class T, class P0, class P1, class P2, class P3> message_filters::Connection message_filters::Signal9<M0, M1, M2, M3, M4, M5, M6, M7, M8>::addCallback(void (T::*)(P0, P1, P2, P3), T*) [with T = T; P0 = P0; P1 = P1; P2 = P2; P3 = P3; M0 = sensor_msgs::msg::Imu_<std::allocator<void> >; M1 = sensor_msgs::msg::MagneticField_<std::allocator<void> >; M2 = message_filters::NullType; M3 = message_filters::NullType; M4 = message_filters::NullType; M5 = message_filters::NullType; M6 = message_filters::NullType; M7 = message_filters::NullType; M8 = message_filters::NullType][m[K’
[5.308s]   240 |   Connection [01;36m[KaddCallback[m[K(void(T::*callback)(P0, P1, P2, P3), T* t)
[5.308s]       |              [01;36m[K^~~~~~~~~~~[m[K
[5.308s] [01m[K/opt/ros/foxy/include/message_filters/signal9.h:240:14:[m[K [01;36m[Knote: [m[K  template argument deduction/substitution failed:
[5.308s] [01m[K/opt/ros/foxy/include/message_filters/signal9.h:280:267:[m[K [01;31m[Kerror: [m[Kwrong number of template arguments (9, should be 5)
[5.308s]   280 | placeholders::_4, std::placeholders::_5, std::placeholders::_6, std::placeholders::_7, std::placeholders::_8, std::placeholders::_9)[01;31m[K)[m[K;
[5.309s]       |                                                                                                                                     [01;31m[K^[m[K
[5.309s] 
[5.309s] [01m[K/opt/ros/foxy/include/message_filters/signal9.h:246:14:[m[K [01;36m[Knote: [m[Kcandidate: ‘[01m[Ktemplate<class T, class P0, class P1, class P2, class P3, class P4> message_filters::Connection message_filters::Signal9<M0, M1, M2, M3, M4, M5, M6, M7, M8>::addCallback(void (T::*)(P0, P1, P2, P3, P4), T*) [with T = T; P0 = P0; P1 = P1; P2 = P2; P3 = P3; P4 = P4; M0 = sensor_msgs::msg::Imu_<std::allocator<void> >; M1 = sensor_msgs::msg::MagneticField_<std::allocator<void> >; M2 = message_filters::NullType; M3 = message_filters::NullType; M4 = message_filters::NullType; M5 = message_filters::NullType; M6 = message_filters::NullType; M7 = message_filters::NullType; M8 = message_filters::NullType][m[K’
[5.309s]   246 |   Connection [01;36m[KaddCallback[m[K(void(T::*callback)(P0, P1, P2, P3, P4), T* t)
[5.310s]       |              [01;36m[K^~~~~~~~~~~[m[K
[5.310s] [01m[K/opt/ros/foxy/include/message_filters/signal9.h:246:14:[m[K [01;36m[Knote: [m[K  template argument deduction/substitution failed:
[5.310s] [01m[K/opt/ros/foxy/include/message_filters/signal9.h:280:267:[m[K [01;31m[Kerror: [m[Kwrong number of template arguments (9, should be 6)
[5.310s]   280 | placeholders::_4, std::placeholders::_5, std::placeholders::_6, std::placeholders::_7, std::placeholders::_8, std::placeholders::_9)[01;31m[K)[m[K;
[5.310s]       |                                                                                                                                     [01;31m[K^[m[K
[5.310s] 
[5.311s] [01m[K/opt/ros/foxy/include/message_filters/signal9.h:252:14:[m[K [01;36m[Knote: [m[Kcandidate: ‘[01m[Ktemplate<class T, class P0, class P1, class P2, class P3, class P4, class P5> message_filters::Connection message_filters::Signal9<M0, M1, M2, M3, M4, M5, M6, M7, M8>::addCallback(void (T::*)(P0, P1, P2, P3, P4, P5), T*) [with T = T; P0 = P0; P1 = P1; P2 = P2; P3 = P3; P4 = P4; P5 = P5; M0 = sensor_msgs::msg::Imu_<std::allocator<void> >; M1 = sensor_msgs::msg::MagneticField_<std::allocator<void> >; M2 = message_filters::NullType; M3 = message_filters::NullType; M4 = message_filters::NullType; M5 = message_filters::NullType; M6 = message_filters::NullType; M7 = message_filters::NullType; M8 = message_filters::NullType][m[K’
[5.311s]   252 |   Connection [01;36m[KaddCallback[m[K(void(T::*callback)(P0, P1, P2, P3, P4, P5), T* t)
[5.311s]       |              [01;36m[K^~~~~~~~~~~[m[K
[5.311s] [01m[K/opt/ros/foxy/include/message_filters/signal9.h:252:14:[m[K [01;36m[Knote: [m[K  template argument deduction/substitution failed:
[5.311s] [01m[K/opt/ros/foxy/include/message_filters/signal9.h:280:267:[m[K [01;31m[Kerror: [m[Kwrong number of template arguments (9, should be 7)
[5.312s]   280 | placeholders::_4, std::placeholders::_5, std::placeholders::_6, std::placeholders::_7, std::placeholders::_8, std::placeholders::_9)[01;31m[K)[m[K;
[5.312s]       |                                                                                                                                     [01;31m[K^[m[K
[5.312s] 
[5.312s] [01m[K/opt/ros/foxy/include/message_filters/signal9.h:258:14:[m[K [01;36m[Knote: [m[Kcandidate: ‘[01m[Ktemplate<class T, class P0, class P1, class P2, class P3, class P4, class P5, class P6> message_filters::Connection message_filters::Signal9<M0, M1, M2, M3, M4, M5, M6, M7, M8>::addCallback(void (T::*)(P0, P1, P2, P3, P4, P5, P6), T*) [with T = T; P0 = P0; P1 = P1; P2 = P2; P3 = P3; P4 = P4; P5 = P5; P6 = P6; M0 = sensor_msgs::msg::Imu_<std::allocator<void> >; M1 = sensor_msgs::msg::MagneticField_<std::allocator<void> >; M2 = message_filters::NullType; M3 = message_filters::NullType; M4 = message_filters::NullType; M5 = message_filters::NullType; M6 = message_filters::NullType; M7 = message_filters::NullType; M8 = message_filters::NullType][m[K’
[5.312s]   258 |   Connection [01;36m[KaddCallback[m[K(void(T::*callback)(P0, P1, P2, P3, P4, P5, P6), T* t)
[5.312s]       |              [01;36m[K^~~~~~~~~~~[m[K
[5.313s] [01m[K/opt/ros/foxy/include/message_filters/signal9.h:258:14:[m[K [01;36m[Knote: [m[K  template argument deduction/substitution failed:
[5.313s] [01m[K/opt/ros/foxy/include/message_filters/signal9.h:280:267:[m[K [01;31m[Kerror: [m[Kwrong number of template arguments (9, should be 8)
[5.313s]   280 | placeholders::_4, std::placeholders::_5, std::placeholders::_6, std::placeholders::_7, std::placeholders::_8, std::placeholders::_9)[01;31m[K)[m[K;
[5.313s]       |                                                                                                                                     [01;31m[K^[m[K
[5.313s] 
[5.313s] [01m[K/opt/ros/foxy/include/message_filters/signal9.h:264:14:[m[K [01;36m[Knote: [m[Kcandidate: ‘[01m[Ktemplate<class T, class P0, class P1, class P2, class P3, class P4, class P5, class P6, class P7> message_filters::Connection message_filters::Signal9<M0, M1, M2, M3, M4, M5, M6, M7, M8>::addCallback(void (T::*)(P0, P1, P2, P3, P4, P5, P6, P7), T*) [with T = T; P0 = P0; P1 = P1; P2 = P2; P3 = P3; P4 = P4; P5 = P5; P6 = P6; P7 = P7; M0 = sensor_msgs::msg::Imu_<std::allocator<void> >; M1 = sensor_msgs::msg::MagneticField_<std::allocator<void> >; M2 = message_filters::NullType; M3 = message_filters::NullType; M4 = message_filters::NullType; M5 = message_filters::NullType; M6 = message_filters::NullType; M7 = message_filters::NullType; M8 = message_filters::NullType][m[K’
[5.314s]   264 |   Connection [01;36m[KaddCallback[m[K(void(T::*callback)(P0, P1, P2, P3, P4, P5, P6, P7), T* t)
[5.314s]       |              [01;36m[K^~~~~~~~~~~[m[K
[5.314s] [01m[K/opt/ros/foxy/include/message_filters/signal9.h:264:14:[m[K [01;36m[Knote: [m[K  template argument deduction/substitution failed:
[5.314s] /opt/ros/foxy/include/message_filters/signal9.h: In substitution of ‘[01m[Ktemplate<class T, class P0, class P1, class P2, class P3, class P4, class P5, class P6, class P7> message_filters::Connection message_filters::Signal9<sensor_msgs::msg::Imu_<std::allocator<void> >, sensor_msgs::msg::MagneticField_<std::allocator<void> >, message_filters::NullType, message_filters::NullType, message_filters::NullType, message_filters::NullType, message_filters::NullType, message_filters::NullType, message_filters::NullType>::addCallback<T, P0, P1, P2, P3, P4, P5, P6, P7>(void (T::*)(P0, P1, P2, P3, P4, P5, P6, P7), T*) [with T = const std::shared_ptr<const sensor_msgs::msg::Imu_<std::allocator<void> > >&; P0 = const std::shared_ptr<const sensor_msgs::msg::MagneticField_<std::allocator<void> > >&; P1 = const std::shared_ptr<const message_filters::NullType>&; P2 = const std::shared_ptr<const message_filters::NullType>&; P3 = const std::shared_ptr<const message_filters::NullType>&; P4 = const std::shared_ptr<const message_filters::NullType>&; P5 = const std::shared_ptr<const message_filters::NullType>&; P6 = const std::shared_ptr<const message_filters::NullType>&; P7 = const std::shared_ptr<const message_filters::NullType>&][m[K’:
[5.314s] [01m[K/opt/ros/foxy/include/message_filters/signal9.h:280:267:[m[K   required from ‘[01m[Kmessage_filters::Connection message_filters::Signal9<M0, M1, M2, M3, M4, M5, M6, M7, M8>::addCallback(C&) [with C = const std::_Bind<void (Imu::*(Imu*, std::_Placeholder<1>, std::_Placeholder<2>))(std::shared_ptr<sensor_msgs::msg::Imu_<std::allocator<void> > >, std::shared_ptr<sensor_msgs::msg::MagneticField_<std::allocator<void> > >)>; M0 = sensor_msgs::msg::Imu_<std::allocator<void> >; M1 = sensor_msgs::msg::MagneticField_<std::allocator<void> >; M2 = message_filters::NullType; M3 = message_filters::NullType; M4 = message_filters::NullType; M5 = message_filters::NullType; M6 = message_filters::NullType; M7 = message_filters::NullType; M8 = message_filters::NullType][m[K’
[5.315s] [01m[K/opt/ros/foxy/include/message_filters/synchronizer.h:298:40:[m[K   required from ‘[01m[Kmessage_filters::Connection message_filters::Synchronizer<Policy>::registerCallback(const C&) [with C = std::_Bind<void (Imu::*(Imu*, std::_Placeholder<1>, std::_Placeholder<2>))(std::shared_ptr<sensor_msgs::msg::Imu_<std::allocator<void> > >, std::shared_ptr<sensor_msgs::msg::MagneticField_<std::allocator<void> > >)>; Policy = message_filters::sync_policies::ApproximateTime<sensor_msgs::msg::Imu_<std::allocator<void> >, sensor_msgs::msg::MagneticField_<std::allocator<void> > >][m[K’
[5.323s] [01m[K/home/maroqi/Projects/RobotProjects/ROS2Projects/imu_ws/src/imu_madgwick/src/imu_madgwick/imu.cpp:79:111:[m[K   required from here
[5.324s] [01m[K/opt/ros/foxy/include/message_filters/signal9.h:264:14:[m[K [01;31m[Kerror: [m[Kforming pointer to reference type ‘[01m[Kconst std::shared_ptr<const sensor_msgs::msg::Imu_<std::allocator<void> > >&[m[K’
[5.324s] /opt/ros/foxy/include/message_filters/signal9.h: In instantiation of ‘[01m[Kmessage_filters::Connection message_filters::Signal9<M0, M1, M2, M3, M4, M5, M6, M7, M8>::addCallback(C&) [with C = const std::_Bind<void (Imu::*(Imu*, std::_Placeholder<1>, std::_Placeholder<2>))(std::shared_ptr<sensor_msgs::msg::Imu_<std::allocator<void> > >, std::shared_ptr<sensor_msgs::msg::MagneticField_<std::allocator<void> > >)>; M0 = sensor_msgs::msg::Imu_<std::allocator<void> >; M1 = sensor_msgs::msg::MagneticField_<std::allocator<void> >; M2 = message_filters::NullType; M3 = message_filters::NullType; M4 = message_filters::NullType; M5 = message_filters::NullType; M6 = message_filters::NullType; M7 = message_filters::NullType; M8 = message_filters::NullType][m[K’:
[5.324s] [01m[K/opt/ros/foxy/include/message_filters/synchronizer.h:298:40:[m[K   required from ‘[01m[Kmessage_filters::Connection message_filters::Synchronizer<Policy>::registerCallback(const C&) [with C = std::_Bind<void (Imu::*(Imu*, std::_Placeholder<1>, std::_Placeholder<2>))(std::shared_ptr<sensor_msgs::msg::Imu_<std::allocator<void> > >, std::shared_ptr<sensor_msgs::msg::MagneticField_<std::allocator<void> > >)>; Policy = message_filters::sync_policies::ApproximateTime<sensor_msgs::msg::Imu_<std::allocator<void> >, sensor_msgs::msg::MagneticField_<std::allocator<void> > >][m[K’
[5.324s] [01m[K/home/maroqi/Projects/RobotProjects/ROS2Projects/imu_ws/src/imu_madgwick/src/imu_madgwick/imu.cpp:79:111:[m[K   required from here
[5.324s] [01m[K/opt/ros/foxy/include/message_filters/signal9.h:270:14:[m[K [01;36m[Knote: [m[Kcandidate: ‘[01m[Ktemplate<class C> message_filters::Connection message_filters::Signal9<M0, M1, M2, M3, M4, M5, M6, M7, M8>::addCallback(C&) [with C = C; M0 = sensor_msgs::msg::Imu_<std::allocator<void> >; M1 = sensor_msgs::msg::MagneticField_<std::allocator<void> >; M2 = message_filters::NullType; M3 = message_filters::NullType; M4 = message_filters::NullType; M5 = message_filters::NullType; M6 = message_filters::NullType; M7 = message_filters::NullType; M8 = message_filters::NullType][m[K’
[5.325s]   270 |   Connection [01;36m[KaddCallback[m[K( C& callback)
[5.325s]       |              [01;36m[K^~~~~~~~~~~[m[K
[5.325s] [01m[K/opt/ros/foxy/include/message_filters/signal9.h:270:14:[m[K [01;36m[Knote: [m[K  template argument deduction/substitution failed:
[5.325s] [01m[K/opt/ros/foxy/include/message_filters/signal9.h:280:267:[m[K [01;31m[Kerror: [m[Kwrong number of template arguments (9, should be 1)
[5.325s]   280 | placeholders::_4, std::placeholders::_5, std::placeholders::_6, std::placeholders::_7, std::placeholders::_8, std::placeholders::_9)[01;31m[K)[m[K;
[5.325s]       |                                                                                                                                     [01;31m[K^[m[K
[5.326s] 
[11.860s] make[2]: *** [CMakeFiles/imu_madgwick.dir/build.make:89: CMakeFiles/imu_madgwick.dir/src/imu_madgwick/imu.cpp.o] Error 1
[11.861s] make[1]: *** [CMakeFiles/Makefile2:78: CMakeFiles/imu_madgwick.dir/all] Error 2
[11.862s] make: *** [Makefile:141: all] Error 2
[11.866s] Invoked command in '/home/maroqi/Projects/RobotProjects/ROS2Projects/imu_ws/build/imu_madgwick' returned '2': CMAKE_PREFIX_PATH=/opt/ros/foxy /usr/bin/cmake --build /home/maroqi/Projects/RobotProjects/ROS2Projects/imu_ws/build/imu_madgwick -- -j2 -l2
