[2.085s] DEBUG:colcon:Command line arguments: ['/usr/bin/colcon', 'build']
[2.090s] DEBUG:colcon:Parsed command line arguments: Namespace(ament_cmake_args=None, base_paths=['.'], build_base='build', catkin_cmake_args=None, catkin_skip_building_tests=False, cmake_args=None, cmake_clean_cache=False, cmake_clean_first=False, cmake_force_configure=False, cmake_target=None, cmake_target_skip_unavailable=False, continue_on_error=False, event_handlers=None, executor='parallel', ignore_user_meta=False, install_base='install', log_base=None, log_level=None, main=<bound method BuildVerb.main of <colcon_core.verb.build.BuildVerb object at 0x7f87cb3537c0>>, merge_install=False, metas=['./colcon.meta'], packages_above=None, packages_above_and_dependencies=None, packages_above_depth=None, packages_end=None, packages_ignore=None, packages_ignore_regex=None, packages_select=None, packages_select_build_failed=False, packages_select_by_dep=None, packages_select_regex=None, packages_select_test_failures=False, packages_skip=None, packages_skip_build_finished=False, packages_skip_by_dep=None, packages_skip_regex=None, packages_skip_test_passed=False, packages_skip_up_to=None, packages_start=None, packages_up_to=None, packages_up_to_regex=None, parallel_workers=2, paths=None, symlink_install=False, test_result_base=None, verb_extension=<colcon_core.verb.build.BuildVerb object at 0x7f87cb3537c0>, verb_name='build', verb_parser=<colcon_defaults.argument_parser.defaults.DefaultArgumentsDecorator object at 0x7f87cb353d30>)
[2.120s] Level 1:colcon.colcon_core.package_discovery:discover_packages(colcon_meta) check parameters
[2.121s] Level 1:colcon.colcon_core.package_discovery:discover_packages(recursive) check parameters
[2.121s] Level 1:colcon.colcon_core.package_discovery:discover_packages(ignore) check parameters
[2.121s] Level 1:colcon.colcon_core.package_discovery:discover_packages(path) check parameters
[2.121s] Level 1:colcon.colcon_core.package_discovery:discover_packages(colcon_meta) discover
[2.121s] Level 1:colcon.colcon_core.package_discovery:discover_packages(recursive) discover
[2.121s] INFO:colcon.colcon_core.package_discovery:Crawling recursively for packages in '/home/maroqi/Projects/RobotProjects/ROS2Projects/imu-test/imu_ws'
[2.122s] Level 1:colcon.colcon_core.package_identification:_identify(.) by extensions ['ignore', 'ignore_ament_install']
[2.122s] Level 1:colcon.colcon_core.package_identification:_identify(.) by extension 'ignore'
[2.122s] Level 1:colcon.colcon_core.package_identification:_identify(.) by extension 'ignore_ament_install'
[2.123s] Level 1:colcon.colcon_core.package_identification:_identify(.) by extensions ['colcon_pkg']
[2.123s] Level 1:colcon.colcon_core.package_identification:_identify(.) by extension 'colcon_pkg'
[2.123s] Level 1:colcon.colcon_core.package_identification:_identify(.) by extensions ['colcon_meta']
[2.123s] Level 1:colcon.colcon_core.package_identification:_identify(.) by extension 'colcon_meta'
[2.123s] Level 1:colcon.colcon_core.package_identification:_identify(.) by extensions ['ros']
[2.123s] Level 1:colcon.colcon_core.package_identification:_identify(.) by extension 'ros'
[2.196s] Level 1:colcon.colcon_core.package_identification:_identify(.) by extensions ['cmake', 'python']
[2.196s] Level 1:colcon.colcon_core.package_identification:_identify(.) by extension 'cmake'
[2.197s] Level 1:colcon.colcon_core.package_identification:_identify(.) by extension 'python'
[2.198s] Level 1:colcon.colcon_core.package_identification:_identify(.) by extensions ['python_setup_py']
[2.198s] Level 1:colcon.colcon_core.package_identification:_identify(.) by extension 'python_setup_py'
[2.199s] Level 1:colcon.colcon_core.package_identification:_identify(build) by extensions ['ignore', 'ignore_ament_install']
[2.199s] Level 1:colcon.colcon_core.package_identification:_identify(build) by extension 'ignore'
[2.199s] Level 1:colcon.colcon_core.package_identification:_identify(build) ignored
[2.200s] Level 1:colcon.colcon_core.package_identification:_identify(install) by extensions ['ignore', 'ignore_ament_install']
[2.200s] Level 1:colcon.colcon_core.package_identification:_identify(install) by extension 'ignore'
[2.200s] Level 1:colcon.colcon_core.package_identification:_identify(install) ignored
[2.201s] Level 1:colcon.colcon_core.package_identification:_identify(log) by extensions ['ignore', 'ignore_ament_install']
[2.203s] Level 1:colcon.colcon_core.package_identification:_identify(log) by extension 'ignore'
[2.203s] Level 1:colcon.colcon_core.package_identification:_identify(log) ignored
[2.204s] Level 1:colcon.colcon_core.package_identification:_identify(src) by extensions ['ignore', 'ignore_ament_install']
[2.204s] Level 1:colcon.colcon_core.package_identification:_identify(src) by extension 'ignore'
[2.204s] Level 1:colcon.colcon_core.package_identification:_identify(src) by extension 'ignore_ament_install'
[2.204s] Level 1:colcon.colcon_core.package_identification:_identify(src) by extensions ['colcon_pkg']
[2.204s] Level 1:colcon.colcon_core.package_identification:_identify(src) by extension 'colcon_pkg'
[2.204s] Level 1:colcon.colcon_core.package_identification:_identify(src) by extensions ['colcon_meta']
[2.205s] Level 1:colcon.colcon_core.package_identification:_identify(src) by extension 'colcon_meta'
[2.205s] Level 1:colcon.colcon_core.package_identification:_identify(src) by extensions ['ros']
[2.205s] Level 1:colcon.colcon_core.package_identification:_identify(src) by extension 'ros'
[2.205s] Level 1:colcon.colcon_core.package_identification:_identify(src) by extensions ['cmake', 'python']
[2.206s] Level 1:colcon.colcon_core.package_identification:_identify(src) by extension 'cmake'
[2.206s] Level 1:colcon.colcon_core.package_identification:_identify(src) by extension 'python'
[2.206s] Level 1:colcon.colcon_core.package_identification:_identify(src) by extensions ['python_setup_py']
[2.206s] Level 1:colcon.colcon_core.package_identification:_identify(src) by extension 'python_setup_py'
[2.208s] Level 1:colcon.colcon_core.package_identification:_identify(src/imu_madgwick) by extensions ['ignore', 'ignore_ament_install']
[2.209s] Level 1:colcon.colcon_core.package_identification:_identify(src/imu_madgwick) by extension 'ignore'
[2.209s] Level 1:colcon.colcon_core.package_identification:_identify(src/imu_madgwick) by extension 'ignore_ament_install'
[2.209s] Level 1:colcon.colcon_core.package_identification:_identify(src/imu_madgwick) by extensions ['colcon_pkg']
[2.209s] Level 1:colcon.colcon_core.package_identification:_identify(src/imu_madgwick) by extension 'colcon_pkg'
[2.209s] Level 1:colcon.colcon_core.package_identification:_identify(src/imu_madgwick) by extensions ['colcon_meta']
[2.209s] Level 1:colcon.colcon_core.package_identification:_identify(src/imu_madgwick) by extension 'colcon_meta'
[2.209s] Level 1:colcon.colcon_core.package_identification:_identify(src/imu_madgwick) by extensions ['ros']
[2.209s] Level 1:colcon.colcon_core.package_identification:_identify(src/imu_madgwick) by extension 'ros'
[2.220s] DEBUG:colcon.colcon_core.package_identification:Package 'src/imu_madgwick' with type 'ros.ament_cmake' and name 'imu_madgwick'
[2.221s] Level 1:colcon.colcon_core.package_identification:_identify(src/wbt_imu) by extensions ['ignore', 'ignore_ament_install']
[2.222s] Level 1:colcon.colcon_core.package_identification:_identify(src/wbt_imu) by extension 'ignore'
[2.223s] Level 1:colcon.colcon_core.package_identification:_identify(src/wbt_imu) by extension 'ignore_ament_install'
[2.223s] Level 1:colcon.colcon_core.package_identification:_identify(src/wbt_imu) by extensions ['colcon_pkg']
[2.223s] Level 1:colcon.colcon_core.package_identification:_identify(src/wbt_imu) by extension 'colcon_pkg'
[2.224s] Level 1:colcon.colcon_core.package_identification:_identify(src/wbt_imu) by extensions ['colcon_meta']
[2.226s] Level 1:colcon.colcon_core.package_identification:_identify(src/wbt_imu) by extension 'colcon_meta'
[2.226s] Level 1:colcon.colcon_core.package_identification:_identify(src/wbt_imu) by extensions ['ros']
[2.226s] Level 1:colcon.colcon_core.package_identification:_identify(src/wbt_imu) by extension 'ros'
[2.229s] DEBUG:colcon.colcon_core.package_identification:Package 'src/wbt_imu' with type 'ros.ament_python' and name 'wbt_imu'
[2.230s] Level 1:colcon.colcon_core.package_discovery:discover_packages(recursive) using defaults
[2.230s] Level 1:colcon.colcon_core.package_discovery:discover_packages(ignore) discover
[2.230s] Level 1:colcon.colcon_core.package_discovery:discover_packages(ignore) using defaults
[2.230s] Level 1:colcon.colcon_core.package_discovery:discover_packages(path) discover
[2.230s] Level 1:colcon.colcon_core.package_discovery:discover_packages(path) using defaults
[2.311s] Level 5:colcon.colcon_core.verb:set package 'imu_madgwick' build argument 'cmake_args' from command line to 'None'
[2.311s] Level 5:colcon.colcon_core.verb:set package 'imu_madgwick' build argument 'cmake_target' from command line to 'None'
[2.311s] Level 5:colcon.colcon_core.verb:set package 'imu_madgwick' build argument 'cmake_target_skip_unavailable' from command line to 'False'
[2.311s] Level 5:colcon.colcon_core.verb:set package 'imu_madgwick' build argument 'cmake_clean_cache' from command line to 'False'
[2.311s] Level 5:colcon.colcon_core.verb:set package 'imu_madgwick' build argument 'cmake_clean_first' from command line to 'False'
[2.311s] Level 5:colcon.colcon_core.verb:set package 'imu_madgwick' build argument 'cmake_force_configure' from command line to 'False'
[2.311s] Level 5:colcon.colcon_core.verb:set package 'imu_madgwick' build argument 'ament_cmake_args' from command line to 'None'
[2.311s] Level 5:colcon.colcon_core.verb:set package 'imu_madgwick' build argument 'catkin_cmake_args' from command line to 'None'
[2.312s] Level 5:colcon.colcon_core.verb:set package 'imu_madgwick' build argument 'catkin_skip_building_tests' from command line to 'False'
[2.312s] DEBUG:colcon.colcon_core.verb:Building package 'imu_madgwick' with the following arguments: {'ament_cmake_args': None, 'build_base': '/home/maroqi/Projects/RobotProjects/ROS2Projects/imu-test/imu_ws/build/imu_madgwick', 'catkin_cmake_args': None, 'catkin_skip_building_tests': False, 'cmake_args': None, 'cmake_clean_cache': False, 'cmake_clean_first': False, 'cmake_force_configure': False, 'cmake_target': None, 'cmake_target_skip_unavailable': False, 'install_base': '/home/maroqi/Projects/RobotProjects/ROS2Projects/imu-test/imu_ws/install/imu_madgwick', 'merge_install': False, 'path': '/home/maroqi/Projects/RobotProjects/ROS2Projects/imu-test/imu_ws/src/imu_madgwick', 'symlink_install': False, 'test_result_base': None}
[2.330s] Level 5:colcon.colcon_core.verb:set package 'wbt_imu' build argument 'cmake_args' from command line to 'None'
[2.330s] Level 5:colcon.colcon_core.verb:set package 'wbt_imu' build argument 'cmake_target' from command line to 'None'
[2.330s] Level 5:colcon.colcon_core.verb:set package 'wbt_imu' build argument 'cmake_target_skip_unavailable' from command line to 'False'
[2.330s] Level 5:colcon.colcon_core.verb:set package 'wbt_imu' build argument 'cmake_clean_cache' from command line to 'False'
[2.331s] Level 5:colcon.colcon_core.verb:set package 'wbt_imu' build argument 'cmake_clean_first' from command line to 'False'
[2.331s] Level 5:colcon.colcon_core.verb:set package 'wbt_imu' build argument 'cmake_force_configure' from command line to 'False'
[2.331s] Level 5:colcon.colcon_core.verb:set package 'wbt_imu' build argument 'ament_cmake_args' from command line to 'None'
[2.331s] Level 5:colcon.colcon_core.verb:set package 'wbt_imu' build argument 'catkin_cmake_args' from command line to 'None'
[2.331s] Level 5:colcon.colcon_core.verb:set package 'wbt_imu' build argument 'catkin_skip_building_tests' from command line to 'False'
[2.331s] DEBUG:colcon.colcon_core.verb:Building package 'wbt_imu' with the following arguments: {'ament_cmake_args': None, 'build_base': '/home/maroqi/Projects/RobotProjects/ROS2Projects/imu-test/imu_ws/build/wbt_imu', 'catkin_cmake_args': None, 'catkin_skip_building_tests': False, 'cmake_args': None, 'cmake_clean_cache': False, 'cmake_clean_first': False, 'cmake_force_configure': False, 'cmake_target': None, 'cmake_target_skip_unavailable': False, 'install_base': '/home/maroqi/Projects/RobotProjects/ROS2Projects/imu-test/imu_ws/install/wbt_imu', 'merge_install': False, 'path': '/home/maroqi/Projects/RobotProjects/ROS2Projects/imu-test/imu_ws/src/wbt_imu', 'symlink_install': False, 'test_result_base': None}
[2.332s] INFO:colcon.colcon_core.executor:Executing jobs using 'parallel' executor
[2.343s] DEBUG:colcon.colcon_parallel_executor.executor.parallel:run_until_complete
[2.347s] INFO:colcon.colcon_ros.task.ament_cmake.build:Building ROS package in '/home/maroqi/Projects/RobotProjects/ROS2Projects/imu-test/imu_ws/src/imu_madgwick' with build type 'ament_cmake'
[2.348s] INFO:colcon.colcon_cmake.task.cmake.build:Building CMake package in '/home/maroqi/Projects/RobotProjects/ROS2Projects/imu-test/imu_ws/src/imu_madgwick'
[2.380s] INFO:colcon.colcon_core.plugin_system:Skipping extension 'colcon_core.shell.bat': Not used on non-Windows systems
[2.381s] INFO:colcon.colcon_core.shell:Skip shell extension 'powershell' for command environment: Not usable outside of PowerShell
[2.382s] DEBUG:colcon.colcon_core.shell:Skip shell extension 'dsv' for command environment
[2.401s] DEBUG:colcon.colcon_core.shell:Ignoring prefix path '/opt/ros/foxy'
[2.428s] INFO:colcon.colcon_ros.task.ament_python.build:Building ROS package in '/home/maroqi/Projects/RobotProjects/ROS2Projects/imu-test/imu_ws/src/wbt_imu' with build type 'ament_python'
[2.432s] Level 1:colcon.colcon_core.shell:create_environment_hook('wbt_imu', 'ament_prefix_path')
[2.438s] INFO:colcon.colcon_core.shell:Creating environment hook '/home/maroqi/Projects/RobotProjects/ROS2Projects/imu-test/imu_ws/install/wbt_imu/share/wbt_imu/hook/ament_prefix_path.ps1'
[2.448s] INFO:colcon.colcon_core.shell:Creating environment descriptor '/home/maroqi/Projects/RobotProjects/ROS2Projects/imu-test/imu_ws/install/wbt_imu/share/wbt_imu/hook/ament_prefix_path.dsv'
[2.455s] INFO:colcon.colcon_core.shell:Creating environment hook '/home/maroqi/Projects/RobotProjects/ROS2Projects/imu-test/imu_ws/install/wbt_imu/share/wbt_imu/hook/ament_prefix_path.sh'
[2.465s] INFO:colcon.colcon_core.shell:Skip shell extension 'powershell' for command environment: Not usable outside of PowerShell
[2.465s] DEBUG:colcon.colcon_core.shell:Skip shell extension 'dsv' for command environment
[2.491s] DEBUG:colcon.colcon_core.shell:Ignoring prefix path '/opt/ros/foxy'
[2.542s] DEBUG:colcon.colcon_core.event_handler.log_command:Invoking command in '/home/maroqi/Projects/RobotProjects/ROS2Projects/imu-test/imu_ws/build/imu_madgwick': CMAKE_PREFIX_PATH=${CMAKE_PREFIX_PATH}:/home/maroqi/Projects/RobotProjects/ROS2Projects/imu-test/imu_ws/install/wbt_imu:/opt/ros/foxy /usr/bin/cmake --build /home/maroqi/Projects/RobotProjects/ROS2Projects/imu-test/imu_ws/build/imu_madgwick -- -j2 -l2
[5.419s] INFO:colcon.colcon_core.task.python.build:Building Python package in '/home/maroqi/Projects/RobotProjects/ROS2Projects/imu-test/imu_ws/src/wbt_imu'
[5.421s] INFO:colcon.colcon_core.shell:Skip shell extension 'powershell' for command environment: Not usable outside of PowerShell
[5.421s] DEBUG:colcon.colcon_core.shell:Skip shell extension 'dsv' for command environment
[5.439s] DEBUG:colcon.colcon_core.shell:Ignoring prefix path '/opt/ros/foxy'
[5.493s] DEBUG:colcon.colcon_core.event_handler.log_command:Invoking command in '/home/maroqi/Projects/RobotProjects/ROS2Projects/imu-test/imu_ws/src/wbt_imu': PYTHONPATH=/home/maroqi/Projects/RobotProjects/ROS2Projects/imu-test/imu_ws/install/wbt_imu/lib/python3.8/site-packages:${PYTHONPATH} /usr/bin/python3 setup.py egg_info --egg-base ../../build/wbt_imu build --build-base /home/maroqi/Projects/RobotProjects/ROS2Projects/imu-test/imu_ws/build/wbt_imu/build install --prefix /home/maroqi/Projects/RobotProjects/ROS2Projects/imu-test/imu_ws/install/wbt_imu --record /home/maroqi/Projects/RobotProjects/ROS2Projects/imu-test/imu_ws/build/wbt_imu/install.log --single-version-externally-managed
[9.676s] DEBUG:colcon.colcon_core.event_handler.log_command:Invoked command in '/home/maroqi/Projects/RobotProjects/ROS2Projects/imu-test/imu_ws/src/wbt_imu' returned '0': PYTHONPATH=/home/maroqi/Projects/RobotProjects/ROS2Projects/imu-test/imu_ws/install/wbt_imu/lib/python3.8/site-packages:${PYTHONPATH} /usr/bin/python3 setup.py egg_info --egg-base ../../build/wbt_imu build --build-base /home/maroqi/Projects/RobotProjects/ROS2Projects/imu-test/imu_ws/build/wbt_imu/build install --prefix /home/maroqi/Projects/RobotProjects/ROS2Projects/imu-test/imu_ws/install/wbt_imu --record /home/maroqi/Projects/RobotProjects/ROS2Projects/imu-test/imu_ws/build/wbt_imu/install.log --single-version-externally-managed
[9.733s] Level 1:colcon.colcon_core.environment:checking '/home/maroqi/Projects/RobotProjects/ROS2Projects/imu-test/imu_ws/install/wbt_imu' for CMake module files
[9.742s] Level 1:colcon.colcon_core.environment:checking '/home/maroqi/Projects/RobotProjects/ROS2Projects/imu-test/imu_ws/install/wbt_imu' for CMake config files
[9.755s] Level 1:colcon.colcon_core.environment:checking '/home/maroqi/Projects/RobotProjects/ROS2Projects/imu-test/imu_ws/install/wbt_imu/lib'
[9.756s] Level 1:colcon.colcon_core.environment:checking '/home/maroqi/Projects/RobotProjects/ROS2Projects/imu-test/imu_ws/install/wbt_imu/bin'
[9.762s] Level 1:colcon.colcon_core.environment:checking '/home/maroqi/Projects/RobotProjects/ROS2Projects/imu-test/imu_ws/install/wbt_imu/lib/pkgconfig/wbt_imu.pc'
[9.764s] Level 1:colcon.colcon_core.environment:checking '/home/maroqi/Projects/RobotProjects/ROS2Projects/imu-test/imu_ws/install/wbt_imu/lib/python3.8/site-packages'
[9.765s] Level 1:colcon.colcon_core.shell:create_environment_hook('wbt_imu', 'pythonpath')
[9.769s] INFO:colcon.colcon_core.shell:Creating environment hook '/home/maroqi/Projects/RobotProjects/ROS2Projects/imu-test/imu_ws/install/wbt_imu/share/wbt_imu/hook/pythonpath.ps1'
[9.782s] INFO:colcon.colcon_core.shell:Creating environment descriptor '/home/maroqi/Projects/RobotProjects/ROS2Projects/imu-test/imu_ws/install/wbt_imu/share/wbt_imu/hook/pythonpath.dsv'
[9.787s] INFO:colcon.colcon_core.shell:Creating environment hook '/home/maroqi/Projects/RobotProjects/ROS2Projects/imu-test/imu_ws/install/wbt_imu/share/wbt_imu/hook/pythonpath.sh'
[9.789s] Level 1:colcon.colcon_core.environment:create_environment_scripts_only(wbt_imu)
[9.809s] INFO:colcon.colcon_core.shell:Creating package script '/home/maroqi/Projects/RobotProjects/ROS2Projects/imu-test/imu_ws/install/wbt_imu/share/wbt_imu/package.ps1'
[9.826s] INFO:colcon.colcon_core.shell:Creating package descriptor '/home/maroqi/Projects/RobotProjects/ROS2Projects/imu-test/imu_ws/install/wbt_imu/share/wbt_imu/package.dsv'
[9.836s] INFO:colcon.colcon_core.shell:Creating package script '/home/maroqi/Projects/RobotProjects/ROS2Projects/imu-test/imu_ws/install/wbt_imu/share/wbt_imu/package.sh'
[9.850s] INFO:colcon.colcon_core.shell:Creating package script '/home/maroqi/Projects/RobotProjects/ROS2Projects/imu-test/imu_ws/install/wbt_imu/share/wbt_imu/package.bash'
[9.862s] INFO:colcon.colcon_core.shell:Creating package script '/home/maroqi/Projects/RobotProjects/ROS2Projects/imu-test/imu_ws/install/wbt_imu/share/wbt_imu/package.zsh'
[9.873s] Level 1:colcon.colcon_core.environment:create_file_with_runtime_dependencies(/home/maroqi/Projects/RobotProjects/ROS2Projects/imu-test/imu_ws/install/wbt_imu/share/colcon-core/packages/wbt_imu)
[37.073s] DEBUG:colcon.colcon_core.event_handler.log_command:Invoked command in '/home/maroqi/Projects/RobotProjects/ROS2Projects/imu-test/imu_ws/build/imu_madgwick' returned '0': CMAKE_PREFIX_PATH=${CMAKE_PREFIX_PATH}:/home/maroqi/Projects/RobotProjects/ROS2Projects/imu-test/imu_ws/install/wbt_imu:/opt/ros/foxy /usr/bin/cmake --build /home/maroqi/Projects/RobotProjects/ROS2Projects/imu-test/imu_ws/build/imu_madgwick -- -j2 -l2
[37.338s] DEBUG:colcon.colcon_core.event_handler.log_command:Invoking command in '/home/maroqi/Projects/RobotProjects/ROS2Projects/imu-test/imu_ws/build/imu_madgwick': CMAKE_PREFIX_PATH=${CMAKE_PREFIX_PATH}:/home/maroqi/Projects/RobotProjects/ROS2Projects/imu-test/imu_ws/install/wbt_imu:/opt/ros/foxy /usr/bin/cmake --install /home/maroqi/Projects/RobotProjects/ROS2Projects/imu-test/imu_ws/build/imu_madgwick
[37.513s] Level 1:colcon.colcon_core.environment:create_environment_scripts_only(imu_madgwick)
[37.523s] Level 1:colcon.colcon_core.environment:checking '/home/maroqi/Projects/RobotProjects/ROS2Projects/imu-test/imu_ws/install/imu_madgwick' for CMake module files
[37.525s] Level 1:colcon.colcon_core.environment:checking '/home/maroqi/Projects/RobotProjects/ROS2Projects/imu-test/imu_ws/install/imu_madgwick' for CMake config files
[37.526s] Level 1:colcon.colcon_core.shell:create_environment_hook('imu_madgwick', 'cmake_prefix_path')
[37.534s] INFO:colcon.colcon_core.shell:Creating environment hook '/home/maroqi/Projects/RobotProjects/ROS2Projects/imu-test/imu_ws/install/imu_madgwick/share/imu_madgwick/hook/cmake_prefix_path.ps1'
[37.542s] INFO:colcon.colcon_core.shell:Creating environment descriptor '/home/maroqi/Projects/RobotProjects/ROS2Projects/imu-test/imu_ws/install/imu_madgwick/share/imu_madgwick/hook/cmake_prefix_path.dsv'
[37.540s] DEBUG:colcon.colcon_core.event_handler.log_command:Invoked command in '/home/maroqi/Projects/RobotProjects/ROS2Projects/imu-test/imu_ws/build/imu_madgwick' returned '0': CMAKE_PREFIX_PATH=${CMAKE_PREFIX_PATH}:/home/maroqi/Projects/RobotProjects/ROS2Projects/imu-test/imu_ws/install/wbt_imu:/opt/ros/foxy /usr/bin/cmake --install /home/maroqi/Projects/RobotProjects/ROS2Projects/imu-test/imu_ws/build/imu_madgwick
[37.549s] INFO:colcon.colcon_core.shell:Creating environment hook '/home/maroqi/Projects/RobotProjects/ROS2Projects/imu-test/imu_ws/install/imu_madgwick/share/imu_madgwick/hook/cmake_prefix_path.sh'
[37.552s] Level 1:colcon.colcon_core.environment:checking '/home/maroqi/Projects/RobotProjects/ROS2Projects/imu-test/imu_ws/install/imu_madgwick/lib'
[37.552s] Level 1:colcon.colcon_core.environment:checking '/home/maroqi/Projects/RobotProjects/ROS2Projects/imu-test/imu_ws/install/imu_madgwick/bin'
[37.553s] Level 1:colcon.colcon_core.environment:checking '/home/maroqi/Projects/RobotProjects/ROS2Projects/imu-test/imu_ws/install/imu_madgwick/lib/pkgconfig/imu_madgwick.pc'
[37.553s] Level 1:colcon.colcon_core.environment:checking '/home/maroqi/Projects/RobotProjects/ROS2Projects/imu-test/imu_ws/install/imu_madgwick/lib/python3.8/site-packages'
[37.555s] INFO:colcon.colcon_core.shell:Creating package script '/home/maroqi/Projects/RobotProjects/ROS2Projects/imu-test/imu_ws/install/imu_madgwick/share/imu_madgwick/package.ps1'
[37.557s] INFO:colcon.colcon_core.shell:Creating package descriptor '/home/maroqi/Projects/RobotProjects/ROS2Projects/imu-test/imu_ws/install/imu_madgwick/share/imu_madgwick/package.dsv'
[37.567s] INFO:colcon.colcon_core.shell:Creating package script '/home/maroqi/Projects/RobotProjects/ROS2Projects/imu-test/imu_ws/install/imu_madgwick/share/imu_madgwick/package.sh'
[37.569s] INFO:colcon.colcon_core.shell:Creating package script '/home/maroqi/Projects/RobotProjects/ROS2Projects/imu-test/imu_ws/install/imu_madgwick/share/imu_madgwick/package.bash'
[37.578s] INFO:colcon.colcon_core.shell:Creating package script '/home/maroqi/Projects/RobotProjects/ROS2Projects/imu-test/imu_ws/install/imu_madgwick/share/imu_madgwick/package.zsh'
[37.580s] Level 1:colcon.colcon_core.environment:create_file_with_runtime_dependencies(/home/maroqi/Projects/RobotProjects/ROS2Projects/imu-test/imu_ws/install/imu_madgwick/share/colcon-core/packages/imu_madgwick)
[37.744s] Level 1:colcon.colcon_core.environment:create_environment_scripts_only(imu_madgwick)
[37.750s] Level 1:colcon.colcon_core.environment:checking '/home/maroqi/Projects/RobotProjects/ROS2Projects/imu-test/imu_ws/install/imu_madgwick' for CMake module files
[37.753s] Level 1:colcon.colcon_core.environment:checking '/home/maroqi/Projects/RobotProjects/ROS2Projects/imu-test/imu_ws/install/imu_madgwick' for CMake config files
[37.756s] Level 1:colcon.colcon_core.shell:create_environment_hook('imu_madgwick', 'cmake_prefix_path')
[37.758s] INFO:colcon.colcon_core.shell:Creating environment hook '/home/maroqi/Projects/RobotProjects/ROS2Projects/imu-test/imu_ws/install/imu_madgwick/share/imu_madgwick/hook/cmake_prefix_path.ps1'
[37.760s] INFO:colcon.colcon_core.shell:Creating environment descriptor '/home/maroqi/Projects/RobotProjects/ROS2Projects/imu-test/imu_ws/install/imu_madgwick/share/imu_madgwick/hook/cmake_prefix_path.dsv'
[37.761s] INFO:colcon.colcon_core.shell:Creating environment hook '/home/maroqi/Projects/RobotProjects/ROS2Projects/imu-test/imu_ws/install/imu_madgwick/share/imu_madgwick/hook/cmake_prefix_path.sh'
[37.767s] Level 1:colcon.colcon_core.environment:checking '/home/maroqi/Projects/RobotProjects/ROS2Projects/imu-test/imu_ws/install/imu_madgwick/lib'
[37.768s] Level 1:colcon.colcon_core.environment:checking '/home/maroqi/Projects/RobotProjects/ROS2Projects/imu-test/imu_ws/install/imu_madgwick/bin'
[37.768s] Level 1:colcon.colcon_core.environment:checking '/home/maroqi/Projects/RobotProjects/ROS2Projects/imu-test/imu_ws/install/imu_madgwick/lib/pkgconfig/imu_madgwick.pc'
[37.768s] Level 1:colcon.colcon_core.environment:checking '/home/maroqi/Projects/RobotProjects/ROS2Projects/imu-test/imu_ws/install/imu_madgwick/lib/python3.8/site-packages'
[37.777s] INFO:colcon.colcon_core.shell:Creating package script '/home/maroqi/Projects/RobotProjects/ROS2Projects/imu-test/imu_ws/install/imu_madgwick/share/imu_madgwick/package.ps1'
[37.782s] INFO:colcon.colcon_core.shell:Creating package descriptor '/home/maroqi/Projects/RobotProjects/ROS2Projects/imu-test/imu_ws/install/imu_madgwick/share/imu_madgwick/package.dsv'
[37.783s] INFO:colcon.colcon_core.shell:Creating package script '/home/maroqi/Projects/RobotProjects/ROS2Projects/imu-test/imu_ws/install/imu_madgwick/share/imu_madgwick/package.sh'
[37.786s] INFO:colcon.colcon_core.shell:Creating package script '/home/maroqi/Projects/RobotProjects/ROS2Projects/imu-test/imu_ws/install/imu_madgwick/share/imu_madgwick/package.bash'
[37.788s] INFO:colcon.colcon_core.shell:Creating package script '/home/maroqi/Projects/RobotProjects/ROS2Projects/imu-test/imu_ws/install/imu_madgwick/share/imu_madgwick/package.zsh'
[37.793s] Level 1:colcon.colcon_core.environment:create_file_with_runtime_dependencies(/home/maroqi/Projects/RobotProjects/ROS2Projects/imu-test/imu_ws/install/imu_madgwick/share/colcon-core/packages/imu_madgwick)
[37.794s] DEBUG:colcon.colcon_parallel_executor.executor.parallel:closing loop
[37.796s] DEBUG:colcon.colcon_parallel_executor.executor.parallel:loop closed
[37.796s] DEBUG:colcon.colcon_parallel_executor.executor.parallel:run_until_complete finished with '0'
[37.796s] DEBUG:colcon.colcon_core.event_reactor:joining thread
[37.884s] INFO:colcon.colcon_core.plugin_system:Skipping extension 'colcon_notification.desktop_notification.terminal_notifier': Not used on non-Darwin systems
[37.889s] INFO:colcon.colcon_core.plugin_system:Skipping extension 'colcon_notification.desktop_notification.win32': Not used on non-Windows systems
[37.889s] INFO:colcon.colcon_notification.desktop_notification:Sending desktop notification using 'notify2'
[38.005s] DEBUG:colcon.colcon_core.event_reactor:joined thread
[38.007s] INFO:colcon.colcon_core.shell:Creating prefix script '/home/maroqi/Projects/RobotProjects/ROS2Projects/imu-test/imu_ws/install/local_setup.ps1'
[38.011s] INFO:colcon.colcon_core.shell:Creating prefix util module '/home/maroqi/Projects/RobotProjects/ROS2Projects/imu-test/imu_ws/install/_local_setup_util_ps1.py'
[38.017s] INFO:colcon.colcon_core.shell:Creating prefix chain script '/home/maroqi/Projects/RobotProjects/ROS2Projects/imu-test/imu_ws/install/setup.ps1'
[38.042s] INFO:colcon.colcon_core.shell:Creating prefix script '/home/maroqi/Projects/RobotProjects/ROS2Projects/imu-test/imu_ws/install/local_setup.sh'
[38.047s] INFO:colcon.colcon_core.shell:Creating prefix util module '/home/maroqi/Projects/RobotProjects/ROS2Projects/imu-test/imu_ws/install/_local_setup_util_sh.py'
[38.053s] INFO:colcon.colcon_core.shell:Creating prefix chain script '/home/maroqi/Projects/RobotProjects/ROS2Projects/imu-test/imu_ws/install/setup.sh'
[38.073s] INFO:colcon.colcon_core.shell:Creating prefix script '/home/maroqi/Projects/RobotProjects/ROS2Projects/imu-test/imu_ws/install/local_setup.bash'
[38.081s] INFO:colcon.colcon_core.shell:Creating prefix chain script '/home/maroqi/Projects/RobotProjects/ROS2Projects/imu-test/imu_ws/install/setup.bash'
[38.100s] INFO:colcon.colcon_core.shell:Creating prefix script '/home/maroqi/Projects/RobotProjects/ROS2Projects/imu-test/imu_ws/install/local_setup.zsh'
[38.105s] INFO:colcon.colcon_core.shell:Creating prefix chain script '/home/maroqi/Projects/RobotProjects/ROS2Projects/imu-test/imu_ws/install/setup.zsh'
