[0.076s] Invoking command in '/home/maroqi/Projects/RobotProjects/ROS2Projects/imu-test/imu_ws/build/imu_madgwick': CMAKE_PREFIX_PATH=/opt/ros/foxy /usr/bin/cmake --build /home/maroqi/Projects/RobotProjects/ROS2Projects/imu-test/imu_ws/build/imu_madgwick -- -j2 -l2
[0.242s] [35m[1mScanning dependencies of target imu_madgwick[0m
[0.406s] [  9%] [32mBuilding CXX object CMakeFiles/imu_madgwick.dir/src/imu_madgwick/imu.cpp.o[0m
[7.408s] In file included from [01m[K/home/maroqi/Projects/RobotProjects/ROS2Projects/imu-test/imu_ws/src/imu_madgwick/include/imu_madgwick/../../Fusion/FusionAhrs.h:44[m[K,
[7.408s]                  from [01m[K/home/maroqi/Projects/RobotProjects/ROS2Projects/imu-test/imu_ws/src/imu_madgwick/include/imu_madgwick/../../Fusion/Fusion.h:25[m[K,
[7.409s]                  from [01m[K/home/maroqi/Projects/RobotProjects/ROS2Projects/imu-test/imu_ws/src/imu_madgwick/include/imu_madgwick/imu.hpp:34[m[K,
[7.409s]                  from [01m[K/home/maroqi/Projects/RobotProjects/ROS2Projects/imu-test/imu_ws/src/imu_madgwick/src/imu_madgwick/imu.cpp:31[m[K:
[7.409s] [01m[K/home/maroqi/Projects/RobotProjects/ROS2Projects/imu-test/imu_ws/src/imu_madgwick/src/imu_madgwick/imu.cpp:[m[K In member function ‘[01m[Kvoid Imu::imuCallback(sensor_msgs::msg::Imu_<std::allocator<void> >::SharedPtr)[m[K’:
[7.410s] [01m[K/home/maroqi/Projects/RobotProjects/ROS2Projects/imu-test/imu_ws/src/imu_madgwick/include/imu_madgwick/../../Fusion/FusionTypes.h:100:177:[m[K [01;35m[Kwarning: [m[KISO C++ forbids compound-literals [[01;35m[K-Wpedantic[m[K]
[7.410s]   100 | ionMatrix){ {1.0f, 0.0f, 0.0f, 0.0f, 1.0f, 0.0f, 0.0f, 0.0f, 1.0f}, {0.0f, 0.0f, 0.0f, 0.0f, 0.0f, 0.0f, 0.0f, 0.0f, 0.0f} [01;35m[K}[m[K)
[7.410s]       |                                                                                                                            [01;35m[K^[m[K
[7.410s] 
[7.411s] [01m[K/home/maroqi/Projects/RobotProjects/ROS2Projects/imu-test/imu_ws/src/imu_madgwick/src/imu_madgwick/imu.cpp:115:88:[m[K [01;36m[Knote: [m[Kin expansion of macro ‘[01m[KFUSION_ROTATION_MATRIX_IDENTITY[m[K’
[7.411s]   115 |   FusionVector3 calibratedGyroscope = FusionCalibrationInertial(uncalibratedGyroscope, [01;36m[KFUSION_ROTATION_MATRIX_IDENTITY[m[K, gyroscopeSensitivity, FUSION_VECTOR3_ZERO);
[7.411s]       |                                                                                        [01;36m[K^~~~~~~~~~~~~~~~~~~~~~~~~~~~~~~[m[K
[7.411s] [01m[K/home/maroqi/Projects/RobotProjects/ROS2Projects/imu-test/imu_ws/src/imu_madgwick/include/imu_madgwick/../../Fusion/FusionTypes.h:100:177:[m[K [01;31m[Kerror: [m[Ktoo many initializers for ‘[01m[KFusionRotationMatrix[m[K’
[7.412s]   100 | ionMatrix){ {1.0f, 0.0f, 0.0f, 0.0f, 1.0f, 0.0f, 0.0f, 0.0f, 1.0f}, {0.0f, 0.0f, 0.0f, 0.0f, 0.0f, 0.0f, 0.0f, 0.0f, 0.0f} [01;31m[K}[m[K)
[7.417s]       |                                                                                                                            [01;31m[K^[m[K
[7.418s] 
[7.418s] [01m[K/home/maroqi/Projects/RobotProjects/ROS2Projects/imu-test/imu_ws/src/imu_madgwick/src/imu_madgwick/imu.cpp:115:88:[m[K [01;36m[Knote: [m[Kin expansion of macro ‘[01m[KFUSION_ROTATION_MATRIX_IDENTITY[m[K’
[7.418s]   115 |   FusionVector3 calibratedGyroscope = FusionCalibrationInertial(uncalibratedGyroscope, [01;36m[KFUSION_ROTATION_MATRIX_IDENTITY[m[K, gyroscopeSensitivity, FUSION_VECTOR3_ZERO);
[7.423s]       |                                                                                        [01;36m[K^~~~~~~~~~~~~~~~~~~~~~~~~~~~~~~[m[K
[7.423s] In file included from [01m[K/home/maroqi/Projects/RobotProjects/ROS2Projects/imu-test/imu_ws/src/imu_madgwick/include/imu_madgwick/../../Fusion/FusionAhrs.h:44[m[K,
[7.423s]                  from [01m[K/home/maroqi/Projects/RobotProjects/ROS2Projects/imu-test/imu_ws/src/imu_madgwick/include/imu_madgwick/../../Fusion/Fusion.h:25[m[K,
[7.423s]                  from [01m[K/home/maroqi/Projects/RobotProjects/ROS2Projects/imu-test/imu_ws/src/imu_madgwick/include/imu_madgwick/imu.hpp:34[m[K,
[7.424s]                  from [01m[K/home/maroqi/Projects/RobotProjects/ROS2Projects/imu-test/imu_ws/src/imu_madgwick/src/imu_madgwick/imu.cpp:31[m[K:
[7.424s] [01m[K/home/maroqi/Projects/RobotProjects/ROS2Projects/imu-test/imu_ws/src/imu_madgwick/include/imu_madgwick/../../Fusion/FusionTypes.h:88:86:[m[K [01;35m[Kwarning: [m[KISO C++ forbids compound-literals [[01;35m[K-Wpedantic[m[K]
[7.424s]    88 | #define FUSION_VECTOR3_ZERO ((FusionVector3){ {0.0f, 0.0f, 0.0f}, {0.0f, 0.0f, 0.0f} [01;35m[K}[m[K)
[7.424s]       |                                                                                      [01;35m[K^[m[K
[7.425s] [01m[K/home/maroqi/Projects/RobotProjects/ROS2Projects/imu-test/imu_ws/src/imu_madgwick/src/imu_madgwick/imu.cpp:115:143:[m[K [01;36m[Knote: [m[Kin expansion of macro ‘[01m[KFUSION_VECTOR3_ZERO[m[K’
[7.425s]   115 | ibratedGyroscope = FusionCalibrationInertial(uncalibratedGyroscope, FUSION_ROTATION_MATRIX_IDENTITY, gyroscopeSensitivity, [01;36m[KFUSION_VECTOR3_ZERO[m[K);
[7.425s]       |                                                                                                                            [01;36m[K^~~~~~~~~~~~~~~~~~~[m[K
[7.430s] 
[7.430s] [01m[K/home/maroqi/Projects/RobotProjects/ROS2Projects/imu-test/imu_ws/src/imu_madgwick/include/imu_madgwick/../../Fusion/FusionTypes.h:88:86:[m[K [01;31m[Kerror: [m[Ktoo many initializers for ‘[01m[KFusionVector3[m[K’
[7.430s]    88 | #define FUSION_VECTOR3_ZERO ((FusionVector3){ {0.0f, 0.0f, 0.0f}, {0.0f, 0.0f, 0.0f} [01;31m[K}[m[K)
[7.431s]       |                                                                                      [01;31m[K^[m[K
[7.431s] [01m[K/home/maroqi/Projects/RobotProjects/ROS2Projects/imu-test/imu_ws/src/imu_madgwick/src/imu_madgwick/imu.cpp:115:143:[m[K [01;36m[Knote: [m[Kin expansion of macro ‘[01m[KFUSION_VECTOR3_ZERO[m[K’
[7.431s]   115 | ibratedGyroscope = FusionCalibrationInertial(uncalibratedGyroscope, FUSION_ROTATION_MATRIX_IDENTITY, gyroscopeSensitivity, [01;36m[KFUSION_VECTOR3_ZERO[m[K);
[7.431s]       |                                                                                                                            [01;36m[K^~~~~~~~~~~~~~~~~~~[m[K
[7.431s] 
[7.432s] In file included from [01m[K/home/maroqi/Projects/RobotProjects/ROS2Projects/imu-test/imu_ws/src/imu_madgwick/include/imu_madgwick/../../Fusion/FusionAhrs.h:44[m[K,
[7.432s]                  from [01m[K/home/maroqi/Projects/RobotProjects/ROS2Projects/imu-test/imu_ws/src/imu_madgwick/include/imu_madgwick/../../Fusion/Fusion.h:25[m[K,
[7.432s]                  from [01m[K/home/maroqi/Projects/RobotProjects/ROS2Projects/imu-test/imu_ws/src/imu_madgwick/include/imu_madgwick/imu.hpp:34[m[K,
[7.432s]                  from [01m[K/home/maroqi/Projects/RobotProjects/ROS2Projects/imu-test/imu_ws/src/imu_madgwick/src/imu_madgwick/imu.cpp:31[m[K:
[7.433s] [01m[K/home/maroqi/Projects/RobotProjects/ROS2Projects/imu-test/imu_ws/src/imu_madgwick/include/imu_madgwick/../../Fusion/FusionTypes.h:100:177:[m[K [01;35m[Kwarning: [m[KISO C++ forbids compound-literals [[01;35m[K-Wpedantic[m[K]
[7.433s]   100 | ionMatrix){ {1.0f, 0.0f, 0.0f, 0.0f, 1.0f, 0.0f, 0.0f, 0.0f, 1.0f}, {0.0f, 0.0f, 0.0f, 0.0f, 0.0f, 0.0f, 0.0f, 0.0f, 0.0f} [01;35m[K}[m[K)
[7.433s]       |                                                                                                                            [01;35m[K^[m[K
[7.442s] 
[7.442s] [01m[K/home/maroqi/Projects/RobotProjects/ROS2Projects/imu-test/imu_ws/src/imu_madgwick/src/imu_madgwick/imu.cpp:121:96:[m[K [01;36m[Knote: [m[Kin expansion of macro ‘[01m[KFUSION_ROTATION_MATRIX_IDENTITY[m[K’
[7.443s]   121 |   FusionVector3 calibratedAccelerometer = FusionCalibrationInertial(uncalibratedAccelerometer, [01;36m[KFUSION_ROTATION_MATRIX_IDENTITY[m[K, accelerometerSensitivity, FUSION_VECTOR3_ZERO);
[7.443s]       |                                                                                                [01;36m[K^~~~~~~~~~~~~~~~~~~~~~~~~~~~~~~[m[K
[7.443s] [01m[K/home/maroqi/Projects/RobotProjects/ROS2Projects/imu-test/imu_ws/src/imu_madgwick/include/imu_madgwick/../../Fusion/FusionTypes.h:100:177:[m[K [01;31m[Kerror: [m[Ktoo many initializers for ‘[01m[KFusionRotationMatrix[m[K’
[7.443s]   100 | ionMatrix){ {1.0f, 0.0f, 0.0f, 0.0f, 1.0f, 0.0f, 0.0f, 0.0f, 1.0f}, {0.0f, 0.0f, 0.0f, 0.0f, 0.0f, 0.0f, 0.0f, 0.0f, 0.0f} [01;31m[K}[m[K)
[7.443s]       |                                                                                                                            [01;31m[K^[m[K
[7.444s] 
[7.444s] [01m[K/home/maroqi/Projects/RobotProjects/ROS2Projects/imu-test/imu_ws/src/imu_madgwick/src/imu_madgwick/imu.cpp:121:96:[m[K [01;36m[Knote: [m[Kin expansion of macro ‘[01m[KFUSION_ROTATION_MATRIX_IDENTITY[m[K’
[7.444s]   121 |   FusionVector3 calibratedAccelerometer = FusionCalibrationInertial(uncalibratedAccelerometer, [01;36m[KFUSION_ROTATION_MATRIX_IDENTITY[m[K, accelerometerSensitivity, FUSION_VECTOR3_ZERO);
[7.444s]       |                                                                                                [01;36m[K^~~~~~~~~~~~~~~~~~~~~~~~~~~~~~~[m[K
[7.445s] In file included from [01m[K/home/maroqi/Projects/RobotProjects/ROS2Projects/imu-test/imu_ws/src/imu_madgwick/include/imu_madgwick/../../Fusion/FusionAhrs.h:44[m[K,
[7.445s]                  from [01m[K/home/maroqi/Projects/RobotProjects/ROS2Projects/imu-test/imu_ws/src/imu_madgwick/include/imu_madgwick/../../Fusion/Fusion.h:25[m[K,
[7.445s]                  from [01m[K/home/maroqi/Projects/RobotProjects/ROS2Projects/imu-test/imu_ws/src/imu_madgwick/include/imu_madgwick/imu.hpp:34[m[K,
[7.445s]                  from [01m[K/home/maroqi/Projects/RobotProjects/ROS2Projects/imu-test/imu_ws/src/imu_madgwick/src/imu_madgwick/imu.cpp:31[m[K:
[7.450s] [01m[K/home/maroqi/Projects/RobotProjects/ROS2Projects/imu-test/imu_ws/src/imu_madgwick/include/imu_madgwick/../../Fusion/FusionTypes.h:88:86:[m[K [01;35m[Kwarning: [m[KISO C++ forbids compound-literals [[01;35m[K-Wpedantic[m[K]
[7.450s]    88 | #define FUSION_VECTOR3_ZERO ((FusionVector3){ {0.0f, 0.0f, 0.0f}, {0.0f, 0.0f, 0.0f} [01;35m[K}[m[K)
[7.450s]       |                                                                                      [01;35m[K^[m[K
[7.451s] [01m[K/home/maroqi/Projects/RobotProjects/ROS2Projects/imu-test/imu_ws/src/imu_madgwick/src/imu_madgwick/imu.cpp:121:155:[m[K [01;36m[Knote: [m[Kin expansion of macro ‘[01m[KFUSION_VECTOR3_ZERO[m[K’
[7.451s]   121 | erometer = FusionCalibrationInertial(uncalibratedAccelerometer, FUSION_ROTATION_MATRIX_IDENTITY, accelerometerSensitivity, [01;36m[KFUSION_VECTOR3_ZERO[m[K);
[7.451s]       |                                                                                                                            [01;36m[K^~~~~~~~~~~~~~~~~~~[m[K
[7.451s] 
[7.451s] [01m[K/home/maroqi/Projects/RobotProjects/ROS2Projects/imu-test/imu_ws/src/imu_madgwick/include/imu_madgwick/../../Fusion/FusionTypes.h:88:86:[m[K [01;31m[Kerror: [m[Ktoo many initializers for ‘[01m[KFusionVector3[m[K’
[7.452s]    88 | #define FUSION_VECTOR3_ZERO ((FusionVector3){ {0.0f, 0.0f, 0.0f}, {0.0f, 0.0f, 0.0f} [01;31m[K}[m[K)
[7.452s]       |                                                                                      [01;31m[K^[m[K
[7.452s] [01m[K/home/maroqi/Projects/RobotProjects/ROS2Projects/imu-test/imu_ws/src/imu_madgwick/src/imu_madgwick/imu.cpp:121:155:[m[K [01;36m[Knote: [m[Kin expansion of macro ‘[01m[KFUSION_VECTOR3_ZERO[m[K’
[7.452s]   121 | erometer = FusionCalibrationInertial(uncalibratedAccelerometer, FUSION_ROTATION_MATRIX_IDENTITY, accelerometerSensitivity, [01;36m[KFUSION_VECTOR3_ZERO[m[K);
[7.453s]       |                                                                                                                            [01;36m[K^~~~~~~~~~~~~~~~~~~[m[K
[7.453s] 
[7.453s] [01m[K/home/maroqi/Projects/RobotProjects/ROS2Projects/imu-test/imu_ws/src/imu_madgwick/src/imu_madgwick/imu.cpp:[m[K In member function ‘[01m[Kvoid Imu::publishFilteredMsg(sensor_msgs::msg::Imu_<std::allocator<void> >::SharedPtr)[m[K’:
[7.462s] [01m[K/home/maroqi/Projects/RobotProjects/ROS2Projects/imu-test/imu_ws/src/imu_madgwick/src/imu_madgwick/imu.cpp:156:69:[m[K [01;35m[Kwarning: [m[Kunused parameter ‘[01m[Kimu_msg_raw[m[K’ [[01;35m[K-Wunused-parameter[m[K]
[7.462s]   156 | void Imu::publishFilteredMsg([01;35m[Kconst sensor_msgs::msg::Imu::SharedPtr imu_msg_raw[m[K) {
[7.462s]       |                              [01;35m[K~~~~~~~~~~~~~~~~~~~~~~~~~~~~~~~~~~~~~~~^~~~~~~~~~~[m[K
[11.263s] make[2]: *** [CMakeFiles/imu_madgwick.dir/build.make:89: CMakeFiles/imu_madgwick.dir/src/imu_madgwick/imu.cpp.o] Error 1
[11.264s] make[1]: *** [CMakeFiles/Makefile2:136: CMakeFiles/imu_madgwick.dir/all] Error 2
[11.264s] make: *** [Makefile:141: all] Error 2
[11.274s] Invoked command in '/home/maroqi/Projects/RobotProjects/ROS2Projects/imu-test/imu_ws/build/imu_madgwick' returned '2': CMAKE_PREFIX_PATH=/opt/ros/foxy /usr/bin/cmake --build /home/maroqi/Projects/RobotProjects/ROS2Projects/imu-test/imu_ws/build/imu_madgwick -- -j2 -l2
