[0.047s] Invoking command in '/home/maroqi/Projects/RobotProjects/ROS2Projects/imu-test/imu_ws/build/imu_madgwick': CMAKE_PREFIX_PATH=/opt/ros/foxy /usr/bin/cmake --build /home/maroqi/Projects/RobotProjects/ROS2Projects/imu-test/imu_ws/build/imu_madgwick -- -j2 -l2
[0.220s] [35m[1mScanning dependencies of target imu_madgwick[0m
[0.403s] [  9%] [32mBuilding CXX object CMakeFiles/imu_madgwick.dir/src/imu_madgwick/imu.cpp.o[0m
[7.344s] In file included from [01m[K/home/maroqi/Projects/RobotProjects/ROS2Projects/imu-test/imu_ws/src/imu_madgwick/include/imu_madgwick/../../Fusion/FusionAhrs.h:44[m[K,
[7.345s]                  from [01m[K/home/maroqi/Projects/RobotProjects/ROS2Projects/imu-test/imu_ws/src/imu_madgwick/include/imu_madgwick/../../Fusion/Fusion.h:25[m[K,
[7.345s]                  from [01m[K/home/maroqi/Projects/RobotProjects/ROS2Projects/imu-test/imu_ws/src/imu_madgwick/include/imu_madgwick/imu.hpp:34[m[K,
[7.345s]                  from [01m[K/home/maroqi/Projects/RobotProjects/ROS2Projects/imu-test/imu_ws/src/imu_madgwick/src/imu_madgwick/imu.cpp:31[m[K:
[7.345s] [01m[K/home/maroqi/Projects/RobotProjects/ROS2Projects/imu-test/imu_ws/src/imu_madgwick/src/imu_madgwick/imu.cpp:[m[K In member function ‘[01m[Kvoid Imu::imuCallback(sensor_msgs::msg::Imu_<std::allocator<void> >::SharedPtr)[m[K’:
[7.346s] [01m[K/home/maroqi/Projects/RobotProjects/ROS2Projects/imu-test/imu_ws/src/imu_madgwick/include/imu_madgwick/../../Fusion/FusionTypes.h:100:66:[m[K [01;35m[Kwarning: [m[KC++ designated initializers only available with ‘[01m[K-std=c++2a[m[K’ or ‘[01m[K-std=gnu++2a[m[K’ [[01;35m[K-Wpedantic[m[K]
[7.346s]   100 | #define FUSION_ROTATION_MATRIX_IDENTITY ((FusionRotationMatrix){ [01;35m[K.[m[Karray = {1.0f, 0.0f, 0.0f, 0.0f, 1.0f, 0.0f, 0.0f, 0.0f, 1.0f} })
[7.346s]       |                                                                  [01;35m[K^[m[K
[7.346s] [01m[K/home/maroqi/Projects/RobotProjects/ROS2Projects/imu-test/imu_ws/src/imu_madgwick/src/imu_madgwick/imu.cpp:115:88:[m[K [01;36m[Knote: [m[Kin expansion of macro ‘[01m[KFUSION_ROTATION_MATRIX_IDENTITY[m[K’
[7.347s]   115 |   FusionVector3 calibratedGyroscope = FusionCalibrationInertial(uncalibratedGyroscope, [01;36m[KFUSION_ROTATION_MATRIX_IDENTITY[m[K, gyroscopeSensitivity, FUSION_VECTOR3_ZERO);
[7.347s]       |                                                                                        [01;36m[K^~~~~~~~~~~~~~~~~~~~~~~~~~~~~~~[m[K
[7.347s] In file included from [01m[K/home/maroqi/Projects/RobotProjects/ROS2Projects/imu-test/imu_ws/src/imu_madgwick/include/imu_madgwick/../../Fusion/FusionAhrs.h:44[m[K,
[7.347s]                  from [01m[K/home/maroqi/Projects/RobotProjects/ROS2Projects/imu-test/imu_ws/src/imu_madgwick/include/imu_madgwick/../../Fusion/Fusion.h:25[m[K,
[7.347s]                  from [01m[K/home/maroqi/Projects/RobotProjects/ROS2Projects/imu-test/imu_ws/src/imu_madgwick/include/imu_madgwick/imu.hpp:34[m[K,
[7.348s]                  from [01m[K/home/maroqi/Projects/RobotProjects/ROS2Projects/imu-test/imu_ws/src/imu_madgwick/src/imu_madgwick/imu.cpp:31[m[K:
[7.348s] [01m[K/home/maroqi/Projects/RobotProjects/ROS2Projects/imu-test/imu_ws/src/imu_madgwick/include/imu_madgwick/../../Fusion/FusionTypes.h:100:130:[m[K [01;35m[Kwarning: [m[KISO C++ forbids compound-literals [[01;35m[K-Wpedantic[m[K]
[7.348s]   100 | #define FUSION_ROTATION_MATRIX_IDENTITY ((FusionRotationMatrix){ .array = {1.0f, 0.0f, 0.0f, 0.0f, 1.0f, 0.0f, 0.0f, 0.0f, 1.0f} [01;35m[K}[m[K)
[7.348s]       |                                                                                                                                  [01;35m[K^[m[K
[7.349s] [01m[K/home/maroqi/Projects/RobotProjects/ROS2Projects/imu-test/imu_ws/src/imu_madgwick/src/imu_madgwick/imu.cpp:115:88:[m[K [01;36m[Knote: [m[Kin expansion of macro ‘[01m[KFUSION_ROTATION_MATRIX_IDENTITY[m[K’
[7.349s]   115 |   FusionVector3 calibratedGyroscope = FusionCalibrationInertial(uncalibratedGyroscope, [01;36m[KFUSION_ROTATION_MATRIX_IDENTITY[m[K, gyroscopeSensitivity, FUSION_VECTOR3_ZERO);
[7.349s]       |                                                                                        [01;36m[K^~~~~~~~~~~~~~~~~~~~~~~~~~~~~~~[m[K
[7.354s] In file included from [01m[K/home/maroqi/Projects/RobotProjects/ROS2Projects/imu-test/imu_ws/src/imu_madgwick/include/imu_madgwick/../../Fusion/FusionAhrs.h:44[m[K,
[7.355s]                  from [01m[K/home/maroqi/Projects/RobotProjects/ROS2Projects/imu-test/imu_ws/src/imu_madgwick/include/imu_madgwick/../../Fusion/Fusion.h:25[m[K,
[7.355s]                  from [01m[K/home/maroqi/Projects/RobotProjects/ROS2Projects/imu-test/imu_ws/src/imu_madgwick/include/imu_madgwick/imu.hpp:34[m[K,
[7.355s]                  from [01m[K/home/maroqi/Projects/RobotProjects/ROS2Projects/imu-test/imu_ws/src/imu_madgwick/src/imu_madgwick/imu.cpp:31[m[K:
[7.355s] [01m[K/home/maroqi/Projects/RobotProjects/ROS2Projects/imu-test/imu_ws/src/imu_madgwick/include/imu_madgwick/../../Fusion/FusionTypes.h:88:47:[m[K [01;35m[Kwarning: [m[KC++ designated initializers only available with ‘[01m[K-std=c++2a[m[K’ or ‘[01m[K-std=gnu++2a[m[K’ [[01;35m[K-Wpedantic[m[K]
[7.356s]    88 | #define FUSION_VECTOR3_ZERO ((FusionVector3){ [01;35m[K.[m[Karray = {0.0f, 0.0f, 0.0f} })
[7.356s]       |                                               [01;35m[K^[m[K
[7.356s] [01m[K/home/maroqi/Projects/RobotProjects/ROS2Projects/imu-test/imu_ws/src/imu_madgwick/src/imu_madgwick/imu.cpp:115:143:[m[K [01;36m[Knote: [m[Kin expansion of macro ‘[01m[KFUSION_VECTOR3_ZERO[m[K’
[7.356s]   115 | ibratedGyroscope = FusionCalibrationInertial(uncalibratedGyroscope, FUSION_ROTATION_MATRIX_IDENTITY, gyroscopeSensitivity, [01;36m[KFUSION_VECTOR3_ZERO[m[K);
[7.356s]       |                                                                                                                            [01;36m[K^~~~~~~~~~~~~~~~~~~[m[K
[7.357s] 
[7.357s] [01m[K/home/maroqi/Projects/RobotProjects/ROS2Projects/imu-test/imu_ws/src/imu_madgwick/include/imu_madgwick/../../Fusion/FusionTypes.h:88:75:[m[K [01;35m[Kwarning: [m[KISO C++ forbids compound-literals [[01;35m[K-Wpedantic[m[K]
[7.357s]    88 | #define FUSION_VECTOR3_ZERO ((FusionVector3){ .array = {0.0f, 0.0f, 0.0f} [01;35m[K}[m[K)
[7.357s]       |                                                                           [01;35m[K^[m[K
[7.358s] [01m[K/home/maroqi/Projects/RobotProjects/ROS2Projects/imu-test/imu_ws/src/imu_madgwick/src/imu_madgwick/imu.cpp:115:143:[m[K [01;36m[Knote: [m[Kin expansion of macro ‘[01m[KFUSION_VECTOR3_ZERO[m[K’
[7.358s]   115 | ibratedGyroscope = FusionCalibrationInertial(uncalibratedGyroscope, FUSION_ROTATION_MATRIX_IDENTITY, gyroscopeSensitivity, [01;36m[KFUSION_VECTOR3_ZERO[m[K);
[7.366s]       |                                                                                                                            [01;36m[K^~~~~~~~~~~~~~~~~~~[m[K
[7.367s] 
[7.367s] [01m[K/home/maroqi/Projects/RobotProjects/ROS2Projects/imu-test/imu_ws/src/imu_madgwick/include/imu_madgwick/../../Fusion/FusionTypes.h:100:66:[m[K [01;35m[Kwarning: [m[KC++ designated initializers only available with ‘[01m[K-std=c++2a[m[K’ or ‘[01m[K-std=gnu++2a[m[K’ [[01;35m[K-Wpedantic[m[K]
[7.367s]   100 | #define FUSION_ROTATION_MATRIX_IDENTITY ((FusionRotationMatrix){ [01;35m[K.[m[Karray = {1.0f, 0.0f, 0.0f, 0.0f, 1.0f, 0.0f, 0.0f, 0.0f, 1.0f} })
[7.367s]       |                                                                  [01;35m[K^[m[K
[7.367s] [01m[K/home/maroqi/Projects/RobotProjects/ROS2Projects/imu-test/imu_ws/src/imu_madgwick/src/imu_madgwick/imu.cpp:121:96:[m[K [01;36m[Knote: [m[Kin expansion of macro ‘[01m[KFUSION_ROTATION_MATRIX_IDENTITY[m[K’
[7.368s]   121 |   FusionVector3 calibratedAccelerometer = FusionCalibrationInertial(uncalibratedAccelerometer, [01;36m[KFUSION_ROTATION_MATRIX_IDENTITY[m[K, accelerometerSensitivity, FUSION_VECTOR3_ZERO);
[7.368s]       |                                                                                                [01;36m[K^~~~~~~~~~~~~~~~~~~~~~~~~~~~~~~[m[K
[7.368s] In file included from [01m[K/home/maroqi/Projects/RobotProjects/ROS2Projects/imu-test/imu_ws/src/imu_madgwick/include/imu_madgwick/../../Fusion/FusionAhrs.h:44[m[K,
[7.368s]                  from [01m[K/home/maroqi/Projects/RobotProjects/ROS2Projects/imu-test/imu_ws/src/imu_madgwick/include/imu_madgwick/../../Fusion/Fusion.h:25[m[K,
[7.368s]                  from [01m[K/home/maroqi/Projects/RobotProjects/ROS2Projects/imu-test/imu_ws/src/imu_madgwick/include/imu_madgwick/imu.hpp:34[m[K,
[7.369s]                  from [01m[K/home/maroqi/Projects/RobotProjects/ROS2Projects/imu-test/imu_ws/src/imu_madgwick/src/imu_madgwick/imu.cpp:31[m[K:
[7.369s] [01m[K/home/maroqi/Projects/RobotProjects/ROS2Projects/imu-test/imu_ws/src/imu_madgwick/include/imu_madgwick/../../Fusion/FusionTypes.h:100:130:[m[K [01;35m[Kwarning: [m[KISO C++ forbids compound-literals [[01;35m[K-Wpedantic[m[K]
[7.369s]   100 | #define FUSION_ROTATION_MATRIX_IDENTITY ((FusionRotationMatrix){ .array = {1.0f, 0.0f, 0.0f, 0.0f, 1.0f, 0.0f, 0.0f, 0.0f, 1.0f} [01;35m[K}[m[K)
[7.369s]       |                                                                                                                                  [01;35m[K^[m[K
[7.370s] [01m[K/home/maroqi/Projects/RobotProjects/ROS2Projects/imu-test/imu_ws/src/imu_madgwick/src/imu_madgwick/imu.cpp:121:96:[m[K [01;36m[Knote: [m[Kin expansion of macro ‘[01m[KFUSION_ROTATION_MATRIX_IDENTITY[m[K’
[7.370s]   121 |   FusionVector3 calibratedAccelerometer = FusionCalibrationInertial(uncalibratedAccelerometer, [01;36m[KFUSION_ROTATION_MATRIX_IDENTITY[m[K, accelerometerSensitivity, FUSION_VECTOR3_ZERO);
[7.382s]       |                                                                                                [01;36m[K^~~~~~~~~~~~~~~~~~~~~~~~~~~~~~~[m[K
[7.383s] In file included from [01m[K/home/maroqi/Projects/RobotProjects/ROS2Projects/imu-test/imu_ws/src/imu_madgwick/include/imu_madgwick/../../Fusion/FusionAhrs.h:44[m[K,
[7.383s]                  from [01m[K/home/maroqi/Projects/RobotProjects/ROS2Projects/imu-test/imu_ws/src/imu_madgwick/include/imu_madgwick/../../Fusion/Fusion.h:25[m[K,
[7.383s]                  from [01m[K/home/maroqi/Projects/RobotProjects/ROS2Projects/imu-test/imu_ws/src/imu_madgwick/include/imu_madgwick/imu.hpp:34[m[K,
[7.383s]                  from [01m[K/home/maroqi/Projects/RobotProjects/ROS2Projects/imu-test/imu_ws/src/imu_madgwick/src/imu_madgwick/imu.cpp:31[m[K:
[7.383s] [01m[K/home/maroqi/Projects/RobotProjects/ROS2Projects/imu-test/imu_ws/src/imu_madgwick/include/imu_madgwick/../../Fusion/FusionTypes.h:88:47:[m[K [01;35m[Kwarning: [m[KC++ designated initializers only available with ‘[01m[K-std=c++2a[m[K’ or ‘[01m[K-std=gnu++2a[m[K’ [[01;35m[K-Wpedantic[m[K]
[7.384s]    88 | #define FUSION_VECTOR3_ZERO ((FusionVector3){ [01;35m[K.[m[Karray = {0.0f, 0.0f, 0.0f} })
[7.384s]       |                                               [01;35m[K^[m[K
[7.384s] [01m[K/home/maroqi/Projects/RobotProjects/ROS2Projects/imu-test/imu_ws/src/imu_madgwick/src/imu_madgwick/imu.cpp:121:155:[m[K [01;36m[Knote: [m[Kin expansion of macro ‘[01m[KFUSION_VECTOR3_ZERO[m[K’
[7.384s]   121 | erometer = FusionCalibrationInertial(uncalibratedAccelerometer, FUSION_ROTATION_MATRIX_IDENTITY, accelerometerSensitivity, [01;36m[KFUSION_VECTOR3_ZERO[m[K);
[7.385s]       |                                                                                                                            [01;36m[K^~~~~~~~~~~~~~~~~~~[m[K
[7.385s] 
[7.385s] [01m[K/home/maroqi/Projects/RobotProjects/ROS2Projects/imu-test/imu_ws/src/imu_madgwick/include/imu_madgwick/../../Fusion/FusionTypes.h:88:75:[m[K [01;35m[Kwarning: [m[KISO C++ forbids compound-literals [[01;35m[K-Wpedantic[m[K]
[7.386s]    88 | #define FUSION_VECTOR3_ZERO ((FusionVector3){ .array = {0.0f, 0.0f, 0.0f} [01;35m[K}[m[K)
[7.386s]       |                                                                           [01;35m[K^[m[K
[7.386s] [01m[K/home/maroqi/Projects/RobotProjects/ROS2Projects/imu-test/imu_ws/src/imu_madgwick/src/imu_madgwick/imu.cpp:121:155:[m[K [01;36m[Knote: [m[Kin expansion of macro ‘[01m[KFUSION_VECTOR3_ZERO[m[K’
[7.386s]   121 | erometer = FusionCalibrationInertial(uncalibratedAccelerometer, FUSION_ROTATION_MATRIX_IDENTITY, accelerometerSensitivity, [01;36m[KFUSION_VECTOR3_ZERO[m[K);
[7.387s]       |                                                                                                                            [01;36m[K^~~~~~~~~~~~~~~~~~~[m[K
[7.387s] 
[7.387s] [01m[K/home/maroqi/Projects/RobotProjects/ROS2Projects/imu-test/imu_ws/src/imu_madgwick/src/imu_madgwick/imu.cpp:[m[K In member function ‘[01m[Kvoid Imu::publishFilteredMsg(sensor_msgs::msg::Imu_<std::allocator<void> >::SharedPtr)[m[K’:
[7.388s] [01m[K/home/maroqi/Projects/RobotProjects/ROS2Projects/imu-test/imu_ws/src/imu_madgwick/src/imu_madgwick/imu.cpp:156:69:[m[K [01;35m[Kwarning: [m[Kunused parameter ‘[01m[Kimu_msg_raw[m[K’ [[01;35m[K-Wunused-parameter[m[K]
[7.388s]   156 | void Imu::publishFilteredMsg([01;35m[Kconst sensor_msgs::msg::Imu::SharedPtr imu_msg_raw[m[K) {
[7.388s]       |                              [01;35m[K~~~~~~~~~~~~~~~~~~~~~~~~~~~~~~~~~~~~~~~^~~~~~~~~~~[m[K
[17.258s] [ 18%] [32m[1mLinking CXX static library libimu_madgwick.a[0m
[17.477s] [ 63%] Built target imu_madgwick
[17.592s] [ 72%] [32m[1mLinking CXX executable imu_main_test[0m
[18.115s] [ 81%] Built target imu_main_test
[18.142s] [35m[1mScanning dependencies of target imu_main[0m
[18.210s] [ 90%] [32mBuilding CXX object CMakeFiles/imu_main.dir/src/imu_main.cpp.o[0m
[23.071s] [100%] [32m[1mLinking CXX executable imu_main[0m
[23.783s] [100%] Built target imu_main
[23.818s] Invoked command in '/home/maroqi/Projects/RobotProjects/ROS2Projects/imu-test/imu_ws/build/imu_madgwick' returned '0': CMAKE_PREFIX_PATH=/opt/ros/foxy /usr/bin/cmake --build /home/maroqi/Projects/RobotProjects/ROS2Projects/imu-test/imu_ws/build/imu_madgwick -- -j2 -l2
[23.951s] Invoking command in '/home/maroqi/Projects/RobotProjects/ROS2Projects/imu-test/imu_ws/build/imu_madgwick': CMAKE_PREFIX_PATH=/opt/ros/foxy /usr/bin/cmake --install /home/maroqi/Projects/RobotProjects/ROS2Projects/imu-test/imu_ws/build/imu_madgwick
[23.987s] -- Install configuration: ""
[23.997s] -- Execute custom install script
[23.998s] -- Up-to-date symlink: /home/maroqi/Projects/RobotProjects/ROS2Projects/imu-test/imu_ws/install/imu_madgwick/./include/imu_madgwick/imu.hpp
[23.999s] -- Up-to-date symlink: /home/maroqi/Projects/RobotProjects/ROS2Projects/imu-test/imu_ws/install/imu_madgwick/./include/imu_madgwick/imu_filter.hpp
[23.999s] -- Up-to-date symlink: /home/maroqi/Projects/RobotProjects/ROS2Projects/imu-test/imu_ws/install/imu_madgwick/./include/imu_madgwick/stateless_orientation.hpp
[24.000s] -- Up-to-date symlink: /home/maroqi/Projects/RobotProjects/ROS2Projects/imu-test/imu_ws/install/imu_madgwick/./include/imu_madgwick/world_frame.hpp
[24.001s] -- Up-to-date symlink: /home/maroqi/Projects/RobotProjects/ROS2Projects/imu-test/imu_ws/install/imu_madgwick/lib/imu_madgwick/imu_main
[24.006s] -- Up-to-date symlink: /home/maroqi/Projects/RobotProjects/ROS2Projects/imu-test/imu_ws/install/imu_madgwick/lib/imu_madgwick/imu_main_test
[24.008s] -- Up-to-date symlink: /home/maroqi/Projects/RobotProjects/ROS2Projects/imu-test/imu_ws/install/imu_madgwick/share/imu_madgwick//launch/reading_imu_launch.py
[24.009s] -- Up-to-date symlink: /home/maroqi/Projects/RobotProjects/ROS2Projects/imu-test/imu_ws/install/imu_madgwick/share/imu_madgwick/environment/library_path.sh
[24.009s] -- Up-to-date symlink: /home/maroqi/Projects/RobotProjects/ROS2Projects/imu-test/imu_ws/install/imu_madgwick/share/imu_madgwick/environment/library_path.dsv
[24.010s] -- Up-to-date symlink: /home/maroqi/Projects/RobotProjects/ROS2Projects/imu-test/imu_ws/install/imu_madgwick/share/ament_index/resource_index/package_run_dependencies/imu_madgwick
[24.014s] -- Up-to-date symlink: /home/maroqi/Projects/RobotProjects/ROS2Projects/imu-test/imu_ws/install/imu_madgwick/share/ament_index/resource_index/parent_prefix_path/imu_madgwick
[24.015s] -- Up-to-date symlink: /home/maroqi/Projects/RobotProjects/ROS2Projects/imu-test/imu_ws/install/imu_madgwick/share/imu_madgwick/environment/ament_prefix_path.sh
[24.016s] -- Up-to-date symlink: /home/maroqi/Projects/RobotProjects/ROS2Projects/imu-test/imu_ws/install/imu_madgwick/share/imu_madgwick/environment/ament_prefix_path.dsv
[24.017s] -- Up-to-date symlink: /home/maroqi/Projects/RobotProjects/ROS2Projects/imu-test/imu_ws/install/imu_madgwick/share/imu_madgwick/environment/path.sh
[24.022s] -- Up-to-date symlink: /home/maroqi/Projects/RobotProjects/ROS2Projects/imu-test/imu_ws/install/imu_madgwick/share/imu_madgwick/environment/path.dsv
[24.023s] -- Up-to-date symlink: /home/maroqi/Projects/RobotProjects/ROS2Projects/imu-test/imu_ws/install/imu_madgwick/share/imu_madgwick/local_setup.bash
[24.024s] -- Up-to-date symlink: /home/maroqi/Projects/RobotProjects/ROS2Projects/imu-test/imu_ws/install/imu_madgwick/share/imu_madgwick/local_setup.sh
[24.025s] -- Up-to-date symlink: /home/maroqi/Projects/RobotProjects/ROS2Projects/imu-test/imu_ws/install/imu_madgwick/share/imu_madgwick/local_setup.zsh
[24.026s] -- Up-to-date symlink: /home/maroqi/Projects/RobotProjects/ROS2Projects/imu-test/imu_ws/install/imu_madgwick/share/imu_madgwick/local_setup.dsv
[24.030s] -- Symlinking: /home/maroqi/Projects/RobotProjects/ROS2Projects/imu-test/imu_ws/install/imu_madgwick/share/imu_madgwick/package.dsv
[24.064s] -- Up-to-date symlink: /home/maroqi/Projects/RobotProjects/ROS2Projects/imu-test/imu_ws/install/imu_madgwick/share/ament_index/resource_index/packages/imu_madgwick
[24.065s] -- Up-to-date symlink: /home/maroqi/Projects/RobotProjects/ROS2Projects/imu-test/imu_ws/install/imu_madgwick/share/imu_madgwick/cmake/ament_cmake_export_dependencies-extras.cmake
[24.066s] -- Up-to-date symlink: /home/maroqi/Projects/RobotProjects/ROS2Projects/imu-test/imu_ws/install/imu_madgwick/share/imu_madgwick/cmake/ament_cmake_export_include_directories-extras.cmake
[24.067s] -- Up-to-date symlink: /home/maroqi/Projects/RobotProjects/ROS2Projects/imu-test/imu_ws/install/imu_madgwick/share/imu_madgwick/cmake/ament_cmake_export_libraries-extras.cmake
[24.068s] -- Up-to-date symlink: /home/maroqi/Projects/RobotProjects/ROS2Projects/imu-test/imu_ws/install/imu_madgwick/share/imu_madgwick/cmake/imu_madgwickConfig.cmake
[24.068s] -- Up-to-date symlink: /home/maroqi/Projects/RobotProjects/ROS2Projects/imu-test/imu_ws/install/imu_madgwick/share/imu_madgwick/cmake/imu_madgwickConfig-version.cmake
[24.069s] -- Up-to-date symlink: /home/maroqi/Projects/RobotProjects/ROS2Projects/imu-test/imu_ws/install/imu_madgwick/share/imu_madgwick/package.xml
[24.069s] -- Installing: /home/maroqi/Projects/RobotProjects/ROS2Projects/imu-test/imu_ws/install/imu_madgwick/lib/libimu_madgwick.a
[24.112s] Invoked command in '/home/maroqi/Projects/RobotProjects/ROS2Projects/imu-test/imu_ws/build/imu_madgwick' returned '0': CMAKE_PREFIX_PATH=/opt/ros/foxy /usr/bin/cmake --install /home/maroqi/Projects/RobotProjects/ROS2Projects/imu-test/imu_ws/build/imu_madgwick
