[0.064s] Invoking command in '/home/maroqi/Projects/RobotProjects/ROS2Projects/imu_ws/build/imu_madgwick': CMAKE_PREFIX_PATH=/opt/ros/foxy /usr/bin/cmake /home/maroqi/Projects/RobotProjects/ROS2Projects/imu_ws/src/imu_madgwick -DCMAKE_INSTALL_PREFIX=/home/maroqi/Projects/RobotProjects/ROS2Projects/imu_ws/install/imu_madgwick
[0.134s] -- Found ament_cmake: 0.9.8 (/opt/ros/foxy/share/ament_cmake/cmake)
[0.201s] -- Using PYTHON_EXECUTABLE: /usr/bin/python3
[0.760s] -- Found rclcpp: 2.3.0 (/opt/ros/foxy/share/rclcpp/cmake)
[0.855s] -- Using all available rosidl_typesupport_c: rosidl_typesupport_fastrtps_c;rosidl_typesupport_introspection_c
[0.868s] -- Found rosidl_adapter: 1.2.0 (/opt/ros/foxy/share/rosidl_adapter/cmake)
[1.131s] -- Using all available rosidl_typesupport_cpp: rosidl_typesupport_fastrtps_cpp;rosidl_typesupport_introspection_cpp
[1.271s] -- Found rmw_implementation_cmake: 1.0.2 (/opt/ros/foxy/share/rmw_implementation_cmake/cmake)
[1.276s] -- Using RMW implementation 'rmw_fastrtps_cpp' as default
[1.709s] -- Found sensor_msgs: 2.0.3 (/opt/ros/foxy/share/sensor_msgs/cmake)
[2.045s] -- Found tf2: 0.13.9 (/opt/ros/foxy/share/tf2/cmake)
[2.076s] -- Found tf2_geometry_msgs: 0.13.9 (/opt/ros/foxy/share/tf2_geometry_msgs/cmake)
[2.093s] -- Found eigen3_cmake_module: 0.1.1 (/opt/ros/foxy/share/eigen3_cmake_module/cmake)
[3.247s] -- Found pluginlib: 2.5.3 (/opt/ros/foxy/share/pluginlib/cmake)
[3.307s] -- Found ament_lint_auto: 0.9.6 (/opt/ros/foxy/share/ament_lint_auto/cmake)
[3.515s] -- Added test 'copyright' to check source files copyright and LICENSE
[3.520s] -- Added test 'lint_cmake' to check CMake code style
[3.526s] -- Added test 'xmllint' to check XML markup files
[3.545s] -- Configuring done
[3.554s] CMake Error at CMakeLists.txt:29 (add_library):
[3.555s]   No SOURCES given to target: imu_madgwick
[3.555s] 
[3.555s] 
[3.556s] CMake Generate step failed.  Build files cannot be regenerated correctly.
[3.585s] Invoked command in '/home/maroqi/Projects/RobotProjects/ROS2Projects/imu_ws/build/imu_madgwick' returned '1': CMAKE_PREFIX_PATH=/opt/ros/foxy /usr/bin/cmake /home/maroqi/Projects/RobotProjects/ROS2Projects/imu_ws/src/imu_madgwick -DCMAKE_INSTALL_PREFIX=/home/maroqi/Projects/RobotProjects/ROS2Projects/imu_ws/install/imu_madgwick
