[0.070s] Invoking command in '/home/maroqi/Projects/RobotProjects/ROS2Projects/imu-test/imu_ws/build/imu_madgwick': CMAKE_PREFIX_PATH=${CMAKE_PREFIX_PATH}:/home/maroqi/Projects/RobotProjects/ROS2Projects/imu-test/imu_ws/install/wbt_imu:/opt/ros/foxy /usr/bin/cmake --build /home/maroqi/Projects/RobotProjects/ROS2Projects/imu-test/imu_ws/build/imu_madgwick -- -j2 -l2
[0.465s] [ 50%] Built target imu_madgwick
[0.608s] [ 75%] Built target imu_main_test
[0.783s] [100%] Built target imu_main
[0.822s] Invoked command in '/home/maroqi/Projects/RobotProjects/ROS2Projects/imu-test/imu_ws/build/imu_madgwick' returned '0': CMAKE_PREFIX_PATH=${CMAKE_PREFIX_PATH}:/home/maroqi/Projects/RobotProjects/ROS2Projects/imu-test/imu_ws/install/wbt_imu:/opt/ros/foxy /usr/bin/cmake --build /home/maroqi/Projects/RobotProjects/ROS2Projects/imu-test/imu_ws/build/imu_madgwick -- -j2 -l2
[1.071s] Invoking command in '/home/maroqi/Projects/RobotProjects/ROS2Projects/imu-test/imu_ws/build/imu_madgwick': CMAKE_PREFIX_PATH=${CMAKE_PREFIX_PATH}:/home/maroqi/Projects/RobotProjects/ROS2Projects/imu-test/imu_ws/install/wbt_imu:/opt/ros/foxy /usr/bin/cmake --install /home/maroqi/Projects/RobotProjects/ROS2Projects/imu-test/imu_ws/build/imu_madgwick
[1.100s] -- Install configuration: ""
[1.102s] -- Execute custom install script
[1.105s] -- Up-to-date symlink: /home/maroqi/Projects/RobotProjects/ROS2Projects/imu-test/imu_ws/install/imu_madgwick/./include/imu_madgwick/imu.hpp
[1.106s] -- Up-to-date symlink: /home/maroqi/Projects/RobotProjects/ROS2Projects/imu-test/imu_ws/install/imu_madgwick/./include/imu_madgwick/imu_filter.hpp
[1.108s] -- Up-to-date symlink: /home/maroqi/Projects/RobotProjects/ROS2Projects/imu-test/imu_ws/install/imu_madgwick/./include/imu_madgwick/stateless_orientation.hpp
[1.109s] -- Up-to-date symlink: /home/maroqi/Projects/RobotProjects/ROS2Projects/imu-test/imu_ws/install/imu_madgwick/./include/imu_madgwick/world_frame.hpp
[1.111s] -- Up-to-date symlink: /home/maroqi/Projects/RobotProjects/ROS2Projects/imu-test/imu_ws/install/imu_madgwick/lib/imu_madgwick/imu_main
[1.113s] -- Up-to-date symlink: /home/maroqi/Projects/RobotProjects/ROS2Projects/imu-test/imu_ws/install/imu_madgwick/lib/imu_madgwick/imu_main_test
[1.115s] -- Up-to-date symlink: /home/maroqi/Projects/RobotProjects/ROS2Projects/imu-test/imu_ws/install/imu_madgwick/share/imu_madgwick//launch/reading_imu_launch.py
[1.116s] -- Up-to-date symlink: /home/maroqi/Projects/RobotProjects/ROS2Projects/imu-test/imu_ws/install/imu_madgwick/share/imu_madgwick/environment/library_path.sh
[1.118s] -- Up-to-date symlink: /home/maroqi/Projects/RobotProjects/ROS2Projects/imu-test/imu_ws/install/imu_madgwick/share/imu_madgwick/environment/library_path.dsv
[1.120s] -- Up-to-date symlink: /home/maroqi/Projects/RobotProjects/ROS2Projects/imu-test/imu_ws/install/imu_madgwick/share/ament_index/resource_index/package_run_dependencies/imu_madgwick
[1.121s] -- Up-to-date symlink: /home/maroqi/Projects/RobotProjects/ROS2Projects/imu-test/imu_ws/install/imu_madgwick/share/ament_index/resource_index/parent_prefix_path/imu_madgwick
[1.122s] -- Up-to-date symlink: /home/maroqi/Projects/RobotProjects/ROS2Projects/imu-test/imu_ws/install/imu_madgwick/share/imu_madgwick/environment/ament_prefix_path.sh
[1.124s] -- Up-to-date symlink: /home/maroqi/Projects/RobotProjects/ROS2Projects/imu-test/imu_ws/install/imu_madgwick/share/imu_madgwick/environment/ament_prefix_path.dsv
[1.125s] -- Up-to-date symlink: /home/maroqi/Projects/RobotProjects/ROS2Projects/imu-test/imu_ws/install/imu_madgwick/share/imu_madgwick/environment/path.sh
[1.127s] -- Up-to-date symlink: /home/maroqi/Projects/RobotProjects/ROS2Projects/imu-test/imu_ws/install/imu_madgwick/share/imu_madgwick/environment/path.dsv
[1.130s] -- Up-to-date symlink: /home/maroqi/Projects/RobotProjects/ROS2Projects/imu-test/imu_ws/install/imu_madgwick/share/imu_madgwick/local_setup.bash
[1.132s] -- Up-to-date symlink: /home/maroqi/Projects/RobotProjects/ROS2Projects/imu-test/imu_ws/install/imu_madgwick/share/imu_madgwick/local_setup.sh
[1.134s] -- Up-to-date symlink: /home/maroqi/Projects/RobotProjects/ROS2Projects/imu-test/imu_ws/install/imu_madgwick/share/imu_madgwick/local_setup.zsh
[1.135s] -- Up-to-date symlink: /home/maroqi/Projects/RobotProjects/ROS2Projects/imu-test/imu_ws/install/imu_madgwick/share/imu_madgwick/local_setup.dsv
[1.136s] -- Symlinking: /home/maroqi/Projects/RobotProjects/ROS2Projects/imu-test/imu_ws/install/imu_madgwick/share/imu_madgwick/package.dsv
[1.179s] -- Up-to-date symlink: /home/maroqi/Projects/RobotProjects/ROS2Projects/imu-test/imu_ws/install/imu_madgwick/share/ament_index/resource_index/packages/imu_madgwick
[1.179s] -- Up-to-date symlink: /home/maroqi/Projects/RobotProjects/ROS2Projects/imu-test/imu_ws/install/imu_madgwick/share/imu_madgwick/cmake/ament_cmake_export_dependencies-extras.cmake
[1.180s] -- Up-to-date symlink: /home/maroqi/Projects/RobotProjects/ROS2Projects/imu-test/imu_ws/install/imu_madgwick/share/imu_madgwick/cmake/ament_cmake_export_include_directories-extras.cmake
[1.181s] -- Up-to-date symlink: /home/maroqi/Projects/RobotProjects/ROS2Projects/imu-test/imu_ws/install/imu_madgwick/share/imu_madgwick/cmake/ament_cmake_export_libraries-extras.cmake
[1.183s] -- Up-to-date symlink: /home/maroqi/Projects/RobotProjects/ROS2Projects/imu-test/imu_ws/install/imu_madgwick/share/imu_madgwick/cmake/imu_madgwickConfig.cmake
[1.184s] -- Up-to-date symlink: /home/maroqi/Projects/RobotProjects/ROS2Projects/imu-test/imu_ws/install/imu_madgwick/share/imu_madgwick/cmake/imu_madgwickConfig-version.cmake
[1.186s] -- Up-to-date symlink: /home/maroqi/Projects/RobotProjects/ROS2Projects/imu-test/imu_ws/install/imu_madgwick/share/imu_madgwick/package.xml
[1.187s] -- Up-to-date: /home/maroqi/Projects/RobotProjects/ROS2Projects/imu-test/imu_ws/install/imu_madgwick/lib/libimu_madgwick.a
[1.200s] Invoked command in '/home/maroqi/Projects/RobotProjects/ROS2Projects/imu-test/imu_ws/build/imu_madgwick' returned '0': CMAKE_PREFIX_PATH=${CMAKE_PREFIX_PATH}:/home/maroqi/Projects/RobotProjects/ROS2Projects/imu-test/imu_ws/install/wbt_imu:/opt/ros/foxy /usr/bin/cmake --install /home/maroqi/Projects/RobotProjects/ROS2Projects/imu-test/imu_ws/build/imu_madgwick
