[0.141s] Invoking command in '/home/maroqi/Projects/RobotProjects/ROS2Projects/imu-test/imu_ws/build/imu_madgwick': CMAKE_PREFIX_PATH=${CMAKE_PREFIX_PATH}:/home/maroqi/Projects/RobotProjects/ROS2Projects/imu-test/imu_ws/install/wbt_imu:/opt/ros/foxy /usr/bin/cmake --build /home/maroqi/Projects/RobotProjects/ROS2Projects/imu-test/imu_ws/build/imu_madgwick -- -j2 -l2
[0.756s] [35m[1mScanning dependencies of target imu_madgwick[0m
[0.983s] [ 12%] [32mBuilding CXX object CMakeFiles/imu_madgwick.dir/src/imu_madgwick/imu.cpp.o[0m
[10.423s] [01m[K/home/maroqi/Projects/RobotProjects/ROS2Projects/imu-test/imu_ws/src/imu_madgwick/src/imu_madgwick/imu.cpp:[m[K In lambda function:
[10.424s] [01m[K/home/maroqi/Projects/RobotProjects/ROS2Projects/imu-test/imu_ws/src/imu_madgwick/src/imu_madgwick/imu.cpp:97:62:[m[K [01;35m[Kwarning: [m[Kunused parameter ‘[01m[Kimu_msg_raw[m[K’ [[01;35m[K-Wunused-parameter[m[K]
[10.424s]    97 |   "imu", 10, [this]([01;35m[Kconst sensor_msgs::msg::Imu::SharedPtr imu_msg_raw[m[K) {
[10.424s]       |                     [01;35m[K~~~~~~~~~~~~~~~~~~~~~~~~~~~~~~~~~~~~~~~^~~~~~~~~~~[m[K
[10.424s] 
[25.034s] [ 25%] [32m[1mLinking CXX static library libimu_madgwick.a[0m
[25.290s] [ 50%] Built target imu_madgwick
[25.402s] [ 62%] [32m[1mLinking CXX executable imu_main_test[0m
[26.271s] [ 75%] Built target imu_main_test
[26.359s] [ 87%] [32m[1mLinking CXX executable imu_main[0m
[27.387s] [100%] Built target imu_main
[27.451s] Invoked command in '/home/maroqi/Projects/RobotProjects/ROS2Projects/imu-test/imu_ws/build/imu_madgwick' returned '0': CMAKE_PREFIX_PATH=${CMAKE_PREFIX_PATH}:/home/maroqi/Projects/RobotProjects/ROS2Projects/imu-test/imu_ws/install/wbt_imu:/opt/ros/foxy /usr/bin/cmake --build /home/maroqi/Projects/RobotProjects/ROS2Projects/imu-test/imu_ws/build/imu_madgwick -- -j2 -l2
[27.636s] Invoking command in '/home/maroqi/Projects/RobotProjects/ROS2Projects/imu-test/imu_ws/build/imu_madgwick': CMAKE_PREFIX_PATH=${CMAKE_PREFIX_PATH}:/home/maroqi/Projects/RobotProjects/ROS2Projects/imu-test/imu_ws/install/wbt_imu:/opt/ros/foxy /usr/bin/cmake --install /home/maroqi/Projects/RobotProjects/ROS2Projects/imu-test/imu_ws/build/imu_madgwick
[27.679s] -- Install configuration: ""
[27.681s] -- Up-to-date: /home/maroqi/Projects/RobotProjects/ROS2Projects/imu-test/imu_ws/install/imu_madgwick/./include
[27.681s] -- Up-to-date: /home/maroqi/Projects/RobotProjects/ROS2Projects/imu-test/imu_ws/install/imu_madgwick/./include/imu_madgwick
[27.682s] -- Up-to-date: /home/maroqi/Projects/RobotProjects/ROS2Projects/imu-test/imu_ws/install/imu_madgwick/./include/imu_madgwick/imu_filter.hpp
[27.682s] -- Up-to-date: /home/maroqi/Projects/RobotProjects/ROS2Projects/imu-test/imu_ws/install/imu_madgwick/./include/imu_madgwick/world_frame.hpp
[27.682s] -- Up-to-date: /home/maroqi/Projects/RobotProjects/ROS2Projects/imu-test/imu_ws/install/imu_madgwick/./include/imu_madgwick/imu.hpp
[27.687s] -- Up-to-date: /home/maroqi/Projects/RobotProjects/ROS2Projects/imu-test/imu_ws/install/imu_madgwick/./include/imu_madgwick/stateless_orientation.hpp
[27.687s] -- Installing: /home/maroqi/Projects/RobotProjects/ROS2Projects/imu-test/imu_ws/install/imu_madgwick/lib/libimu_madgwick.a
[27.706s] -- Installing: /home/maroqi/Projects/RobotProjects/ROS2Projects/imu-test/imu_ws/install/imu_madgwick/lib/imu_madgwick/imu_main
[27.713s] -- Set runtime path of "/home/maroqi/Projects/RobotProjects/ROS2Projects/imu-test/imu_ws/install/imu_madgwick/lib/imu_madgwick/imu_main" to ""
[27.716s] -- Installing: /home/maroqi/Projects/RobotProjects/ROS2Projects/imu-test/imu_ws/install/imu_madgwick/lib/imu_madgwick/imu_main_test
[27.718s] -- Set runtime path of "/home/maroqi/Projects/RobotProjects/ROS2Projects/imu-test/imu_ws/install/imu_madgwick/lib/imu_madgwick/imu_main_test" to ""
[27.720s] -- Up-to-date: /home/maroqi/Projects/RobotProjects/ROS2Projects/imu-test/imu_ws/install/imu_madgwick/share/imu_madgwick/environment/library_path.sh
[27.720s] -- Up-to-date: /home/maroqi/Projects/RobotProjects/ROS2Projects/imu-test/imu_ws/install/imu_madgwick/share/imu_madgwick/environment/library_path.dsv
[27.721s] -- Up-to-date: /home/maroqi/Projects/RobotProjects/ROS2Projects/imu-test/imu_ws/install/imu_madgwick/share/ament_index/resource_index/package_run_dependencies/imu_madgwick
[27.721s] -- Up-to-date: /home/maroqi/Projects/RobotProjects/ROS2Projects/imu-test/imu_ws/install/imu_madgwick/share/ament_index/resource_index/parent_prefix_path/imu_madgwick
[27.724s] -- Up-to-date: /home/maroqi/Projects/RobotProjects/ROS2Projects/imu-test/imu_ws/install/imu_madgwick/share/imu_madgwick/environment/ament_prefix_path.sh
[27.724s] -- Up-to-date: /home/maroqi/Projects/RobotProjects/ROS2Projects/imu-test/imu_ws/install/imu_madgwick/share/imu_madgwick/environment/ament_prefix_path.dsv
[27.724s] -- Up-to-date: /home/maroqi/Projects/RobotProjects/ROS2Projects/imu-test/imu_ws/install/imu_madgwick/share/imu_madgwick/environment/path.sh
[27.725s] -- Up-to-date: /home/maroqi/Projects/RobotProjects/ROS2Projects/imu-test/imu_ws/install/imu_madgwick/share/imu_madgwick/environment/path.dsv
[27.725s] -- Up-to-date: /home/maroqi/Projects/RobotProjects/ROS2Projects/imu-test/imu_ws/install/imu_madgwick/share/imu_madgwick/local_setup.bash
[27.725s] -- Up-to-date: /home/maroqi/Projects/RobotProjects/ROS2Projects/imu-test/imu_ws/install/imu_madgwick/share/imu_madgwick/local_setup.sh
[27.727s] -- Up-to-date: /home/maroqi/Projects/RobotProjects/ROS2Projects/imu-test/imu_ws/install/imu_madgwick/share/imu_madgwick/local_setup.zsh
[27.727s] -- Up-to-date: /home/maroqi/Projects/RobotProjects/ROS2Projects/imu-test/imu_ws/install/imu_madgwick/share/imu_madgwick/local_setup.dsv
[27.727s] -- Installing: /home/maroqi/Projects/RobotProjects/ROS2Projects/imu-test/imu_ws/install/imu_madgwick/share/imu_madgwick/package.dsv
[27.728s] -- Up-to-date: /home/maroqi/Projects/RobotProjects/ROS2Projects/imu-test/imu_ws/install/imu_madgwick/share/ament_index/resource_index/packages/imu_madgwick
[27.728s] -- Up-to-date: /home/maroqi/Projects/RobotProjects/ROS2Projects/imu-test/imu_ws/install/imu_madgwick/share/imu_madgwick/cmake/ament_cmake_export_dependencies-extras.cmake
[27.728s] -- Up-to-date: /home/maroqi/Projects/RobotProjects/ROS2Projects/imu-test/imu_ws/install/imu_madgwick/share/imu_madgwick/cmake/ament_cmake_export_include_directories-extras.cmake
[27.736s] -- Up-to-date: /home/maroqi/Projects/RobotProjects/ROS2Projects/imu-test/imu_ws/install/imu_madgwick/share/imu_madgwick/cmake/ament_cmake_export_libraries-extras.cmake
[27.736s] -- Up-to-date: /home/maroqi/Projects/RobotProjects/ROS2Projects/imu-test/imu_ws/install/imu_madgwick/share/imu_madgwick/cmake/imu_madgwickConfig.cmake
[27.737s] -- Up-to-date: /home/maroqi/Projects/RobotProjects/ROS2Projects/imu-test/imu_ws/install/imu_madgwick/share/imu_madgwick/cmake/imu_madgwickConfig-version.cmake
[27.738s] -- Up-to-date: /home/maroqi/Projects/RobotProjects/ROS2Projects/imu-test/imu_ws/install/imu_madgwick/share/imu_madgwick/package.xml
[27.739s] Invoked command in '/home/maroqi/Projects/RobotProjects/ROS2Projects/imu-test/imu_ws/build/imu_madgwick' returned '0': CMAKE_PREFIX_PATH=${CMAKE_PREFIX_PATH}:/home/maroqi/Projects/RobotProjects/ROS2Projects/imu-test/imu_ws/install/wbt_imu:/opt/ros/foxy /usr/bin/cmake --install /home/maroqi/Projects/RobotProjects/ROS2Projects/imu-test/imu_ws/build/imu_madgwick
