[01m[K/home/maroqi/Projects/RobotProjects/ROS2Projects/imu-test/imu_ws/src/imu_complementary/src/imu_complementary/imu.cpp:[m[K In member function ‘[01m[Kvoid imu_tools::Imu::imuCallback(sensor_msgs::msg::Imu_<std::allocator<void> >::SharedPtr)[m[K’:
[01m[K/home/maroqi/Projects/RobotProjects/ROS2Projects/imu-test/imu_ws/src/imu_complementary/src/imu_complementary/imu.cpp:88:69:[m[K [01;31m[Kerror: [m[Kexpected ‘[01m[K;[m[K’ before ‘[01m[Klin_acc[m[K’
   88 |  " << lin_acc.x << ", ay " << lin_acc.y << ", az "[01;31m[K [m[K[32m[Klin_acc[m[K.z << std::endl;
      |                                                   [01;31m[K^[m[K[32m[K~~~~~~~[m[K
      |                                                   [32m[K;[m[K
[01m[K/home/maroqi/Projects/RobotProjects/ROS2Projects/imu-test/imu_ws/src/imu_complementary/src/imu_complementary/imu.cpp:89:69:[m[K [01;31m[Kerror: [m[Kexpected ‘[01m[K;[m[K’ before ‘[01m[Kang_vel[m[K’
   89 |  " << ang_vel.x << ", gy " << ang_vel.y << ", gz "[01;31m[K [m[K[32m[Kang_vel[m[K.z << std::endl;
      |                                                   [01;31m[K^[m[K[32m[K~~~~~~~[m[K
      |                                                   [32m[K;[m[K
[01m[K/home/maroqi/Projects/RobotProjects/ROS2Projects/imu-test/imu_ws/src/imu_complementary/src/imu_complementary/imu.cpp:90:67:[m[K [01;31m[Kerror: [m[Kexpected ‘[01m[K;[m[K’ before ‘[01m[Korient[m[K’
   90 | qx " << orient.x << ", qy " << orient.y << ", qz "[01;31m[K [m[K[32m[Korient[m[K.z << std::endl;
      |                                                   [01;31m[K^[m[K[32m[K~~~~~~[m[K
      |                                                   [32m[K;[m[K
[01m[K/home/maroqi/Projects/RobotProjects/ROS2Projects/imu-test/imu_ws/src/imu_complementary/src/imu_complementary/imu.cpp:[m[K In member function ‘[01m[Kvoid imu_tools::Imu::publish(sensor_msgs::msg::Imu_<std::allocator<void> >::SharedPtr)[m[K’:
[01m[K/home/maroqi/Projects/RobotProjects/ROS2Projects/imu-test/imu_ws/src/imu_complementary/src/imu_complementary/imu.cpp:139:66:[m[K [01;31m[Kerror: [m[Kexpected ‘[01m[K;[m[K’ before ‘[01m[Kyaw[m[K’
  139 | "roll " << roll << ", pitch " << pitch << ", yaw "[01;31m[K [m[K[32m[Kyaw[m[K << std::endl;
      |                                                   [01;31m[K^[m[K[32m[K~~~[m[K
      |                                                   [32m[K;[m[K
make[2]: *** [CMakeFiles/imu_complementary.dir/build.make:76: CMakeFiles/imu_complementary.dir/src/imu_complementary/imu.cpp.o] Error 1
make[1]: *** [CMakeFiles/Makefile2:134: CMakeFiles/imu_complementary.dir/all] Error 2
make: *** [Makefile:141: all] Error 2
