[0.842s] DEBUG:colcon:Command line arguments: ['/usr/bin/colcon', 'build', '--symlink-install']
[0.842s] DEBUG:colcon:Parsed command line arguments: Namespace(ament_cmake_args=None, base_paths=['.'], build_base='build', catkin_cmake_args=None, catkin_skip_building_tests=False, cmake_args=None, cmake_clean_cache=False, cmake_clean_first=False, cmake_force_configure=False, cmake_target=None, cmake_target_skip_unavailable=False, continue_on_error=False, event_handlers=None, executor='parallel', ignore_user_meta=False, install_base='install', log_base=None, log_level=None, main=<bound method BuildVerb.main of <colcon_core.verb.build.BuildVerb object at 0x7f9c910bda30>>, merge_install=False, metas=['./colcon.meta'], packages_above=None, packages_above_and_dependencies=None, packages_above_depth=None, packages_end=None, packages_ignore=None, packages_ignore_regex=None, packages_select=None, packages_select_build_failed=False, packages_select_by_dep=None, packages_select_regex=None, packages_select_test_failures=False, packages_skip=None, packages_skip_build_finished=False, packages_skip_by_dep=None, packages_skip_regex=None, packages_skip_test_passed=False, packages_skip_up_to=None, packages_start=None, packages_up_to=None, packages_up_to_regex=None, parallel_workers=2, paths=None, symlink_install=True, test_result_base=None, verb_extension=<colcon_core.verb.build.BuildVerb object at 0x7f9c910bda30>, verb_name='build', verb_parser=<colcon_defaults.argument_parser.defaults.DefaultArgumentsDecorator object at 0x7f9c910bdfa0>)
[0.860s] Level 1:colcon.colcon_core.package_discovery:discover_packages(colcon_meta) check parameters
[0.863s] Level 1:colcon.colcon_core.package_discovery:discover_packages(recursive) check parameters
[0.863s] Level 1:colcon.colcon_core.package_discovery:discover_packages(ignore) check parameters
[0.863s] Level 1:colcon.colcon_core.package_discovery:discover_packages(path) check parameters
[0.863s] Level 1:colcon.colcon_core.package_discovery:discover_packages(colcon_meta) discover
[0.864s] Level 1:colcon.colcon_core.package_discovery:discover_packages(recursive) discover
[0.864s] INFO:colcon.colcon_core.package_discovery:Crawling recursively for packages in '/home/maroqi/Projects/RobotProjects/ROS2Projects/imu-test/imu_ws'
[0.864s] Level 1:colcon.colcon_core.package_identification:_identify(.) by extensions ['ignore', 'ignore_ament_install']
[0.864s] Level 1:colcon.colcon_core.package_identification:_identify(.) by extension 'ignore'
[0.864s] Level 1:colcon.colcon_core.package_identification:_identify(.) by extension 'ignore_ament_install'
[0.864s] Level 1:colcon.colcon_core.package_identification:_identify(.) by extensions ['colcon_pkg']
[0.865s] Level 1:colcon.colcon_core.package_identification:_identify(.) by extension 'colcon_pkg'
[0.865s] Level 1:colcon.colcon_core.package_identification:_identify(.) by extensions ['colcon_meta']
[0.865s] Level 1:colcon.colcon_core.package_identification:_identify(.) by extension 'colcon_meta'
[0.865s] Level 1:colcon.colcon_core.package_identification:_identify(.) by extensions ['ros']
[0.865s] Level 1:colcon.colcon_core.package_identification:_identify(.) by extension 'ros'
[0.903s] Level 1:colcon.colcon_core.package_identification:_identify(.) by extensions ['cmake', 'python']
[0.903s] Level 1:colcon.colcon_core.package_identification:_identify(.) by extension 'cmake'
[0.903s] Level 1:colcon.colcon_core.package_identification:_identify(.) by extension 'python'
[0.903s] Level 1:colcon.colcon_core.package_identification:_identify(.) by extensions ['python_setup_py']
[0.903s] Level 1:colcon.colcon_core.package_identification:_identify(.) by extension 'python_setup_py'
[0.903s] Level 1:colcon.colcon_core.package_identification:_identify(build) by extensions ['ignore', 'ignore_ament_install']
[0.904s] Level 1:colcon.colcon_core.package_identification:_identify(build) by extension 'ignore'
[0.904s] Level 1:colcon.colcon_core.package_identification:_identify(build) ignored
[0.904s] Level 1:colcon.colcon_core.package_identification:_identify(install) by extensions ['ignore', 'ignore_ament_install']
[0.905s] Level 1:colcon.colcon_core.package_identification:_identify(install) by extension 'ignore'
[0.905s] Level 1:colcon.colcon_core.package_identification:_identify(install) ignored
[0.905s] Level 1:colcon.colcon_core.package_identification:_identify(log) by extensions ['ignore', 'ignore_ament_install']
[0.905s] Level 1:colcon.colcon_core.package_identification:_identify(log) by extension 'ignore'
[0.906s] Level 1:colcon.colcon_core.package_identification:_identify(log) ignored
[0.906s] Level 1:colcon.colcon_core.package_identification:_identify(src) by extensions ['ignore', 'ignore_ament_install']
[0.906s] Level 1:colcon.colcon_core.package_identification:_identify(src) by extension 'ignore'
[0.906s] Level 1:colcon.colcon_core.package_identification:_identify(src) by extension 'ignore_ament_install'
[0.907s] Level 1:colcon.colcon_core.package_identification:_identify(src) by extensions ['colcon_pkg']
[0.907s] Level 1:colcon.colcon_core.package_identification:_identify(src) by extension 'colcon_pkg'
[0.907s] Level 1:colcon.colcon_core.package_identification:_identify(src) by extensions ['colcon_meta']
[0.907s] Level 1:colcon.colcon_core.package_identification:_identify(src) by extension 'colcon_meta'
[0.907s] Level 1:colcon.colcon_core.package_identification:_identify(src) by extensions ['ros']
[0.907s] Level 1:colcon.colcon_core.package_identification:_identify(src) by extension 'ros'
[0.907s] Level 1:colcon.colcon_core.package_identification:_identify(src) by extensions ['cmake', 'python']
[0.907s] Level 1:colcon.colcon_core.package_identification:_identify(src) by extension 'cmake'
[0.907s] Level 1:colcon.colcon_core.package_identification:_identify(src) by extension 'python'
[0.907s] Level 1:colcon.colcon_core.package_identification:_identify(src) by extensions ['python_setup_py']
[0.908s] Level 1:colcon.colcon_core.package_identification:_identify(src) by extension 'python_setup_py'
[0.908s] Level 1:colcon.colcon_core.package_identification:_identify(src/imu_madgwick) by extensions ['ignore', 'ignore_ament_install']
[0.908s] Level 1:colcon.colcon_core.package_identification:_identify(src/imu_madgwick) by extension 'ignore'
[0.908s] Level 1:colcon.colcon_core.package_identification:_identify(src/imu_madgwick) by extension 'ignore_ament_install'
[0.908s] Level 1:colcon.colcon_core.package_identification:_identify(src/imu_madgwick) by extensions ['colcon_pkg']
[0.908s] Level 1:colcon.colcon_core.package_identification:_identify(src/imu_madgwick) by extension 'colcon_pkg'
[0.908s] Level 1:colcon.colcon_core.package_identification:_identify(src/imu_madgwick) by extensions ['colcon_meta']
[0.908s] Level 1:colcon.colcon_core.package_identification:_identify(src/imu_madgwick) by extension 'colcon_meta'
[0.909s] Level 1:colcon.colcon_core.package_identification:_identify(src/imu_madgwick) by extensions ['ros']
[0.909s] Level 1:colcon.colcon_core.package_identification:_identify(src/imu_madgwick) by extension 'ros'
[0.914s] DEBUG:colcon.colcon_core.package_identification:Package 'src/imu_madgwick' with type 'ros.ament_cmake' and name 'imu_madgwick'
[0.915s] Level 1:colcon.colcon_core.package_identification:_identify(src/wbt_imu) by extensions ['ignore', 'ignore_ament_install']
[0.915s] Level 1:colcon.colcon_core.package_identification:_identify(src/wbt_imu) by extension 'ignore'
[0.915s] Level 1:colcon.colcon_core.package_identification:_identify(src/wbt_imu) by extension 'ignore_ament_install'
[0.916s] Level 1:colcon.colcon_core.package_identification:_identify(src/wbt_imu) by extensions ['colcon_pkg']
[0.916s] Level 1:colcon.colcon_core.package_identification:_identify(src/wbt_imu) by extension 'colcon_pkg'
[0.916s] Level 1:colcon.colcon_core.package_identification:_identify(src/wbt_imu) by extensions ['colcon_meta']
[0.916s] Level 1:colcon.colcon_core.package_identification:_identify(src/wbt_imu) by extension 'colcon_meta'
[0.916s] Level 1:colcon.colcon_core.package_identification:_identify(src/wbt_imu) by extensions ['ros']
[0.917s] Level 1:colcon.colcon_core.package_identification:_identify(src/wbt_imu) by extension 'ros'
[0.919s] DEBUG:colcon.colcon_core.package_identification:Package 'src/wbt_imu' with type 'ros.ament_python' and name 'wbt_imu'
[0.919s] Level 1:colcon.colcon_core.package_discovery:discover_packages(recursive) using defaults
[0.919s] Level 1:colcon.colcon_core.package_discovery:discover_packages(ignore) discover
[0.919s] Level 1:colcon.colcon_core.package_discovery:discover_packages(ignore) using defaults
[0.919s] Level 1:colcon.colcon_core.package_discovery:discover_packages(path) discover
[0.919s] Level 1:colcon.colcon_core.package_discovery:discover_packages(path) using defaults
[0.985s] Level 5:colcon.colcon_core.verb:set package 'imu_madgwick' build argument 'cmake_args' from command line to 'None'
[0.985s] Level 5:colcon.colcon_core.verb:set package 'imu_madgwick' build argument 'cmake_target' from command line to 'None'
[0.985s] Level 5:colcon.colcon_core.verb:set package 'imu_madgwick' build argument 'cmake_target_skip_unavailable' from command line to 'False'
[0.985s] Level 5:colcon.colcon_core.verb:set package 'imu_madgwick' build argument 'cmake_clean_cache' from command line to 'False'
[0.985s] Level 5:colcon.colcon_core.verb:set package 'imu_madgwick' build argument 'cmake_clean_first' from command line to 'False'
[0.985s] Level 5:colcon.colcon_core.verb:set package 'imu_madgwick' build argument 'cmake_force_configure' from command line to 'False'
[0.985s] Level 5:colcon.colcon_core.verb:set package 'imu_madgwick' build argument 'ament_cmake_args' from command line to 'None'
[0.986s] Level 5:colcon.colcon_core.verb:set package 'imu_madgwick' build argument 'catkin_cmake_args' from command line to 'None'
[0.986s] Level 5:colcon.colcon_core.verb:set package 'imu_madgwick' build argument 'catkin_skip_building_tests' from command line to 'False'
[0.986s] DEBUG:colcon.colcon_core.verb:Building package 'imu_madgwick' with the following arguments: {'ament_cmake_args': None, 'build_base': '/home/maroqi/Projects/RobotProjects/ROS2Projects/imu-test/imu_ws/build/imu_madgwick', 'catkin_cmake_args': None, 'catkin_skip_building_tests': False, 'cmake_args': None, 'cmake_clean_cache': False, 'cmake_clean_first': False, 'cmake_force_configure': False, 'cmake_target': None, 'cmake_target_skip_unavailable': False, 'install_base': '/home/maroqi/Projects/RobotProjects/ROS2Projects/imu-test/imu_ws/install/imu_madgwick', 'merge_install': False, 'path': '/home/maroqi/Projects/RobotProjects/ROS2Projects/imu-test/imu_ws/src/imu_madgwick', 'symlink_install': True, 'test_result_base': None}
[0.996s] Level 5:colcon.colcon_core.verb:set package 'wbt_imu' build argument 'cmake_args' from command line to 'None'
[0.996s] Level 5:colcon.colcon_core.verb:set package 'wbt_imu' build argument 'cmake_target' from command line to 'None'
[0.996s] Level 5:colcon.colcon_core.verb:set package 'wbt_imu' build argument 'cmake_target_skip_unavailable' from command line to 'False'
[0.996s] Level 5:colcon.colcon_core.verb:set package 'wbt_imu' build argument 'cmake_clean_cache' from command line to 'False'
[0.996s] Level 5:colcon.colcon_core.verb:set package 'wbt_imu' build argument 'cmake_clean_first' from command line to 'False'
[0.996s] Level 5:colcon.colcon_core.verb:set package 'wbt_imu' build argument 'cmake_force_configure' from command line to 'False'
[0.996s] Level 5:colcon.colcon_core.verb:set package 'wbt_imu' build argument 'ament_cmake_args' from command line to 'None'
[0.996s] Level 5:colcon.colcon_core.verb:set package 'wbt_imu' build argument 'catkin_cmake_args' from command line to 'None'
[0.996s] Level 5:colcon.colcon_core.verb:set package 'wbt_imu' build argument 'catkin_skip_building_tests' from command line to 'False'
[0.997s] DEBUG:colcon.colcon_core.verb:Building package 'wbt_imu' with the following arguments: {'ament_cmake_args': None, 'build_base': '/home/maroqi/Projects/RobotProjects/ROS2Projects/imu-test/imu_ws/build/wbt_imu', 'catkin_cmake_args': None, 'catkin_skip_building_tests': False, 'cmake_args': None, 'cmake_clean_cache': False, 'cmake_clean_first': False, 'cmake_force_configure': False, 'cmake_target': None, 'cmake_target_skip_unavailable': False, 'install_base': '/home/maroqi/Projects/RobotProjects/ROS2Projects/imu-test/imu_ws/install/wbt_imu', 'merge_install': False, 'path': '/home/maroqi/Projects/RobotProjects/ROS2Projects/imu-test/imu_ws/src/wbt_imu', 'symlink_install': True, 'test_result_base': None}
[0.998s] INFO:colcon.colcon_core.executor:Executing jobs using 'parallel' executor
[1.004s] DEBUG:colcon.colcon_parallel_executor.executor.parallel:run_until_complete
[1.005s] INFO:colcon.colcon_ros.task.ament_cmake.build:Building ROS package in '/home/maroqi/Projects/RobotProjects/ROS2Projects/imu-test/imu_ws/src/imu_madgwick' with build type 'ament_cmake'
[1.006s] INFO:colcon.colcon_cmake.task.cmake.build:Building CMake package in '/home/maroqi/Projects/RobotProjects/ROS2Projects/imu-test/imu_ws/src/imu_madgwick'
[1.023s] INFO:colcon.colcon_core.plugin_system:Skipping extension 'colcon_core.shell.bat': Not used on non-Windows systems
[1.023s] INFO:colcon.colcon_core.shell:Skip shell extension 'powershell' for command environment: Not usable outside of PowerShell
[1.024s] DEBUG:colcon.colcon_core.shell:Skip shell extension 'dsv' for command environment
[1.035s] DEBUG:colcon.colcon_core.shell:Ignoring prefix path '/opt/ros/foxy'
[1.045s] INFO:colcon.colcon_ros.task.ament_python.build:Building ROS package in '/home/maroqi/Projects/RobotProjects/ROS2Projects/imu-test/imu_ws/src/wbt_imu' with build type 'ament_python'
[1.046s] Level 1:colcon.colcon_core.shell:create_environment_hook('wbt_imu', 'ament_prefix_path')
[1.050s] INFO:colcon.colcon_core.shell:Creating environment hook '/home/maroqi/Projects/RobotProjects/ROS2Projects/imu-test/imu_ws/install/wbt_imu/share/wbt_imu/hook/ament_prefix_path.ps1'
[1.053s] INFO:colcon.colcon_core.shell:Creating environment descriptor '/home/maroqi/Projects/RobotProjects/ROS2Projects/imu-test/imu_ws/install/wbt_imu/share/wbt_imu/hook/ament_prefix_path.dsv'
[1.054s] INFO:colcon.colcon_core.shell:Creating environment hook '/home/maroqi/Projects/RobotProjects/ROS2Projects/imu-test/imu_ws/install/wbt_imu/share/wbt_imu/hook/ament_prefix_path.sh'
[1.061s] INFO:colcon.colcon_core.shell:Skip shell extension 'powershell' for command environment: Not usable outside of PowerShell
[1.062s] DEBUG:colcon.colcon_core.shell:Skip shell extension 'dsv' for command environment
[1.068s] DEBUG:colcon.colcon_core.shell:Ignoring prefix path '/opt/ros/foxy'
[1.094s] DEBUG:colcon.colcon_core.event_handler.log_command:Invoking command in '/home/maroqi/Projects/RobotProjects/ROS2Projects/imu-test/imu_ws/build/imu_madgwick': CMAKE_PREFIX_PATH=${CMAKE_PREFIX_PATH}:/home/maroqi/Projects/RobotProjects/ROS2Projects/imu-test/imu_ws/install/wbt_imu:/opt/ros/foxy /usr/bin/cmake /home/maroqi/Projects/RobotProjects/ROS2Projects/imu-test/imu_ws/src/imu_madgwick -DAMENT_CMAKE_SYMLINK_INSTALL=1 -DCMAKE_INSTALL_PREFIX=/home/maroqi/Projects/RobotProjects/ROS2Projects/imu-test/imu_ws/install/imu_madgwick
[2.604s] INFO:colcon.colcon_core.task.python.build:Building Python package in '/home/maroqi/Projects/RobotProjects/ROS2Projects/imu-test/imu_ws/src/wbt_imu'
[2.613s] INFO:colcon.colcon_core.shell:Skip shell extension 'powershell' for command environment: Not usable outside of PowerShell
[2.613s] DEBUG:colcon.colcon_core.shell:Skip shell extension 'dsv' for command environment
[2.622s] DEBUG:colcon.colcon_core.shell:Ignoring prefix path '/opt/ros/foxy'
[2.661s] DEBUG:colcon.colcon_core.event_handler.log_command:Invoking command in '/home/maroqi/Projects/RobotProjects/ROS2Projects/imu-test/imu_ws/build/wbt_imu': PYTHONPATH=/home/maroqi/Projects/RobotProjects/ROS2Projects/imu-test/imu_ws/install/wbt_imu/lib/python3.8/site-packages:${PYTHONPATH} /usr/bin/python3 setup.py develop --prefix /home/maroqi/Projects/RobotProjects/ROS2Projects/imu-test/imu_ws/install/wbt_imu --editable --build-directory /home/maroqi/Projects/RobotProjects/ROS2Projects/imu-test/imu_ws/build/wbt_imu/build --no-deps install_data --install-dir /home/maroqi/Projects/RobotProjects/ROS2Projects/imu-test/imu_ws/install/wbt_imu
[6.163s] Level 1:colcon.colcon_core.shell:create_environment_hook('wbt_imu', 'pythonpath_develop')
[6.165s] INFO:colcon.colcon_core.shell:Creating environment hook '/home/maroqi/Projects/RobotProjects/ROS2Projects/imu-test/imu_ws/build/wbt_imu/share/wbt_imu/hook/pythonpath_develop.ps1'
[6.167s] DEBUG:colcon.colcon_core.event_handler.log_command:Invoked command in '/home/maroqi/Projects/RobotProjects/ROS2Projects/imu-test/imu_ws/build/wbt_imu' returned '0': PYTHONPATH=/home/maroqi/Projects/RobotProjects/ROS2Projects/imu-test/imu_ws/install/wbt_imu/lib/python3.8/site-packages:${PYTHONPATH} /usr/bin/python3 setup.py develop --prefix /home/maroqi/Projects/RobotProjects/ROS2Projects/imu-test/imu_ws/install/wbt_imu --editable --build-directory /home/maroqi/Projects/RobotProjects/ROS2Projects/imu-test/imu_ws/build/wbt_imu/build --no-deps install_data --install-dir /home/maroqi/Projects/RobotProjects/ROS2Projects/imu-test/imu_ws/install/wbt_imu
[6.172s] INFO:colcon.colcon_core.shell:Creating environment descriptor '/home/maroqi/Projects/RobotProjects/ROS2Projects/imu-test/imu_ws/build/wbt_imu/share/wbt_imu/hook/pythonpath_develop.dsv'
[6.173s] INFO:colcon.colcon_core.shell:Creating environment hook '/home/maroqi/Projects/RobotProjects/ROS2Projects/imu-test/imu_ws/build/wbt_imu/share/wbt_imu/hook/pythonpath_develop.sh'
[6.203s] Level 1:colcon.colcon_core.environment:checking '/home/maroqi/Projects/RobotProjects/ROS2Projects/imu-test/imu_ws/install/wbt_imu' for CMake module files
[6.204s] Level 1:colcon.colcon_core.environment:checking '/home/maroqi/Projects/RobotProjects/ROS2Projects/imu-test/imu_ws/install/wbt_imu' for CMake config files
[6.212s] Level 1:colcon.colcon_core.environment:checking '/home/maroqi/Projects/RobotProjects/ROS2Projects/imu-test/imu_ws/install/wbt_imu/lib'
[6.214s] Level 1:colcon.colcon_core.environment:checking '/home/maroqi/Projects/RobotProjects/ROS2Projects/imu-test/imu_ws/install/wbt_imu/bin'
[6.214s] Level 1:colcon.colcon_core.environment:checking '/home/maroqi/Projects/RobotProjects/ROS2Projects/imu-test/imu_ws/install/wbt_imu/lib/pkgconfig/wbt_imu.pc'
[6.214s] Level 1:colcon.colcon_core.environment:checking '/home/maroqi/Projects/RobotProjects/ROS2Projects/imu-test/imu_ws/install/wbt_imu/lib/python3.8/site-packages'
[6.215s] Level 1:colcon.colcon_core.shell:create_environment_hook('wbt_imu', 'pythonpath')
[6.217s] INFO:colcon.colcon_core.shell:Creating environment hook '/home/maroqi/Projects/RobotProjects/ROS2Projects/imu-test/imu_ws/install/wbt_imu/share/wbt_imu/hook/pythonpath.ps1'
[6.223s] INFO:colcon.colcon_core.shell:Creating environment descriptor '/home/maroqi/Projects/RobotProjects/ROS2Projects/imu-test/imu_ws/install/wbt_imu/share/wbt_imu/hook/pythonpath.dsv'
[6.231s] INFO:colcon.colcon_core.shell:Creating environment hook '/home/maroqi/Projects/RobotProjects/ROS2Projects/imu-test/imu_ws/install/wbt_imu/share/wbt_imu/hook/pythonpath.sh'
[6.238s] Level 1:colcon.colcon_core.environment:create_environment_scripts_only(wbt_imu)
[6.240s] INFO:colcon.colcon_core.shell:Creating package script '/home/maroqi/Projects/RobotProjects/ROS2Projects/imu-test/imu_ws/install/wbt_imu/share/wbt_imu/package.ps1'
[6.252s] INFO:colcon.colcon_core.shell:Creating package descriptor '/home/maroqi/Projects/RobotProjects/ROS2Projects/imu-test/imu_ws/install/wbt_imu/share/wbt_imu/package.dsv'
[6.254s] INFO:colcon.colcon_core.shell:Creating package script '/home/maroqi/Projects/RobotProjects/ROS2Projects/imu-test/imu_ws/install/wbt_imu/share/wbt_imu/package.sh'
[6.264s] INFO:colcon.colcon_core.shell:Creating package script '/home/maroqi/Projects/RobotProjects/ROS2Projects/imu-test/imu_ws/install/wbt_imu/share/wbt_imu/package.bash'
[6.269s] INFO:colcon.colcon_core.shell:Creating package script '/home/maroqi/Projects/RobotProjects/ROS2Projects/imu-test/imu_ws/install/wbt_imu/share/wbt_imu/package.zsh'
[6.272s] Level 1:colcon.colcon_core.environment:create_file_with_runtime_dependencies(/home/maroqi/Projects/RobotProjects/ROS2Projects/imu-test/imu_ws/install/wbt_imu/share/colcon-core/packages/wbt_imu)
[6.504s] DEBUG:colcon.colcon_core.event_handler.log_command:Invoked command in '/home/maroqi/Projects/RobotProjects/ROS2Projects/imu-test/imu_ws/build/imu_madgwick' returned '0': CMAKE_PREFIX_PATH=${CMAKE_PREFIX_PATH}:/home/maroqi/Projects/RobotProjects/ROS2Projects/imu-test/imu_ws/install/wbt_imu:/opt/ros/foxy /usr/bin/cmake /home/maroqi/Projects/RobotProjects/ROS2Projects/imu-test/imu_ws/src/imu_madgwick -DAMENT_CMAKE_SYMLINK_INSTALL=1 -DCMAKE_INSTALL_PREFIX=/home/maroqi/Projects/RobotProjects/ROS2Projects/imu-test/imu_ws/install/imu_madgwick
[6.508s] DEBUG:colcon.colcon_core.event_handler.log_command:Invoking command in '/home/maroqi/Projects/RobotProjects/ROS2Projects/imu-test/imu_ws/build/imu_madgwick': CMAKE_PREFIX_PATH=${CMAKE_PREFIX_PATH}:/home/maroqi/Projects/RobotProjects/ROS2Projects/imu-test/imu_ws/install/wbt_imu:/opt/ros/foxy /usr/bin/cmake --build /home/maroqi/Projects/RobotProjects/ROS2Projects/imu-test/imu_ws/build/imu_madgwick -- -j2 -l2
[48.452s] DEBUG:colcon.colcon_core.event_handler.log_command:Invoked command in '/home/maroqi/Projects/RobotProjects/ROS2Projects/imu-test/imu_ws/build/imu_madgwick' returned '0': CMAKE_PREFIX_PATH=${CMAKE_PREFIX_PATH}:/home/maroqi/Projects/RobotProjects/ROS2Projects/imu-test/imu_ws/install/wbt_imu:/opt/ros/foxy /usr/bin/cmake --build /home/maroqi/Projects/RobotProjects/ROS2Projects/imu-test/imu_ws/build/imu_madgwick -- -j2 -l2
[48.608s] DEBUG:colcon.colcon_core.event_handler.log_command:Invoking command in '/home/maroqi/Projects/RobotProjects/ROS2Projects/imu-test/imu_ws/build/imu_madgwick': CMAKE_PREFIX_PATH=${CMAKE_PREFIX_PATH}:/home/maroqi/Projects/RobotProjects/ROS2Projects/imu-test/imu_ws/install/wbt_imu:/opt/ros/foxy /usr/bin/cmake --install /home/maroqi/Projects/RobotProjects/ROS2Projects/imu-test/imu_ws/build/imu_madgwick
[49.353s] Level 1:colcon.colcon_core.environment:create_environment_scripts_only(imu_madgwick)
[49.356s] Level 1:colcon.colcon_core.environment:checking '/home/maroqi/Projects/RobotProjects/ROS2Projects/imu-test/imu_ws/install/imu_madgwick' for CMake module files
[49.358s] Level 1:colcon.colcon_core.environment:checking '/home/maroqi/Projects/RobotProjects/ROS2Projects/imu-test/imu_ws/install/imu_madgwick' for CMake config files
[49.359s] Level 1:colcon.colcon_core.shell:create_environment_hook('imu_madgwick', 'cmake_prefix_path')
[49.360s] INFO:colcon.colcon_core.shell:Creating environment hook '/home/maroqi/Projects/RobotProjects/ROS2Projects/imu-test/imu_ws/install/imu_madgwick/share/imu_madgwick/hook/cmake_prefix_path.ps1'
[49.361s] INFO:colcon.colcon_core.shell:Creating environment descriptor '/home/maroqi/Projects/RobotProjects/ROS2Projects/imu-test/imu_ws/install/imu_madgwick/share/imu_madgwick/hook/cmake_prefix_path.dsv'
[49.364s] DEBUG:colcon.colcon_core.event_handler.log_command:Invoked command in '/home/maroqi/Projects/RobotProjects/ROS2Projects/imu-test/imu_ws/build/imu_madgwick' returned '0': CMAKE_PREFIX_PATH=${CMAKE_PREFIX_PATH}:/home/maroqi/Projects/RobotProjects/ROS2Projects/imu-test/imu_ws/install/wbt_imu:/opt/ros/foxy /usr/bin/cmake --install /home/maroqi/Projects/RobotProjects/ROS2Projects/imu-test/imu_ws/build/imu_madgwick
[49.366s] INFO:colcon.colcon_core.shell:Creating environment hook '/home/maroqi/Projects/RobotProjects/ROS2Projects/imu-test/imu_ws/install/imu_madgwick/share/imu_madgwick/hook/cmake_prefix_path.sh'
[49.368s] Level 1:colcon.colcon_core.environment:checking '/home/maroqi/Projects/RobotProjects/ROS2Projects/imu-test/imu_ws/install/imu_madgwick/lib'
[49.368s] Level 1:colcon.colcon_core.environment:checking '/home/maroqi/Projects/RobotProjects/ROS2Projects/imu-test/imu_ws/install/imu_madgwick/bin'
[49.368s] Level 1:colcon.colcon_core.environment:checking '/home/maroqi/Projects/RobotProjects/ROS2Projects/imu-test/imu_ws/install/imu_madgwick/lib/pkgconfig/imu_madgwick.pc'
[49.368s] Level 1:colcon.colcon_core.environment:checking '/home/maroqi/Projects/RobotProjects/ROS2Projects/imu-test/imu_ws/install/imu_madgwick/lib/python3.8/site-packages'
[49.375s] INFO:colcon.colcon_core.shell:Creating package script '/home/maroqi/Projects/RobotProjects/ROS2Projects/imu-test/imu_ws/install/imu_madgwick/share/imu_madgwick/package.ps1'
[49.377s] INFO:colcon.colcon_core.shell:Creating package descriptor '/home/maroqi/Projects/RobotProjects/ROS2Projects/imu-test/imu_ws/install/imu_madgwick/share/imu_madgwick/package.dsv'
[49.379s] INFO:colcon.colcon_core.shell:Creating package script '/home/maroqi/Projects/RobotProjects/ROS2Projects/imu-test/imu_ws/install/imu_madgwick/share/imu_madgwick/package.sh'
[49.382s] INFO:colcon.colcon_core.shell:Creating package script '/home/maroqi/Projects/RobotProjects/ROS2Projects/imu-test/imu_ws/install/imu_madgwick/share/imu_madgwick/package.bash'
[49.384s] INFO:colcon.colcon_core.shell:Creating package script '/home/maroqi/Projects/RobotProjects/ROS2Projects/imu-test/imu_ws/install/imu_madgwick/share/imu_madgwick/package.zsh'
[49.389s] Level 1:colcon.colcon_core.environment:create_file_with_runtime_dependencies(/home/maroqi/Projects/RobotProjects/ROS2Projects/imu-test/imu_ws/install/imu_madgwick/share/colcon-core/packages/imu_madgwick)
[49.524s] Level 1:colcon.colcon_core.environment:create_environment_scripts_only(imu_madgwick)
[49.528s] Level 1:colcon.colcon_core.environment:checking '/home/maroqi/Projects/RobotProjects/ROS2Projects/imu-test/imu_ws/install/imu_madgwick' for CMake module files
[49.529s] Level 1:colcon.colcon_core.environment:checking '/home/maroqi/Projects/RobotProjects/ROS2Projects/imu-test/imu_ws/install/imu_madgwick' for CMake config files
[49.530s] Level 1:colcon.colcon_core.shell:create_environment_hook('imu_madgwick', 'cmake_prefix_path')
[49.536s] INFO:colcon.colcon_core.shell:Creating environment hook '/home/maroqi/Projects/RobotProjects/ROS2Projects/imu-test/imu_ws/install/imu_madgwick/share/imu_madgwick/hook/cmake_prefix_path.ps1'
[49.537s] INFO:colcon.colcon_core.shell:Creating environment descriptor '/home/maroqi/Projects/RobotProjects/ROS2Projects/imu-test/imu_ws/install/imu_madgwick/share/imu_madgwick/hook/cmake_prefix_path.dsv'
[49.539s] INFO:colcon.colcon_core.shell:Creating environment hook '/home/maroqi/Projects/RobotProjects/ROS2Projects/imu-test/imu_ws/install/imu_madgwick/share/imu_madgwick/hook/cmake_prefix_path.sh'
[49.541s] Level 1:colcon.colcon_core.environment:checking '/home/maroqi/Projects/RobotProjects/ROS2Projects/imu-test/imu_ws/install/imu_madgwick/lib'
[49.541s] Level 1:colcon.colcon_core.environment:checking '/home/maroqi/Projects/RobotProjects/ROS2Projects/imu-test/imu_ws/install/imu_madgwick/bin'
[49.541s] Level 1:colcon.colcon_core.environment:checking '/home/maroqi/Projects/RobotProjects/ROS2Projects/imu-test/imu_ws/install/imu_madgwick/lib/pkgconfig/imu_madgwick.pc'
[49.541s] Level 1:colcon.colcon_core.environment:checking '/home/maroqi/Projects/RobotProjects/ROS2Projects/imu-test/imu_ws/install/imu_madgwick/lib/python3.8/site-packages'
[49.543s] INFO:colcon.colcon_core.shell:Creating package script '/home/maroqi/Projects/RobotProjects/ROS2Projects/imu-test/imu_ws/install/imu_madgwick/share/imu_madgwick/package.ps1'
[49.544s] INFO:colcon.colcon_core.shell:Creating package descriptor '/home/maroqi/Projects/RobotProjects/ROS2Projects/imu-test/imu_ws/install/imu_madgwick/share/imu_madgwick/package.dsv'
[49.547s] INFO:colcon.colcon_core.shell:Creating package script '/home/maroqi/Projects/RobotProjects/ROS2Projects/imu-test/imu_ws/install/imu_madgwick/share/imu_madgwick/package.sh'
[49.548s] INFO:colcon.colcon_core.shell:Creating package script '/home/maroqi/Projects/RobotProjects/ROS2Projects/imu-test/imu_ws/install/imu_madgwick/share/imu_madgwick/package.bash'
[49.550s] INFO:colcon.colcon_core.shell:Creating package script '/home/maroqi/Projects/RobotProjects/ROS2Projects/imu-test/imu_ws/install/imu_madgwick/share/imu_madgwick/package.zsh'
[49.551s] Level 1:colcon.colcon_core.environment:create_file_with_runtime_dependencies(/home/maroqi/Projects/RobotProjects/ROS2Projects/imu-test/imu_ws/install/imu_madgwick/share/colcon-core/packages/imu_madgwick)
[49.553s] DEBUG:colcon.colcon_parallel_executor.executor.parallel:closing loop
[49.554s] DEBUG:colcon.colcon_parallel_executor.executor.parallel:loop closed
[49.554s] DEBUG:colcon.colcon_parallel_executor.executor.parallel:run_until_complete finished with '0'
[49.554s] DEBUG:colcon.colcon_core.event_reactor:joining thread
[49.581s] INFO:colcon.colcon_core.plugin_system:Skipping extension 'colcon_notification.desktop_notification.terminal_notifier': Not used on non-Darwin systems
[49.581s] INFO:colcon.colcon_core.plugin_system:Skipping extension 'colcon_notification.desktop_notification.win32': Not used on non-Windows systems
[49.581s] INFO:colcon.colcon_notification.desktop_notification:Sending desktop notification using 'notify2'
[49.658s] DEBUG:colcon.colcon_core.event_reactor:joined thread
[49.660s] INFO:colcon.colcon_core.shell:Creating prefix script '/home/maroqi/Projects/RobotProjects/ROS2Projects/imu-test/imu_ws/install/local_setup.ps1'
[49.663s] INFO:colcon.colcon_core.shell:Creating prefix util module '/home/maroqi/Projects/RobotProjects/ROS2Projects/imu-test/imu_ws/install/_local_setup_util_ps1.py'
[49.668s] INFO:colcon.colcon_core.shell:Creating prefix chain script '/home/maroqi/Projects/RobotProjects/ROS2Projects/imu-test/imu_ws/install/setup.ps1'
[49.676s] INFO:colcon.colcon_core.shell:Creating prefix script '/home/maroqi/Projects/RobotProjects/ROS2Projects/imu-test/imu_ws/install/local_setup.sh'
[49.678s] INFO:colcon.colcon_core.shell:Creating prefix util module '/home/maroqi/Projects/RobotProjects/ROS2Projects/imu-test/imu_ws/install/_local_setup_util_sh.py'
[49.679s] INFO:colcon.colcon_core.shell:Creating prefix chain script '/home/maroqi/Projects/RobotProjects/ROS2Projects/imu-test/imu_ws/install/setup.sh'
[49.694s] INFO:colcon.colcon_core.shell:Creating prefix script '/home/maroqi/Projects/RobotProjects/ROS2Projects/imu-test/imu_ws/install/local_setup.bash'
[49.696s] INFO:colcon.colcon_core.shell:Creating prefix chain script '/home/maroqi/Projects/RobotProjects/ROS2Projects/imu-test/imu_ws/install/setup.bash'
[49.704s] INFO:colcon.colcon_core.shell:Creating prefix script '/home/maroqi/Projects/RobotProjects/ROS2Projects/imu-test/imu_ws/install/local_setup.zsh'
[49.706s] INFO:colcon.colcon_core.shell:Creating prefix chain script '/home/maroqi/Projects/RobotProjects/ROS2Projects/imu-test/imu_ws/install/setup.zsh'
