[1.323s] Invoking command in '/home/maroqi/Projects/RobotProjects/ROS2Projects/imu-test/imu_ws/src/wbt_imu': PYTHONPATH=/home/maroqi/Projects/RobotProjects/ROS2Projects/imu-test/imu_ws/install/wbt_imu/lib/python3.8/site-packages:${PYTHONPATH} /usr/bin/python3 setup.py egg_info --egg-base ../../build/wbt_imu build --build-base /home/maroqi/Projects/RobotProjects/ROS2Projects/imu-test/imu_ws/build/wbt_imu/build install --prefix /home/maroqi/Projects/RobotProjects/ROS2Projects/imu-test/imu_ws/install/wbt_imu --record /home/maroqi/Projects/RobotProjects/ROS2Projects/imu-test/imu_ws/build/wbt_imu/install.log --single-version-externally-managed
[2.952s] running egg_info
[2.957s] creating ../../build/wbt_imu/wbt_imu.egg-info
[2.964s] writing ../../build/wbt_imu/wbt_imu.egg-info/PKG-INFO
[2.965s] writing dependency_links to ../../build/wbt_imu/wbt_imu.egg-info/dependency_links.txt
[2.965s] writing entry points to ../../build/wbt_imu/wbt_imu.egg-info/entry_points.txt
[2.965s] writing requirements to ../../build/wbt_imu/wbt_imu.egg-info/requires.txt
[2.965s] writing top-level names to ../../build/wbt_imu/wbt_imu.egg-info/top_level.txt
[2.978s] writing manifest file '../../build/wbt_imu/wbt_imu.egg-info/SOURCES.txt'
[3.194s] reading manifest file '../../build/wbt_imu/wbt_imu.egg-info/SOURCES.txt'
[3.199s] writing manifest file '../../build/wbt_imu/wbt_imu.egg-info/SOURCES.txt'
[3.199s] running build
[3.200s] running build_py
[3.200s] creating /home/maroqi/Projects/RobotProjects/ROS2Projects/imu-test/imu_ws/build/wbt_imu/build
[3.201s] creating /home/maroqi/Projects/RobotProjects/ROS2Projects/imu-test/imu_ws/build/wbt_imu/build/lib
[3.201s] creating /home/maroqi/Projects/RobotProjects/ROS2Projects/imu-test/imu_ws/build/wbt_imu/build/lib/wbt_imu
[3.201s] copying wbt_imu/driver.py -> /home/maroqi/Projects/RobotProjects/ROS2Projects/imu-test/imu_ws/build/wbt_imu/build/lib/wbt_imu
[3.202s] copying wbt_imu/__init__.py -> /home/maroqi/Projects/RobotProjects/ROS2Projects/imu-test/imu_ws/build/wbt_imu/build/lib/wbt_imu
[3.202s] running install
[3.207s] running install_lib
[3.217s] creating /home/maroqi/Projects/RobotProjects/ROS2Projects/imu-test/imu_ws/install/wbt_imu/lib/python3.8/site-packages/wbt_imu
[3.217s] copying /home/maroqi/Projects/RobotProjects/ROS2Projects/imu-test/imu_ws/build/wbt_imu/build/lib/wbt_imu/driver.py -> /home/maroqi/Projects/RobotProjects/ROS2Projects/imu-test/imu_ws/install/wbt_imu/lib/python3.8/site-packages/wbt_imu
[3.217s] copying /home/maroqi/Projects/RobotProjects/ROS2Projects/imu-test/imu_ws/build/wbt_imu/build/lib/wbt_imu/__init__.py -> /home/maroqi/Projects/RobotProjects/ROS2Projects/imu-test/imu_ws/install/wbt_imu/lib/python3.8/site-packages/wbt_imu
[3.218s] byte-compiling /home/maroqi/Projects/RobotProjects/ROS2Projects/imu-test/imu_ws/install/wbt_imu/lib/python3.8/site-packages/wbt_imu/driver.py to driver.cpython-38.pyc
[3.229s] byte-compiling /home/maroqi/Projects/RobotProjects/ROS2Projects/imu-test/imu_ws/install/wbt_imu/lib/python3.8/site-packages/wbt_imu/__init__.py to __init__.cpython-38.pyc
[3.229s] running install_data
[3.231s] creating /home/maroqi/Projects/RobotProjects/ROS2Projects/imu-test/imu_ws/install/wbt_imu/share/ament_index
[3.232s] creating /home/maroqi/Projects/RobotProjects/ROS2Projects/imu-test/imu_ws/install/wbt_imu/share/ament_index/resource_index
[3.232s] creating /home/maroqi/Projects/RobotProjects/ROS2Projects/imu-test/imu_ws/install/wbt_imu/share/ament_index/resource_index/packages
[3.232s] copying resource/wbt_imu -> /home/maroqi/Projects/RobotProjects/ROS2Projects/imu-test/imu_ws/install/wbt_imu/share/ament_index/resource_index/packages
[3.233s] copying package.xml -> /home/maroqi/Projects/RobotProjects/ROS2Projects/imu-test/imu_ws/install/wbt_imu/share/wbt_imu
[3.233s] running install_egg_info
[3.253s] Copying ../../build/wbt_imu/wbt_imu.egg-info to /home/maroqi/Projects/RobotProjects/ROS2Projects/imu-test/imu_ws/install/wbt_imu/lib/python3.8/site-packages/wbt_imu-0.0.0-py3.8.egg-info
[3.259s] running install_scripts
[3.358s] writing list of installed files to '/home/maroqi/Projects/RobotProjects/ROS2Projects/imu-test/imu_ws/build/wbt_imu/install.log'
[3.515s] Invoked command in '/home/maroqi/Projects/RobotProjects/ROS2Projects/imu-test/imu_ws/src/wbt_imu' returned '0': PYTHONPATH=/home/maroqi/Projects/RobotProjects/ROS2Projects/imu-test/imu_ws/install/wbt_imu/lib/python3.8/site-packages:${PYTHONPATH} /usr/bin/python3 setup.py egg_info --egg-base ../../build/wbt_imu build --build-base /home/maroqi/Projects/RobotProjects/ROS2Projects/imu-test/imu_ws/build/wbt_imu/build install --prefix /home/maroqi/Projects/RobotProjects/ROS2Projects/imu-test/imu_ws/install/wbt_imu --record /home/maroqi/Projects/RobotProjects/ROS2Projects/imu-test/imu_ws/build/wbt_imu/install.log --single-version-externally-managed
