[0.725s] DEBUG:colcon:Command line arguments: ['/usr/bin/colcon', 'build']
[0.726s] DEBUG:colcon:Parsed command line arguments: Namespace(ament_cmake_args=None, base_paths=['.'], build_base='build', catkin_cmake_args=None, catkin_skip_building_tests=False, cmake_args=None, cmake_clean_cache=False, cmake_clean_first=False, cmake_force_configure=False, cmake_target=None, cmake_target_skip_unavailable=False, continue_on_error=False, event_handlers=None, executor='parallel', ignore_user_meta=False, install_base='install', log_base=None, log_level=None, main=<bound method BuildVerb.main of <colcon_core.verb.build.BuildVerb object at 0x7ff9e2bd3490>>, merge_install=False, metas=['./colcon.meta'], packages_above=None, packages_above_and_dependencies=None, packages_above_depth=None, packages_end=None, packages_ignore=None, packages_ignore_regex=None, packages_select=None, packages_select_build_failed=False, packages_select_by_dep=None, packages_select_regex=None, packages_select_test_failures=False, packages_skip=None, packages_skip_build_finished=False, packages_skip_by_dep=None, packages_skip_regex=None, packages_skip_test_passed=False, packages_skip_up_to=None, packages_start=None, packages_up_to=None, packages_up_to_regex=None, parallel_workers=2, paths=None, symlink_install=False, test_result_base=None, verb_extension=<colcon_core.verb.build.BuildVerb object at 0x7ff9e2bd3490>, verb_name='build', verb_parser=<colcon_defaults.argument_parser.defaults.DefaultArgumentsDecorator object at 0x7ff9e2bd39d0>)
[0.744s] Level 1:colcon.colcon_core.package_discovery:discover_packages(colcon_meta) check parameters
[0.745s] Level 1:colcon.colcon_core.package_discovery:discover_packages(recursive) check parameters
[0.745s] Level 1:colcon.colcon_core.package_discovery:discover_packages(ignore) check parameters
[0.745s] Level 1:colcon.colcon_core.package_discovery:discover_packages(path) check parameters
[0.745s] Level 1:colcon.colcon_core.package_discovery:discover_packages(colcon_meta) discover
[0.746s] Level 1:colcon.colcon_core.package_discovery:discover_packages(recursive) discover
[0.746s] INFO:colcon.colcon_core.package_discovery:Crawling recursively for packages in '/home/maroqi/Projects/RobotProjects/imu-test'
[0.746s] Level 1:colcon.colcon_core.package_identification:_identify(.) by extensions ['ignore', 'ignore_ament_install']
[0.746s] Level 1:colcon.colcon_core.package_identification:_identify(.) by extension 'ignore'
[0.747s] Level 1:colcon.colcon_core.package_identification:_identify(.) by extension 'ignore_ament_install'
[0.747s] Level 1:colcon.colcon_core.package_identification:_identify(.) by extensions ['colcon_pkg']
[0.747s] Level 1:colcon.colcon_core.package_identification:_identify(.) by extension 'colcon_pkg'
[0.747s] Level 1:colcon.colcon_core.package_identification:_identify(.) by extensions ['colcon_meta']
[0.747s] Level 1:colcon.colcon_core.package_identification:_identify(.) by extension 'colcon_meta'
[0.747s] Level 1:colcon.colcon_core.package_identification:_identify(.) by extensions ['ros']
[0.747s] Level 1:colcon.colcon_core.package_identification:_identify(.) by extension 'ros'
[0.780s] Level 1:colcon.colcon_core.package_identification:_identify(.) by extensions ['cmake', 'python']
[0.780s] Level 1:colcon.colcon_core.package_identification:_identify(.) by extension 'cmake'
[0.780s] Level 1:colcon.colcon_core.package_identification:_identify(.) by extension 'python'
[0.781s] Level 1:colcon.colcon_core.package_identification:_identify(.) by extensions ['python_setup_py']
[0.781s] Level 1:colcon.colcon_core.package_identification:_identify(.) by extension 'python_setup_py'
[0.781s] Level 1:colcon.colcon_core.package_identification:_identify(build) by extensions ['ignore', 'ignore_ament_install']
[0.781s] Level 1:colcon.colcon_core.package_identification:_identify(build) by extension 'ignore'
[0.781s] Level 1:colcon.colcon_core.package_identification:_identify(build) ignored
[0.782s] Level 1:colcon.colcon_core.package_identification:_identify(controllers) by extensions ['ignore', 'ignore_ament_install']
[0.782s] Level 1:colcon.colcon_core.package_identification:_identify(controllers) by extension 'ignore'
[0.782s] Level 1:colcon.colcon_core.package_identification:_identify(controllers) by extension 'ignore_ament_install'
[0.782s] Level 1:colcon.colcon_core.package_identification:_identify(controllers) by extensions ['colcon_pkg']
[0.783s] Level 1:colcon.colcon_core.package_identification:_identify(controllers) by extension 'colcon_pkg'
[0.783s] Level 1:colcon.colcon_core.package_identification:_identify(controllers) by extensions ['colcon_meta']
[0.783s] Level 1:colcon.colcon_core.package_identification:_identify(controllers) by extension 'colcon_meta'
[0.783s] Level 1:colcon.colcon_core.package_identification:_identify(controllers) by extensions ['ros']
[0.783s] Level 1:colcon.colcon_core.package_identification:_identify(controllers) by extension 'ros'
[0.783s] Level 1:colcon.colcon_core.package_identification:_identify(controllers) by extensions ['cmake', 'python']
[0.783s] Level 1:colcon.colcon_core.package_identification:_identify(controllers) by extension 'cmake'
[0.783s] Level 1:colcon.colcon_core.package_identification:_identify(controllers) by extension 'python'
[0.783s] Level 1:colcon.colcon_core.package_identification:_identify(controllers) by extensions ['python_setup_py']
[0.783s] Level 1:colcon.colcon_core.package_identification:_identify(controllers) by extension 'python_setup_py'
[0.784s] Level 1:colcon.colcon_core.package_identification:_identify(controllers/sensorsAndStuff) by extensions ['ignore', 'ignore_ament_install']
[0.784s] Level 1:colcon.colcon_core.package_identification:_identify(controllers/sensorsAndStuff) by extension 'ignore'
[0.784s] Level 1:colcon.colcon_core.package_identification:_identify(controllers/sensorsAndStuff) by extension 'ignore_ament_install'
[0.784s] Level 1:colcon.colcon_core.package_identification:_identify(controllers/sensorsAndStuff) by extensions ['colcon_pkg']
[0.784s] Level 1:colcon.colcon_core.package_identification:_identify(controllers/sensorsAndStuff) by extension 'colcon_pkg'
[0.784s] Level 1:colcon.colcon_core.package_identification:_identify(controllers/sensorsAndStuff) by extensions ['colcon_meta']
[0.784s] Level 1:colcon.colcon_core.package_identification:_identify(controllers/sensorsAndStuff) by extension 'colcon_meta'
[0.785s] Level 1:colcon.colcon_core.package_identification:_identify(controllers/sensorsAndStuff) by extensions ['ros']
[0.785s] Level 1:colcon.colcon_core.package_identification:_identify(controllers/sensorsAndStuff) by extension 'ros'
[0.785s] Level 1:colcon.colcon_core.package_identification:_identify(controllers/sensorsAndStuff) by extensions ['cmake', 'python']
[0.785s] Level 1:colcon.colcon_core.package_identification:_identify(controllers/sensorsAndStuff) by extension 'cmake'
[0.785s] Level 1:colcon.colcon_core.package_identification:_identify(controllers/sensorsAndStuff) by extension 'python'
[0.785s] Level 1:colcon.colcon_core.package_identification:_identify(controllers/sensorsAndStuff) by extensions ['python_setup_py']
[0.785s] Level 1:colcon.colcon_core.package_identification:_identify(controllers/sensorsAndStuff) by extension 'python_setup_py'
[0.786s] Level 1:colcon.colcon_core.package_identification:_identify(controllers/sensorsAndStuff/build) by extensions ['ignore', 'ignore_ament_install']
[0.786s] Level 1:colcon.colcon_core.package_identification:_identify(controllers/sensorsAndStuff/build) by extension 'ignore'
[0.786s] Level 1:colcon.colcon_core.package_identification:_identify(controllers/sensorsAndStuff/build) by extension 'ignore_ament_install'
[0.786s] Level 1:colcon.colcon_core.package_identification:_identify(controllers/sensorsAndStuff/build) by extensions ['colcon_pkg']
[0.786s] Level 1:colcon.colcon_core.package_identification:_identify(controllers/sensorsAndStuff/build) by extension 'colcon_pkg'
[0.787s] Level 1:colcon.colcon_core.package_identification:_identify(controllers/sensorsAndStuff/build) by extensions ['colcon_meta']
[0.787s] Level 1:colcon.colcon_core.package_identification:_identify(controllers/sensorsAndStuff/build) by extension 'colcon_meta'
[0.787s] Level 1:colcon.colcon_core.package_identification:_identify(controllers/sensorsAndStuff/build) by extensions ['ros']
[0.787s] Level 1:colcon.colcon_core.package_identification:_identify(controllers/sensorsAndStuff/build) by extension 'ros'
[0.787s] Level 1:colcon.colcon_core.package_identification:_identify(controllers/sensorsAndStuff/build) by extensions ['cmake', 'python']
[0.787s] Level 1:colcon.colcon_core.package_identification:_identify(controllers/sensorsAndStuff/build) by extension 'cmake'
[0.787s] Level 1:colcon.colcon_core.package_identification:_identify(controllers/sensorsAndStuff/build) by extension 'python'
[0.788s] Level 1:colcon.colcon_core.package_identification:_identify(controllers/sensorsAndStuff/build) by extensions ['python_setup_py']
[0.788s] Level 1:colcon.colcon_core.package_identification:_identify(controllers/sensorsAndStuff/build) by extension 'python_setup_py'
[0.788s] Level 1:colcon.colcon_core.package_identification:_identify(controllers/sensorsAndStuff/build/release) by extensions ['ignore', 'ignore_ament_install']
[0.788s] Level 1:colcon.colcon_core.package_identification:_identify(controllers/sensorsAndStuff/build/release) by extension 'ignore'
[0.789s] Level 1:colcon.colcon_core.package_identification:_identify(controllers/sensorsAndStuff/build/release) by extension 'ignore_ament_install'
[0.789s] Level 1:colcon.colcon_core.package_identification:_identify(controllers/sensorsAndStuff/build/release) by extensions ['colcon_pkg']
[0.789s] Level 1:colcon.colcon_core.package_identification:_identify(controllers/sensorsAndStuff/build/release) by extension 'colcon_pkg'
[0.789s] Level 1:colcon.colcon_core.package_identification:_identify(controllers/sensorsAndStuff/build/release) by extensions ['colcon_meta']
[0.789s] Level 1:colcon.colcon_core.package_identification:_identify(controllers/sensorsAndStuff/build/release) by extension 'colcon_meta'
[0.789s] Level 1:colcon.colcon_core.package_identification:_identify(controllers/sensorsAndStuff/build/release) by extensions ['ros']
[0.789s] Level 1:colcon.colcon_core.package_identification:_identify(controllers/sensorsAndStuff/build/release) by extension 'ros'
[0.790s] Level 1:colcon.colcon_core.package_identification:_identify(controllers/sensorsAndStuff/build/release) by extensions ['cmake', 'python']
[0.790s] Level 1:colcon.colcon_core.package_identification:_identify(controllers/sensorsAndStuff/build/release) by extension 'cmake'
[0.790s] Level 1:colcon.colcon_core.package_identification:_identify(controllers/sensorsAndStuff/build/release) by extension 'python'
[0.790s] Level 1:colcon.colcon_core.package_identification:_identify(controllers/sensorsAndStuff/build/release) by extensions ['python_setup_py']
[0.790s] Level 1:colcon.colcon_core.package_identification:_identify(controllers/sensorsAndStuff/build/release) by extension 'python_setup_py'
[0.790s] Level 1:colcon.colcon_core.package_identification:_identify(imu_ws) by extensions ['ignore', 'ignore_ament_install']
[0.791s] Level 1:colcon.colcon_core.package_identification:_identify(imu_ws) by extension 'ignore'
[0.791s] Level 1:colcon.colcon_core.package_identification:_identify(imu_ws) by extension 'ignore_ament_install'
[0.791s] Level 1:colcon.colcon_core.package_identification:_identify(imu_ws) by extensions ['colcon_pkg']
[0.791s] Level 1:colcon.colcon_core.package_identification:_identify(imu_ws) by extension 'colcon_pkg'
[0.791s] Level 1:colcon.colcon_core.package_identification:_identify(imu_ws) by extensions ['colcon_meta']
[0.791s] Level 1:colcon.colcon_core.package_identification:_identify(imu_ws) by extension 'colcon_meta'
[0.791s] Level 1:colcon.colcon_core.package_identification:_identify(imu_ws) by extensions ['ros']
[0.791s] Level 1:colcon.colcon_core.package_identification:_identify(imu_ws) by extension 'ros'
[0.792s] Level 1:colcon.colcon_core.package_identification:_identify(imu_ws) by extensions ['cmake', 'python']
[0.792s] Level 1:colcon.colcon_core.package_identification:_identify(imu_ws) by extension 'cmake'
[0.792s] Level 1:colcon.colcon_core.package_identification:_identify(imu_ws) by extension 'python'
[0.792s] Level 1:colcon.colcon_core.package_identification:_identify(imu_ws) by extensions ['python_setup_py']
[0.792s] Level 1:colcon.colcon_core.package_identification:_identify(imu_ws) by extension 'python_setup_py'
[0.792s] Level 1:colcon.colcon_core.package_identification:_identify(imu_ws/build) by extensions ['ignore', 'ignore_ament_install']
[0.792s] Level 1:colcon.colcon_core.package_identification:_identify(imu_ws/build) by extension 'ignore'
[0.793s] Level 1:colcon.colcon_core.package_identification:_identify(imu_ws/build) ignored
[0.793s] Level 1:colcon.colcon_core.package_identification:_identify(imu_ws/install) by extensions ['ignore', 'ignore_ament_install']
[0.793s] Level 1:colcon.colcon_core.package_identification:_identify(imu_ws/install) by extension 'ignore'
[0.794s] Level 1:colcon.colcon_core.package_identification:_identify(imu_ws/install) ignored
[0.794s] Level 1:colcon.colcon_core.package_identification:_identify(imu_ws/log) by extensions ['ignore', 'ignore_ament_install']
[0.794s] Level 1:colcon.colcon_core.package_identification:_identify(imu_ws/log) by extension 'ignore'
[0.794s] Level 1:colcon.colcon_core.package_identification:_identify(imu_ws/log) ignored
[0.795s] Level 1:colcon.colcon_core.package_identification:_identify(imu_ws/src) by extensions ['ignore', 'ignore_ament_install']
[0.795s] Level 1:colcon.colcon_core.package_identification:_identify(imu_ws/src) by extension 'ignore'
[0.795s] Level 1:colcon.colcon_core.package_identification:_identify(imu_ws/src) by extension 'ignore_ament_install'
[0.795s] Level 1:colcon.colcon_core.package_identification:_identify(imu_ws/src) by extensions ['colcon_pkg']
[0.795s] Level 1:colcon.colcon_core.package_identification:_identify(imu_ws/src) by extension 'colcon_pkg'
[0.795s] Level 1:colcon.colcon_core.package_identification:_identify(imu_ws/src) by extensions ['colcon_meta']
[0.795s] Level 1:colcon.colcon_core.package_identification:_identify(imu_ws/src) by extension 'colcon_meta'
[0.796s] Level 1:colcon.colcon_core.package_identification:_identify(imu_ws/src) by extensions ['ros']
[0.796s] Level 1:colcon.colcon_core.package_identification:_identify(imu_ws/src) by extension 'ros'
[0.796s] Level 1:colcon.colcon_core.package_identification:_identify(imu_ws/src) by extensions ['cmake', 'python']
[0.796s] Level 1:colcon.colcon_core.package_identification:_identify(imu_ws/src) by extension 'cmake'
[0.796s] Level 1:colcon.colcon_core.package_identification:_identify(imu_ws/src) by extension 'python'
[0.796s] Level 1:colcon.colcon_core.package_identification:_identify(imu_ws/src) by extensions ['python_setup_py']
[0.796s] Level 1:colcon.colcon_core.package_identification:_identify(imu_ws/src) by extension 'python_setup_py'
[0.797s] Level 1:colcon.colcon_core.package_identification:_identify(imu_ws/src/imu_madgwick) by extensions ['ignore', 'ignore_ament_install']
[0.797s] Level 1:colcon.colcon_core.package_identification:_identify(imu_ws/src/imu_madgwick) by extension 'ignore'
[0.797s] Level 1:colcon.colcon_core.package_identification:_identify(imu_ws/src/imu_madgwick) by extension 'ignore_ament_install'
[0.797s] Level 1:colcon.colcon_core.package_identification:_identify(imu_ws/src/imu_madgwick) by extensions ['colcon_pkg']
[0.797s] Level 1:colcon.colcon_core.package_identification:_identify(imu_ws/src/imu_madgwick) by extension 'colcon_pkg'
[0.798s] Level 1:colcon.colcon_core.package_identification:_identify(imu_ws/src/imu_madgwick) by extensions ['colcon_meta']
[0.798s] Level 1:colcon.colcon_core.package_identification:_identify(imu_ws/src/imu_madgwick) by extension 'colcon_meta'
[0.798s] Level 1:colcon.colcon_core.package_identification:_identify(imu_ws/src/imu_madgwick) by extensions ['ros']
[0.798s] Level 1:colcon.colcon_core.package_identification:_identify(imu_ws/src/imu_madgwick) by extension 'ros'
[0.804s] DEBUG:colcon.colcon_core.package_identification:Package 'imu_ws/src/imu_madgwick' with type 'ros.ament_cmake' and name 'imu_madgwick'
[0.805s] Level 1:colcon.colcon_core.package_identification:_identify(install) by extensions ['ignore', 'ignore_ament_install']
[0.805s] Level 1:colcon.colcon_core.package_identification:_identify(install) by extension 'ignore'
[0.806s] Level 1:colcon.colcon_core.package_identification:_identify(install) ignored
[0.806s] Level 1:colcon.colcon_core.package_identification:_identify(log) by extensions ['ignore', 'ignore_ament_install']
[0.806s] Level 1:colcon.colcon_core.package_identification:_identify(log) by extension 'ignore'
[0.806s] Level 1:colcon.colcon_core.package_identification:_identify(log) ignored
[0.806s] Level 1:colcon.colcon_core.package_identification:_identify(worlds) by extensions ['ignore', 'ignore_ament_install']
[0.807s] Level 1:colcon.colcon_core.package_identification:_identify(worlds) by extension 'ignore'
[0.807s] Level 1:colcon.colcon_core.package_identification:_identify(worlds) by extension 'ignore_ament_install'
[0.807s] Level 1:colcon.colcon_core.package_identification:_identify(worlds) by extensions ['colcon_pkg']
[0.807s] Level 1:colcon.colcon_core.package_identification:_identify(worlds) by extension 'colcon_pkg'
[0.807s] Level 1:colcon.colcon_core.package_identification:_identify(worlds) by extensions ['colcon_meta']
[0.807s] Level 1:colcon.colcon_core.package_identification:_identify(worlds) by extension 'colcon_meta'
[0.807s] Level 1:colcon.colcon_core.package_identification:_identify(worlds) by extensions ['ros']
[0.807s] Level 1:colcon.colcon_core.package_identification:_identify(worlds) by extension 'ros'
[0.808s] Level 1:colcon.colcon_core.package_identification:_identify(worlds) by extensions ['cmake', 'python']
[0.808s] Level 1:colcon.colcon_core.package_identification:_identify(worlds) by extension 'cmake'
[0.808s] Level 1:colcon.colcon_core.package_identification:_identify(worlds) by extension 'python'
[0.808s] Level 1:colcon.colcon_core.package_identification:_identify(worlds) by extensions ['python_setup_py']
[0.808s] Level 1:colcon.colcon_core.package_identification:_identify(worlds) by extension 'python_setup_py'
[0.808s] Level 1:colcon.colcon_core.package_discovery:discover_packages(recursive) using defaults
[0.808s] Level 1:colcon.colcon_core.package_discovery:discover_packages(ignore) discover
[0.808s] Level 1:colcon.colcon_core.package_discovery:discover_packages(ignore) using defaults
[0.808s] Level 1:colcon.colcon_core.package_discovery:discover_packages(path) discover
[0.808s] Level 1:colcon.colcon_core.package_discovery:discover_packages(path) using defaults
[0.857s] Level 5:colcon.colcon_core.verb:set package 'imu_madgwick' build argument 'cmake_args' from command line to 'None'
[0.857s] Level 5:colcon.colcon_core.verb:set package 'imu_madgwick' build argument 'cmake_target' from command line to 'None'
[0.858s] Level 5:colcon.colcon_core.verb:set package 'imu_madgwick' build argument 'cmake_target_skip_unavailable' from command line to 'False'
[0.858s] Level 5:colcon.colcon_core.verb:set package 'imu_madgwick' build argument 'cmake_clean_cache' from command line to 'False'
[0.858s] Level 5:colcon.colcon_core.verb:set package 'imu_madgwick' build argument 'cmake_clean_first' from command line to 'False'
[0.858s] Level 5:colcon.colcon_core.verb:set package 'imu_madgwick' build argument 'cmake_force_configure' from command line to 'False'
[0.858s] Level 5:colcon.colcon_core.verb:set package 'imu_madgwick' build argument 'ament_cmake_args' from command line to 'None'
[0.858s] Level 5:colcon.colcon_core.verb:set package 'imu_madgwick' build argument 'catkin_cmake_args' from command line to 'None'
[0.858s] Level 5:colcon.colcon_core.verb:set package 'imu_madgwick' build argument 'catkin_skip_building_tests' from command line to 'False'
[0.858s] DEBUG:colcon.colcon_core.verb:Building package 'imu_madgwick' with the following arguments: {'ament_cmake_args': None, 'build_base': '/home/maroqi/Projects/RobotProjects/imu-test/build/imu_madgwick', 'catkin_cmake_args': None, 'catkin_skip_building_tests': False, 'cmake_args': None, 'cmake_clean_cache': False, 'cmake_clean_first': False, 'cmake_force_configure': False, 'cmake_target': None, 'cmake_target_skip_unavailable': False, 'install_base': '/home/maroqi/Projects/RobotProjects/imu-test/install/imu_madgwick', 'merge_install': False, 'path': '/home/maroqi/Projects/RobotProjects/imu-test/imu_ws/src/imu_madgwick', 'symlink_install': False, 'test_result_base': None}
[0.859s] INFO:colcon.colcon_core.executor:Executing jobs using 'parallel' executor
[0.867s] DEBUG:colcon.colcon_parallel_executor.executor.parallel:run_until_complete
[0.868s] INFO:colcon.colcon_ros.task.ament_cmake.build:Building ROS package in '/home/maroqi/Projects/RobotProjects/imu-test/imu_ws/src/imu_madgwick' with build type 'ament_cmake'
[0.868s] INFO:colcon.colcon_cmake.task.cmake.build:Building CMake package in '/home/maroqi/Projects/RobotProjects/imu-test/imu_ws/src/imu_madgwick'
[0.878s] INFO:colcon.colcon_core.plugin_system:Skipping extension 'colcon_core.shell.bat': Not used on non-Windows systems
[0.878s] INFO:colcon.colcon_core.shell:Skip shell extension 'powershell' for command environment: Not usable outside of PowerShell
[0.878s] DEBUG:colcon.colcon_core.shell:Skip shell extension 'dsv' for command environment
[0.888s] DEBUG:colcon.colcon_core.shell:Ignoring prefix path '/opt/ros/foxy'
[0.907s] DEBUG:colcon.colcon_core.event_handler.log_command:Invoking command in '/home/maroqi/Projects/RobotProjects/imu-test/build/imu_madgwick': CMAKE_PREFIX_PATH=${CMAKE_PREFIX_PATH}:/opt/ros/foxy /usr/bin/cmake /home/maroqi/Projects/RobotProjects/imu-test/imu_ws/src/imu_madgwick -DCMAKE_INSTALL_PREFIX=/home/maroqi/Projects/RobotProjects/imu-test/install/imu_madgwick
[7.183s] DEBUG:colcon.colcon_core.event_handler.log_command:Invoked command in '/home/maroqi/Projects/RobotProjects/imu-test/build/imu_madgwick' returned '0': CMAKE_PREFIX_PATH=${CMAKE_PREFIX_PATH}:/opt/ros/foxy /usr/bin/cmake /home/maroqi/Projects/RobotProjects/imu-test/imu_ws/src/imu_madgwick -DCMAKE_INSTALL_PREFIX=/home/maroqi/Projects/RobotProjects/imu-test/install/imu_madgwick
[7.185s] DEBUG:colcon.colcon_core.event_handler.log_command:Invoking command in '/home/maroqi/Projects/RobotProjects/imu-test/build/imu_madgwick': CMAKE_PREFIX_PATH=${CMAKE_PREFIX_PATH}:/opt/ros/foxy /usr/bin/cmake --build /home/maroqi/Projects/RobotProjects/imu-test/build/imu_madgwick -- -j2 -l2
[32.895s] DEBUG:colcon.colcon_core.event_handler.log_command:Invoked command in '/home/maroqi/Projects/RobotProjects/imu-test/build/imu_madgwick' returned '2': CMAKE_PREFIX_PATH=${CMAKE_PREFIX_PATH}:/opt/ros/foxy /usr/bin/cmake --build /home/maroqi/Projects/RobotProjects/imu-test/build/imu_madgwick -- -j2 -l2
[33.010s] Level 1:colcon.colcon_core.environment:create_environment_scripts_only(imu_madgwick)
[33.019s] Level 1:colcon.colcon_core.environment:checking '/home/maroqi/Projects/RobotProjects/imu-test/install/imu_madgwick' for CMake module files
[33.022s] Level 1:colcon.colcon_core.environment:checking '/home/maroqi/Projects/RobotProjects/imu-test/install/imu_madgwick' for CMake config files
[33.023s] Level 1:colcon.colcon_core.environment:checking '/home/maroqi/Projects/RobotProjects/imu-test/install/imu_madgwick/bin'
[33.024s] Level 1:colcon.colcon_core.environment:checking '/home/maroqi/Projects/RobotProjects/imu-test/install/imu_madgwick/lib/pkgconfig/imu_madgwick.pc'
[33.024s] Level 1:colcon.colcon_core.environment:checking '/home/maroqi/Projects/RobotProjects/imu-test/install/imu_madgwick/lib/python3.8/site-packages'
[33.026s] INFO:colcon.colcon_core.shell:Creating package script '/home/maroqi/Projects/RobotProjects/imu-test/install/imu_madgwick/share/imu_madgwick/package.ps1'
[33.028s] INFO:colcon.colcon_core.shell:Creating package descriptor '/home/maroqi/Projects/RobotProjects/imu-test/install/imu_madgwick/share/imu_madgwick/package.dsv'
[33.033s] INFO:colcon.colcon_core.shell:Creating package script '/home/maroqi/Projects/RobotProjects/imu-test/install/imu_madgwick/share/imu_madgwick/package.sh'
[33.035s] INFO:colcon.colcon_core.shell:Creating package script '/home/maroqi/Projects/RobotProjects/imu-test/install/imu_madgwick/share/imu_madgwick/package.bash'
[33.038s] INFO:colcon.colcon_core.shell:Creating package script '/home/maroqi/Projects/RobotProjects/imu-test/install/imu_madgwick/share/imu_madgwick/package.zsh'
[33.044s] Level 1:colcon.colcon_core.environment:create_file_with_runtime_dependencies(/home/maroqi/Projects/RobotProjects/imu-test/install/imu_madgwick/share/colcon-core/packages/imu_madgwick)
[33.048s] DEBUG:colcon.colcon_parallel_executor.executor.parallel:closing loop
[33.049s] DEBUG:colcon.colcon_parallel_executor.executor.parallel:loop closed
[33.050s] DEBUG:colcon.colcon_parallel_executor.executor.parallel:run_until_complete finished with '2'
[33.050s] DEBUG:colcon.colcon_core.event_reactor:joining thread
[33.073s] INFO:colcon.colcon_core.plugin_system:Skipping extension 'colcon_notification.desktop_notification.terminal_notifier': Not used on non-Darwin systems
[33.073s] INFO:colcon.colcon_core.plugin_system:Skipping extension 'colcon_notification.desktop_notification.win32': Not used on non-Windows systems
[33.074s] INFO:colcon.colcon_notification.desktop_notification:Sending desktop notification using 'notify2'
[33.279s] DEBUG:colcon.colcon_core.event_reactor:joined thread
[33.281s] INFO:colcon.colcon_core.shell:Creating prefix script '/home/maroqi/Projects/RobotProjects/imu-test/install/local_setup.ps1'
[33.283s] INFO:colcon.colcon_core.shell:Creating prefix util module '/home/maroqi/Projects/RobotProjects/imu-test/install/_local_setup_util_ps1.py'
[33.288s] INFO:colcon.colcon_core.shell:Creating prefix chain script '/home/maroqi/Projects/RobotProjects/imu-test/install/setup.ps1'
[33.297s] INFO:colcon.colcon_core.shell:Creating prefix script '/home/maroqi/Projects/RobotProjects/imu-test/install/local_setup.sh'
[33.299s] INFO:colcon.colcon_core.shell:Creating prefix util module '/home/maroqi/Projects/RobotProjects/imu-test/install/_local_setup_util_sh.py'
[33.300s] INFO:colcon.colcon_core.shell:Creating prefix chain script '/home/maroqi/Projects/RobotProjects/imu-test/install/setup.sh'
[33.310s] INFO:colcon.colcon_core.shell:Creating prefix script '/home/maroqi/Projects/RobotProjects/imu-test/install/local_setup.bash'
[33.311s] INFO:colcon.colcon_core.shell:Creating prefix chain script '/home/maroqi/Projects/RobotProjects/imu-test/install/setup.bash'
[33.321s] INFO:colcon.colcon_core.shell:Creating prefix script '/home/maroqi/Projects/RobotProjects/imu-test/install/local_setup.zsh'
[33.323s] INFO:colcon.colcon_core.shell:Creating prefix chain script '/home/maroqi/Projects/RobotProjects/imu-test/install/setup.zsh'
