[1.592s] Invoking command in '/home/maroqi/Projects/RobotProjects/ROS2Projects/imu-test/imu_ws/build/wbt_imu': PYTHONPATH=/home/maroqi/Projects/RobotProjects/ROS2Projects/imu-test/imu_ws/install/wbt_imu/lib/python3.8/site-packages:${PYTHONPATH} /usr/bin/python3 setup.py develop --prefix /home/maroqi/Projects/RobotProjects/ROS2Projects/imu-test/imu_ws/install/wbt_imu --uninstall --editable --build-directory /home/maroqi/Projects/RobotProjects/ROS2Projects/imu-test/imu_ws/build/wbt_imu/build
[3.211s] running develop
[4.075s] Invoked command in '/home/maroqi/Projects/RobotProjects/ROS2Projects/imu-test/imu_ws/build/wbt_imu' returned '0': PYTHONPATH=/home/maroqi/Projects/RobotProjects/ROS2Projects/imu-test/imu_ws/install/wbt_imu/lib/python3.8/site-packages:${PYTHONPATH} /usr/bin/python3 setup.py develop --prefix /home/maroqi/Projects/RobotProjects/ROS2Projects/imu-test/imu_ws/install/wbt_imu --uninstall --editable --build-directory /home/maroqi/Projects/RobotProjects/ROS2Projects/imu-test/imu_ws/build/wbt_imu/build
[4.076s] Invoking command in '/home/maroqi/Projects/RobotProjects/ROS2Projects/imu-test/imu_ws/src/wbt_imu': PYTHONPATH=/home/maroqi/Projects/RobotProjects/ROS2Projects/imu-test/imu_ws/install/wbt_imu/lib/python3.8/site-packages:${PYTHONPATH} /usr/bin/python3 setup.py egg_info --egg-base ../../build/wbt_imu build --build-base /home/maroqi/Projects/RobotProjects/ROS2Projects/imu-test/imu_ws/build/wbt_imu/build install --prefix /home/maroqi/Projects/RobotProjects/ROS2Projects/imu-test/imu_ws/install/wbt_imu --record /home/maroqi/Projects/RobotProjects/ROS2Projects/imu-test/imu_ws/build/wbt_imu/install.log --single-version-externally-managed
[5.227s] running egg_info
[5.231s] writing ../../build/wbt_imu/wbt_imu.egg-info/PKG-INFO
[5.234s] writing dependency_links to ../../build/wbt_imu/wbt_imu.egg-info/dependency_links.txt
[5.234s] writing entry points to ../../build/wbt_imu/wbt_imu.egg-info/entry_points.txt
[5.238s] writing requirements to ../../build/wbt_imu/wbt_imu.egg-info/requires.txt
[5.239s] writing top-level names to ../../build/wbt_imu/wbt_imu.egg-info/top_level.txt
[5.426s] reading manifest file '../../build/wbt_imu/wbt_imu.egg-info/SOURCES.txt'
[5.427s] writing manifest file '../../build/wbt_imu/wbt_imu.egg-info/SOURCES.txt'
[5.427s] running build
[5.427s] running build_py
[5.428s] running install
[5.434s] running install_lib
[5.434s] running install_data
[5.441s] running install_egg_info
[5.441s] removing '/home/maroqi/Projects/RobotProjects/ROS2Projects/imu-test/imu_ws/install/wbt_imu/lib/python3.8/site-packages/wbt_imu-0.0.0-py3.8.egg-info' (and everything under it)
[5.443s] Copying ../../build/wbt_imu/wbt_imu.egg-info to /home/maroqi/Projects/RobotProjects/ROS2Projects/imu-test/imu_ws/install/wbt_imu/lib/python3.8/site-packages/wbt_imu-0.0.0-py3.8.egg-info
[5.448s] running install_scripts
[5.545s] writing list of installed files to '/home/maroqi/Projects/RobotProjects/ROS2Projects/imu-test/imu_ws/build/wbt_imu/install.log'
[5.676s] Invoked command in '/home/maroqi/Projects/RobotProjects/ROS2Projects/imu-test/imu_ws/src/wbt_imu' returned '0': PYTHONPATH=/home/maroqi/Projects/RobotProjects/ROS2Projects/imu-test/imu_ws/install/wbt_imu/lib/python3.8/site-packages:${PYTHONPATH} /usr/bin/python3 setup.py egg_info --egg-base ../../build/wbt_imu build --build-base /home/maroqi/Projects/RobotProjects/ROS2Projects/imu-test/imu_ws/build/wbt_imu/build install --prefix /home/maroqi/Projects/RobotProjects/ROS2Projects/imu-test/imu_ws/install/wbt_imu --record /home/maroqi/Projects/RobotProjects/ROS2Projects/imu-test/imu_ws/build/wbt_imu/install.log --single-version-externally-managed
