[0.062s] Invoking command in '/home/maroqi/Projects/RobotProjects/ROS2Projects/imu-test/imu_ws/build/imu_complementary': CMAKE_PREFIX_PATH=/opt/ros/foxy /usr/bin/cmake --build /home/maroqi/Projects/RobotProjects/ROS2Projects/imu-test/imu_ws/build/imu_complementary -- -j2 -l2
[0.423s] [ 60%] Built target imu_complementary
[0.566s] [100%] Built target imu_main
[0.622s] Invoked command in '/home/maroqi/Projects/RobotProjects/ROS2Projects/imu-test/imu_ws/build/imu_complementary' returned '0': CMAKE_PREFIX_PATH=/opt/ros/foxy /usr/bin/cmake --build /home/maroqi/Projects/RobotProjects/ROS2Projects/imu-test/imu_ws/build/imu_complementary -- -j2 -l2
[0.883s] Invoking command in '/home/maroqi/Projects/RobotProjects/ROS2Projects/imu-test/imu_ws/build/imu_complementary': CMAKE_PREFIX_PATH=/opt/ros/foxy /usr/bin/cmake --install /home/maroqi/Projects/RobotProjects/ROS2Projects/imu-test/imu_ws/build/imu_complementary
[0.918s] -- Install configuration: ""
[0.920s] -- Up-to-date: /home/maroqi/Projects/RobotProjects/ROS2Projects/imu-test/imu_ws/install/imu_complementary/./include
[0.921s] -- Up-to-date: /home/maroqi/Projects/RobotProjects/ROS2Projects/imu-test/imu_ws/install/imu_complementary/./include/imu_complementary
[0.922s] -- Up-to-date: /home/maroqi/Projects/RobotProjects/ROS2Projects/imu-test/imu_ws/install/imu_complementary/./include/imu_complementary/complementary_filter.hpp
[0.922s] -- Up-to-date: /home/maroqi/Projects/RobotProjects/ROS2Projects/imu-test/imu_ws/install/imu_complementary/./include/imu_complementary/imu.hpp
[0.923s] -- Up-to-date: /home/maroqi/Projects/RobotProjects/ROS2Projects/imu-test/imu_ws/install/imu_complementary/lib/imu_complementary/imu_main
[0.924s] -- Up-to-date: /home/maroqi/Projects/RobotProjects/ROS2Projects/imu-test/imu_ws/install/imu_complementary/lib/libimu_complementary.a
[0.927s] -- Up-to-date: /home/maroqi/Projects/RobotProjects/ROS2Projects/imu-test/imu_ws/install/imu_complementary/share/imu_complementary//launch
[0.928s] -- Up-to-date: /home/maroqi/Projects/RobotProjects/ROS2Projects/imu-test/imu_ws/install/imu_complementary/share/imu_complementary//launch/reading_imu_launch.py
[0.928s] -- Up-to-date: /home/maroqi/Projects/RobotProjects/ROS2Projects/imu-test/imu_ws/install/imu_complementary/share/imu_complementary/environment/library_path.sh
[0.929s] -- Up-to-date: /home/maroqi/Projects/RobotProjects/ROS2Projects/imu-test/imu_ws/install/imu_complementary/share/imu_complementary/environment/library_path.dsv
[0.930s] -- Up-to-date: /home/maroqi/Projects/RobotProjects/ROS2Projects/imu-test/imu_ws/install/imu_complementary/share/ament_index/resource_index/package_run_dependencies/imu_complementary
[0.935s] -- Up-to-date: /home/maroqi/Projects/RobotProjects/ROS2Projects/imu-test/imu_ws/install/imu_complementary/share/ament_index/resource_index/parent_prefix_path/imu_complementary
[0.935s] -- Up-to-date: /home/maroqi/Projects/RobotProjects/ROS2Projects/imu-test/imu_ws/install/imu_complementary/share/imu_complementary/environment/ament_prefix_path.sh
[0.936s] -- Up-to-date: /home/maroqi/Projects/RobotProjects/ROS2Projects/imu-test/imu_ws/install/imu_complementary/share/imu_complementary/environment/ament_prefix_path.dsv
[0.937s] -- Up-to-date: /home/maroqi/Projects/RobotProjects/ROS2Projects/imu-test/imu_ws/install/imu_complementary/share/imu_complementary/environment/path.sh
[0.937s] -- Up-to-date: /home/maroqi/Projects/RobotProjects/ROS2Projects/imu-test/imu_ws/install/imu_complementary/share/imu_complementary/environment/path.dsv
[0.938s] -- Up-to-date: /home/maroqi/Projects/RobotProjects/ROS2Projects/imu-test/imu_ws/install/imu_complementary/share/imu_complementary/local_setup.bash
[0.939s] -- Up-to-date: /home/maroqi/Projects/RobotProjects/ROS2Projects/imu-test/imu_ws/install/imu_complementary/share/imu_complementary/local_setup.sh
[0.939s] -- Up-to-date: /home/maroqi/Projects/RobotProjects/ROS2Projects/imu-test/imu_ws/install/imu_complementary/share/imu_complementary/local_setup.zsh
[0.940s] -- Up-to-date: /home/maroqi/Projects/RobotProjects/ROS2Projects/imu-test/imu_ws/install/imu_complementary/share/imu_complementary/local_setup.dsv
[0.941s] -- Installing: /home/maroqi/Projects/RobotProjects/ROS2Projects/imu-test/imu_ws/install/imu_complementary/share/imu_complementary/package.dsv
[0.942s] -- Up-to-date: /home/maroqi/Projects/RobotProjects/ROS2Projects/imu-test/imu_ws/install/imu_complementary/share/ament_index/resource_index/packages/imu_complementary
[0.946s] -- Up-to-date: /home/maroqi/Projects/RobotProjects/ROS2Projects/imu-test/imu_ws/install/imu_complementary/share/imu_complementary/cmake/ament_cmake_export_dependencies-extras.cmake
[0.947s] -- Up-to-date: /home/maroqi/Projects/RobotProjects/ROS2Projects/imu-test/imu_ws/install/imu_complementary/share/imu_complementary/cmake/ament_cmake_export_include_directories-extras.cmake
[0.947s] -- Up-to-date: /home/maroqi/Projects/RobotProjects/ROS2Projects/imu-test/imu_ws/install/imu_complementary/share/imu_complementary/cmake/ament_cmake_export_libraries-extras.cmake
[0.948s] -- Up-to-date: /home/maroqi/Projects/RobotProjects/ROS2Projects/imu-test/imu_ws/install/imu_complementary/share/imu_complementary/cmake/imu_complementaryConfig.cmake
[0.949s] -- Up-to-date: /home/maroqi/Projects/RobotProjects/ROS2Projects/imu-test/imu_ws/install/imu_complementary/share/imu_complementary/cmake/imu_complementaryConfig-version.cmake
[0.950s] -- Up-to-date: /home/maroqi/Projects/RobotProjects/ROS2Projects/imu-test/imu_ws/install/imu_complementary/share/imu_complementary/package.xml
[0.960s] Invoked command in '/home/maroqi/Projects/RobotProjects/ROS2Projects/imu-test/imu_ws/build/imu_complementary' returned '0': CMAKE_PREFIX_PATH=/opt/ros/foxy /usr/bin/cmake --install /home/maroqi/Projects/RobotProjects/ROS2Projects/imu-test/imu_ws/build/imu_complementary
