[0.060s] Invoking command in '/home/maroqi/Projects/RobotProjects/ROS2Projects/imu-test/imu_ws/build/imu_madgwick': CMAKE_PREFIX_PATH=${CMAKE_PREFIX_PATH}:/home/maroqi/Projects/RobotProjects/ROS2Projects/imu-test/imu_ws/install/wbt_imu:/opt/ros/foxy /usr/bin/cmake --build /home/maroqi/Projects/RobotProjects/ROS2Projects/imu-test/imu_ws/build/imu_madgwick -- -j2 -l2
[0.277s] [35m[1mScanning dependencies of target imu_madgwick[0m
[0.412s] [ 12%] [32mBuilding CXX object CMakeFiles/imu_madgwick.dir/src/imu_madgwick/imu.cpp.o[0m
[8.347s] [01m[K/home/maroqi/Projects/RobotProjects/ROS2Projects/imu-test/imu_ws/src/imu_madgwick/src/imu_madgwick/imu.cpp:[m[K In member function ‘[01m[Kvoid Imu::imuCallback(sensor_msgs::msg::Imu_<std::allocator<void> >::SharedPtr)[m[K’:
[8.348s] [01m[K/home/maroqi/Projects/RobotProjects/ROS2Projects/imu-test/imu_ws/src/imu_madgwick/src/imu_madgwick/imu.cpp:60:40:[m[K [01;31m[Kerror: [m[Kexpected unqualified-id before ‘[01m[Kor[m[K’ token
[8.348s]    60 |   const geometry_msgs::msg::Quaternion [01;31m[Kor[m[K = imu_msg_raw->orientation;
[8.348s]       |                                        [01;31m[K^~[m[K
[8.352s] In file included from [01m[K/opt/ros/foxy/include/rclcpp/client.hpp:40[m[K,
[8.353s]                  from [01m[K/opt/ros/foxy/include/rclcpp/callback_group.hpp:23[m[K,
[8.353s]                  from [01m[K/opt/ros/foxy/include/rclcpp/any_executable.hpp:20[m[K,
[8.354s]                  from [01m[K/opt/ros/foxy/include/rclcpp/memory_strategy.hpp:24[m[K,
[8.354s]                  from [01m[K/opt/ros/foxy/include/rclcpp/memory_strategies.hpp:18[m[K,
[8.354s]                  from [01m[K/opt/ros/foxy/include/rclcpp/executor_options.hpp:20[m[K,
[8.355s]                  from [01m[K/opt/ros/foxy/include/rclcpp/executor.hpp:33[m[K,
[8.355s]                  from [01m[K/opt/ros/foxy/include/rclcpp/executors/multi_threaded_executor.hpp:25[m[K,
[8.356s]                  from [01m[K/opt/ros/foxy/include/rclcpp/executors.hpp:21[m[K,
[8.356s]                  from [01m[K/opt/ros/foxy/include/rclcpp/rclcpp.hpp:146[m[K,
[8.356s]                  from [01m[K/home/maroqi/Projects/RobotProjects/ROS2Projects/imu-test/imu_ws/src/imu_madgwick/src/imu_madgwick/imu.cpp:25[m[K:
[8.357s] [01m[K/home/maroqi/Projects/RobotProjects/ROS2Projects/imu-test/imu_ws/src/imu_madgwick/src/imu_madgwick/imu.cpp:63:52:[m[K [01;31m[Kerror: [m[Kexpected primary-expression before ‘[01m[Kor[m[K’ token
[8.357s]    63 |   RCLCPP_INFO(get_logger(), "qx %f, qy %f, qz %f", [01;31m[Kor[m[K.x, or.y, or.z);
[8.357s]       |                                                    [01;31m[K^~[m[K
[8.358s] [01m[K/home/maroqi/Projects/RobotProjects/ROS2Projects/imu-test/imu_ws/src/imu_madgwick/src/imu_madgwick/imu.cpp:63:54:[m[K [01;31m[Kerror: [m[Kexpected primary-expression before ‘[01m[K.[m[K’ token
[8.359s]    63 |   RCLCPP_INFO(get_logger(), "qx %f, qy %f, qz %f", or[01;31m[K.[m[Kx, or.y, or.z);
[8.359s]       |                                                      [01;31m[K^[m[K
[8.360s] [01m[K/home/maroqi/Projects/RobotProjects/ROS2Projects/imu-test/imu_ws/src/imu_madgwick/src/imu_madgwick/imu.cpp:63:58:[m[K [01;31m[Kerror: [m[Kexpected primary-expression before ‘[01m[Kor[m[K’ token
[8.360s]    63 |   RCLCPP_INFO(get_logger(), "qx %f, qy %f, qz %f", or.x, [01;31m[Kor[m[K.y, or.z);
[8.361s]       |                                                          [01;31m[K^~[m[K
[8.362s] [01m[K/home/maroqi/Projects/RobotProjects/ROS2Projects/imu-test/imu_ws/src/imu_madgwick/src/imu_madgwick/imu.cpp:63:60:[m[K [01;31m[Kerror: [m[Kexpected primary-expression before ‘[01m[K.[m[K’ token
[8.362s]    63 |   RCLCPP_INFO(get_logger(), "qx %f, qy %f, qz %f", or.x, or[01;31m[K.[m[Ky, or.z);
[8.362s]       |                                                            [01;31m[K^[m[K
[8.363s] [01m[K/home/maroqi/Projects/RobotProjects/ROS2Projects/imu-test/imu_ws/src/imu_madgwick/src/imu_madgwick/imu.cpp:63:64:[m[K [01;31m[Kerror: [m[Kexpected primary-expression before ‘[01m[Kor[m[K’ token
[8.363s]    63 |   RCLCPP_INFO(get_logger(), "qx %f, qy %f, qz %f", or.x, or.y, [01;31m[Kor[m[K.z);
[8.363s]       |                                                                [01;31m[K^~[m[K
[8.371s] [01m[K/home/maroqi/Projects/RobotProjects/ROS2Projects/imu-test/imu_ws/src/imu_madgwick/src/imu_madgwick/imu.cpp:63:66:[m[K [01;31m[Kerror: [m[Kexpected primary-expression before ‘[01m[K.[m[K’ token
[8.371s]    63 |   RCLCPP_INFO(get_logger(), "qx %f, qy %f, qz %f", or.x, or.y, or[01;31m[K.[m[Kz);
[8.372s]       |                                                                  [01;31m[K^[m[K
[12.678s] make[2]: *** [CMakeFiles/imu_madgwick.dir/build.make:89: CMakeFiles/imu_madgwick.dir/src/imu_madgwick/imu.cpp.o] Error 1
[12.678s] make[1]: *** [CMakeFiles/Makefile2:136: CMakeFiles/imu_madgwick.dir/all] Error 2
[12.679s] make: *** [Makefile:141: all] Error 2
[12.683s] Invoked command in '/home/maroqi/Projects/RobotProjects/ROS2Projects/imu-test/imu_ws/build/imu_madgwick' returned '2': CMAKE_PREFIX_PATH=${CMAKE_PREFIX_PATH}:/home/maroqi/Projects/RobotProjects/ROS2Projects/imu-test/imu_ws/install/wbt_imu:/opt/ros/foxy /usr/bin/cmake --build /home/maroqi/Projects/RobotProjects/ROS2Projects/imu-test/imu_ws/build/imu_madgwick -- -j2 -l2
